[INFO] Scanning for projects...
[INFO] 
[INFO] --------------------------< org.jsoup:jsoup >---------------------------
[INFO] Building jsoup Java HTML Parser 1.12.1-SNAPSHOT
[INFO] --------------------------------[ jar ]---------------------------------
[INFO] 
[INFO] --- maven-clean-plugin:2.5:clean (default-clean) @ jsoup ---
[INFO] Deleting /tmp/icst-2019/september-2018/dataset/jsoup/target
[INFO] 
[INFO] --- diff-test-selection:0.5-SNAPSHOT:list (default-cli) @ jsoup ---
[INFO] Computing coverage for /tmp/icst-2019/september-2018/dataset/jsoup
[WARN] Maven will be executed in interactive mode, but no input stream has been configured for this MavenInvoker instance.
[INFO] Scanning for projects...
[INFO] 
[INFO] --------------------------< org.jsoup:jsoup >---------------------------
[INFO] Building jsoup Java HTML Parser 1.12.1-SNAPSHOT
[INFO] --------------------------------[ jar ]---------------------------------
[INFO] 
[INFO] --- maven-clean-plugin:2.5:clean (default-clean) @ jsoup ---
[INFO] 
[INFO] --- clover-maven-plugin:4.2.0:setup (default-cli) @ jsoup ---
[INFO] No 'maven.clover.licenseLocation' configured. Using default license.
[INFO] OpenClover Version 4.2.0, built on April 30 2017 (build-1000)
[INFO] Loaded from: /home/spirals/danglot/.m2/repository/org/openclover/clover/4.2.0/clover-4.2.0.jar
[INFO] Clover free edition.
[INFO] Creating new database at '/tmp/icst-2019/september-2018/dataset/jsoup/target/clover/clover.db'.
[INFO] Processing files at 1.8 source level.
[INFO] Clover all over. Instrumented 67 files (8 packages).
[INFO] Elapsed time = 6.934 secs. (9.663 files/sec, 2,608.884 srclines/sec)
[INFO] OpenClover Version 4.2.0, built on April 30 2017 (build-1000)
[INFO] Loaded from: /home/spirals/danglot/.m2/repository/org/openclover/clover/4.2.0/clover-4.2.0.jar
[INFO] Clover free edition.
[INFO] Updating existing database at '/tmp/icst-2019/september-2018/dataset/jsoup/target/clover/clover.db'.
[INFO] Processing files at 1.8 source level.
[INFO] Clover all over. Instrumented 45 files (9 packages).
[INFO] 704 test methods detected.
[INFO] Elapsed time = 2.999 secs. (15.005 files/sec, 3,239.747 srclines/sec)
[INFO] 
[INFO] --- maven-resources-plugin:3.0.1:resources (default-resources) @ jsoup ---
[INFO] Using 'UTF-8' encoding to copy filtered resources.
[INFO] Copying 0 resource
[INFO] Copying 3 resources to META-INF/
[INFO] Copying 1 resource
[INFO] 
[INFO] --- maven-compiler-plugin:3.5.1:compile (default-compile) @ jsoup ---
[INFO] Changes detected - recompiling the module!
[INFO] Compiling 67 source files to /tmp/icst-2019/september-2018/dataset/jsoup/target/classes
[INFO] /tmp/icst-2019/september-2018/dataset/jsoup/target/clover/src-instrumented/org/jsoup/nodes/Attributes.java: /tmp/icst-2019/september-2018/dataset/jsoup/target/clover/src-instrumented/org/jsoup/nodes/Attributes.java uses or overrides a deprecated API.
[INFO] /tmp/icst-2019/september-2018/dataset/jsoup/target/clover/src-instrumented/org/jsoup/nodes/Attributes.java: Recompile with -Xlint:deprecation for details.
[INFO] 
[INFO] --- animal-sniffer-maven-plugin:1.16:check (animal-sniffer) @ jsoup ---
[INFO] Checking unresolved references to net.sf.androidscents.signature:android-api-level-8:2.2_r3
[INFO] 
[INFO] >>> maven-bundle-plugin:2.5.4:manifest (bundle-manifest) > process-classes @ jsoup >>>
[INFO] 
[INFO] --- maven-resources-plugin:3.0.1:resources (default-resources) @ jsoup ---
[INFO] Using 'UTF-8' encoding to copy filtered resources.
[INFO] Copying 0 resource
[INFO] Copying 3 resources to META-INF/
[INFO] Copying 1 resource
[INFO] 
[INFO] --- maven-compiler-plugin:3.5.1:compile (default-compile) @ jsoup ---
[INFO] Changes detected - recompiling the module!
[INFO] Compiling 67 source files to /tmp/icst-2019/september-2018/dataset/jsoup/target/classes
[INFO] /tmp/icst-2019/september-2018/dataset/jsoup/target/clover/src-instrumented/org/jsoup/nodes/Attributes.java: /tmp/icst-2019/september-2018/dataset/jsoup/target/clover/src-instrumented/org/jsoup/nodes/Attributes.java uses or overrides a deprecated API.
[INFO] /tmp/icst-2019/september-2018/dataset/jsoup/target/clover/src-instrumented/org/jsoup/nodes/Attributes.java: Recompile with -Xlint:deprecation for details.
[INFO] 
[INFO] --- animal-sniffer-maven-plugin:1.16:check (animal-sniffer) @ jsoup ---
[INFO] Checking unresolved references to net.sf.androidscents.signature:android-api-level-8:2.2_r3
[INFO] 
[INFO] <<< maven-bundle-plugin:2.5.4:manifest (bundle-manifest) < process-classes @ jsoup <<<
[INFO] 
[INFO] 
[INFO] --- maven-bundle-plugin:2.5.4:manifest (bundle-manifest) @ jsoup ---
[INFO] 
[INFO] --- maven-resources-plugin:3.0.1:testResources (default-testResources) @ jsoup ---
[INFO] Using 'UTF-8' encoding to copy filtered resources.
[INFO] Copying 25 resources
[INFO] 
[INFO] --- maven-compiler-plugin:3.5.1:testCompile (default-testCompile) @ jsoup ---
[INFO] Changes detected - recompiling the module!
[INFO] Compiling 45 source files to /tmp/icst-2019/september-2018/dataset/jsoup/target/test-classes
[INFO] /tmp/icst-2019/september-2018/dataset/jsoup/target/clover/src-test-instrumented/org/jsoup/parser/AttributeParseTest.java: Some input files use or override a deprecated API.
[INFO] /tmp/icst-2019/september-2018/dataset/jsoup/target/clover/src-test-instrumented/org/jsoup/parser/AttributeParseTest.java: Recompile with -Xlint:deprecation for details.
[INFO] 
[INFO] --- maven-surefire-plugin:2.12.4:test (default-test) @ jsoup ---
[INFO] Surefire report directory: /tmp/icst-2019/september-2018/dataset/jsoup/target/surefire-reports

-------------------------------------------------------
 T E S T S
-------------------------------------------------------
Running org.jsoup.select.SelectorTest
Tests run: 62, Failures: 0, Errors: 0, Skipped: 0, Time elapsed: 1.536 sec
Running org.jsoup.select.QueryParserTest
Tests run: 4, Failures: 0, Errors: 0, Skipped: 0, Time elapsed: 0.057 sec
Running org.jsoup.select.ElementsTest
Tests run: 34, Failures: 0, Errors: 0, Skipped: 0, Time elapsed: 0.381 sec
Running org.jsoup.select.CssTest
Tests run: 17, Failures: 0, Errors: 0, Skipped: 0, Time elapsed: 0.516 sec
Running org.jsoup.select.TraversorTest
Tests run: 5, Failures: 0, Errors: 0, Skipped: 0, Time elapsed: 0.076 sec
Running org.jsoup.integration.ParseTest
Tests run: 12, Failures: 0, Errors: 0, Skipped: 0, Time elapsed: 1.769 sec
Running org.jsoup.integration.ConnectTest
2018-10-02 03:02:38.612:INFO::main: Logging initialized @5113ms
2018-10-02 03:02:38.746:INFO:oejs.Server:main: jetty-9.2.22.v20170606
2018-10-02 03:02:38.954:INFO:oejs.ServerConnector:main: Started ServerConnector@1e84a772{HTTP/1.1}{0.0.0.0:50222}
2018-10-02 03:02:38.955:INFO:oejs.Server:main: Started @5456ms
2018-10-02 03:02:40.866:INFO:oejs.ServerConnector:main: Stopped ServerConnector@1e84a772{HTTP/1.1}{0.0.0.0:0}
Tests run: 25, Failures: 0, Errors: 0, Skipped: 5, Time elapsed: 2.452 sec
Running org.jsoup.integration.UrlConnectTest
Tests run: 1, Failures: 0, Errors: 0, Skipped: 1, Time elapsed: 0.001 sec
Running org.jsoup.parser.ParserSettingsTest
Tests run: 3, Failures: 0, Errors: 0, Skipped: 0, Time elapsed: 0.012 sec
Running org.jsoup.parser.HtmlTreeBuilderStateTest
Tests run: 1, Failures: 0, Errors: 0, Skipped: 0, Time elapsed: 0.02 sec
Running org.jsoup.parser.TokeniserStateTest
Tests run: 11, Failures: 0, Errors: 0, Skipped: 0, Time elapsed: 0.21 sec
Running org.jsoup.parser.TagTest
Tests run: 10, Failures: 0, Errors: 0, Skipped: 0, Time elapsed: 0.029 sec
Running org.jsoup.parser.CharacterReaderTest
Tests run: 22, Failures: 0, Errors: 0, Skipped: 1, Time elapsed: 0.076 sec
Running org.jsoup.parser.XmlTreeBuilderTest
Tests run: 22, Failures: 0, Errors: 0, Skipped: 1, Time elapsed: 0.129 sec
Running org.jsoup.parser.HtmlParserTest
Tests run: 128, Failures: 2, Errors: 0, Skipped: 1, Time elapsed: 6.915 sec <<< FAILURE!
handlesDeepStack(org.jsoup.parser.HtmlParserTest)  Time elapsed: 4.989 sec  <<< FAILURE!
java.lang.AssertionError
	at org.junit.Assert.fail(Assert.java:86)
	at org.junit.Assert.assertTrue(Assert.java:41)
	at org.junit.Assert.assertTrue(Assert.java:52)
	at org.jsoup.parser.HtmlParserTest.__CLR4_2_0gl9t7cb0w(HtmlParserTest.java:994)
	at org.jsoup.parser.HtmlParserTest.handlesDeepStack(HtmlParserTest.java:974)
	at sun.reflect.NativeMethodAccessorImpl.invoke0(Native Method)
	at sun.reflect.NativeMethodAccessorImpl.invoke(NativeMethodAccessorImpl.java:62)
	at sun.reflect.DelegatingMethodAccessorImpl.invoke(DelegatingMethodAccessorImpl.java:43)
	at java.lang.reflect.Method.invoke(Method.java:498)
	at org.junit.runners.model.FrameworkMethod$1.runReflectiveCall(FrameworkMethod.java:50)
	at org.junit.internal.runners.model.ReflectiveCallable.run(ReflectiveCallable.java:12)
	at org.junit.runners.model.FrameworkMethod.invokeExplosively(FrameworkMethod.java:47)
	at org.junit.internal.runners.statements.InvokeMethod.evaluate(InvokeMethod.java:17)
	at org.junit.runners.ParentRunner.runLeaf(ParentRunner.java:325)
	at org.junit.runners.BlockJUnit4ClassRunner.runChild(BlockJUnit4ClassRunner.java:78)
	at org.junit.runners.BlockJUnit4ClassRunner.runChild(BlockJUnit4ClassRunner.java:57)
	at org.junit.runners.ParentRunner$3.run(ParentRunner.java:290)
	at org.junit.runners.ParentRunner$1.schedule(ParentRunner.java:71)
	at org.junit.runners.ParentRunner.runChildren(ParentRunner.java:288)
	at org.junit.runners.ParentRunner.access$000(ParentRunner.java:58)
	at org.junit.runners.ParentRunner$2.evaluate(ParentRunner.java:268)
	at org.junit.runners.ParentRunner.run(ParentRunner.java:363)
	at org.apache.maven.surefire.junit4.JUnit4Provider.execute(JUnit4Provider.java:252)
	at org.apache.maven.surefire.junit4.JUnit4Provider.executeTestSet(JUnit4Provider.java:141)
	at org.apache.maven.surefire.junit4.JUnit4Provider.invoke(JUnit4Provider.java:112)
	at sun.reflect.NativeMethodAccessorImpl.invoke0(Native Method)
	at sun.reflect.NativeMethodAccessorImpl.invoke(NativeMethodAccessorImpl.java:62)
	at sun.reflect.DelegatingMethodAccessorImpl.invoke(DelegatingMethodAccessorImpl.java:43)
	at java.lang.reflect.Method.invoke(Method.java:498)
	at org.apache.maven.surefire.util.ReflectionUtils.invokeMethodWithArray(ReflectionUtils.java:189)
	at org.apache.maven.surefire.booter.ProviderFactory$ProviderProxy.invoke(ProviderFactory.java:165)
	at org.apache.maven.surefire.booter.ProviderFactory.invokeProvider(ProviderFactory.java:85)
	at org.apache.maven.surefire.booter.ForkedBooter.runSuitesInProcess(ForkedBooter.java:115)
	at org.apache.maven.surefire.booter.ForkedBooter.main(ForkedBooter.java:75)

handlesManyChildren(org.jsoup.parser.HtmlParserTest)  Time elapsed: 1.151 sec  <<< FAILURE!
java.lang.AssertionError
	at org.junit.Assert.fail(Assert.java:86)
	at org.junit.Assert.assertTrue(Assert.java:41)
	at org.junit.Assert.assertTrue(Assert.java:52)
	at org.jsoup.parser.HtmlParserTest.__CLR4_2_0b8f634b0m(HtmlParserTest.java:971)
	at org.jsoup.parser.HtmlParserTest.handlesManyChildren(HtmlParserTest.java:958)
	at sun.reflect.NativeMethodAccessorImpl.invoke0(Native Method)
	at sun.reflect.NativeMethodAccessorImpl.invoke(NativeMethodAccessorImpl.java:62)
	at sun.reflect.DelegatingMethodAccessorImpl.invoke(DelegatingMethodAccessorImpl.java:43)
	at java.lang.reflect.Method.invoke(Method.java:498)
	at org.junit.runners.model.FrameworkMethod$1.runReflectiveCall(FrameworkMethod.java:50)
	at org.junit.internal.runners.model.ReflectiveCallable.run(ReflectiveCallable.java:12)
	at org.junit.runners.model.FrameworkMethod.invokeExplosively(FrameworkMethod.java:47)
	at org.junit.internal.runners.statements.InvokeMethod.evaluate(InvokeMethod.java:17)
	at org.junit.runners.ParentRunner.runLeaf(ParentRunner.java:325)
	at org.junit.runners.BlockJUnit4ClassRunner.runChild(BlockJUnit4ClassRunner.java:78)
	at org.junit.runners.BlockJUnit4ClassRunner.runChild(BlockJUnit4ClassRunner.java:57)
	at org.junit.runners.ParentRunner$3.run(ParentRunner.java:290)
	at org.junit.runners.ParentRunner$1.schedule(ParentRunner.java:71)
	at org.junit.runners.ParentRunner.runChildren(ParentRunner.java:288)
	at org.junit.runners.ParentRunner.access$000(ParentRunner.java:58)
	at org.junit.runners.ParentRunner$2.evaluate(ParentRunner.java:268)
	at org.junit.runners.ParentRunner.run(ParentRunner.java:363)
	at org.apache.maven.surefire.junit4.JUnit4Provider.execute(JUnit4Provider.java:252)
	at org.apache.maven.surefire.junit4.JUnit4Provider.executeTestSet(JUnit4Provider.java:141)
	at org.apache.maven.surefire.junit4.JUnit4Provider.invoke(JUnit4Provider.java:112)
	at sun.reflect.NativeMethodAccessorImpl.invoke0(Native Method)
	at sun.reflect.NativeMethodAccessorImpl.invoke(NativeMethodAccessorImpl.java:62)
	at sun.reflect.DelegatingMethodAccessorImpl.invoke(DelegatingMethodAccessorImpl.java:43)
	at java.lang.reflect.Method.invoke(Method.java:498)
	at org.apache.maven.surefire.util.ReflectionUtils.invokeMethodWithArray(ReflectionUtils.java:189)
	at org.apache.maven.surefire.booter.ProviderFactory$ProviderProxy.invoke(ProviderFactory.java:165)
	at org.apache.maven.surefire.booter.ProviderFactory.invokeProvider(ProviderFactory.java:85)
	at org.apache.maven.surefire.booter.ForkedBooter.runSuitesInProcess(ForkedBooter.java:115)
	at org.apache.maven.surefire.booter.ForkedBooter.main(ForkedBooter.java:75)

Running org.jsoup.parser.TokeniserTest
Tests run: 10, Failures: 0, Errors: 0, Skipped: 0, Time elapsed: 0.241 sec
Running org.jsoup.parser.HtmlTreeBuilderTest
Tests run: 1, Failures: 0, Errors: 0, Skipped: 0, Time elapsed: 0.013 sec
Running org.jsoup.parser.AttributeParseTest
Tests run: 8, Failures: 0, Errors: 0, Skipped: 0, Time elapsed: 0.033 sec
Running org.jsoup.parser.TokenQueueTest
Tests run: 8, Failures: 0, Errors: 0, Skipped: 0, Time elapsed: 0.023 sec
Running org.jsoup.nodes.ElementTest
Tests run: 91, Failures: 0, Errors: 0, Skipped: 0, Time elapsed: 0.404 sec
Running org.jsoup.nodes.DocumentTypeTest
Tests run: 5, Failures: 0, Errors: 0, Skipped: 0, Time elapsed: 0.014 sec
Running org.jsoup.nodes.EntitiesTest
Tests run: 15, Failures: 0, Errors: 0, Skipped: 0, Time elapsed: 0.047 sec
Running org.jsoup.nodes.AttributesTest
Tests run: 8, Failures: 0, Errors: 0, Skipped: 0, Time elapsed: 0.084 sec
Running org.jsoup.nodes.NodeTest
Tests run: 25, Failures: 0, Errors: 0, Skipped: 0, Time elapsed: 0.109 sec
Running org.jsoup.nodes.DocumentTest
Tests run: 29, Failures: 0, Errors: 0, Skipped: 1, Time elapsed: 0.377 sec
Running org.jsoup.nodes.FormElementTest
Tests run: 10, Failures: 0, Errors: 0, Skipped: 0, Time elapsed: 0.06 sec
Running org.jsoup.nodes.AttributeTest
Tests run: 2, Failures: 0, Errors: 0, Skipped: 0, Time elapsed: 0.023 sec
Running org.jsoup.nodes.TextNodeTest
Tests run: 6, Failures: 0, Errors: 0, Skipped: 0, Time elapsed: 0.032 sec
Running org.jsoup.internal.ConstrainableInputStreamTest
Tests run: 1, Failures: 0, Errors: 0, Skipped: 1, Time elapsed: 0 sec
Running org.jsoup.safety.CleanerTest
Tests run: 33, Failures: 0, Errors: 0, Skipped: 0, Time elapsed: 0.277 sec
Running org.jsoup.helper.DataUtilTest
Tests run: 14, Failures: 0, Errors: 0, Skipped: 0, Time elapsed: 0.091 sec
Running org.jsoup.helper.W3CDomTest
Tests run: 5, Failures: 0, Errors: 0, Skipped: 0, Time elapsed: 0.63 sec
Running org.jsoup.helper.StringUtilTest
Tests run: 9, Failures: 0, Errors: 0, Skipped: 0, Time elapsed: 0.034 sec
Running org.jsoup.helper.HttpConnectionTest
Tests run: 21, Failures: 0, Errors: 0, Skipped: 0, Time elapsed: 0.059 sec

Results :

Failed tests:   handlesDeepStack(org.jsoup.parser.HtmlParserTest)
  handlesManyChildren(org.jsoup.parser.HtmlParserTest)

Tests run: 658, Failures: 2, Errors: 0, Skipped: 11

[INFO] ------------------------------------------------------------------------
[INFO] BUILD FAILURE
[INFO] ------------------------------------------------------------------------
[INFO] Total time: 01:05 min
[INFO] Finished at: 2018-10-02T03:02:51+02:00
[INFO] ------------------------------------------------------------------------
[ERROR] Failed to execute goal org.apache.maven.plugins:maven-surefire-plugin:2.12.4:test (default-test) on project jsoup: There are test failures.
[ERROR] 
[ERROR] Please refer to /tmp/icst-2019/september-2018/dataset/jsoup/target/surefire-reports for the individual test results.
[ERROR] -> [Help 1]
[ERROR] 
[ERROR] To see the full stack trace of the errors, re-run Maven with the -e switch.
[ERROR] Re-run Maven using the -X switch to enable full debug logging.
[ERROR] 
[ERROR] For more information about the errors and possible solutions, please read the following articles:
[ERROR] [Help 1] http://cwiki.apache.org/confluence/display/MAVEN/MojoFailureException
Writing HTML report to '/tmp/icst-2019/september-2018/dataset/jsoup/target/clover/report'
Done. Processed 10 packages in 26468ms (2646ms per package).
[INFO] /tmp/icst-2019/september-2018/dataset/jsoup/src/main/java/org/jsoup/nodes/Document.java
[INFO] /tmp/icst-2019/september-2018/dataset/jsoup_parent/src/main/java/org/jsoup/nodes/Document.java
[info] org.jsoup.nodes.Document:46 is modified.
[info] org.jsoup.nodes.Document:46 is modified.
[info] org.jsoup.nodes.Document:585 is modified.
[info] org.jsoup.nodes.Document:595 is modified.
[info] org.jsoup.nodes.Document:596 is modified.
[info] org.jsoup.nodes.Document:585 covered.
[info] org.jsoup.nodes.Document:595 covered.
[info] org.jsoup.nodes.Document:596 covered.
[info] org.jsoup.nodes.Document:46 covered.
[INFO] /tmp/icst-2019/september-2018/dataset/jsoup/src/main/java/org/jsoup/nodes/Element.java
[INFO] /tmp/icst-2019/september-2018/dataset/jsoup_parent/src/main/java/org/jsoup/nodes/Element.java
[info] org.jsoup.nodes.Element:537 is modified.
[info] org.jsoup.nodes.Element:550 is modified.
java.lang.UnsupportedOperationException: PartialSourcePosition only contains a CompilationUnit
	at spoon.reflect.cu.position.NoSourcePosition.getLine(NoSourcePosition.java:49)
	at eu.stamp_project.diff_test_selection.DiffTestSelectionMojo.buildMap(DiffTestSelectionMojo.java:170)
	at eu.stamp_project.diff_test_selection.DiffTestSelectionMojo.getModifiedLinesPerQualifiedName(DiffTestSelectionMojo.java:147)
	at eu.stamp_project.diff_test_selection.DiffTestSelectionMojo.getTestThatExecuteChanges(DiffTestSelectionMojo.java:111)
	at eu.stamp_project.diff_test_selection.DiffTestSelectionMojo.execute(DiffTestSelectionMojo.java:83)
	at org.apache.maven.plugin.DefaultBuildPluginManager.executeMojo(DefaultBuildPluginManager.java:137)
	at org.apache.maven.lifecycle.internal.MojoExecutor.execute(MojoExecutor.java:208)
	at org.apache.maven.lifecycle.internal.MojoExecutor.execute(MojoExecutor.java:154)
	at org.apache.maven.lifecycle.internal.MojoExecutor.execute(MojoExecutor.java:146)
	at org.apache.maven.lifecycle.internal.LifecycleModuleBuilder.buildProject(LifecycleModuleBuilder.java:117)
	at org.apache.maven.lifecycle.internal.LifecycleModuleBuilder.buildProject(LifecycleModuleBuilder.java:81)
	at org.apache.maven.lifecycle.internal.builder.singlethreaded.SingleThreadedBuilder.build(SingleThreadedBuilder.java:56)
	at org.apache.maven.lifecycle.internal.LifecycleStarter.execute(LifecycleStarter.java:128)
	at org.apache.maven.DefaultMaven.doExecute(DefaultMaven.java:305)
	at org.apache.maven.DefaultMaven.doExecute(DefaultMaven.java:192)
	at org.apache.maven.DefaultMaven.execute(DefaultMaven.java:105)
	at org.apache.maven.cli.MavenCli.execute(MavenCli.java:954)
	at org.apache.maven.cli.MavenCli.doMain(MavenCli.java:288)
	at org.apache.maven.cli.MavenCli.main(MavenCli.java:192)
	at sun.reflect.NativeMethodAccessorImpl.invoke0(Native Method)
	at sun.reflect.NativeMethodAccessorImpl.invoke(NativeMethodAccessorImpl.java:62)
	at sun.reflect.DelegatingMethodAccessorImpl.invoke(DelegatingMethodAccessorImpl.java:43)
	at java.lang.reflect.Method.invoke(Method.java:498)
	at org.codehaus.plexus.classworlds.launcher.Launcher.launchEnhanced(Launcher.java:289)
	at org.codehaus.plexus.classworlds.launcher.Launcher.launch(Launcher.java:229)
	at org.codehaus.plexus.classworlds.launcher.Launcher.mainWithExitCode(Launcher.java:415)
	at org.codehaus.plexus.classworlds.launcher.Launcher.main(Launcher.java:356)
[ERROR] Error when trying to compare /tmp/icst-2019/september-2018/dataset/jsoup/src/main/java/org/jsoup/nodes/Element.java and /tmp/icst-2019/september-2018/dataset/jsoup_parent/src/main/java/org/jsoup/nodes/Element.java
[INFO] /tmp/icst-2019/september-2018/dataset/jsoup/src/main/java/org/jsoup/nodes/Node.java
[INFO] /tmp/icst-2019/september-2018/dataset/jsoup_parent/src/main/java/org/jsoup/nodes/Node.java
[info] org.jsoup.nodes.Node:337 is modified.
[info] org.jsoup.nodes.Node:350 is modified.
java.lang.UnsupportedOperationException: PartialSourcePosition only contains a CompilationUnit
	at spoon.reflect.cu.position.NoSourcePosition.getLine(NoSourcePosition.java:49)
	at eu.stamp_project.diff_test_selection.DiffTestSelectionMojo.buildMap(DiffTestSelectionMojo.java:170)
	at eu.stamp_project.diff_test_selection.DiffTestSelectionMojo.getModifiedLinesPerQualifiedName(DiffTestSelectionMojo.java:147)
	at eu.stamp_project.diff_test_selection.DiffTestSelectionMojo.getTestThatExecuteChanges(DiffTestSelectionMojo.java:111)
	at eu.stamp_project.diff_test_selection.DiffTestSelectionMojo.execute(DiffTestSelectionMojo.java:83)
	at org.apache.maven.plugin.DefaultBuildPluginManager.executeMojo(DefaultBuildPluginManager.java:137)
	at org.apache.maven.lifecycle.internal.MojoExecutor.execute(MojoExecutor.java:208)
	at org.apache.maven.lifecycle.internal.MojoExecutor.execute(MojoExecutor.java:154)
	at org.apache.maven.lifecycle.internal.MojoExecutor.execute(MojoExecutor.java:146)
	at org.apache.maven.lifecycle.internal.LifecycleModuleBuilder.buildProject(LifecycleModuleBuilder.java:117)
	at org.apache.maven.lifecycle.internal.LifecycleModuleBuilder.buildProject(LifecycleModuleBuilder.java:81)
	at org.apache.maven.lifecycle.internal.builder.singlethreaded.SingleThreadedBuilder.build(SingleThreadedBuilder.java:56)
	at org.apache.maven.lifecycle.internal.LifecycleStarter.execute(LifecycleStarter.java:128)
	at org.apache.maven.DefaultMaven.doExecute(DefaultMaven.java:305)
	at org.apache.maven.DefaultMaven.doExecute(DefaultMaven.java:192)
	at org.apache.maven.DefaultMaven.execute(DefaultMaven.java:105)
	at org.apache.maven.cli.MavenCli.execute(MavenCli.java:954)
	at org.apache.maven.cli.MavenCli.doMain(MavenCli.java:288)
	at org.apache.maven.cli.MavenCli.main(MavenCli.java:192)
	at sun.reflect.NativeMethodAccessorImpl.invoke0(Native Method)
	at sun.reflect.NativeMethodAccessorImpl.invoke(NativeMethodAccessorImpl.java:62)
	at sun.reflect.DelegatingMethodAccessorImpl.invoke(DelegatingMethodAccessorImpl.java:43)
	at java.lang.reflect.Method.invoke(Method.java:498)
	at org.codehaus.plexus.classworlds.launcher.Launcher.launchEnhanced(Launcher.java:289)
	at org.codehaus.plexus.classworlds.launcher.Launcher.launch(Launcher.java:229)
	at org.codehaus.plexus.classworlds.launcher.Launcher.mainWithExitCode(Launcher.java:415)
	at org.codehaus.plexus.classworlds.launcher.Launcher.main(Launcher.java:356)
[ERROR] Error when trying to compare /tmp/icst-2019/september-2018/dataset/jsoup/src/main/java/org/jsoup/nodes/Node.java and /tmp/icst-2019/september-2018/dataset/jsoup_parent/src/main/java/org/jsoup/nodes/Node.java
[INFO] /tmp/icst-2019/september-2018/dataset/jsoup/src/main/java/org/jsoup/parser/HtmlTreeBuilder.java
[INFO] /tmp/icst-2019/september-2018/dataset/jsoup_parent/src/main/java/org/jsoup/parser/HtmlTreeBuilder.java
[info] org.jsoup.parser.HtmlTreeBuilder:65 is modified.
[info] org.jsoup.parser.HtmlTreeBuilder:85 is modified.
[info] org.jsoup.parser.HtmlTreeBuilder:193 is modified.
[info] org.jsoup.parser.HtmlTreeBuilder:194 is modified.
[info] org.jsoup.parser.HtmlTreeBuilder:109 is modified.
[info] org.jsoup.parser.HtmlTreeBuilder:193 is modified.
[info] org.jsoup.parser.HtmlTreeBuilder:193 is modified.
[info] org.jsoup.parser.HtmlTreeBuilder:194 is modified.
[info] org.jsoup.parser.HtmlTreeBuilder:65 covered.
[info] org.jsoup.parser.HtmlTreeBuilder:193 covered.
[info] org.jsoup.parser.HtmlTreeBuilder:85 covered.
[info] org.jsoup.parser.HtmlTreeBuilder:109 covered.
[info] org.jsoup.parser.HtmlTreeBuilder:194 covered.
[INFO] /tmp/icst-2019/september-2018/dataset/jsoup/src/main/java/org/jsoup/parser/ParseSettings.java
[INFO] /tmp/icst-2019/september-2018/dataset/jsoup_parent/src/main/java/org/jsoup/parser/ParseSettings.java
[INFO] /tmp/icst-2019/september-2018/dataset/jsoup/src/main/java/org/jsoup/parser/Parser.java
[INFO] /tmp/icst-2019/september-2018/dataset/jsoup_parent/src/main/java/org/jsoup/parser/Parser.java
[info] org.jsoup.parser.Parser:33 is modified.
[info] org.jsoup.parser.Parser:38 is modified.
[info] org.jsoup.parser.Parser:41 is modified.
[info] org.jsoup.parser.Parser:33 is modified.
[info] org.jsoup.parser.Parser:41 is modified.
[info] org.jsoup.parser.Parser:109 is modified.
[info] org.jsoup.parser.Parser:124 is modified.
[info] org.jsoup.parser.Parser:142 is modified.
[info] org.jsoup.parser.Parser:154 is modified.
[info] org.jsoup.parser.Parser:33 is modified.
[info] org.jsoup.parser.Parser:33 is modified.
[info] org.jsoup.parser.Parser:29 is modified.
[info] org.jsoup.parser.Parser:38 is modified.
[info] org.jsoup.parser.Parser:38 is modified.
[info] org.jsoup.parser.Parser:77 is modified.
[info] org.jsoup.parser.Parser:107 is modified.
[info] org.jsoup.parser.Parser:107 is modified.
[info] org.jsoup.parser.Parser:122 is modified.
[info] org.jsoup.parser.Parser:122 is modified.
[info] org.jsoup.parser.Parser:138 is modified.
[info] org.jsoup.parser.Parser:150 is modified.
[info] org.jsoup.parser.Parser:150 is modified.
[info] org.jsoup.parser.Parser:29 is modified.
[info] org.jsoup.parser.Parser:37 is modified.
[info] org.jsoup.parser.Parser:37 is modified.
[info] org.jsoup.parser.Parser:59 is modified.
[info] org.jsoup.parser.Parser:68 is modified.
[info] org.jsoup.parser.Parser:77 is modified.
[info] org.jsoup.parser.Parser:109 is modified.
[info] org.jsoup.parser.Parser:124 is modified.
[info] org.jsoup.parser.Parser:140 is modified.
[info] org.jsoup.parser.Parser:140 is modified.
[info] org.jsoup.parser.Parser:140 is modified.
[info] org.jsoup.parser.Parser:141 is modified.
[info] org.jsoup.parser.Parser:154 is modified.
[info] org.jsoup.parser.Parser:29 covered.
[info] org.jsoup.parser.Parser:109 covered.
[info] org.jsoup.parser.Parser:33 covered.
[info] org.jsoup.parser.Parser:124 covered.
[info] org.jsoup.parser.Parser:77 covered.
[info] org.jsoup.parser.Parser:142 covered.
[info] org.jsoup.parser.Parser:140 covered.
[info] org.jsoup.parser.Parser:141 covered.
[info] org.jsoup.parser.Parser:37 covered.
[info] org.jsoup.parser.Parser:41 covered.
[info] org.jsoup.parser.Parser:154 covered.
[INFO] /tmp/icst-2019/september-2018/dataset/jsoup/src/main/java/org/jsoup/parser/TreeBuilder.java
[INFO] /tmp/icst-2019/september-2018/dataset/jsoup_parent/src/main/java/org/jsoup/parser/TreeBuilder.java
[info] org.jsoup.parser.TreeBuilder:37 is modified.
[info] org.jsoup.parser.TreeBuilder:46 is modified.
[info] org.jsoup.parser.TreeBuilder:35 is modified.
[info] org.jsoup.parser.TreeBuilder:37 is modified.
[info] org.jsoup.parser.TreeBuilder:40 is modified.
[info] org.jsoup.parser.TreeBuilder:37 covered.
[info] org.jsoup.parser.TreeBuilder:46 covered.
[info] org.jsoup.parser.TreeBuilder:36 covered.
[info] org.jsoup.parser.TreeBuilder:38 covered.
[info] org.jsoup.parser.TreeBuilder:35 covered.
[info] org.jsoup.parser.TreeBuilder:40 covered.
[INFO] /tmp/icst-2019/september-2018/dataset/jsoup/src/main/java/org/jsoup/parser/XmlTreeBuilder.java
[INFO] /tmp/icst-2019/september-2018/dataset/jsoup_parent/src/main/java/org/jsoup/parser/XmlTreeBuilder.java
[info] org.jsoup.parser.XmlTreeBuilder:33 is modified.
[info] org.jsoup.parser.XmlTreeBuilder:33 is modified.
[info] org.jsoup.parser.XmlTreeBuilder:34 is modified.
[info] org.jsoup.parser.XmlTreeBuilder:73 is modified.
[info] org.jsoup.parser.XmlTreeBuilder:80 is modified.
[info] org.jsoup.parser.XmlTreeBuilder:105 is modified.
[info] org.jsoup.parser.XmlTreeBuilder:110 is modified.
[info] org.jsoup.parser.XmlTreeBuilder:115 is modified.
[info] org.jsoup.parser.XmlTreeBuilder:116 is modified.
[info] org.jsoup.parser.XmlTreeBuilder:141 is modified.
[info] org.jsoup.parser.XmlTreeBuilder:150 is modified.
[info] org.jsoup.parser.XmlTreeBuilder:151 is modified.
[info] org.jsoup.parser.XmlTreeBuilder:149 is modified.
[info] org.jsoup.parser.XmlTreeBuilder:24 is modified.
[info] org.jsoup.parser.XmlTreeBuilder:28 is modified.
[info] org.jsoup.parser.XmlTreeBuilder:85 is modified.
[info] org.jsoup.parser.XmlTreeBuilder:91 is modified.
[info] org.jsoup.parser.XmlTreeBuilder:110 is modified.
[info] org.jsoup.parser.XmlTreeBuilder:110 is modified.
[info] org.jsoup.parser.XmlTreeBuilder:95 is modified.
[info] org.jsoup.parser.XmlTreeBuilder:131 is modified.
[info] org.jsoup.parser.XmlTreeBuilder:98 is modified.
[info] org.jsoup.parser.XmlTreeBuilder:99 is modified.
[info] org.jsoup.parser.XmlTreeBuilder:101 is modified.
[info] org.jsoup.parser.XmlTreeBuilder:101 is modified.
[info] org.jsoup.parser.XmlTreeBuilder:100 is modified.
[info] org.jsoup.parser.XmlTreeBuilder:32 is modified.
[info] org.jsoup.parser.XmlTreeBuilder:38 is modified.
[info] org.jsoup.parser.XmlTreeBuilder:42 is modified.
[info] org.jsoup.parser.XmlTreeBuilder:149 is modified.
[info] org.jsoup.parser.XmlTreeBuilder:155 is modified.
[info] org.jsoup.parser.XmlTreeBuilder:155 is modified.
[info] org.jsoup.parser.XmlTreeBuilder:32 covered.
[info] org.jsoup.parser.XmlTreeBuilder:33 covered.
[info] org.jsoup.parser.XmlTreeBuilder:34 covered.
[info] org.jsoup.parser.XmlTreeBuilder:73 covered.
[info] org.jsoup.parser.XmlTreeBuilder:80 covered.
[info] org.jsoup.parser.XmlTreeBuilder:105 covered.
[info] org.jsoup.parser.XmlTreeBuilder:79 covered.
[info] org.jsoup.parser.XmlTreeBuilder:91 covered.
[info] org.jsoup.parser.XmlTreeBuilder:92 covered.
[info] org.jsoup.parser.XmlTreeBuilder:85 covered.
[info] org.jsoup.parser.XmlTreeBuilder:95 covered.
[info] org.jsoup.parser.XmlTreeBuilder:97 covered.
[info] org.jsoup.parser.XmlTreeBuilder:98 covered.
[info] org.jsoup.parser.XmlTreeBuilder:99 covered.
[info] org.jsoup.parser.XmlTreeBuilder:101 covered.
[info] org.jsoup.parser.XmlTreeBuilder:100 covered.
[info] org.jsoup.parser.XmlTreeBuilder:110 covered.
[info] org.jsoup.parser.XmlTreeBuilder:141 covered.
[info] org.jsoup.parser.XmlTreeBuilder:127 covered.
[info] org.jsoup.parser.XmlTreeBuilder:130 covered.
[info] org.jsoup.parser.XmlTreeBuilder:140 covered.
[info] org.jsoup.parser.XmlTreeBuilder:131 covered.
[info] org.jsoup.parser.XmlTreeBuilder:42 covered.
[info] org.jsoup.parser.XmlTreeBuilder:150 covered.
[info] org.jsoup.parser.XmlTreeBuilder:151 covered.
[info] org.jsoup.parser.XmlTreeBuilder:149 covered.
[info] org.jsoup.parser.XmlTreeBuilder:155 covered.
[info] org.jsoup.parser.XmlTreeBuilder:115 covered.
[info] org.jsoup.parser.XmlTreeBuilder:116 covered.
[info] org.jsoup.parser.XmlTreeBuilder:114 covered.
[INFO] /tmp/icst-2019/september-2018/dataset/jsoup/src/test/java/org/jsoup/nodes/ElementTest.java
[INFO] /tmp/icst-2019/september-2018/dataset/jsoup_parent/src/test/java/org/jsoup/nodes/ElementTest.java
[INFO] /tmp/icst-2019/september-2018/dataset/jsoup/src/test/java/org/jsoup/parser/HtmlParserTest.java
[INFO] /tmp/icst-2019/september-2018/dataset/jsoup_parent/src/test/java/org/jsoup/parser/HtmlParserTest.java
[info] org.jsoup.parser.HtmlParserTest:1066 is modified.
[info] org.jsoup.parser.HtmlParserTest:1066 is modified.
[info] org.jsoup.parser.HtmlParserTest:1066 is modified.
[info] org.jsoup.parser.HtmlParserTest:1067 is modified.
[info] org.jsoup.parser.HtmlParserTest:1068 is modified.
[info] org.jsoup.parser.HtmlParserTest:1068 is modified.
[info] org.jsoup.parser.HtmlParserTest:1068 is modified.
[info] org.jsoup.parser.HtmlParserTest:1068 is modified.
[info] org.jsoup.parser.HtmlParserTest:1077 is modified.
[info] org.jsoup.parser.HtmlParserTest:1077 is modified.
[info] org.jsoup.parser.HtmlParserTest:1077 is modified.
[info] org.jsoup.parser.HtmlParserTest:1078 is modified.
[info] org.jsoup.parser.HtmlParserTest:1079 is modified.
[info] org.jsoup.parser.HtmlParserTest:1079 is modified.
[info] org.jsoup.parser.HtmlParserTest:1079 is modified.
[info] org.jsoup.parser.HtmlParserTest:1079 is modified.
[info] org.jsoup.parser.HtmlParserTest:1088 is modified.
[info] org.jsoup.parser.HtmlParserTest:1088 is modified.
[info] org.jsoup.parser.HtmlParserTest:1088 is modified.
[info] org.jsoup.parser.HtmlParserTest:1089 is modified.
[info] org.jsoup.parser.HtmlParserTest:1090 is modified.
[info] org.jsoup.parser.HtmlParserTest:1090 is modified.
[info] org.jsoup.parser.HtmlParserTest:1090 is modified.
[info] org.jsoup.parser.HtmlParserTest:1090 is modified.
[info] org.jsoup.parser.HtmlParserTest:1099 is modified.
[info] org.jsoup.parser.HtmlParserTest:1099 is modified.
[info] org.jsoup.parser.HtmlParserTest:1099 is modified.
[info] org.jsoup.parser.HtmlParserTest:1100 is modified.
[info] org.jsoup.parser.HtmlParserTest:1101 is modified.
[info] org.jsoup.parser.HtmlParserTest:1101 is modified.
[info] org.jsoup.parser.HtmlParserTest:1101 is modified.
[info] org.jsoup.parser.HtmlParserTest:1101 is modified.
[INFO] /tmp/icst-2019/september-2018/dataset/jsoup/src/test/java/org/jsoup/parser/XmlTreeBuilderTest.java
[INFO] /tmp/icst-2019/september-2018/dataset/jsoup_parent/src/test/java/org/jsoup/parser/XmlTreeBuilderTest.java
[info] org.jsoup.parser.XmlTreeBuilderTest:190 is modified.
[info] org.jsoup.parser.XmlTreeBuilderTest:190 is modified.
[info] org.jsoup.parser.XmlTreeBuilderTest:191 is modified.
[info] org.jsoup.parser.XmlTreeBuilderTest:191 is modified.
[info] org.jsoup.parser.XmlTreeBuilderTest:191 is modified.
[info] org.jsoup.parser.XmlTreeBuilderTest:191 is modified.
[info] org.jsoup.parser.XmlTreeBuilderTest:192 is modified.
[info] org.jsoup.parser.XmlTreeBuilderTest:192 is modified.
[info] org.jsoup.parser.XmlTreeBuilderTest:192 is modified.
[info] org.jsoup.parser.XmlTreeBuilderTest:193 is modified.
[info] org.jsoup.parser.XmlTreeBuilderTest:194 is modified.
[info] org.jsoup.parser.XmlTreeBuilderTest:194 is modified.
[info] org.jsoup.parser.XmlTreeBuilderTest:194 is modified.
[INFO] Saving result in /tmp/icst-2019/september-2018/result/jsoup/commit_16_850a9cc/commit_coverage_testsThatExecuteTheChanges.csv ...
[INFO] org.jsoup.parser.HtmlParserTest;testNormalisesIsIndex;handlesInvalidDoctypes;noErrorsByDefault;normalizesDiscordantTags;handlesCdata;preSkipsFirstNewline;handlesQuotesInCommentsInScripts;testHandlesDeepSpans;parsesComments;tracksErrorsWhenRequested;associatedFormControlsWithDisjointForms;handlesKnownEmptyTitle;parsesUnterminatedTextarea;selfClosingOnNonvoidIsError;handlesEscapedData;testFragment;handlesJavadocFont;testHgroup;dropsUnterminatedAttribute;handlesXmlDeclAndCommentsBeforeDoctype;handlesDeepStack;handlesKnownEmptyBlocks;handlesUnknownTags;cdataNodesAreTextNodes;reconstructFormattingElements;noTableDirectInTable;normalisesHeadlessBody;preservesSpaceInTextArea;commentAtEnd;handlesManyChildren;handlesProtocolRelativeUrl;handleCDataInText;handlesNullInData;testRelaxedTags;parsesRoughAttributes;handlesFrames;handlesBlocksInDefinitions;handlesEscapedScript;preservesSpaceInScript;roundTripsCdata;createsStructureFromBodySnippet;canPreserveAttributeCase;handlesWhitespaceInoDocType;handlesSolidusInA;handlesWhatWgExpensesTableExample;parsesSimpleDocument;handlesMultiClosingBody;handlesTbodyTable;handlesDataOnlyTags;testAFlowContents;handlesNestedImplicitTable;handlesUnexpectedMarkupInTables;handlesImplicitCaptionClose;handlesMisnestedTagsBP;normalisesDocument;doesNotFindShortestMatchingEntity;testSupportsPartiallyNonAsciiTags;handlesControlCodeInAttributeName;canPreserveTagCase;testNoImagesInNoScriptInHead;handlesCdataInScript;handlesKnownEmptyIframe;handlesUnclosedCdataAtEOF;handlesMisnestedTagsBI;handlesKnownEmptyStyle;handlesInputInTable;testTemplateInsideTable;emptyTdTag;testUsingSingleQuotesInQueries;selfClosingVoidIsNotAnError;handlesUnclosedRawtextAtEof;testFontFlowContents;discardsNakedTds;ignoresContentAfterFrameset;caseInsensitiveParseTree;handlesUnclosedDefinitionLists;findsCharsetInMalformedMeta;handlesNewlinesAndWhitespaceInTag;handlesTextAfterData;testSpanContents;parsesQuiteRoughAttributes;normalisesEmptyDocument;caseSensitiveParseTree;testReinsertionModeForThCelss;testSpaceAfterTag;handlesUnclosedAnchors;handlesUnclosedScriptAtEof;testInvalidTableContents;handlesUnknownInlineTags;noImplicitFormForTextAreas;commentBeforeHtml;createsFormElements;relaxedBaseEntityMatchAndStrictExtendedMatch;handlesXmlDeclarationAsBogusComment;handlesKnownEmptyNoFrames;handlesBaseTags;normalisedBodyAfterContent;testHeaderContents;convertsImageToImg;handlesSpanInTbody;doesNotCreateImplicitLists;dropsUnterminatedTag;handlesCommentsInTable;handlesTagsInTextarea;handlesTextArea;handlesUnclosedFormattingElements;handlesNullInComments;ignoresDupeEndTrTag;parsesBodyFragment;tracksLimitedErrorsWhenRequested;handlesUnclosedTitleAtEof;reconstructFormattingElementsInTable;testSelectWithOption;handlesUnknownNamespaceTags;handlesCdataAcrossBuffer;parsesUnterminatedOption;testSupportsNonAsciiTags;canPreserveBothCase;handlesBaseWithoutHref;createsDocumentStructure;handlesSolidusAtAttributeEnd;parsesUnterminatedComments;handles0CharacterAsText;testHtmlLowerCase;handleNullContextInParseFragment;handlesInvalidStartTags;handlesUnclosedTitle
org.jsoup.parser.XmlTreeBuilderTest;caseSensitiveDeclaration;preservesCaseByDefault;testPopToClose;handlesXmlDeclarationAsDeclaration;testDoesNotForceSelfClosingKnownTags;testCreatesValidProlog;normalizesDiscordantTags;testSupplyParserToJsoupClass;testDetectCharsetEncodingDeclaration;canNormalizeCase;testParseDeclarationAttributes;xmlFragment;cdataPreservesWhiteSpace;xmlParseDefaultsToHtmlOutputSyntax;testSimpleXmlParse;testSupplyParserToDataStream;appendPreservesCaseByDefault;handlesDodgyXmlDecl;testCommentAndDocType;roundTripsCdata;testDoesHandleEOFInTag
org.jsoup.nodes.DocumentTest;testMetaCharsetUpdatedDisabledPerDefault;testLocation;parseAndHtmlOnDifferentThreads;testHtmlAndXmlSyntax;testMetaCharsetUpdateXmlIso8859;testXhtmlReferences;DocumentsWithSameContentAreEqual;testMetaCharsetUpdateXmlUtf8;testMetaCharsetUpdateUtf8;testShiftJisRoundtrip;testMetaCharsetUpdateEnabledAfterCharsetChange;testTitles;testMetaCharsetUpdateXmlNoCharset;testMetaCharsetUpdateDisabled;testMetaCharsetUpdateNoCharset;testMetaCharsetUpdateCleanup;setTextPreservesDocumentStructure;testClone;testMetaCharsetUpdateIso8859;testHtmlAppendable;testMetaCharsetUpdateXmlDisabled;testMetaCharsetUpdateXmlDisabledNoChanges;testClonesDeclarations;testOutputEncoding;testNormalisesStructure;DocumentsWithSameContentAreVerifialbe;testMetaCharsetUpdateDisabledNoChanges;htmlParseDefaultsToHtmlOutputSyntax
org.jsoup.select.SelectorTest;containsOwn;testByAttributeStarting;testByAttributeRegex;matchText;descendant;notClass;adjacentSiblings;mixCombinator;testPseudoContains;notAdjacent;testPsuedoContainsWithParentheses;testById;caseInsensitive;testPseudoCombined;adjacentSiblingsWithId;notParas;attributeWithBrackets;handlesCommasInSelector;testSupportsLeadingCombinator;testNamespacedTag;testPseudoGreaterThan;testPseudoBetween;selectSupplementaryCharacter;selectSameElements;testPseudoHas;matchTextAttributes;testByAttribute;containsData;selectClassWithSpace;testByTag;testGroupOr;testCombinedWithContains;testAllElements;notAll;parentChildStar;testGroupOrAttribute;matchesOwn;and;testRelaxedTags;testCharactersInIdAndClass;selectFirstWithAnd;selectFirstWithOr;parentChildElement;parentWithClassChild;splitOnBr;deeperDescendant;testAllWithClass;selectFirst;testByAttributeRegexCharacterClass;containsWithQuote;testByAttributeRegexCombined;testByClassCaseInsensitive;testWildcardNamespacedTag;findBetweenSpan;testPseudoEquals;testNestedHas;testMatches;testByClass;testPseudoLessThan;generalSiblings;multiChildDescent;mixCombinatorGroup
org.jsoup.nodes.ElementTest;testChainedRemoveAttributes;testThrowsOnAddNullText;before;testKeepsPreText;testGetSiblings;appendMustCorrectlyMoveChildrenInsideOneParentElement;testCssPath;testRemoveAfterIndex;testPrependElement;moveByAppend;testFormatOutline;testChildThrowsIndexOutOfBoundsOnMissing;testTagNameSet;testAddNewText;testAddNewHtml;testGetTextNodes;testWholeText;testElementSiblingIndex;testSetIndent;testGetElementsWithAttributeValue;insertChildrenArgumentValidation;testKeepsPreTextAtDepth;testClassDomMethods;testNamespacedElements;testEmptyElementFormatHtml;booleanAttributeOutput;testNormalizesInvisiblesInText;testManipulateTextNodes;testWrapWithRemainder;testGetText;testBrHasSpace;testHtmlContainsOuter;testAddBooleanAttribute;testGetElementsWithClass;testGetElementById;testRelativeUrls;testClonesClassnames;testRemoveBeforeIndex;testOuterHtml;testGetElementsWithAttribute;testInnerHtml;testPrependText;elementIsNotASiblingOfItself;classNamesAndAttributeNameIsCaseInsensitive;testClassNames;testShadowElementsAreUpdated;testFormatHtml;testPrependNewHtml;insertChildrenAsCopy;textHasSpaceAfterBlockTags;testKeepsPreTextInCode;insertChildrenAtPosition;testGetChildText;testNormalizesNbspInText;testSetText;testHasText;getNamespacedElementsByTag;testElementSiblingIndexSameContent;testAppendRowToTable;testWrap;after;getElementsByTagName;testChildrenElements;testGetSiblingsWithDuplicateContent;testSetHtml;testNextElementSiblingAfterClone;testRemovingEmptyClassAttributeWhenLastClassRemoved;testAppendTo;testIs;testGetDataNodes;testLoopedRemoveAttributes;testGetElementsWithAttributeDash;testHashAndEqualsAndValue;testClone;testGetParents;testThrowsOnPrependNullText;testSetHtmlTitle;testNoIndentOnScriptAndStyle;parentlessToString;testNotPretty;testAddNewElement;testClassUpdates;testPrependRowToTable;dataset;testContainerOutput;testNormalisesText;testShallowClone
org.jsoup.safety.CleanerTest;basicWithImagesTest;addsTagOnAttributesIfNotSet;preservesRelativeLinksIfConfigured;testDropImageScript;testRemoveTags;testIsValidDocument;testRemoveEnforcedAttributes;basicBehaviourTest;testDropXmlProc;testDropScript;testCleanAnchorProtocol;testIsValidBodyHtml;supplyOutputSettings;testDropComments;testHandlesEmptyAttributes;simpleBehaviourTest2;cleansInternationalText;handlesCustomProtocols;testRemoveAttributes;simpleBehaviourTest;testRelaxed;testRemoveProtocols;resolvesRelativeLinks;testDropsUnknownTags;handlesAttributesWithNoValue;whitelistedProtocolShouldBeRetained;handlesControlCharactersAfterTagName;handlesAllPseudoTag;dropsUnresolvableRelativeLinks;testScriptTagInWhiteList;testCleanJavascriptHref;handlesFramesets
org.jsoup.helper.W3CDomTest;convertsGoogleLocation;simpleConversion;handlesInvalidAttributeNames;convertsGoogle;namespacePreservation
org.jsoup.parser.AttributeParseTest;canStartWithEq;moreAttributeUnescapes;parsesEmptyString;handlesNewLinesAndReturns;dropsSlashFromAttributeName;parsesBooleanAttributes;strictAttributeUnescapes;parsesRoughAttributeString
org.jsoup.nodes.NodeTest;literalAbsPrefix;before;testRemove;handleAbsOnLocalhostFileUris;childNodesCopy;absHandlesRelativeQuery;unwrap;traverse;unwrapNoChildren;handleAbsOnFileUris;testReplace;absHandlesDotFromIndex;handlesAbsOnImage;changingAttributeValueShouldReplaceExistingAttributeCaseInsensitive;root;supportsClone;handlesAbsPrefixOnHasAttr;after;ownerDocument;setBaseUriIsRecursive;handlesAbsPrefix;nodeIsNotASiblingOfItself;handlesAbsOnProtocolessAbsoluteUris
org.jsoup.parser.TokeniserTest;cp1252EntitiesProduceError;handleSuperLargeAttributeName;handleLargeComment;handleLargeCdata;bufferUpInAttributeVal;handleLargeText;cp1252Entities;handleSuperLargeTagNames;handleLargeTitle
org.jsoup.nodes.EntitiesTest;escapesGtInXmlAttributesButNotInHtml;letterDigitEntities
org.jsoup.select.ElementsTest;siblings;unwrapKeepsSpace;before;hasAbsAttr;classes;eachAttr;remove;unwrap;empty;not;html;text;after;attr;classWithHyphen;val;setHtml;hasClassCaseInsensitive;absAttr;hasAttr;eachText;is;outerHtml;eq;hasText;filter;traverse;tagNameSet;attributes;wrap;unwrapP;forms;parents;wrapDiv
org.jsoup.helper.DataUtilTest;firstMetaElementWithCharsetShouldBeUsedForDecoding;supportsUTF8BOM;supportsBOMinFiles;secondMetaElementWithContentTypeContainsCharsetParameter;discardsSpuriousByteOrderMark;wrongMetaCharsetFallback;discardsSpuriousByteOrderMarkWhenNoCharsetSet
org.jsoup.nodes.DocumentTypeTest;constructorValidationOkWithBlankPublicAndSystemIds;constructorValidationOkWithBlankName;outerHtmlGeneration;testRoundTrip
org.jsoup.nodes.TextNodeTest;testSplitText;testSplitAnEmbolden;testTextBean;testWithSupplementaryCharacter;testLeadNodesHaveNoChildren
org.jsoup.integration.ConnectTest;doesGet;exceptOnUnsupportedProtocol;doesPost;sendsRequestBody;multiCookieSet;postFiles;sendsRequestBodyJsonWithData;doesPut;sendsRequestBodyWithUrlParams;handlesEmtpyStreamDuringBufferdRead;handlesEmptyStreamDuringParseRead;canConnectToLocalServer;multipleParsesOkAfterBufferUp;sendsRequestBodyJsonWithoutData;parseParseThrowsValidates;supportsDeflate;fetchURl;fetchURIWithWihtespace;bodyAndBytesAvailableBeforeParse;bodyAfterParseThrowsValidationError
org.jsoup.integration.ParseTest;testNewsHomepage;testSmhBizArticle;testYahooArticle;testBaiduVariant;testGoogleSearchIpod;testLowercaseUtf8Charset;testYahooJp;testBrokenHtml5CharsetWithASingleDoubleQuote;testHtml5Charset;testBaidu;testNytArticle;testBinary
org.jsoup.parser.TokenQueueTest;testNestedQuotes
org.jsoup.nodes.FormElementTest;adoptedFormsRetainInputs;createsFormData;createsSubmitableConnection;actionWithNoValue;formsAddedAfterParseAreFormElements;controlsAddedAfterParseAreLinkedWithForms;usesOnForCheckboxValueIfNoValueSet;actionWithNoBaseUri;hasAssociatedControls;removeFormElement
org.jsoup.helper.StringUtilTest;normaliseWhiteSpaceHandlesHighSurrogates
org.jsoup.parser.TokeniserStateTest;testPublicIdentifiersWithWhitespace;testEndTagOpen;testCommentEndBangCoverage;testRcdataLessthanSign;testSystemIdentifiersWithWhitespace;testCommentEndCoverage;testPublicAndSystemIdentifiersWithWhitespace;testBeforeTagName;testCharacterReferenceInRcdata;testRCDATAEndTagName
org.jsoup.select.TraversorTest;filterVisit;filterStop;filterSkipChildren;filterRemove;filterSkipEntirely
org.jsoup.helper.HttpConnectionTest;headers;cookie;method;data;multipleHeaders;throwsOnMalformedUrl;throwsExceptionOnBodyWithoutExecute;throwsOnOddData;userAgent;timeout;referrer;requestBody;throwsExceptionOnBodyAsBytesWithoutExecute;connectWithUrl;throwsExceptionOnParseWithoutExecute
[INFO] Writing Coverage in /tmp/icst-2019/september-2018/result/jsoup/commit_16_850a9cc/commit_coverage_testsThatExecuteTheChanges_coverage.csv
[INFO] org.jsoup.nodes.Document;4;4

[INFO] org.jsoup.parser.HtmlTreeBuilder;5;5

[INFO] org.jsoup.parser.Parser;11;18

[INFO] org.jsoup.parser.TreeBuilder;6;4

[INFO] org.jsoup.parser.XmlTreeBuilder;30;26

[INFO] total;56;57

[INFO] ------------------------------------------------------------------------
[INFO] BUILD SUCCESS
[INFO] ------------------------------------------------------------------------
[INFO] Total time: 01:59 min
[INFO] Finished at: 2018-10-02T03:03:37+02:00
[INFO] ------------------------------------------------------------------------
[INFO] 2018-10-02 03:03:38 RepositoriesSetter - {/tmp/icst-2019/september-2018/dataset/jsoup} Cleaning local repository...
[INFO] 2018-10-02 03:03:38 RepositoriesSetter - Checkout 04f0ab3bf48a4ea1247fa9619b34cac6f6049a6a revision...
[INFO] 2018-10-02 03:03:38 RepositoriesSetter - {/tmp/icst-2019/september-2018/dataset/jsoup_parent} Cleaning local repository...
[INFO] 2018-10-02 03:03:38 RepositoriesSetter - Checkout 18ef323541f6c369824e0c726b2be55880ec36da revision...
