[[1;34mINFO[m] Scanning for projects...
[[1;34mINFO[m] 
[[1;34mINFO[m] [1m--------------------------< [0;36morg.jsoup:jsoup[0;1m >---------------------------[m
[[1;34mINFO[m] [1mBuilding jsoup Java HTML Parser 1.12.1-SNAPSHOT[m
[[1;34mINFO[m] [1m--------------------------------[ jar ]---------------------------------[m
[[1;34mINFO[m] 
[[1;34mINFO[m] [1m--- [0;32mmaven-clean-plugin:2.5:clean[m [1m(default-clean)[m @ [36mjsoup[0;1m ---[m
[[1;34mINFO[m] Deleting /home/bdanglot/workspace/icst-2019/september-2018/dataset/jsoup_parent/target
[[1;34mINFO[m] 
[[1;34mINFO[m] [1m--- [0;32mdiff-test-selection:0.5-SNAPSHOT:list[m [1m(default-cli)[m @ [36mjsoup[0;1m ---[m
[[1;34mINFO[m] Computing coverage for /home/bdanglot/workspace/icst-2019/september-2018/dataset/jsoup_parent
[WARN] Maven will be executed in interactive mode, but no input stream has been configured for this MavenInvoker instance.
[[1;34mINFO[m] Scanning for projects...
[[1;34mINFO[m] 
[[1;34mINFO[m] [1m--------------------------< [0;36morg.jsoup:jsoup[0;1m >---------------------------[m
[[1;34mINFO[m] [1mBuilding jsoup Java HTML Parser 1.12.1-SNAPSHOT[m
[[1;34mINFO[m] [1m--------------------------------[ jar ]---------------------------------[m
[[1;34mINFO[m] 
[[1;34mINFO[m] [1m--- [0;32mmaven-clean-plugin:2.5:clean[m [1m(default-clean)[m @ [36mjsoup[0;1m ---[m
[[1;34mINFO[m] 
[[1;34mINFO[m] [1m--- [0;32mclover-maven-plugin:4.2.0:setup[m [1m(default-cli)[m @ [36mjsoup[0;1m ---[m
[[1;34mINFO[m] No 'maven.clover.licenseLocation' configured. Using default license.
[[1;34mINFO[m] OpenClover Version 4.2.0, built on April 30 2017 (build-1000)
[[1;34mINFO[m] Loaded from: /home/bdanglot/.m2/repository/org/openclover/clover/4.2.0/clover-4.2.0.jar
[[1;34mINFO[m] Clover free edition.
[[1;34mINFO[m] Creating new database at '/home/bdanglot/workspace/icst-2019/september-2018/dataset/jsoup_parent/target/clover/clover.db'.
[[1;34mINFO[m] Processing files at 1.8 source level.
[[1;34mINFO[m] Clover all over. Instrumented 67 files (8 packages).
[[1;34mINFO[m] Elapsed time = 2.034 secs. (32.94 files/sec, 8,871.19 srclines/sec)
[[1;34mINFO[m] OpenClover Version 4.2.0, built on April 30 2017 (build-1000)
[[1;34mINFO[m] Loaded from: /home/bdanglot/.m2/repository/org/openclover/clover/4.2.0/clover-4.2.0.jar
[[1;34mINFO[m] Clover free edition.
[[1;34mINFO[m] Updating existing database at '/home/bdanglot/workspace/icst-2019/september-2018/dataset/jsoup_parent/target/clover/clover.db'.
[[1;34mINFO[m] Processing files at 1.8 source level.
[[1;34mINFO[m] Clover all over. Instrumented 45 files (9 packages).
[[1;34mINFO[m] 703 test methods detected.
[[1;34mINFO[m] Elapsed time = 0.888 secs. (50.676 files/sec, 10,912.162 srclines/sec)
[[1;34mINFO[m] 
[[1;34mINFO[m] [1m--- [0;32mmaven-resources-plugin:3.0.1:resources[m [1m(default-resources)[m @ [36mjsoup[0;1m ---[m
[[1;34mINFO[m] Using 'UTF-8' encoding to copy filtered resources.
[[1;34mINFO[m] Copying 0 resource
[[1;34mINFO[m] Copying 3 resources to META-INF/
[[1;34mINFO[m] Copying 1 resource
[[1;34mINFO[m] 
[[1;34mINFO[m] [1m--- [0;32mmaven-compiler-plugin:3.5.1:compile[m [1m(default-compile)[m @ [36mjsoup[0;1m ---[m
[[1;34mINFO[m] Changes detected - recompiling the module!
[[1;34mINFO[m] Compiling 67 source files to /home/bdanglot/workspace/icst-2019/september-2018/dataset/jsoup_parent/target/classes
[[1;34mINFO[m] /home/bdanglot/workspace/icst-2019/september-2018/dataset/jsoup_parent/target/clover/src-instrumented/org/jsoup/nodes/Attributes.java: /home/bdanglot/workspace/icst-2019/september-2018/dataset/jsoup_parent/target/clover/src-instrumented/org/jsoup/nodes/Attributes.java uses or overrides a deprecated API.
[[1;34mINFO[m] /home/bdanglot/workspace/icst-2019/september-2018/dataset/jsoup_parent/target/clover/src-instrumented/org/jsoup/nodes/Attributes.java: Recompile with -Xlint:deprecation for details.
[[1;34mINFO[m] 
[[1;34mINFO[m] [1m--- [0;32manimal-sniffer-maven-plugin:1.16:check[m [1m(animal-sniffer)[m @ [36mjsoup[0;1m ---[m
[[1;34mINFO[m] Checking unresolved references to net.sf.androidscents.signature:android-api-level-8:2.2_r3
[[1;34mINFO[m] 
[[1;34mINFO[m] [1m>>> [0;32mmaven-bundle-plugin:2.5.4:manifest[m [1m(bundle-manifest)[0;1m > [0;1mprocess-classes[m @ [36mjsoup[0;1m >>>[m
[[1;34mINFO[m] 
[[1;34mINFO[m] [1m--- [0;32mmaven-resources-plugin:3.0.1:resources[m [1m(default-resources)[m @ [36mjsoup[0;1m ---[m
[[1;34mINFO[m] Using 'UTF-8' encoding to copy filtered resources.
[[1;34mINFO[m] Copying 0 resource
[[1;34mINFO[m] Copying 3 resources to META-INF/
[[1;34mINFO[m] Copying 1 resource
[[1;34mINFO[m] 
[[1;34mINFO[m] [1m--- [0;32mmaven-compiler-plugin:3.5.1:compile[m [1m(default-compile)[m @ [36mjsoup[0;1m ---[m
[[1;34mINFO[m] Changes detected - recompiling the module!
[[1;34mINFO[m] Compiling 67 source files to /home/bdanglot/workspace/icst-2019/september-2018/dataset/jsoup_parent/target/classes
[[1;34mINFO[m] /home/bdanglot/workspace/icst-2019/september-2018/dataset/jsoup_parent/target/clover/src-instrumented/org/jsoup/nodes/Attributes.java: /home/bdanglot/workspace/icst-2019/september-2018/dataset/jsoup_parent/target/clover/src-instrumented/org/jsoup/nodes/Attributes.java uses or overrides a deprecated API.
[[1;34mINFO[m] /home/bdanglot/workspace/icst-2019/september-2018/dataset/jsoup_parent/target/clover/src-instrumented/org/jsoup/nodes/Attributes.java: Recompile with -Xlint:deprecation for details.
[[1;34mINFO[m] 
[[1;34mINFO[m] [1m--- [0;32manimal-sniffer-maven-plugin:1.16:check[m [1m(animal-sniffer)[m @ [36mjsoup[0;1m ---[m
[[1;34mINFO[m] Checking unresolved references to net.sf.androidscents.signature:android-api-level-8:2.2_r3
[[1;34mINFO[m] 
[[1;34mINFO[m] [1m<<< [0;32mmaven-bundle-plugin:2.5.4:manifest[m [1m(bundle-manifest)[0;1m < [0;1mprocess-classes[m @ [36mjsoup[0;1m <<<[m
[[1;34mINFO[m] 
[[1;34mINFO[m] 
[[1;34mINFO[m] [1m--- [0;32mmaven-bundle-plugin:2.5.4:manifest[m [1m(bundle-manifest)[m @ [36mjsoup[0;1m ---[m
[[1;34mINFO[m] 
[[1;34mINFO[m] [1m--- [0;32mmaven-resources-plugin:3.0.1:testResources[m [1m(default-testResources)[m @ [36mjsoup[0;1m ---[m
[[1;34mINFO[m] Using 'UTF-8' encoding to copy filtered resources.
[[1;34mINFO[m] Copying 25 resources
[[1;34mINFO[m] 
[[1;34mINFO[m] [1m--- [0;32mmaven-compiler-plugin:3.5.1:testCompile[m [1m(default-testCompile)[m @ [36mjsoup[0;1m ---[m
[[1;34mINFO[m] Changes detected - recompiling the module!
[[1;34mINFO[m] Compiling 45 source files to /home/bdanglot/workspace/icst-2019/september-2018/dataset/jsoup_parent/target/test-classes
[[1;34mINFO[m] /home/bdanglot/workspace/icst-2019/september-2018/dataset/jsoup_parent/target/clover/src-test-instrumented/org/jsoup/parser/AttributeParseTest.java: Some input files use or override a deprecated API.
[[1;34mINFO[m] /home/bdanglot/workspace/icst-2019/september-2018/dataset/jsoup_parent/target/clover/src-test-instrumented/org/jsoup/parser/AttributeParseTest.java: Recompile with -Xlint:deprecation for details.
[[1;34mINFO[m] 
[[1;34mINFO[m] [1m--- [0;32mmaven-surefire-plugin:2.12.4:test[m [1m(default-test)[m @ [36mjsoup[0;1m ---[m
[[1;34mINFO[m] Surefire report directory: /home/bdanglot/workspace/icst-2019/september-2018/dataset/jsoup_parent/target/surefire-reports

-------------------------------------------------------
 T E S T S
-------------------------------------------------------
Running org.jsoup.parser.ParserSettingsTest
Tests run: 3, Failures: 0, Errors: 0, Skipped: 0, Time elapsed: 0.149 sec
Running org.jsoup.parser.HtmlParserTest
Tests run: 128, Failures: 1, Errors: 0, Skipped: 1, Time elapsed: 3.632 sec <<< FAILURE!
handlesDeepStack(org.jsoup.parser.HtmlParserTest)  Time elapsed: 2.66 sec  <<< FAILURE!
java.lang.AssertionError
	at org.junit.Assert.fail(Assert.java:86)
	at org.junit.Assert.assertTrue(Assert.java:41)
	at org.junit.Assert.assertTrue(Assert.java:52)
	at org.jsoup.parser.HtmlParserTest.__CLR4_2_0gl9t7cb0f(HtmlParserTest.java:994)
	at org.jsoup.parser.HtmlParserTest.handlesDeepStack(HtmlParserTest.java:974)
	at sun.reflect.NativeMethodAccessorImpl.invoke0(Native Method)
	at sun.reflect.NativeMethodAccessorImpl.invoke(NativeMethodAccessorImpl.java:62)
	at sun.reflect.DelegatingMethodAccessorImpl.invoke(DelegatingMethodAccessorImpl.java:43)
	at java.lang.reflect.Method.invoke(Method.java:498)
	at org.junit.runners.model.FrameworkMethod$1.runReflectiveCall(FrameworkMethod.java:50)
	at org.junit.internal.runners.model.ReflectiveCallable.run(ReflectiveCallable.java:12)
	at org.junit.runners.model.FrameworkMethod.invokeExplosively(FrameworkMethod.java:47)
	at org.junit.internal.runners.statements.InvokeMethod.evaluate(InvokeMethod.java:17)
	at org.junit.runners.ParentRunner.runLeaf(ParentRunner.java:325)
	at org.junit.runners.BlockJUnit4ClassRunner.runChild(BlockJUnit4ClassRunner.java:78)
	at org.junit.runners.BlockJUnit4ClassRunner.runChild(BlockJUnit4ClassRunner.java:57)
	at org.junit.runners.ParentRunner$3.run(ParentRunner.java:290)
	at org.junit.runners.ParentRunner$1.schedule(ParentRunner.java:71)
	at org.junit.runners.ParentRunner.runChildren(ParentRunner.java:288)
	at org.junit.runners.ParentRunner.access$000(ParentRunner.java:58)
	at org.junit.runners.ParentRunner$2.evaluate(ParentRunner.java:268)
	at org.junit.runners.ParentRunner.run(ParentRunner.java:363)
	at org.apache.maven.surefire.junit4.JUnit4Provider.execute(JUnit4Provider.java:252)
	at org.apache.maven.surefire.junit4.JUnit4Provider.executeTestSet(JUnit4Provider.java:141)
	at org.apache.maven.surefire.junit4.JUnit4Provider.invoke(JUnit4Provider.java:112)
	at sun.reflect.NativeMethodAccessorImpl.invoke0(Native Method)
	at sun.reflect.NativeMethodAccessorImpl.invoke(NativeMethodAccessorImpl.java:62)
	at sun.reflect.DelegatingMethodAccessorImpl.invoke(DelegatingMethodAccessorImpl.java:43)
	at java.lang.reflect.Method.invoke(Method.java:498)
	at org.apache.maven.surefire.util.ReflectionUtils.invokeMethodWithArray(ReflectionUtils.java:189)
	at org.apache.maven.surefire.booter.ProviderFactory$ProviderProxy.invoke(ProviderFactory.java:165)
	at org.apache.maven.surefire.booter.ProviderFactory.invokeProvider(ProviderFactory.java:85)
	at org.apache.maven.surefire.booter.ForkedBooter.runSuitesInProcess(ForkedBooter.java:115)
	at org.apache.maven.surefire.booter.ForkedBooter.main(ForkedBooter.java:75)

Running org.jsoup.parser.TokenQueueTest
Tests run: 8, Failures: 0, Errors: 0, Skipped: 0, Time elapsed: 0.006 sec
Running org.jsoup.parser.HtmlTreeBuilderTest
Tests run: 1, Failures: 0, Errors: 0, Skipped: 0, Time elapsed: 0.005 sec
Running org.jsoup.parser.AttributeParseTest
Tests run: 8, Failures: 0, Errors: 0, Skipped: 0, Time elapsed: 0.022 sec
Running org.jsoup.parser.CharacterReaderTest
Tests run: 22, Failures: 0, Errors: 0, Skipped: 1, Time elapsed: 0.021 sec
Running org.jsoup.parser.TokeniserTest
Tests run: 10, Failures: 0, Errors: 0, Skipped: 0, Time elapsed: 0.13 sec
Running org.jsoup.parser.HtmlTreeBuilderStateTest
Tests run: 1, Failures: 0, Errors: 0, Skipped: 0, Time elapsed: 0.004 sec
Running org.jsoup.parser.TokeniserStateTest
Tests run: 11, Failures: 0, Errors: 0, Skipped: 0, Time elapsed: 0.058 sec
Running org.jsoup.parser.TagTest
Tests run: 10, Failures: 0, Errors: 0, Skipped: 0, Time elapsed: 0.008 sec
Running org.jsoup.parser.XmlTreeBuilderTest
Tests run: 21, Failures: 0, Errors: 0, Skipped: 1, Time elapsed: 0.038 sec
Running org.jsoup.internal.ConstrainableInputStreamTest
Tests run: 1, Failures: 0, Errors: 0, Skipped: 1, Time elapsed: 0 sec
Running org.jsoup.nodes.DocumentTypeTest
Tests run: 5, Failures: 0, Errors: 0, Skipped: 0, Time elapsed: 0.008 sec
Running org.jsoup.nodes.ElementTest
Tests run: 91, Failures: 0, Errors: 0, Skipped: 0, Time elapsed: 0.166 sec
Running org.jsoup.nodes.AttributeTest
Tests run: 2, Failures: 0, Errors: 0, Skipped: 0, Time elapsed: 0.001 sec
Running org.jsoup.nodes.FormElementTest
Tests run: 10, Failures: 0, Errors: 0, Skipped: 0, Time elapsed: 0.03 sec
Running org.jsoup.nodes.AttributesTest
Tests run: 8, Failures: 0, Errors: 0, Skipped: 0, Time elapsed: 0.007 sec
Running org.jsoup.nodes.EntitiesTest
Tests run: 15, Failures: 0, Errors: 0, Skipped: 0, Time elapsed: 0.042 sec
Running org.jsoup.nodes.DocumentTest
Tests run: 29, Failures: 0, Errors: 0, Skipped: 1, Time elapsed: 0.143 sec
Running org.jsoup.nodes.TextNodeTest
Tests run: 6, Failures: 0, Errors: 0, Skipped: 0, Time elapsed: 0.008 sec
Running org.jsoup.nodes.NodeTest
Tests run: 25, Failures: 0, Errors: 0, Skipped: 0, Time elapsed: 0.027 sec
Running org.jsoup.integration.ConnectTest
2018-09-27 13:06:26.165:INFO::main: Logging initialized @4972ms
2018-09-27 13:06:26.221:INFO:oejs.Server:main: jetty-9.2.22.v20170606
2018-09-27 13:06:26.280:INFO:oejs.ServerConnector:main: Started ServerConnector@4bf4e588{HTTP/1.1}{0.0.0.0:33875}
2018-09-27 13:06:26.281:INFO:oejs.Server:main: Started @5088ms
2018-09-27 13:06:27.684:INFO:oejs.ServerConnector:main: Stopped ServerConnector@4bf4e588{HTTP/1.1}{0.0.0.0:0}
Tests run: 25, Failures: 0, Errors: 0, Skipped: 5, Time elapsed: 1.565 sec
Running org.jsoup.integration.ParseTest
Tests run: 12, Failures: 0, Errors: 0, Skipped: 0, Time elapsed: 0.314 sec
Running org.jsoup.integration.UrlConnectTest
Tests run: 1, Failures: 0, Errors: 0, Skipped: 1, Time elapsed: 0 sec
Running org.jsoup.select.CssTest
Tests run: 17, Failures: 0, Errors: 0, Skipped: 0, Time elapsed: 0.092 sec
Running org.jsoup.select.ElementsTest
Tests run: 34, Failures: 0, Errors: 0, Skipped: 0, Time elapsed: 0.037 sec
Running org.jsoup.select.QueryParserTest
Tests run: 4, Failures: 0, Errors: 0, Skipped: 0, Time elapsed: 0.004 sec
Running org.jsoup.select.SelectorTest
Tests run: 62, Failures: 0, Errors: 0, Skipped: 0, Time elapsed: 0.103 sec
Running org.jsoup.select.TraversorTest
Tests run: 5, Failures: 0, Errors: 0, Skipped: 0, Time elapsed: 0.009 sec
Running org.jsoup.safety.CleanerTest
Tests run: 33, Failures: 0, Errors: 0, Skipped: 0, Time elapsed: 0.064 sec
Running org.jsoup.helper.HttpConnectionTest
Tests run: 21, Failures: 0, Errors: 0, Skipped: 0, Time elapsed: 0.02 sec
Running org.jsoup.helper.W3CDomTest
Tests run: 5, Failures: 0, Errors: 0, Skipped: 0, Time elapsed: 0.184 sec
Running org.jsoup.helper.DataUtilTest
Tests run: 14, Failures: 0, Errors: 0, Skipped: 0, Time elapsed: 0.032 sec
Running org.jsoup.helper.StringUtilTest
Tests run: 9, Failures: 0, Errors: 0, Skipped: 0, Time elapsed: 0.008 sec

Results :

Failed tests:   handlesDeepStack(org.jsoup.parser.HtmlParserTest)

Tests run: 657, Failures: 1, Errors: 0, Skipped: 11

[[1;34mINFO[m] [1m------------------------------------------------------------------------[m
[[1;34mINFO[m] [1;31mBUILD FAILURE[m
[[1;34mINFO[m] [1m------------------------------------------------------------------------[m
[[1;34mINFO[m] Total time: 22.590 s
[[1;34mINFO[m] Finished at: 2018-09-27T13:06:28+02:00
[[1;34mINFO[m] [1m------------------------------------------------------------------------[m
[[1;31mERROR[m] Failed to execute goal [32morg.apache.maven.plugins:maven-surefire-plugin:2.12.4:test[m [1m(default-test)[m on project [36mjsoup[m: [1;31mThere are test failures.[m
[[1;31mERROR[m] [1;31m[m
[[1;31mERROR[m] [1;31mPlease refer to /home/bdanglot/workspace/icst-2019/september-2018/dataset/jsoup_parent/target/surefire-reports for the individual test results.[m
[[1;31mERROR[m] -> [1m[Help 1][m
[[1;31mERROR[m] 
[[1;31mERROR[m] To see the full stack trace of the errors, re-run Maven with the [1m-e[m switch.
[[1;31mERROR[m] Re-run Maven using the [1m-X[m switch to enable full debug logging.
[[1;31mERROR[m] 
[[1;31mERROR[m] For more information about the errors and possible solutions, please read the following articles:
[[1;31mERROR[m] [1m[Help 1][m http://cwiki.apache.org/confluence/display/MAVEN/MojoFailureException
Writing HTML report to '/home/bdanglot/workspace/icst-2019/september-2018/dataset/jsoup_parent/target/clover/report'
Done. Processed 10 packages in 8464ms (846ms per package).
[[1;34mINFO[m] /home/bdanglot/workspace/icst-2019/september-2018/dataset/jsoup_parent/src/main/java/org/jsoup/nodes/Document.java
[[1;34mINFO[m] /home/bdanglot/workspace/icst-2019/september-2018/dataset/jsoup/src/main/java/org/jsoup/nodes/Document.java
[info] org.jsoup.nodes.Document:46 is modified.
[info] org.jsoup.nodes.Document:585 is modified.
[info] org.jsoup.nodes.Document:595 is modified.
[info] org.jsoup.nodes.Document:596 is modified.
[info] org.jsoup.nodes.Document:46 covered.
[[1;34mINFO[m] /home/bdanglot/workspace/icst-2019/september-2018/dataset/jsoup_parent/src/main/java/org/jsoup/nodes/Element.java
[[1;34mINFO[m] /home/bdanglot/workspace/icst-2019/september-2018/dataset/jsoup/src/main/java/org/jsoup/nodes/Element.java
[info] org.jsoup.nodes.Element:539 is modified.
[info] org.jsoup.nodes.Element:553 is modified.
[info] org.jsoup.nodes.Element:143 is modified.
[info] org.jsoup.nodes.Element:537 is modified.
[info] org.jsoup.nodes.Element:550 is modified.
[info] org.jsoup.nodes.Element:485 is modified.
[info] org.jsoup.nodes.Element:498 is modified.
[info] org.jsoup.nodes.Element:143 covered.
[info] org.jsoup.nodes.Element:539 covered.
[info] org.jsoup.nodes.Element:537 covered.
[info] org.jsoup.nodes.Element:553 covered.
[[1;34mINFO[m] /home/bdanglot/workspace/icst-2019/september-2018/dataset/jsoup_parent/src/main/java/org/jsoup/nodes/Node.java
[[1;34mINFO[m] /home/bdanglot/workspace/icst-2019/september-2018/dataset/jsoup/src/main/java/org/jsoup/nodes/Node.java
[info] org.jsoup.nodes.Node:87 is modified.
[info] org.jsoup.nodes.Node:585 is modified.
[info] org.jsoup.nodes.Node:586 is modified.
[info] org.jsoup.nodes.Node:335 is modified.
[info] org.jsoup.nodes.Node:348 is modified.
[info] org.jsoup.nodes.Node:337 is modified.
[info] org.jsoup.nodes.Node:350 is modified.
[info] org.jsoup.nodes.Node:87 covered.
[info] org.jsoup.nodes.Node:335 covered.
[info] org.jsoup.nodes.Node:348 covered.
[info] org.jsoup.nodes.Node:350 covered.
[[1;34mINFO[m] /home/bdanglot/workspace/icst-2019/september-2018/dataset/jsoup_parent/src/main/java/org/jsoup/parser/HtmlTreeBuilder.java
[[1;34mINFO[m] /home/bdanglot/workspace/icst-2019/september-2018/dataset/jsoup/src/main/java/org/jsoup/parser/HtmlTreeBuilder.java
[info] org.jsoup.parser.HtmlTreeBuilder:65 is modified.
[info] org.jsoup.parser.HtmlTreeBuilder:85 is modified.
[info] org.jsoup.parser.HtmlTreeBuilder:193 is modified.
[info] org.jsoup.parser.HtmlTreeBuilder:194 is modified.
[info] org.jsoup.parser.HtmlTreeBuilder:109 is modified.
[info] org.jsoup.parser.HtmlTreeBuilder:65 covered.
[info] org.jsoup.parser.HtmlTreeBuilder:193 covered.
[info] org.jsoup.parser.HtmlTreeBuilder:85 covered.
[info] org.jsoup.parser.HtmlTreeBuilder:109 covered.
[info] org.jsoup.parser.HtmlTreeBuilder:194 covered.
[[1;34mINFO[m] /home/bdanglot/workspace/icst-2019/september-2018/dataset/jsoup_parent/src/main/java/org/jsoup/parser/ParseSettings.java
[[1;34mINFO[m] /home/bdanglot/workspace/icst-2019/september-2018/dataset/jsoup/src/main/java/org/jsoup/parser/ParseSettings.java
[[1;34mINFO[m] /home/bdanglot/workspace/icst-2019/september-2018/dataset/jsoup_parent/src/main/java/org/jsoup/parser/Parser.java
[[1;34mINFO[m] /home/bdanglot/workspace/icst-2019/september-2018/dataset/jsoup/src/main/java/org/jsoup/parser/Parser.java
[info] org.jsoup.parser.Parser:29 is modified.
[info] org.jsoup.parser.Parser:37 is modified.
[info] org.jsoup.parser.Parser:39 is modified.
[info] org.jsoup.parser.Parser:59 is modified.
[info] org.jsoup.parser.Parser:140 is modified.
[info] org.jsoup.parser.Parser:141 is modified.
[info] org.jsoup.parser.Parser:33 is modified.
[info] org.jsoup.parser.Parser:34 is modified.
[info] org.jsoup.parser.Parser:107 is modified.
[info] org.jsoup.parser.Parser:122 is modified.
[info] org.jsoup.parser.Parser:138 is modified.
[info] org.jsoup.parser.Parser:150 is modified.
[info] org.jsoup.parser.Parser:68 is modified.
[info] org.jsoup.parser.Parser:77 is modified.
[info] org.jsoup.parser.Parser:38 is modified.
[info] org.jsoup.parser.Parser:109 is modified.
[info] org.jsoup.parser.Parser:124 is modified.
[info] org.jsoup.parser.Parser:154 is modified.
[info] org.jsoup.parser.Parser:29 covered.
[info] org.jsoup.parser.Parser:39 covered.
[info] org.jsoup.parser.Parser:38 covered.
[info] org.jsoup.parser.Parser:107 covered.
[info] org.jsoup.parser.Parser:33 covered.
[info] org.jsoup.parser.Parser:34 covered.
[info] org.jsoup.parser.Parser:122 covered.
[info] org.jsoup.parser.Parser:138 covered.
[info] org.jsoup.parser.Parser:150 covered.
[[1;34mINFO[m] /home/bdanglot/workspace/icst-2019/september-2018/dataset/jsoup_parent/src/main/java/org/jsoup/parser/TreeBuilder.java
[[1;34mINFO[m] /home/bdanglot/workspace/icst-2019/september-2018/dataset/jsoup/src/main/java/org/jsoup/parser/TreeBuilder.java
[info] org.jsoup.parser.TreeBuilder:35 is modified.
[info] org.jsoup.parser.TreeBuilder:44 is modified.
[info] org.jsoup.parser.TreeBuilder:37 is modified.
[info] org.jsoup.parser.TreeBuilder:40 is modified.
[info] org.jsoup.parser.TreeBuilder:35 covered.
[info] org.jsoup.parser.TreeBuilder:44 covered.
[info] org.jsoup.parser.TreeBuilder:37 covered.
[info] org.jsoup.parser.TreeBuilder:40 covered.
[[1;34mINFO[m] /home/bdanglot/workspace/icst-2019/september-2018/dataset/jsoup_parent/src/main/java/org/jsoup/parser/XmlTreeBuilder.java
[[1;34mINFO[m] /home/bdanglot/workspace/icst-2019/september-2018/dataset/jsoup/src/main/java/org/jsoup/parser/XmlTreeBuilder.java
[info] org.jsoup.parser.XmlTreeBuilder:32 is modified.
[info] org.jsoup.parser.XmlTreeBuilder:34 is modified.
[info] org.jsoup.parser.XmlTreeBuilder:35 is modified.
[info] org.jsoup.parser.XmlTreeBuilder:66 is modified.
[info] org.jsoup.parser.XmlTreeBuilder:73 is modified.
[info] org.jsoup.parser.XmlTreeBuilder:98 is modified.
[info] org.jsoup.parser.XmlTreeBuilder:103 is modified.
[info] org.jsoup.parser.XmlTreeBuilder:108 is modified.
[info] org.jsoup.parser.XmlTreeBuilder:109 is modified.
[info] org.jsoup.parser.XmlTreeBuilder:149 is modified.
[info] org.jsoup.parser.XmlTreeBuilder:142 is modified.
[info] org.jsoup.parser.XmlTreeBuilder:143 is modified.
[info] org.jsoup.parser.XmlTreeBuilder:155 is modified.
[info] org.jsoup.parser.XmlTreeBuilder:141 is modified.
[info] org.jsoup.parser.XmlTreeBuilder:38 is modified.
[info] org.jsoup.parser.XmlTreeBuilder:42 is modified.
[info] org.jsoup.parser.XmlTreeBuilder:78 is modified.
[info] org.jsoup.parser.XmlTreeBuilder:84 is modified.
[info] org.jsoup.parser.XmlTreeBuilder:88 is modified.
[info] org.jsoup.parser.XmlTreeBuilder:124 is modified.
[info] org.jsoup.parser.XmlTreeBuilder:91 is modified.
[info] org.jsoup.parser.XmlTreeBuilder:92 is modified.
[info] org.jsoup.parser.XmlTreeBuilder:94 is modified.
[info] org.jsoup.parser.XmlTreeBuilder:93 is modified.
[info] org.jsoup.parser.XmlTreeBuilder:24 is modified.
[info] org.jsoup.parser.XmlTreeBuilder:28 is modified.
[info] org.jsoup.parser.XmlTreeBuilder:33 is modified.
[info] org.jsoup.parser.XmlTreeBuilder:34 covered.
[info] org.jsoup.parser.XmlTreeBuilder:35 covered.
[info] org.jsoup.parser.XmlTreeBuilder:66 covered.
[info] org.jsoup.parser.XmlTreeBuilder:73 covered.
[info] org.jsoup.parser.XmlTreeBuilder:98 covered.
[info] org.jsoup.parser.XmlTreeBuilder:42 covered.
[info] org.jsoup.parser.XmlTreeBuilder:78 covered.
[info] org.jsoup.parser.XmlTreeBuilder:84 covered.
[info] org.jsoup.parser.XmlTreeBuilder:88 covered.
[info] org.jsoup.parser.XmlTreeBuilder:91 covered.
[info] org.jsoup.parser.XmlTreeBuilder:92 covered.
[info] org.jsoup.parser.XmlTreeBuilder:94 covered.
[info] org.jsoup.parser.XmlTreeBuilder:93 covered.
[info] org.jsoup.parser.XmlTreeBuilder:33 covered.
[info] org.jsoup.parser.XmlTreeBuilder:103 covered.
[info] org.jsoup.parser.XmlTreeBuilder:124 covered.
[info] org.jsoup.parser.XmlTreeBuilder:28 covered.
[info] org.jsoup.parser.XmlTreeBuilder:142 covered.
[info] org.jsoup.parser.XmlTreeBuilder:143 covered.
[info] org.jsoup.parser.XmlTreeBuilder:141 covered.
[info] org.jsoup.parser.XmlTreeBuilder:108 covered.
[info] org.jsoup.parser.XmlTreeBuilder:109 covered.
[[1;34mINFO[m] /home/bdanglot/workspace/icst-2019/september-2018/dataset/jsoup_parent/src/test/java/org/jsoup/nodes/ElementTest.java
[[1;34mINFO[m] /home/bdanglot/workspace/icst-2019/september-2018/dataset/jsoup/src/test/java/org/jsoup/nodes/ElementTest.java
[[1;34mINFO[m] /home/bdanglot/workspace/icst-2019/september-2018/dataset/jsoup_parent/src/test/java/org/jsoup/parser/HtmlParserTest.java
[[1;34mINFO[m] /home/bdanglot/workspace/icst-2019/september-2018/dataset/jsoup/src/test/java/org/jsoup/parser/HtmlParserTest.java
[info] org.jsoup.parser.HtmlParserTest:1066 is modified.
[info] org.jsoup.parser.HtmlParserTest:1067 is modified.
[info] org.jsoup.parser.HtmlParserTest:1068 is modified.
[info] org.jsoup.parser.HtmlParserTest:1077 is modified.
[info] org.jsoup.parser.HtmlParserTest:1078 is modified.
[info] org.jsoup.parser.HtmlParserTest:1079 is modified.
[info] org.jsoup.parser.HtmlParserTest:1088 is modified.
[info] org.jsoup.parser.HtmlParserTest:1089 is modified.
[info] org.jsoup.parser.HtmlParserTest:1090 is modified.
[info] org.jsoup.parser.HtmlParserTest:1099 is modified.
[info] org.jsoup.parser.HtmlParserTest:1100 is modified.
[info] org.jsoup.parser.HtmlParserTest:1101 is modified.
[[1;34mINFO[m] /home/bdanglot/workspace/icst-2019/september-2018/dataset/jsoup_parent/src/test/java/org/jsoup/parser/XmlTreeBuilderTest.java
[[1;34mINFO[m] /home/bdanglot/workspace/icst-2019/september-2018/dataset/jsoup/src/test/java/org/jsoup/parser/XmlTreeBuilderTest.java
[info] org.jsoup.parser.XmlTreeBuilderTest:190 is modified.
[info] org.jsoup.parser.XmlTreeBuilderTest:191 is modified.
[info] org.jsoup.parser.XmlTreeBuilderTest:192 is modified.
[info] org.jsoup.parser.XmlTreeBuilderTest:193 is modified.
[info] org.jsoup.parser.XmlTreeBuilderTest:194 is modified.
[[1;34mINFO[m] Saving result in /home/bdanglot/workspace/icst-2019/september-2018/result/jsoup/commit_16_850a9cc/parent_coverage_testsThatExecuteTheChanges.csv ...
[[1;34mINFO[m] org.jsoup.parser.HtmlParserTest;testNormalisesIsIndex;handlesInvalidDoctypes;noErrorsByDefault;normalizesDiscordantTags;handlesCdata;preSkipsFirstNewline;handlesQuotesInCommentsInScripts;testHandlesDeepSpans;parsesComments;tracksErrorsWhenRequested;associatedFormControlsWithDisjointForms;handlesKnownEmptyTitle;parsesUnterminatedTextarea;selfClosingOnNonvoidIsError;handlesEscapedData;testFragment;handlesJavadocFont;testHgroup;dropsUnterminatedAttribute;handlesXmlDeclAndCommentsBeforeDoctype;handlesDeepStack;handlesKnownEmptyBlocks;cdataNodesAreTextNodes;handlesUnknownTags;reconstructFormattingElements;noTableDirectInTable;normalisesHeadlessBody;preservesSpaceInTextArea;commentAtEnd;handlesManyChildren;handlesProtocolRelativeUrl;handleCDataInText;handlesNullInData;testRelaxedTags;parsesRoughAttributes;handlesFrames;handlesBlocksInDefinitions;preservesSpaceInScript;handlesEscapedScript;roundTripsCdata;createsStructureFromBodySnippet;canPreserveAttributeCase;handlesWhitespaceInoDocType;handlesSolidusInA;handlesWhatWgExpensesTableExample;handlesMultiClosingBody;parsesSimpleDocument;handlesTbodyTable;handlesDataOnlyTags;handlesUnexpectedMarkupInTables;handlesNestedImplicitTable;testAFlowContents;handlesImplicitCaptionClose;handlesMisnestedTagsBP;normalisesDocument;testSupportsPartiallyNonAsciiTags;doesNotFindShortestMatchingEntity;handlesControlCodeInAttributeName;canPreserveTagCase;testNoImagesInNoScriptInHead;handlesCdataInScript;handlesKnownEmptyIframe;handlesUnclosedCdataAtEOF;handlesMisnestedTagsBI;handlesKnownEmptyStyle;handlesInputInTable;testTemplateInsideTable;emptyTdTag;testUsingSingleQuotesInQueries;selfClosingVoidIsNotAnError;handlesUnclosedRawtextAtEof;discardsNakedTds;testFontFlowContents;ignoresContentAfterFrameset;caseInsensitiveParseTree;handlesUnclosedDefinitionLists;findsCharsetInMalformedMeta;handlesNewlinesAndWhitespaceInTag;testSpanContents;handlesTextAfterData;parsesQuiteRoughAttributes;normalisesEmptyDocument;testReinsertionModeForThCelss;caseSensitiveParseTree;testSpaceAfterTag;handlesUnclosedAnchors;handlesUnclosedScriptAtEof;testInvalidTableContents;handlesUnknownInlineTags;noImplicitFormForTextAreas;createsFormElements;commentBeforeHtml;handlesXmlDeclarationAsBogusComment;relaxedBaseEntityMatchAndStrictExtendedMatch;handlesKnownEmptyNoFrames;handlesBaseTags;normalisedBodyAfterContent;testHeaderContents;convertsImageToImg;handlesSpanInTbody;doesNotCreateImplicitLists;handlesCommentsInTable;dropsUnterminatedTag;handlesTagsInTextarea;handlesTextArea;handlesUnclosedFormattingElements;handlesNullInComments;ignoresDupeEndTrTag;parsesBodyFragment;handlesUnclosedTitleAtEof;tracksLimitedErrorsWhenRequested;reconstructFormattingElementsInTable;testSelectWithOption;handlesUnknownNamespaceTags;handlesCdataAcrossBuffer;parsesUnterminatedOption;testSupportsNonAsciiTags;canPreserveBothCase;createsDocumentStructure;handlesBaseWithoutHref;handlesSolidusAtAttributeEnd;parsesUnterminatedComments;handles0CharacterAsText;testHtmlLowerCase;handleNullContextInParseFragment;handlesInvalidStartTags;handlesUnclosedTitle
org.jsoup.nodes.DocumentTest;testMetaCharsetUpdatedDisabledPerDefault;testLocation;parseAndHtmlOnDifferentThreads;testHtmlAndXmlSyntax;testMetaCharsetUpdateXmlIso8859;DocumentsWithSameContentAreEqual;testXhtmlReferences;testMetaCharsetUpdateXmlUtf8;testMetaCharsetUpdateUtf8;testShiftJisRoundtrip;testMetaCharsetUpdateEnabledAfterCharsetChange;testTitles;testMetaCharsetUpdateXmlNoCharset;testMetaCharsetUpdateDisabled;testMetaCharsetUpdateNoCharset;testMetaCharsetUpdateCleanup;setTextPreservesDocumentStructure;testClone;testMetaCharsetUpdateIso8859;testHtmlAppendable;testMetaCharsetUpdateXmlDisabledNoChanges;testClonesDeclarations;testOutputEncoding;testNormalisesStructure;DocumentsWithSameContentAreVerifialbe;testMetaCharsetUpdateDisabledNoChanges;htmlParseDefaultsToHtmlOutputSyntax
org.jsoup.parser.XmlTreeBuilderTest;caseSensitiveDeclaration;preservesCaseByDefault;testPopToClose;testDoesNotForceSelfClosingKnownTags;handlesXmlDeclarationAsDeclaration;testCreatesValidProlog;normalizesDiscordantTags;testSupplyParserToJsoupClass;testDetectCharsetEncodingDeclaration;canNormalizeCase;testParseDeclarationAttributes;xmlFragment;cdataPreservesWhiteSpace;xmlParseDefaultsToHtmlOutputSyntax;testSimpleXmlParse;testSupplyParserToDataStream;handlesDodgyXmlDecl;testCommentAndDocType;roundTripsCdata;testDoesHandleEOFInTag
org.jsoup.safety.CleanerTest;basicWithImagesTest;addsTagOnAttributesIfNotSet;preservesRelativeLinksIfConfigured;testDropImageScript;testRemoveTags;testIsValidDocument;basicBehaviourTest;testRemoveEnforcedAttributes;testDropXmlProc;testDropScript;testCleanAnchorProtocol;testIsValidBodyHtml;supplyOutputSettings;testDropComments;testHandlesEmptyAttributes;simpleBehaviourTest2;cleansInternationalText;handlesCustomProtocols;testRemoveAttributes;simpleBehaviourTest;testRelaxed;testRemoveProtocols;resolvesRelativeLinks;testDropsUnknownTags;handlesAttributesWithNoValue;whitelistedProtocolShouldBeRetained;handlesControlCharactersAfterTagName;dropsUnresolvableRelativeLinks;handlesAllPseudoTag;testScriptTagInWhiteList;testCleanJavascriptHref;handlesFramesets
org.jsoup.nodes.ElementTest;testChainedRemoveAttributes;before;testThrowsOnAddNullText;testKeepsPreText;testGetSiblings;testCssPath;testPrependElement;testRemoveAfterIndex;moveByAppend;testFormatOutline;testChildThrowsIndexOutOfBoundsOnMissing;testTagNameSet;testAddNewText;testAddNewHtml;testElementSiblingIndex;testGetTextNodes;testWholeText;testSetIndent;testGetElementsWithAttributeValue;insertChildrenArgumentValidation;testKeepsPreTextAtDepth;testClassDomMethods;testNamespacedElements;testEmptyElementFormatHtml;booleanAttributeOutput;testNormalizesInvisiblesInText;testManipulateTextNodes;testWrapWithRemainder;testGetText;testBrHasSpace;testAddBooleanAttribute;testHtmlContainsOuter;testGetElementsWithClass;testGetElementById;testRelativeUrls;testClonesClassnames;testRemoveBeforeIndex;testOuterHtml;testInnerHtml;testGetElementsWithAttribute;testPrependText;elementIsNotASiblingOfItself;classNamesAndAttributeNameIsCaseInsensitive;testClassNames;testShadowElementsAreUpdated;testPrependNewHtml;testFormatHtml;insertChildrenAsCopy;textHasSpaceAfterBlockTags;testKeepsPreTextInCode;insertChildrenAtPosition;testGetChildText;testNormalizesNbspInText;testSetText;testHasText;getNamespacedElementsByTag;testElementSiblingIndexSameContent;testAppendRowToTable;testWrap;after;getElementsByTagName;testChildrenElements;testSetHtml;testGetSiblingsWithDuplicateContent;testNextElementSiblingAfterClone;testRemovingEmptyClassAttributeWhenLastClassRemoved;testAppendTo;testGetDataNodes;testIs;testLoopedRemoveAttributes;testGetElementsWithAttributeDash;testClone;testHashAndEqualsAndValue;testGetParents;testSetHtmlTitle;testThrowsOnPrependNullText;testNoIndentOnScriptAndStyle;parentlessToString;testNotPretty;testAddNewElement;testPrependRowToTable;testClassUpdates;dataset;testContainerOutput;testShallowClone;testNormalisesText
org.jsoup.select.ElementsTest;unwrapKeepsSpace;siblings;before;hasAbsAttr;classes;eachAttr;remove;unwrap;empty;not;html;after;text;classWithHyphen;attr;val;setHtml;absAttr;hasClassCaseInsensitive;hasAttr;eachText;is;outerHtml;eq;hasText;filter;traverse;tagNameSet;attributes;wrap;unwrapP;forms;wrapDiv;parents
org.jsoup.nodes.FormElementTest;adoptedFormsRetainInputs;createsFormData;createsSubmitableConnection;formsAddedAfterParseAreFormElements;actionWithNoValue;controlsAddedAfterParseAreLinkedWithForms;usesOnForCheckboxValueIfNoValueSet;hasAssociatedControls;actionWithNoBaseUri;removeFormElement
org.jsoup.helper.W3CDomTest;convertsGoogleLocation;simpleConversion;handlesInvalidAttributeNames;convertsGoogle;namespacePreservation
org.jsoup.helper.DataUtilTest;firstMetaElementWithCharsetShouldBeUsedForDecoding;supportsUTF8BOM;supportsBOMinFiles;secondMetaElementWithContentTypeContainsCharsetParameter;discardsSpuriousByteOrderMark;wrongMetaCharsetFallback;discardsSpuriousByteOrderMarkWhenNoCharsetSet
org.jsoup.nodes.NodeTest;literalAbsPrefix;before;testRemove;handleAbsOnLocalhostFileUris;childNodesCopy;unwrap;absHandlesRelativeQuery;unwrapNoChildren;traverse;handleAbsOnFileUris;testReplace;absHandlesDotFromIndex;handlesAbsOnImage;changingAttributeValueShouldReplaceExistingAttributeCaseInsensitive;root;supportsClone;handlesAbsPrefixOnHasAttr;after;ownerDocument;setBaseUriIsRecursive;handlesAbsPrefix;nodeIsNotASiblingOfItself;handlesAbsOnProtocolessAbsoluteUris
org.jsoup.integration.ParseTest;testNewsHomepage;testSmhBizArticle;testYahooArticle;testBaiduVariant;testGoogleSearchIpod;testLowercaseUtf8Charset;testYahooJp;testBrokenHtml5CharsetWithASingleDoubleQuote;testHtml5Charset;testBaidu;testNytArticle;testBinary
org.jsoup.nodes.TextNodeTest;testSplitText;testSplitAnEmbolden;testTextBean;testWithSupplementaryCharacter;testLeadNodesHaveNoChildren
org.jsoup.parser.TokeniserStateTest;testPublicIdentifiersWithWhitespace;testEndTagOpen;testRcdataLessthanSign;testCommentEndBangCoverage;testSystemIdentifiersWithWhitespace;testCommentEndCoverage;testPublicAndSystemIdentifiersWithWhitespace;testBeforeTagName;testCharacterReferenceInRcdata;testRCDATAEndTagName
org.jsoup.nodes.DocumentTypeTest;constructorValidationOkWithBlankPublicAndSystemIds;constructorValidationOkWithBlankName;outerHtmlGeneration;testRoundTrip
org.jsoup.select.SelectorTest;containsOwn;testByAttributeStarting;testByAttributeRegex;matchText;descendant;notClass;adjacentSiblings;mixCombinator;testPseudoContains;notAdjacent;testPsuedoContainsWithParentheses;testById;caseInsensitive;testPseudoCombined;adjacentSiblingsWithId;notParas;attributeWithBrackets;handlesCommasInSelector;testSupportsLeadingCombinator;testNamespacedTag;testPseudoGreaterThan;testPseudoBetween;selectSupplementaryCharacter;selectSameElements;testPseudoHas;matchTextAttributes;containsData;testByAttribute;selectClassWithSpace;testByTag;testGroupOr;testCombinedWithContains;testAllElements;notAll;parentChildStar;testGroupOrAttribute;matchesOwn;and;testRelaxedTags;testCharactersInIdAndClass;selectFirstWithAnd;selectFirstWithOr;parentChildElement;parentWithClassChild;splitOnBr;deeperDescendant;testAllWithClass;selectFirst;containsWithQuote;testByAttributeRegexCharacterClass;testByAttributeRegexCombined;testWildcardNamespacedTag;testByClassCaseInsensitive;findBetweenSpan;testPseudoEquals;testNestedHas;testByClass;testMatches;testPseudoLessThan;generalSiblings;multiChildDescent;mixCombinatorGroup
org.jsoup.parser.TokeniserTest;cp1252EntitiesProduceError;handleSuperLargeAttributeName;handleLargeComment;bufferUpInAttributeVal;handleLargeCdata;handleLargeText;cp1252Entities;handleSuperLargeTagNames;handleLargeTitle
org.jsoup.parser.AttributeParseTest;canStartWithEq;moreAttributeUnescapes;parsesEmptyString;handlesNewLinesAndReturns;dropsSlashFromAttributeName;parsesBooleanAttributes;strictAttributeUnescapes;parsesRoughAttributeString
org.jsoup.nodes.EntitiesTest;escapesGtInXmlAttributesButNotInHtml;letterDigitEntities
org.jsoup.integration.ConnectTest;doesGet;exceptOnUnsupportedProtocol;doesPost;sendsRequestBody;multiCookieSet;postFiles;sendsRequestBodyJsonWithData;doesPut;sendsRequestBodyWithUrlParams;handlesEmtpyStreamDuringBufferdRead;handlesEmptyStreamDuringParseRead;canConnectToLocalServer;multipleParsesOkAfterBufferUp;sendsRequestBodyJsonWithoutData;parseParseThrowsValidates;supportsDeflate;fetchURl;fetchURIWithWihtespace;bodyAfterParseThrowsValidationError;bodyAndBytesAvailableBeforeParse
org.jsoup.select.TraversorTest;filterVisit;filterStop;filterSkipChildren;filterRemove;filterSkipEntirely
org.jsoup.parser.TokenQueueTest;testNestedQuotes
org.jsoup.helper.StringUtilTest;normaliseWhiteSpaceHandlesHighSurrogates
org.jsoup.helper.HttpConnectionTest;headers;cookie;method;data;multipleHeaders;throwsOnMalformedUrl;throwsExceptionOnBodyWithoutExecute;throwsOnOddData;userAgent;timeout;referrer;requestBody;throwsExceptionOnBodyAsBytesWithoutExecute;connectWithUrl;throwsExceptionOnParseWithoutExecute
[[1;34mINFO[m] Writing Coverage in /home/bdanglot/workspace/icst-2019/september-2018/result/jsoup/commit_16_850a9cc/parent_coverage_testsThatExecuteTheChanges_coverage.csv
[[1;34mINFO[m] org.jsoup.nodes.Document;1;4

[[1;34mINFO[m] org.jsoup.nodes.Element;4;7

[[1;34mINFO[m] org.jsoup.nodes.Node;4;7

[[1;34mINFO[m] org.jsoup.parser.HtmlTreeBuilder;5;5

[[1;34mINFO[m] org.jsoup.parser.Parser;9;18

[[1;34mINFO[m] org.jsoup.parser.TreeBuilder;4;4

[[1;34mINFO[m] org.jsoup.parser.XmlTreeBuilder;22;27

[[1;34mINFO[m] total;49;72

[[1;34mINFO[m] [1m------------------------------------------------------------------------[m
[[1;34mINFO[m] [1;32mBUILD SUCCESS[m
[[1;34mINFO[m] [1m------------------------------------------------------------------------[m
[[1;34mINFO[m] Total time: 40.785 s
[[1;34mINFO[m] Finished at: 2018-09-27T13:06:43+02:00
[[1;34mINFO[m] [1m------------------------------------------------------------------------[m
