[[1;34mINFO[m] Scanning for projects...
[[1;34mINFO[m] 
[[1;34mINFO[m] [1m--------------------------< [0;36morg.jsoup:jsoup[0;1m >---------------------------[m
[[1;34mINFO[m] [1mBuilding jsoup Java HTML Parser 1.12.1-SNAPSHOT[m
[[1;34mINFO[m] [1m--------------------------------[ jar ]---------------------------------[m
[[1;34mINFO[m] 
[[1;34mINFO[m] [1m--- [0;32mmaven-clean-plugin:2.5:clean[m [1m(default-clean)[m @ [36mjsoup[0;1m ---[m
[[1;34mINFO[m] Deleting /home/bdanglot/workspace/icst-2019/september-2018/dataset/jsoup/target
[[1;34mINFO[m] 
[[1;34mINFO[m] [1m--- [0;32mdiff-test-selection:0.5-SNAPSHOT:list[m [1m(default-cli)[m @ [36mjsoup[0;1m ---[m
[[1;34mINFO[m] Computing coverage for /home/bdanglot/workspace/icst-2019/september-2018/dataset/jsoup
[WARN] Maven will be executed in interactive mode, but no input stream has been configured for this MavenInvoker instance.
[[1;34mINFO[m] Scanning for projects...
[[1;34mINFO[m] 
[[1;34mINFO[m] [1m--------------------------< [0;36morg.jsoup:jsoup[0;1m >---------------------------[m
[[1;34mINFO[m] [1mBuilding jsoup Java HTML Parser 1.12.1-SNAPSHOT[m
[[1;34mINFO[m] [1m--------------------------------[ jar ]---------------------------------[m
[[1;34mINFO[m] 
[[1;34mINFO[m] [1m--- [0;32mmaven-clean-plugin:2.5:clean[m [1m(default-clean)[m @ [36mjsoup[0;1m ---[m
[[1;34mINFO[m] 
[[1;34mINFO[m] [1m--- [0;32mclover-maven-plugin:4.2.0:setup[m [1m(default-cli)[m @ [36mjsoup[0;1m ---[m
[[1;34mINFO[m] No 'maven.clover.licenseLocation' configured. Using default license.
[[1;34mINFO[m] OpenClover Version 4.2.0, built on April 30 2017 (build-1000)
[[1;34mINFO[m] Loaded from: /home/bdanglot/.m2/repository/org/openclover/clover/4.2.0/clover-4.2.0.jar
[[1;34mINFO[m] Clover free edition.
[[1;34mINFO[m] Creating new database at '/home/bdanglot/workspace/icst-2019/september-2018/dataset/jsoup/target/clover/clover.db'.
[[1;34mINFO[m] Processing files at 1.8 source level.
[[1;34mINFO[m] Clover all over. Instrumented 68 files (8 packages).
[[1;34mINFO[m] Elapsed time = 1.606 secs. (42.341 files/sec, 11,260.274 srclines/sec)
[[1;34mINFO[m] OpenClover Version 4.2.0, built on April 30 2017 (build-1000)
[[1;34mINFO[m] Loaded from: /home/bdanglot/.m2/repository/org/openclover/clover/4.2.0/clover-4.2.0.jar
[[1;34mINFO[m] Clover free edition.
[[1;34mINFO[m] Updating existing database at '/home/bdanglot/workspace/icst-2019/september-2018/dataset/jsoup/target/clover/clover.db'.
[[1;34mINFO[m] Processing files at 1.8 source level.
[[1;34mINFO[m] Clover all over. Instrumented 46 files (9 packages).
[[1;34mINFO[m] 710 test methods detected.
[[1;34mINFO[m] Elapsed time = 0.659 secs. (69.803 files/sec, 14,907.436 srclines/sec)
[[1;34mINFO[m] 
[[1;34mINFO[m] [1m--- [0;32mmaven-resources-plugin:3.0.1:resources[m [1m(default-resources)[m @ [36mjsoup[0;1m ---[m
[[1;34mINFO[m] Using 'UTF-8' encoding to copy filtered resources.
[[1;34mINFO[m] Copying 0 resource
[[1;34mINFO[m] Copying 3 resources to META-INF/
[[1;34mINFO[m] Copying 1 resource
[[1;34mINFO[m] 
[[1;34mINFO[m] [1m--- [0;32mmaven-compiler-plugin:3.5.1:compile[m [1m(default-compile)[m @ [36mjsoup[0;1m ---[m
[[1;34mINFO[m] Changes detected - recompiling the module!
[[1;34mINFO[m] Compiling 68 source files to /home/bdanglot/workspace/icst-2019/september-2018/dataset/jsoup/target/classes
[[1;34mINFO[m] /home/bdanglot/workspace/icst-2019/september-2018/dataset/jsoup/target/clover/src-instrumented/org/jsoup/nodes/Attributes.java: /home/bdanglot/workspace/icst-2019/september-2018/dataset/jsoup/target/clover/src-instrumented/org/jsoup/nodes/Attributes.java uses or overrides a deprecated API.
[[1;34mINFO[m] /home/bdanglot/workspace/icst-2019/september-2018/dataset/jsoup/target/clover/src-instrumented/org/jsoup/nodes/Attributes.java: Recompile with -Xlint:deprecation for details.
[[1;34mINFO[m] 
[[1;34mINFO[m] [1m--- [0;32manimal-sniffer-maven-plugin:1.16:check[m [1m(animal-sniffer)[m @ [36mjsoup[0;1m ---[m
[[1;34mINFO[m] Checking unresolved references to net.sf.androidscents.signature:android-api-level-8:2.2_r3
[[1;34mINFO[m] 
[[1;34mINFO[m] [1m>>> [0;32mmaven-bundle-plugin:2.5.4:manifest[m [1m(bundle-manifest)[0;1m > [0;1mprocess-classes[m @ [36mjsoup[0;1m >>>[m
[[1;34mINFO[m] 
[[1;34mINFO[m] [1m--- [0;32mmaven-resources-plugin:3.0.1:resources[m [1m(default-resources)[m @ [36mjsoup[0;1m ---[m
[[1;34mINFO[m] Using 'UTF-8' encoding to copy filtered resources.
[[1;34mINFO[m] Copying 0 resource
[[1;34mINFO[m] Copying 3 resources to META-INF/
[[1;34mINFO[m] Copying 1 resource
[[1;34mINFO[m] 
[[1;34mINFO[m] [1m--- [0;32mmaven-compiler-plugin:3.5.1:compile[m [1m(default-compile)[m @ [36mjsoup[0;1m ---[m
[[1;34mINFO[m] Changes detected - recompiling the module!
[[1;34mINFO[m] Compiling 68 source files to /home/bdanglot/workspace/icst-2019/september-2018/dataset/jsoup/target/classes
[[1;34mINFO[m] /home/bdanglot/workspace/icst-2019/september-2018/dataset/jsoup/target/clover/src-instrumented/org/jsoup/nodes/Attributes.java: /home/bdanglot/workspace/icst-2019/september-2018/dataset/jsoup/target/clover/src-instrumented/org/jsoup/nodes/Attributes.java uses or overrides a deprecated API.
[[1;34mINFO[m] /home/bdanglot/workspace/icst-2019/september-2018/dataset/jsoup/target/clover/src-instrumented/org/jsoup/nodes/Attributes.java: Recompile with -Xlint:deprecation for details.
[[1;34mINFO[m] 
[[1;34mINFO[m] [1m--- [0;32manimal-sniffer-maven-plugin:1.16:check[m [1m(animal-sniffer)[m @ [36mjsoup[0;1m ---[m
[[1;34mINFO[m] Checking unresolved references to net.sf.androidscents.signature:android-api-level-8:2.2_r3
[[1;34mINFO[m] 
[[1;34mINFO[m] [1m<<< [0;32mmaven-bundle-plugin:2.5.4:manifest[m [1m(bundle-manifest)[0;1m < [0;1mprocess-classes[m @ [36mjsoup[0;1m <<<[m
[[1;34mINFO[m] 
[[1;34mINFO[m] 
[[1;34mINFO[m] [1m--- [0;32mmaven-bundle-plugin:2.5.4:manifest[m [1m(bundle-manifest)[m @ [36mjsoup[0;1m ---[m
[[1;34mINFO[m] 
[[1;34mINFO[m] [1m--- [0;32mmaven-resources-plugin:3.0.1:testResources[m [1m(default-testResources)[m @ [36mjsoup[0;1m ---[m
[[1;34mINFO[m] Using 'UTF-8' encoding to copy filtered resources.
[[1;34mINFO[m] Copying 25 resources
[[1;34mINFO[m] 
[[1;34mINFO[m] [1m--- [0;32mmaven-compiler-plugin:3.5.1:testCompile[m [1m(default-testCompile)[m @ [36mjsoup[0;1m ---[m
[[1;34mINFO[m] Changes detected - recompiling the module!
[[1;34mINFO[m] Compiling 46 source files to /home/bdanglot/workspace/icst-2019/september-2018/dataset/jsoup/target/test-classes
[[1;34mINFO[m] /home/bdanglot/workspace/icst-2019/september-2018/dataset/jsoup/target/clover/src-test-instrumented/org/jsoup/parser/AttributeParseTest.java: Some input files use or override a deprecated API.
[[1;34mINFO[m] /home/bdanglot/workspace/icst-2019/september-2018/dataset/jsoup/target/clover/src-test-instrumented/org/jsoup/parser/AttributeParseTest.java: Recompile with -Xlint:deprecation for details.
[[1;34mINFO[m] 
[[1;34mINFO[m] [1m--- [0;32mmaven-surefire-plugin:2.12.4:test[m [1m(default-test)[m @ [36mjsoup[0;1m ---[m
[[1;34mINFO[m] Surefire report directory: /home/bdanglot/workspace/icst-2019/september-2018/dataset/jsoup/target/surefire-reports

-------------------------------------------------------
 T E S T S
-------------------------------------------------------
Running org.jsoup.parser.ParserSettingsTest
Tests run: 3, Failures: 0, Errors: 0, Skipped: 0, Time elapsed: 0.129 sec
Running org.jsoup.parser.HtmlParserTest
Tests run: 129, Failures: 1, Errors: 0, Skipped: 1, Time elapsed: 3.109 sec <<< FAILURE!
handlesDeepStack(org.jsoup.parser.HtmlParserTest)  Time elapsed: 2.114 sec  <<< FAILURE!
java.lang.AssertionError
	at org.junit.Assert.fail(Assert.java:86)
	at org.junit.Assert.assertTrue(Assert.java:41)
	at org.junit.Assert.assertTrue(Assert.java:52)
	at org.jsoup.parser.HtmlParserTest.__CLR4_2_0gl9t7cb1y(HtmlParserTest.java:995)
	at org.jsoup.parser.HtmlParserTest.handlesDeepStack(HtmlParserTest.java:975)
	at sun.reflect.NativeMethodAccessorImpl.invoke0(Native Method)
	at sun.reflect.NativeMethodAccessorImpl.invoke(NativeMethodAccessorImpl.java:62)
	at sun.reflect.DelegatingMethodAccessorImpl.invoke(DelegatingMethodAccessorImpl.java:43)
	at java.lang.reflect.Method.invoke(Method.java:498)
	at org.junit.runners.model.FrameworkMethod$1.runReflectiveCall(FrameworkMethod.java:50)
	at org.junit.internal.runners.model.ReflectiveCallable.run(ReflectiveCallable.java:12)
	at org.junit.runners.model.FrameworkMethod.invokeExplosively(FrameworkMethod.java:47)
	at org.junit.internal.runners.statements.InvokeMethod.evaluate(InvokeMethod.java:17)
	at org.junit.runners.ParentRunner.runLeaf(ParentRunner.java:325)
	at org.junit.runners.BlockJUnit4ClassRunner.runChild(BlockJUnit4ClassRunner.java:78)
	at org.junit.runners.BlockJUnit4ClassRunner.runChild(BlockJUnit4ClassRunner.java:57)
	at org.junit.runners.ParentRunner$3.run(ParentRunner.java:290)
	at org.junit.runners.ParentRunner$1.schedule(ParentRunner.java:71)
	at org.junit.runners.ParentRunner.runChildren(ParentRunner.java:288)
	at org.junit.runners.ParentRunner.access$000(ParentRunner.java:58)
	at org.junit.runners.ParentRunner$2.evaluate(ParentRunner.java:268)
	at org.junit.runners.ParentRunner.run(ParentRunner.java:363)
	at org.apache.maven.surefire.junit4.JUnit4Provider.execute(JUnit4Provider.java:252)
	at org.apache.maven.surefire.junit4.JUnit4Provider.executeTestSet(JUnit4Provider.java:141)
	at org.apache.maven.surefire.junit4.JUnit4Provider.invoke(JUnit4Provider.java:112)
	at sun.reflect.NativeMethodAccessorImpl.invoke0(Native Method)
	at sun.reflect.NativeMethodAccessorImpl.invoke(NativeMethodAccessorImpl.java:62)
	at sun.reflect.DelegatingMethodAccessorImpl.invoke(DelegatingMethodAccessorImpl.java:43)
	at java.lang.reflect.Method.invoke(Method.java:498)
	at org.apache.maven.surefire.util.ReflectionUtils.invokeMethodWithArray(ReflectionUtils.java:189)
	at org.apache.maven.surefire.booter.ProviderFactory$ProviderProxy.invoke(ProviderFactory.java:165)
	at org.apache.maven.surefire.booter.ProviderFactory.invokeProvider(ProviderFactory.java:85)
	at org.apache.maven.surefire.booter.ForkedBooter.runSuitesInProcess(ForkedBooter.java:115)
	at org.apache.maven.surefire.booter.ForkedBooter.main(ForkedBooter.java:75)

Running org.jsoup.parser.TokenQueueTest
Tests run: 8, Failures: 0, Errors: 0, Skipped: 0, Time elapsed: 0.007 sec
Running org.jsoup.parser.HtmlTreeBuilderTest
Tests run: 1, Failures: 0, Errors: 0, Skipped: 0, Time elapsed: 0.004 sec
Running org.jsoup.parser.AttributeParseTest
Tests run: 8, Failures: 0, Errors: 0, Skipped: 0, Time elapsed: 0.019 sec
Running org.jsoup.parser.CharacterReaderTest
Tests run: 22, Failures: 0, Errors: 0, Skipped: 1, Time elapsed: 0.025 sec
Running org.jsoup.parser.TokeniserTest
Tests run: 10, Failures: 0, Errors: 0, Skipped: 0, Time elapsed: 0.11 sec
Running org.jsoup.parser.HtmlTreeBuilderStateTest
Tests run: 1, Failures: 0, Errors: 0, Skipped: 0, Time elapsed: 0 sec
Running org.jsoup.parser.TokeniserStateTest
Tests run: 11, Failures: 0, Errors: 0, Skipped: 0, Time elapsed: 0.06 sec
Running org.jsoup.parser.TagTest
Tests run: 10, Failures: 0, Errors: 0, Skipped: 0, Time elapsed: 0.009 sec
Running org.jsoup.parser.XmlTreeBuilderTest
Tests run: 22, Failures: 0, Errors: 0, Skipped: 1, Time elapsed: 0.029 sec
Running org.jsoup.internal.ConstrainableInputStreamTest
Tests run: 1, Failures: 0, Errors: 0, Skipped: 1, Time elapsed: 0 sec
Running org.jsoup.nodes.DocumentTypeTest
Tests run: 5, Failures: 0, Errors: 0, Skipped: 0, Time elapsed: 0.006 sec
Running org.jsoup.nodes.ElementTest
Tests run: 91, Failures: 0, Errors: 0, Skipped: 0, Time elapsed: 0.19 sec
Running org.jsoup.nodes.AttributeTest
Tests run: 2, Failures: 0, Errors: 0, Skipped: 0, Time elapsed: 0.004 sec
Running org.jsoup.nodes.FormElementTest
Tests run: 10, Failures: 0, Errors: 0, Skipped: 0, Time elapsed: 0.04 sec
Running org.jsoup.nodes.AttributesTest
Tests run: 8, Failures: 0, Errors: 0, Skipped: 0, Time elapsed: 0.01 sec
Running org.jsoup.nodes.EntitiesTest
Tests run: 15, Failures: 0, Errors: 0, Skipped: 0, Time elapsed: 0.046 sec
Running org.jsoup.nodes.DocumentTest
Tests run: 29, Failures: 0, Errors: 0, Skipped: 1, Time elapsed: 0.159 sec
Running org.jsoup.nodes.TextNodeTest
Tests run: 6, Failures: 0, Errors: 0, Skipped: 0, Time elapsed: 0.009 sec
Running org.jsoup.nodes.NodeTest
Tests run: 25, Failures: 0, Errors: 0, Skipped: 0, Time elapsed: 0.039 sec
Running org.jsoup.integration.ConnectTest
2018-09-27 13:02:09.639:INFO::main: Logging initialized @4415ms
2018-09-27 13:02:09.678:INFO:oejs.Server:main: jetty-9.2.22.v20170606
2018-09-27 13:02:09.719:INFO:oejs.ServerConnector:main: Started ServerConnector@6746af7b{HTTP/1.1}{0.0.0.0:40213}
2018-09-27 13:02:09.720:INFO:oejs.Server:main: Started @4495ms
2018-09-27 13:02:11.114:INFO:oejs.ServerConnector:main: Stopped ServerConnector@6746af7b{HTTP/1.1}{0.0.0.0:0}
Tests run: 29, Failures: 0, Errors: 0, Skipped: 5, Time elapsed: 1.528 sec
Running org.jsoup.integration.ParseTest
Tests run: 12, Failures: 0, Errors: 0, Skipped: 0, Time elapsed: 0.291 sec
Running org.jsoup.integration.UrlConnectTest
Tests run: 1, Failures: 0, Errors: 0, Skipped: 1, Time elapsed: 0 sec
Running org.jsoup.select.CssTest
Tests run: 17, Failures: 0, Errors: 0, Skipped: 0, Time elapsed: 0.08 sec
Running org.jsoup.select.ElementsTest
Tests run: 34, Failures: 0, Errors: 0, Skipped: 0, Time elapsed: 0.032 sec
Running org.jsoup.select.QueryParserTest
Tests run: 4, Failures: 0, Errors: 0, Skipped: 0, Time elapsed: 0.003 sec
Running org.jsoup.select.SelectorTest
Tests run: 62, Failures: 0, Errors: 0, Skipped: 0, Time elapsed: 0.092 sec
Running org.jsoup.select.TraversorTest
Tests run: 5, Failures: 0, Errors: 0, Skipped: 0, Time elapsed: 0.011 sec
Running org.jsoup.safety.CleanerTest
Tests run: 33, Failures: 0, Errors: 0, Skipped: 0, Time elapsed: 0.074 sec
Running org.jsoup.helper.HttpConnectionTest
Tests run: 21, Failures: 0, Errors: 0, Skipped: 0, Time elapsed: 0.027 sec
Running org.jsoup.helper.W3CDomTest
Tests run: 5, Failures: 0, Errors: 0, Skipped: 0, Time elapsed: 0.216 sec
Running org.jsoup.helper.DataUtilTest
Tests run: 15, Failures: 0, Errors: 0, Skipped: 0, Time elapsed: 0.034 sec
Running org.jsoup.helper.StringUtilTest
Tests run: 9, Failures: 0, Errors: 0, Skipped: 0, Time elapsed: 0.007 sec

Results :

Failed tests:   handlesDeepStack(org.jsoup.parser.HtmlParserTest)

Tests run: 664, Failures: 1, Errors: 0, Skipped: 11

[[1;34mINFO[m] [1m------------------------------------------------------------------------[m
[[1;34mINFO[m] [1;31mBUILD FAILURE[m
[[1;34mINFO[m] [1m------------------------------------------------------------------------[m
[[1;34mINFO[m] Total time: 19.169 s
[[1;34mINFO[m] Finished at: 2018-09-27T13:02:12+02:00
[[1;34mINFO[m] [1m------------------------------------------------------------------------[m
[[1;31mERROR[m] Failed to execute goal [32morg.apache.maven.plugins:maven-surefire-plugin:2.12.4:test[m [1m(default-test)[m on project [36mjsoup[m: [1;31mThere are test failures.[m
[[1;31mERROR[m] [1;31m[m
[[1;31mERROR[m] [1;31mPlease refer to /home/bdanglot/workspace/icst-2019/september-2018/dataset/jsoup/target/surefire-reports for the individual test results.[m
[[1;31mERROR[m] -> [1m[Help 1][m
[[1;31mERROR[m] 
[[1;31mERROR[m] To see the full stack trace of the errors, re-run Maven with the [1m-e[m switch.
[[1;31mERROR[m] Re-run Maven using the [1m-X[m switch to enable full debug logging.
[[1;31mERROR[m] 
[[1;31mERROR[m] For more information about the errors and possible solutions, please read the following articles:
[[1;31mERROR[m] [1m[Help 1][m http://cwiki.apache.org/confluence/display/MAVEN/MojoFailureException
Writing HTML report to '/home/bdanglot/workspace/icst-2019/september-2018/dataset/jsoup/target/clover/report'
Done. Processed 10 packages in 7426ms (742ms per package).
[[1;34mINFO[m] /home/bdanglot/workspace/icst-2019/september-2018/dataset/jsoup/src/main/java/org/jsoup/helper/DataUtil.java
[[1;34mINFO[m] /home/bdanglot/workspace/icst-2019/september-2018/dataset/jsoup_parent/src/main/java/org/jsoup/helper/DataUtil.java
[info] org.jsoup.helper.DataUtil:169 is modified.
[info] org.jsoup.helper.DataUtil:170 is modified.
[info] org.jsoup.helper.DataUtil:171 is modified.
[info] org.jsoup.helper.DataUtil:173 is modified.
[info] org.jsoup.helper.DataUtil:169 covered.
[info] org.jsoup.helper.DataUtil:170 covered.
[info] org.jsoup.helper.DataUtil:171 covered.
[info] org.jsoup.helper.DataUtil:173 covered.
[[1;34mINFO[m] /home/bdanglot/workspace/icst-2019/september-2018/dataset/jsoup/src/test/java/org/jsoup/parser/HtmlParserTest.java
[[1;34mINFO[m] /home/bdanglot/workspace/icst-2019/september-2018/dataset/jsoup_parent/src/test/java/org/jsoup/parser/HtmlParserTest.java
[info] org.jsoup.parser.HtmlParserTest:1202 is modified.
[info] org.jsoup.parser.HtmlParserTest:1203 is modified.
[info] org.jsoup.parser.HtmlParserTest:1205 is modified.
[info] org.jsoup.parser.HtmlParserTest:1206 is modified.
[info] org.jsoup.parser.HtmlParserTest:1208 is modified.
[info] org.jsoup.parser.HtmlParserTest:1209 is modified.
[[1;34mINFO[m] Saving result in /home/bdanglot/workspace/icst-2019/september-2018/result/jsoup/commit_12_6be19a6/commit_coverage_testsThatExecuteTheChanges.csv ...
[[1;34mINFO[m] org.jsoup.helper.W3CDomTest;convertsGoogleLocation;convertsGoogle;namespacePreservation
org.jsoup.parser.XmlTreeBuilderTest;testDetectCharsetEncodingDeclaration
org.jsoup.parser.HtmlParserTest;testTemplateInsideTable;fallbackToUtfIfCantEncode;handlesXmlDeclAndCommentsBeforeDoctype;testInvalidTableContents
org.jsoup.nodes.DocumentTest;testLocation;testShiftJisRoundtrip
org.jsoup.helper.DataUtilTest;firstMetaElementWithCharsetShouldBeUsedForDecoding;supportsXmlCharsetDeclaration;supportsUTF8BOM;supportsBOMinFiles;secondMetaElementWithContentTypeContainsCharsetParameter;discardsSpuriousByteOrderMark;discardsSpuriousByteOrderMarkWhenNoCharsetSet
org.jsoup.integration.ConnectTest;doesGet;doesPost;doesPostFor307;sendsRequestBody;postFiles;multiCookieSet;doesPut;sendsRequestBodyJsonWithData;sendsRequestBodyWithUrlParams;canConnectToLocalServer;multipleParsesOkAfterBufferUp;sendsRequestBodyJsonWithoutData;handlesRedirect;parseParseThrowsValidates;supportsDeflate;fetchURl;doesNotPostFor302;fetchURIWithWihtespace;bodyAfterParseThrowsValidationError;bodyAndBytesAvailableBeforeParse
org.jsoup.integration.ParseTest;testNewsHomepage;testSmhBizArticle;testYahooArticle;testBaiduVariant;testGoogleSearchIpod;testYahooJp;testHtml5Charset;testNytArticle;testBaidu;testBinary
[[1;34mINFO[m] Writing Coverage in /home/bdanglot/workspace/icst-2019/september-2018/result/jsoup/commit_12_6be19a6/commit_coverage_testsThatExecuteTheChanges_coverage.csv
[[1;34mINFO[m] org.jsoup.helper.DataUtil;4;4

[[1;34mINFO[m] total;4;4

[[1;34mINFO[m] [1m------------------------------------------------------------------------[m
[[1;34mINFO[m] [1;32mBUILD SUCCESS[m
[[1;34mINFO[m] [1m------------------------------------------------------------------------[m
[[1;34mINFO[m] Total time: 32.548 s
[[1;34mINFO[m] Finished at: 2018-09-27T13:02:22+02:00
[[1;34mINFO[m] [1m------------------------------------------------------------------------[m
[INFO] 2018-09-27 13:02:22 RepositoriesSetter - {/home/bdanglot/workspace/icst-2019/september-2018/dataset/jsoup} Cleaning local repository...
[INFO] 2018-09-27 13:02:22 RepositoriesSetter - Checkout 77966f79996f3fc4c7828b4d02a926c071faf040 revision...
[INFO] 2018-09-27 13:02:23 RepositoriesSetter - {/home/bdanglot/workspace/icst-2019/september-2018/dataset/jsoup_parent} Cleaning local repository...
[INFO] 2018-09-27 13:02:23 RepositoriesSetter - Checkout f1b885d238d8576d91d71a09f8658358dd846921 revision...
