[INFO] Scanning for projects...
[INFO] 
[INFO] --------------------------< org.jsoup:jsoup >---------------------------
[INFO] Building jsoup Java HTML Parser 1.12.1-SNAPSHOT
[INFO] --------------------------------[ jar ]---------------------------------
[INFO] 
[INFO] --- maven-clean-plugin:2.5:clean (default-clean) @ jsoup ---
[INFO] Deleting /tmp/icst-2019/september-2018/dataset/jsoup/target
[INFO] 
[INFO] --- diff-test-selection:0.5-SNAPSHOT:list (default-cli) @ jsoup ---
[INFO] Computing coverage for /tmp/icst-2019/september-2018/dataset/jsoup
[WARN] Maven will be executed in interactive mode, but no input stream has been configured for this MavenInvoker instance.
[INFO] Scanning for projects...
[INFO] 
[INFO] --------------------------< org.jsoup:jsoup >---------------------------
[INFO] Building jsoup Java HTML Parser 1.12.1-SNAPSHOT
[INFO] --------------------------------[ jar ]---------------------------------
[INFO] 
[INFO] --- maven-clean-plugin:2.5:clean (default-clean) @ jsoup ---
[INFO] 
[INFO] --- clover-maven-plugin:4.2.0:setup (default-cli) @ jsoup ---
[INFO] No 'maven.clover.licenseLocation' configured. Using default license.
[INFO] OpenClover Version 4.2.0, built on April 30 2017 (build-1000)
[INFO] Loaded from: /home/spirals/danglot/.m2/repository/org/openclover/clover/4.2.0/clover-4.2.0.jar
[INFO] Clover free edition.
[INFO] Creating new database at '/tmp/icst-2019/september-2018/dataset/jsoup/target/clover/clover.db'.
[INFO] Processing files at 1.8 source level.
[INFO] Clover all over. Instrumented 68 files (8 packages).
[INFO] Elapsed time = 5.694 secs. (11.942 files/sec, 3,177.38 srclines/sec)
[INFO] OpenClover Version 4.2.0, built on April 30 2017 (build-1000)
[INFO] Loaded from: /home/spirals/danglot/.m2/repository/org/openclover/clover/4.2.0/clover-4.2.0.jar
[INFO] Clover free edition.
[INFO] Updating existing database at '/tmp/icst-2019/september-2018/dataset/jsoup/target/clover/clover.db'.
[INFO] Processing files at 1.8 source level.
[INFO] Clover all over. Instrumented 46 files (9 packages).
[INFO] 711 test methods detected.
[INFO] Elapsed time = 2.391 secs. (19.239 files/sec, 4,113.76 srclines/sec)
[INFO] 
[INFO] --- maven-resources-plugin:3.0.1:resources (default-resources) @ jsoup ---
[INFO] Using 'UTF-8' encoding to copy filtered resources.
[INFO] Copying 0 resource
[INFO] Copying 3 resources to META-INF/
[INFO] Copying 1 resource
[INFO] 
[INFO] --- maven-compiler-plugin:3.5.1:compile (default-compile) @ jsoup ---
[INFO] Changes detected - recompiling the module!
[INFO] Compiling 68 source files to /tmp/icst-2019/september-2018/dataset/jsoup/target/classes
[INFO] /tmp/icst-2019/september-2018/dataset/jsoup/target/clover/src-instrumented/org/jsoup/nodes/Attributes.java: /tmp/icst-2019/september-2018/dataset/jsoup/target/clover/src-instrumented/org/jsoup/nodes/Attributes.java uses or overrides a deprecated API.
[INFO] /tmp/icst-2019/september-2018/dataset/jsoup/target/clover/src-instrumented/org/jsoup/nodes/Attributes.java: Recompile with -Xlint:deprecation for details.
[INFO] 
[INFO] --- animal-sniffer-maven-plugin:1.16:check (animal-sniffer) @ jsoup ---
[INFO] Checking unresolved references to net.sf.androidscents.signature:android-api-level-8:2.2_r3
[INFO] 
[INFO] >>> maven-bundle-plugin:2.5.4:manifest (bundle-manifest) > process-classes @ jsoup >>>
[INFO] 
[INFO] --- maven-resources-plugin:3.0.1:resources (default-resources) @ jsoup ---
[INFO] Using 'UTF-8' encoding to copy filtered resources.
[INFO] Copying 0 resource
[INFO] Copying 3 resources to META-INF/
[INFO] Copying 1 resource
[INFO] 
[INFO] --- maven-compiler-plugin:3.5.1:compile (default-compile) @ jsoup ---
[INFO] Changes detected - recompiling the module!
[INFO] Compiling 68 source files to /tmp/icst-2019/september-2018/dataset/jsoup/target/classes
[INFO] /tmp/icst-2019/september-2018/dataset/jsoup/target/clover/src-instrumented/org/jsoup/nodes/Attributes.java: /tmp/icst-2019/september-2018/dataset/jsoup/target/clover/src-instrumented/org/jsoup/nodes/Attributes.java uses or overrides a deprecated API.
[INFO] /tmp/icst-2019/september-2018/dataset/jsoup/target/clover/src-instrumented/org/jsoup/nodes/Attributes.java: Recompile with -Xlint:deprecation for details.
[INFO] 
[INFO] --- animal-sniffer-maven-plugin:1.16:check (animal-sniffer) @ jsoup ---
[INFO] Checking unresolved references to net.sf.androidscents.signature:android-api-level-8:2.2_r3
[INFO] 
[INFO] <<< maven-bundle-plugin:2.5.4:manifest (bundle-manifest) < process-classes @ jsoup <<<
[INFO] 
[INFO] 
[INFO] --- maven-bundle-plugin:2.5.4:manifest (bundle-manifest) @ jsoup ---
[INFO] 
[INFO] --- maven-resources-plugin:3.0.1:testResources (default-testResources) @ jsoup ---
[INFO] Using 'UTF-8' encoding to copy filtered resources.
[INFO] Copying 25 resources
[INFO] 
[INFO] --- maven-compiler-plugin:3.5.1:testCompile (default-testCompile) @ jsoup ---
[INFO] Changes detected - recompiling the module!
[INFO] Compiling 46 source files to /tmp/icst-2019/september-2018/dataset/jsoup/target/test-classes
[INFO] /tmp/icst-2019/september-2018/dataset/jsoup/target/clover/src-test-instrumented/org/jsoup/parser/AttributeParseTest.java: Some input files use or override a deprecated API.
[INFO] /tmp/icst-2019/september-2018/dataset/jsoup/target/clover/src-test-instrumented/org/jsoup/parser/AttributeParseTest.java: Recompile with -Xlint:deprecation for details.
[INFO] 
[INFO] --- maven-surefire-plugin:2.12.4:test (default-test) @ jsoup ---
[INFO] Surefire report directory: /tmp/icst-2019/september-2018/dataset/jsoup/target/surefire-reports

-------------------------------------------------------
 T E S T S
-------------------------------------------------------
Running org.jsoup.select.SelectorTest
Tests run: 62, Failures: 0, Errors: 0, Skipped: 0, Time elapsed: 1.629 sec
Running org.jsoup.select.QueryParserTest
Tests run: 4, Failures: 0, Errors: 0, Skipped: 0, Time elapsed: 0.03 sec
Running org.jsoup.select.ElementsTest
Tests run: 34, Failures: 0, Errors: 0, Skipped: 0, Time elapsed: 0.335 sec
Running org.jsoup.select.CssTest
Tests run: 17, Failures: 0, Errors: 0, Skipped: 0, Time elapsed: 0.512 sec
Running org.jsoup.select.TraversorTest
Tests run: 5, Failures: 0, Errors: 0, Skipped: 0, Time elapsed: 0.049 sec
Running org.jsoup.integration.ParseTest
Tests run: 12, Failures: 0, Errors: 0, Skipped: 0, Time elapsed: 1.691 sec
Running org.jsoup.integration.ConnectTest
2018-10-02 12:04:45.208:INFO::main: Logging initialized @5025ms
2018-10-02 12:04:45.302:INFO:oejs.Server:main: jetty-9.2.22.v20170606
2018-10-02 12:04:45.424:INFO:oejs.ServerConnector:main: Started ServerConnector@25fb1c64{HTTP/1.1}{0.0.0.0:36056}
2018-10-02 12:04:45.425:INFO:oejs.Server:main: Started @5243ms
2018-10-02 12:04:47.442:INFO:oejs.ServerConnector:main: Stopped ServerConnector@25fb1c64{HTTP/1.1}{0.0.0.0:0}
Tests run: 29, Failures: 0, Errors: 0, Skipped: 5, Time elapsed: 2.423 sec
Running org.jsoup.integration.UrlConnectTest
Tests run: 1, Failures: 0, Errors: 0, Skipped: 1, Time elapsed: 0.001 sec
Running org.jsoup.parser.ParserSettingsTest
Tests run: 3, Failures: 0, Errors: 0, Skipped: 0, Time elapsed: 0.008 sec
Running org.jsoup.parser.HtmlTreeBuilderStateTest
Tests run: 1, Failures: 0, Errors: 0, Skipped: 0, Time elapsed: 0.016 sec
Running org.jsoup.parser.TokeniserStateTest
Tests run: 12, Failures: 0, Errors: 0, Skipped: 0, Time elapsed: 0.221 sec
Running org.jsoup.parser.TagTest
Tests run: 10, Failures: 0, Errors: 0, Skipped: 0, Time elapsed: 0.047 sec
Running org.jsoup.parser.CharacterReaderTest
Tests run: 22, Failures: 0, Errors: 0, Skipped: 1, Time elapsed: 0.061 sec
Running org.jsoup.parser.XmlTreeBuilderTest
Tests run: 22, Failures: 0, Errors: 0, Skipped: 1, Time elapsed: 0.135 sec
Running org.jsoup.parser.HtmlParserTest
Tests run: 129, Failures: 2, Errors: 0, Skipped: 1, Time elapsed: 6.288 sec <<< FAILURE!
handlesDeepStack(org.jsoup.parser.HtmlParserTest)  Time elapsed: 4.353 sec  <<< FAILURE!
java.lang.AssertionError
	at org.junit.Assert.fail(Assert.java:86)
	at org.junit.Assert.assertTrue(Assert.java:41)
	at org.junit.Assert.assertTrue(Assert.java:52)
	at org.jsoup.parser.HtmlParserTest.__CLR4_2_0gl9t7cb23(HtmlParserTest.java:998)
	at org.jsoup.parser.HtmlParserTest.handlesDeepStack(HtmlParserTest.java:978)
	at sun.reflect.NativeMethodAccessorImpl.invoke0(Native Method)
	at sun.reflect.NativeMethodAccessorImpl.invoke(NativeMethodAccessorImpl.java:62)
	at sun.reflect.DelegatingMethodAccessorImpl.invoke(DelegatingMethodAccessorImpl.java:43)
	at java.lang.reflect.Method.invoke(Method.java:498)
	at org.junit.runners.model.FrameworkMethod$1.runReflectiveCall(FrameworkMethod.java:50)
	at org.junit.internal.runners.model.ReflectiveCallable.run(ReflectiveCallable.java:12)
	at org.junit.runners.model.FrameworkMethod.invokeExplosively(FrameworkMethod.java:47)
	at org.junit.internal.runners.statements.InvokeMethod.evaluate(InvokeMethod.java:17)
	at org.junit.runners.ParentRunner.runLeaf(ParentRunner.java:325)
	at org.junit.runners.BlockJUnit4ClassRunner.runChild(BlockJUnit4ClassRunner.java:78)
	at org.junit.runners.BlockJUnit4ClassRunner.runChild(BlockJUnit4ClassRunner.java:57)
	at org.junit.runners.ParentRunner$3.run(ParentRunner.java:290)
	at org.junit.runners.ParentRunner$1.schedule(ParentRunner.java:71)
	at org.junit.runners.ParentRunner.runChildren(ParentRunner.java:288)
	at org.junit.runners.ParentRunner.access$000(ParentRunner.java:58)
	at org.junit.runners.ParentRunner$2.evaluate(ParentRunner.java:268)
	at org.junit.runners.ParentRunner.run(ParentRunner.java:363)
	at org.apache.maven.surefire.junit4.JUnit4Provider.execute(JUnit4Provider.java:252)
	at org.apache.maven.surefire.junit4.JUnit4Provider.executeTestSet(JUnit4Provider.java:141)
	at org.apache.maven.surefire.junit4.JUnit4Provider.invoke(JUnit4Provider.java:112)
	at sun.reflect.NativeMethodAccessorImpl.invoke0(Native Method)
	at sun.reflect.NativeMethodAccessorImpl.invoke(NativeMethodAccessorImpl.java:62)
	at sun.reflect.DelegatingMethodAccessorImpl.invoke(DelegatingMethodAccessorImpl.java:43)
	at java.lang.reflect.Method.invoke(Method.java:498)
	at org.apache.maven.surefire.util.ReflectionUtils.invokeMethodWithArray(ReflectionUtils.java:189)
	at org.apache.maven.surefire.booter.ProviderFactory$ProviderProxy.invoke(ProviderFactory.java:165)
	at org.apache.maven.surefire.booter.ProviderFactory.invokeProvider(ProviderFactory.java:85)
	at org.apache.maven.surefire.booter.ForkedBooter.runSuitesInProcess(ForkedBooter.java:115)
	at org.apache.maven.surefire.booter.ForkedBooter.main(ForkedBooter.java:75)

handlesManyChildren(org.jsoup.parser.HtmlParserTest)  Time elapsed: 1.163 sec  <<< FAILURE!
java.lang.AssertionError
	at org.junit.Assert.fail(Assert.java:86)
	at org.junit.Assert.assertTrue(Assert.java:41)
	at org.junit.Assert.assertTrue(Assert.java:52)
	at org.jsoup.parser.HtmlParserTest.__CLR4_2_0b8f634b1t(HtmlParserTest.java:975)
	at org.jsoup.parser.HtmlParserTest.handlesManyChildren(HtmlParserTest.java:962)
	at sun.reflect.NativeMethodAccessorImpl.invoke0(Native Method)
	at sun.reflect.NativeMethodAccessorImpl.invoke(NativeMethodAccessorImpl.java:62)
	at sun.reflect.DelegatingMethodAccessorImpl.invoke(DelegatingMethodAccessorImpl.java:43)
	at java.lang.reflect.Method.invoke(Method.java:498)
	at org.junit.runners.model.FrameworkMethod$1.runReflectiveCall(FrameworkMethod.java:50)
	at org.junit.internal.runners.model.ReflectiveCallable.run(ReflectiveCallable.java:12)
	at org.junit.runners.model.FrameworkMethod.invokeExplosively(FrameworkMethod.java:47)
	at org.junit.internal.runners.statements.InvokeMethod.evaluate(InvokeMethod.java:17)
	at org.junit.runners.ParentRunner.runLeaf(ParentRunner.java:325)
	at org.junit.runners.BlockJUnit4ClassRunner.runChild(BlockJUnit4ClassRunner.java:78)
	at org.junit.runners.BlockJUnit4ClassRunner.runChild(BlockJUnit4ClassRunner.java:57)
	at org.junit.runners.ParentRunner$3.run(ParentRunner.java:290)
	at org.junit.runners.ParentRunner$1.schedule(ParentRunner.java:71)
	at org.junit.runners.ParentRunner.runChildren(ParentRunner.java:288)
	at org.junit.runners.ParentRunner.access$000(ParentRunner.java:58)
	at org.junit.runners.ParentRunner$2.evaluate(ParentRunner.java:268)
	at org.junit.runners.ParentRunner.run(ParentRunner.java:363)
	at org.apache.maven.surefire.junit4.JUnit4Provider.execute(JUnit4Provider.java:252)
	at org.apache.maven.surefire.junit4.JUnit4Provider.executeTestSet(JUnit4Provider.java:141)
	at org.apache.maven.surefire.junit4.JUnit4Provider.invoke(JUnit4Provider.java:112)
	at sun.reflect.NativeMethodAccessorImpl.invoke0(Native Method)
	at sun.reflect.NativeMethodAccessorImpl.invoke(NativeMethodAccessorImpl.java:62)
	at sun.reflect.DelegatingMethodAccessorImpl.invoke(DelegatingMethodAccessorImpl.java:43)
	at java.lang.reflect.Method.invoke(Method.java:498)
	at org.apache.maven.surefire.util.ReflectionUtils.invokeMethodWithArray(ReflectionUtils.java:189)
	at org.apache.maven.surefire.booter.ProviderFactory$ProviderProxy.invoke(ProviderFactory.java:165)
	at org.apache.maven.surefire.booter.ProviderFactory.invokeProvider(ProviderFactory.java:85)
	at org.apache.maven.surefire.booter.ForkedBooter.runSuitesInProcess(ForkedBooter.java:115)
	at org.apache.maven.surefire.booter.ForkedBooter.main(ForkedBooter.java:75)

Running org.jsoup.parser.TokeniserTest
Tests run: 10, Failures: 0, Errors: 0, Skipped: 0, Time elapsed: 0.276 sec
Running org.jsoup.parser.HtmlTreeBuilderTest
Tests run: 1, Failures: 0, Errors: 0, Skipped: 0, Time elapsed: 0.003 sec
Running org.jsoup.parser.AttributeParseTest
Tests run: 8, Failures: 0, Errors: 0, Skipped: 0, Time elapsed: 0.028 sec
Running org.jsoup.parser.TokenQueueTest
Tests run: 8, Failures: 0, Errors: 0, Skipped: 0, Time elapsed: 0.035 sec
Running org.jsoup.nodes.ElementTest
Tests run: 91, Failures: 0, Errors: 0, Skipped: 0, Time elapsed: 0.408 sec
Running org.jsoup.nodes.DocumentTypeTest
Tests run: 5, Failures: 0, Errors: 0, Skipped: 0, Time elapsed: 0.09 sec
Running org.jsoup.nodes.EntitiesTest
Tests run: 15, Failures: 0, Errors: 0, Skipped: 0, Time elapsed: 0.035 sec
Running org.jsoup.nodes.AttributesTest
Tests run: 8, Failures: 0, Errors: 0, Skipped: 0, Time elapsed: 0.025 sec
Running org.jsoup.nodes.NodeTest
Tests run: 25, Failures: 0, Errors: 0, Skipped: 0, Time elapsed: 0.095 sec
Running org.jsoup.nodes.DocumentTest
Tests run: 29, Failures: 0, Errors: 0, Skipped: 1, Time elapsed: 0.369 sec
Running org.jsoup.nodes.FormElementTest
Tests run: 10, Failures: 0, Errors: 0, Skipped: 0, Time elapsed: 0.076 sec
Running org.jsoup.nodes.AttributeTest
Tests run: 2, Failures: 0, Errors: 0, Skipped: 0, Time elapsed: 0.013 sec
Running org.jsoup.nodes.TextNodeTest
Tests run: 6, Failures: 0, Errors: 0, Skipped: 0, Time elapsed: 0.027 sec
Running org.jsoup.internal.ConstrainableInputStreamTest
Tests run: 1, Failures: 0, Errors: 0, Skipped: 1, Time elapsed: 0 sec
Running org.jsoup.safety.CleanerTest
Tests run: 33, Failures: 0, Errors: 0, Skipped: 0, Time elapsed: 0.289 sec
Running org.jsoup.helper.DataUtilTest
Tests run: 15, Failures: 0, Errors: 0, Skipped: 0, Time elapsed: 0.107 sec
Running org.jsoup.helper.W3CDomTest
Tests run: 5, Failures: 0, Errors: 0, Skipped: 0, Time elapsed: 0.625 sec
Running org.jsoup.helper.StringUtilTest
Tests run: 9, Failures: 0, Errors: 0, Skipped: 0, Time elapsed: 0.021 sec
Running org.jsoup.helper.HttpConnectionTest
Tests run: 21, Failures: 0, Errors: 0, Skipped: 0, Time elapsed: 0.078 sec

Results :

Failed tests:   handlesDeepStack(org.jsoup.parser.HtmlParserTest)
  handlesManyChildren(org.jsoup.parser.HtmlParserTest)

Tests run: 665, Failures: 2, Errors: 0, Skipped: 11

[INFO] ------------------------------------------------------------------------
[INFO] BUILD FAILURE
[INFO] ------------------------------------------------------------------------
[INFO] Total time: 01:02 min
[INFO] Finished at: 2018-10-02T12:04:57+02:00
[INFO] ------------------------------------------------------------------------
[ERROR] Failed to execute goal org.apache.maven.plugins:maven-surefire-plugin:2.12.4:test (default-test) on project jsoup: There are test failures.
[ERROR] 
[ERROR] Please refer to /tmp/icst-2019/september-2018/dataset/jsoup/target/surefire-reports for the individual test results.
[ERROR] -> [Help 1]
[ERROR] 
[ERROR] To see the full stack trace of the errors, re-run Maven with the -e switch.
[ERROR] Re-run Maven using the -X switch to enable full debug logging.
[ERROR] 
[ERROR] For more information about the errors and possible solutions, please read the following articles:
[ERROR] [Help 1] http://cwiki.apache.org/confluence/display/MAVEN/MojoFailureException
Writing HTML report to '/tmp/icst-2019/september-2018/dataset/jsoup/target/clover/report'
Done. Processed 10 packages in 26156ms (2615ms per package).
[INFO] /tmp/icst-2019/september-2018/dataset/jsoup/src/main/java/org/jsoup/parser/CharacterReader.java
[INFO] /tmp/icst-2019/september-2018/dataset/jsoup_parent/src/main/java/org/jsoup/parser/CharacterReader.java
[info] org.jsoup.parser.CharacterReader:254 is modified.
[info] org.jsoup.parser.CharacterReader:254 covered.
[INFO] /tmp/icst-2019/september-2018/dataset/jsoup/src/main/java/org/jsoup/parser/TokeniserState.java
[INFO] /tmp/icst-2019/september-2018/dataset/jsoup_parent/src/main/java/org/jsoup/parser/TokeniserState.java
[info] org.jsoup.parser.TokeniserState:567 is modified.
[info] org.jsoup.parser.TokeniserState:161 is modified.
[info] org.jsoup.parser.TokeniserState:162 is modified.
[info] org.jsoup.parser.TokeniserState:163 is modified.
[info] org.jsoup.parser.TokeniserState:161 is modified.
[info] org.jsoup.parser.TokeniserState:568 is modified.
[info] org.jsoup.parser.TokeniserState:568 is modified.
[info] org.jsoup.parser.TokeniserState:567 covered.
[info] org.jsoup.parser.TokeniserState:568 covered.
[info] org.jsoup.parser.TokeniserState:161 covered.
[info] org.jsoup.parser.TokeniserState:162 covered.
[info] org.jsoup.parser.TokeniserState:163 covered.
[INFO] /tmp/icst-2019/september-2018/dataset/jsoup/src/test/java/org/jsoup/parser/HtmlParserTest.java
[INFO] /tmp/icst-2019/september-2018/dataset/jsoup_parent/src/test/java/org/jsoup/parser/HtmlParserTest.java
[info] org.jsoup.parser.HtmlParserTest:62 is modified.
[info] org.jsoup.parser.HtmlParserTest:66 is modified.
[info] org.jsoup.parser.HtmlParserTest:66 is modified.
[INFO] /tmp/icst-2019/september-2018/dataset/jsoup/src/test/java/org/jsoup/parser/TokeniserStateTest.java
[INFO] /tmp/icst-2019/september-2018/dataset/jsoup_parent/src/test/java/org/jsoup/parser/TokeniserStateTest.java
[info] org.jsoup.parser.TokeniserStateTest:203 is modified.
[info] org.jsoup.parser.TokeniserStateTest:205 is modified.
[info] org.jsoup.parser.TokeniserStateTest:206 is modified.
[info] org.jsoup.parser.TokeniserStateTest:206 is modified.
[info] org.jsoup.parser.TokeniserStateTest:207 is modified.
[info] org.jsoup.parser.TokeniserStateTest:207 is modified.
[info] org.jsoup.parser.TokeniserStateTest:207 is modified.
[info] org.jsoup.parser.TokeniserStateTest:207 is modified.
[INFO] Saving result in /tmp/icst-2019/september-2018/result/jsoup/commit_11_bdf1df7/commit_coverage_testsThatExecuteTheChanges.csv ...
[INFO] org.jsoup.safety.CleanerTest;basicWithImagesTest;addsTagOnAttributesIfNotSet;preservesRelativeLinksIfConfigured;testDropImageScript;testRemoveTags;testIsValidDocument;basicBehaviourTest;testRemoveEnforcedAttributes;testDropXmlProc;testDropScript;testCleanAnchorProtocol;testIsValidBodyHtml;supplyOutputSettings;testDropComments;testHandlesEmptyAttributes;simpleBehaviourTest2;handlesCustomProtocols;testRemoveAttributes;simpleBehaviourTest;testRelaxed;testRemoveProtocols;resolvesRelativeLinks;testDropsUnknownTags;handlesAttributesWithNoValue;whitelistedProtocolShouldBeRetained;handlesControlCharactersAfterTagName;dropsUnresolvableRelativeLinks;handlesAllPseudoTag;testScriptTagInWhiteList;testCleanJavascriptHref;handlesFramesets
org.jsoup.nodes.ElementTest;testChainedRemoveAttributes;before;testThrowsOnAddNullText;testKeepsPreText;testGetSiblings;testCssPath;testPrependElement;testRemoveAfterIndex;moveByAppend;testFormatOutline;testChildThrowsIndexOutOfBoundsOnMissing;testTagNameSet;testAddNewText;testGetTextNodes;testWholeText;testAddNewHtml;testElementSiblingIndex;testSetIndent;testGetElementsWithAttributeValue;testKeepsPreTextAtDepth;insertChildrenArgumentValidation;testClassDomMethods;testNamespacedElements;testEmptyElementFormatHtml;booleanAttributeOutput;testNormalizesInvisiblesInText;testManipulateTextNodes;testWrapWithRemainder;testGetText;testBrHasSpace;testHtmlContainsOuter;testGetElementsWithClass;testGetElementById;testClonesClassnames;testRelativeUrls;testRemoveBeforeIndex;testOuterHtml;testInnerHtml;testGetElementsWithAttribute;testPrependText;elementIsNotASiblingOfItself;classNamesAndAttributeNameIsCaseInsensitive;testClassNames;testShadowElementsAreUpdated;testPrependNewHtml;testFormatHtml;insertChildrenAsCopy;testKeepsPreTextInCode;textHasSpaceAfterBlockTags;insertChildrenAtPosition;testGetChildText;testSetText;testNormalizesNbspInText;testHasText;getNamespacedElementsByTag;testElementSiblingIndexSameContent;testAppendRowToTable;testWrap;after;getElementsByTagName;testChildrenElements;testSetHtml;testGetSiblingsWithDuplicateContent;testNextElementSiblingAfterClone;testRemovingEmptyClassAttributeWhenLastClassRemoved;testAppendTo;testGetDataNodes;testIs;testLoopedRemoveAttributes;testGetElementsWithAttributeDash;testHashAndEqualsAndValue;testGetParents;testClone;testSetHtmlTitle;testThrowsOnPrependNullText;testNoIndentOnScriptAndStyle;parentlessToString;testNotPretty;testAddNewElement;testPrependRowToTable;testClassUpdates;dataset;testContainerOutput;testShallowClone;testNormalisesText
org.jsoup.nodes.EntitiesTest;escapesGtInXmlAttributesButNotInHtml;letterDigitEntities
org.jsoup.parser.XmlTreeBuilderTest;testDoesNotForceSelfClosingKnownTags;testCommentAndDocType
org.jsoup.parser.HtmlParserTest;testNormalisesIsIndex;handlesInvalidDoctypes;noErrorsByDefault;normalizesDiscordantTags;handlesCdata;fallbackToUtfIfCantEncode;preSkipsFirstNewline;handlesQuotesInCommentsInScripts;testHandlesDeepSpans;parsesComments;tracksErrorsWhenRequested;associatedFormControlsWithDisjointForms;handlesKnownEmptyTitle;parsesUnterminatedTextarea;selfClosingOnNonvoidIsError;handlesEscapedData;testFragment;handlesJavadocFont;testHgroup;dropsUnterminatedAttribute;handlesXmlDeclAndCommentsBeforeDoctype;handlesDeepStack;handlesKnownEmptyBlocks;handlesUnknownTags;cdataNodesAreTextNodes;reconstructFormattingElements;noTableDirectInTable;normalisesHeadlessBody;preservesSpaceInTextArea;handlesManyChildren;handlesProtocolRelativeUrl;handleCDataInText;handlesNullInData;testRelaxedTags;parsesRoughAttributes;handlesFrames;handlesBlocksInDefinitions;preservesSpaceInScript;handlesEscapedScript;roundTripsCdata;createsStructureFromBodySnippet;canPreserveAttributeCase;handlesSolidusInA;handlesWhatWgExpensesTableExample;parsesSimpleDocument;handlesMultiClosingBody;handlesTbodyTable;handlesDataOnlyTags;handlesNestedImplicitTable;testAFlowContents;handlesUnexpectedMarkupInTables;handlesImplicitCaptionClose;handlesMisnestedTagsBP;normalisesDocument;testSupportsPartiallyNonAsciiTags;handlesControlCodeInAttributeName;canPreserveTagCase;testNoImagesInNoScriptInHead;handlesCdataInScript;handlesKnownEmptyIframe;handlesMisnestedTagsBI;handlesKnownEmptyStyle;handlesInputInTable;testTemplateInsideTable;emptyTdTag;testUsingSingleQuotesInQueries;selfClosingVoidIsNotAnError;handlesUnclosedRawtextAtEof;testFontFlowContents;discardsNakedTds;ignoresContentAfterFrameset;caseInsensitiveParseTree;handlesUnclosedDefinitionLists;findsCharsetInMalformedMeta;handlesNewlinesAndWhitespaceInTag;testSpanContents;handlesTextAfterData;parsesQuiteRoughAttributes;testReinsertionModeForThCelss;caseSensitiveParseTree;testSpaceAfterTag;handlesUnclosedAnchors;testInvalidTableContents;handlesUnclosedScriptAtEof;handlesUnknownInlineTags;noImplicitFormForTextAreas;commentBeforeHtml;createsFormElements;handlesXmlDeclarationAsBogusComment;handlesKnownEmptyNoFrames;handlesBaseTags;normalisedBodyAfterContent;testHeaderContents;convertsImageToImg;handlesSpanInTbody;doesNotCreateImplicitLists;dropsUnterminatedTag;handlesCommentsInTable;handlesTagsInTextarea;handlesTextArea;handlesUnclosedFormattingElements;handlesNullInComments;ignoresDupeEndTrTag;parsesBodyFragment;tracksLimitedErrorsWhenRequested;handlesUnclosedTitleAtEof;reconstructFormattingElementsInTable;testSelectWithOption;handlesUnknownNamespaceTags;handlesCdataAcrossBuffer;parsesUnterminatedOption;testSupportsNonAsciiTags;canPreserveBothCase;createsDocumentStructure;handlesBaseWithoutHref;handlesSolidusAtAttributeEnd;parsesUnterminatedComments;handles0CharacterAsText;testHtmlLowerCase;handleNullContextInParseFragment;handlesInvalidStartTags;handlesUnclosedTitle
org.jsoup.nodes.DocumentTest;testLocation;parseAndHtmlOnDifferentThreads;testHtmlAndXmlSyntax;setTextPreservesDocumentStructure;testClone;testHtmlAppendable;DocumentsWithSameContentAreEqual;testClonesDeclarations;testOutputEncoding;testShiftJisRoundtrip;testTitles;DocumentsWithSameContentAreVerifialbe;testNormalisesStructure
org.jsoup.helper.W3CDomTest;convertsGoogleLocation;simpleConversion;handlesInvalidAttributeNames;convertsGoogle;namespacePreservation
org.jsoup.parser.AttributeParseTest;canStartWithEq;parsesEmptyString;moreAttributeUnescapes;handlesNewLinesAndReturns;dropsSlashFromAttributeName;parsesBooleanAttributes;strictAttributeUnescapes;parsesRoughAttributeString
org.jsoup.helper.DataUtilTest;firstMetaElementWithCharsetShouldBeUsedForDecoding;supportsXmlCharsetDeclaration;supportsUTF8BOM;supportsBOMinFiles;secondMetaElementWithContentTypeContainsCharsetParameter;discardsSpuriousByteOrderMark;wrongMetaCharsetFallback;discardsSpuriousByteOrderMarkWhenNoCharsetSet
org.jsoup.nodes.NodeTest;literalAbsPrefix;before;testRemove;handleAbsOnLocalhostFileUris;childNodesCopy;absHandlesRelativeQuery;unwrap;unwrapNoChildren;traverse;handleAbsOnFileUris;testReplace;absHandlesDotFromIndex;handlesAbsOnImage;changingAttributeValueShouldReplaceExistingAttributeCaseInsensitive;root;supportsClone;handlesAbsPrefixOnHasAttr;after;ownerDocument;handlesAbsPrefix;setBaseUriIsRecursive;nodeIsNotASiblingOfItself;handlesAbsOnProtocolessAbsoluteUris
org.jsoup.select.SelectorTest;containsOwn;testByAttributeStarting;descendant;matchText;testByAttributeRegex;notClass;mixCombinator;adjacentSiblings;testPseudoContains;notAdjacent;testPsuedoContainsWithParentheses;caseInsensitive;testById;testPseudoCombined;adjacentSiblingsWithId;notParas;attributeWithBrackets;handlesCommasInSelector;testSupportsLeadingCombinator;testNamespacedTag;testPseudoGreaterThan;testPseudoBetween;selectSupplementaryCharacter;selectSameElements;testPseudoHas;matchTextAttributes;containsData;testByAttribute;selectClassWithSpace;testByTag;testGroupOr;testCombinedWithContains;testAllElements;notAll;parentChildStar;matchesOwn;testGroupOrAttribute;and;testRelaxedTags;testCharactersInIdAndClass;selectFirstWithAnd;selectFirstWithOr;parentChildElement;parentWithClassChild;splitOnBr;deeperDescendant;testAllWithClass;selectFirst;testByAttributeRegexCharacterClass;containsWithQuote;testByAttributeRegexCombined;testByClassCaseInsensitive;testWildcardNamespacedTag;findBetweenSpan;testPseudoEquals;testNestedHas;testMatches;testByClass;testPseudoLessThan;generalSiblings;multiChildDescent;mixCombinatorGroup
org.jsoup.parser.TokeniserStateTest;testEndTagOpen;testCommentEndBangCoverage;testRcdataLessthanSign;testCommentEndCoverage;handlesLessInTagThanAsNewTag;testBeforeTagName;testCharacterReferenceInRcdata;testRCDATAEndTagName
org.jsoup.parser.TokeniserTest;cp1252EntitiesProduceError;handleSuperLargeAttributeName;handleLargeComment;bufferUpInAttributeVal;handleLargeCdata;handleLargeText;handleSuperLargeTagNames;handleLargeTitle
org.jsoup.select.ElementsTest;unwrapKeepsSpace;siblings;before;hasAbsAttr;classes;eachAttr;remove;unwrap;empty;not;html;after;text;attr;classWithHyphen;val;setHtml;hasClassCaseInsensitive;absAttr;hasAttr;eachText;is;eq;outerHtml;hasText;filter;traverse;tagNameSet;attributes;wrap;unwrapP;forms;parents;wrapDiv
org.jsoup.nodes.TextNodeTest;testSplitText;testSplitAnEmbolden;testTextBean;testLeadNodesHaveNoChildren
org.jsoup.integration.ConnectTest;doesGet;doesPost;doesPostFor307;sendsRequestBody;multiCookieSet;postFiles;doesPut;sendsRequestBodyJsonWithData;sendsRequestBodyWithUrlParams;handlesEmptyStreamDuringParseRead;canConnectToLocalServer;handlesRedirect;sendsRequestBodyJsonWithoutData;multipleParsesOkAfterBufferUp;parseParseThrowsValidates;fetchURl;supportsDeflate;doesNotPostFor302;fetchURIWithWihtespace;bodyAfterParseThrowsValidationError;bodyAndBytesAvailableBeforeParse
org.jsoup.integration.ParseTest;testNewsHomepage;testSmhBizArticle;testYahooArticle;testBaiduVariant;testGoogleSearchIpod;testLowercaseUtf8Charset;testYahooJp;testBrokenHtml5CharsetWithASingleDoubleQuote;testHtml5Charset;testBaidu;testNytArticle
org.jsoup.nodes.FormElementTest;adoptedFormsRetainInputs;createsFormData;createsSubmitableConnection;formsAddedAfterParseAreFormElements;actionWithNoValue;usesOnForCheckboxValueIfNoValueSet;controlsAddedAfterParseAreLinkedWithForms;hasAssociatedControls;actionWithNoBaseUri;removeFormElement
org.jsoup.select.TraversorTest;filterVisit;filterStop;filterSkipChildren;filterRemove;filterSkipEntirely
org.jsoup.parser.TokenQueueTest;testNestedQuotes
[INFO] Writing Coverage in /tmp/icst-2019/september-2018/result/jsoup/commit_11_bdf1df7/commit_coverage_testsThatExecuteTheChanges_coverage.csv
[INFO] org.jsoup.parser.CharacterReader;1;1

[INFO] org.jsoup.parser.TokeniserState;5;5

[INFO] total;6;6

[INFO] ------------------------------------------------------------------------
[INFO] BUILD SUCCESS
[INFO] ------------------------------------------------------------------------
[INFO] Total time: 01:50 min
[INFO] Finished at: 2018-10-02T12:05:37+02:00
[INFO] ------------------------------------------------------------------------
[INFO] 2018-10-02 12:05:37 RepositoriesSetter - {/tmp/icst-2019/september-2018/dataset/jsoup} Cleaning local repository...
[INFO] 2018-10-02 12:05:38 RepositoriesSetter - Checkout 6be19a6fa26e6e5e3d716283bad4b5de0348a8b7 revision...
[INFO] 2018-10-02 12:05:38 RepositoriesSetter - {/tmp/icst-2019/september-2018/dataset/jsoup_parent} Cleaning local repository...
[INFO] 2018-10-02 12:05:38 RepositoriesSetter - Checkout 77966f79996f3fc4c7828b4d02a926c071faf040 revision...
