[INFO] Scanning for projects...
[INFO] 
[INFO] --------------------------< org.jsoup:jsoup >---------------------------
[INFO] Building jsoup Java HTML Parser 1.12.1-SNAPSHOT
[INFO] --------------------------------[ jar ]---------------------------------
[INFO] 
[INFO] --- maven-clean-plugin:2.5:clean (default-clean) @ jsoup ---
[INFO] Deleting /tmp/icst-2019/september-2018/dataset/jsoup/target
[INFO] 
[INFO] --- diff-test-selection:0.5-SNAPSHOT:list (default-cli) @ jsoup ---
[INFO] Computing coverage for /tmp/icst-2019/september-2018/dataset/jsoup
[WARN] Maven will be executed in interactive mode, but no input stream has been configured for this MavenInvoker instance.
[INFO] Scanning for projects...
[INFO] 
[INFO] --------------------------< org.jsoup:jsoup >---------------------------
[INFO] Building jsoup Java HTML Parser 1.12.1-SNAPSHOT
[INFO] --------------------------------[ jar ]---------------------------------
[INFO] 
[INFO] --- maven-clean-plugin:2.5:clean (default-clean) @ jsoup ---
[INFO] 
[INFO] --- clover-maven-plugin:4.2.0:setup (default-cli) @ jsoup ---
[INFO] No 'maven.clover.licenseLocation' configured. Using default license.
[INFO] OpenClover Version 4.2.0, built on April 30 2017 (build-1000)
[INFO] Loaded from: /home/spirals/danglot/.m2/repository/org/openclover/clover/4.2.0/clover-4.2.0.jar
[INFO] Clover free edition.
[INFO] Creating new database at '/tmp/icst-2019/september-2018/dataset/jsoup/target/clover/clover.db'.
[INFO] Processing files at 1.8 source level.
[INFO] Clover all over. Instrumented 67 files (8 packages).
[INFO] Elapsed time = 6.912 secs. (9.693 files/sec, 2,622.106 srclines/sec)
[INFO] OpenClover Version 4.2.0, built on April 30 2017 (build-1000)
[INFO] Loaded from: /home/spirals/danglot/.m2/repository/org/openclover/clover/4.2.0/clover-4.2.0.jar
[INFO] Clover free edition.
[INFO] Updating existing database at '/tmp/icst-2019/september-2018/dataset/jsoup/target/clover/clover.db'.
[INFO] Processing files at 1.8 source level.
[INFO] Clover all over. Instrumented 45 files (9 packages).
[INFO] 705 test methods detected.
[INFO] Elapsed time = 3.248 secs. (13.855 files/sec, 2,995.382 srclines/sec)
[INFO] 
[INFO] --- maven-resources-plugin:3.0.1:resources (default-resources) @ jsoup ---
[INFO] Using 'UTF-8' encoding to copy filtered resources.
[INFO] Copying 0 resource
[INFO] Copying 3 resources to META-INF/
[INFO] Copying 1 resource
[INFO] 
[INFO] --- maven-compiler-plugin:3.5.1:compile (default-compile) @ jsoup ---
[INFO] Changes detected - recompiling the module!
[INFO] Compiling 67 source files to /tmp/icst-2019/september-2018/dataset/jsoup/target/classes
[INFO] /tmp/icst-2019/september-2018/dataset/jsoup/target/clover/src-instrumented/org/jsoup/nodes/Attributes.java: /tmp/icst-2019/september-2018/dataset/jsoup/target/clover/src-instrumented/org/jsoup/nodes/Attributes.java uses or overrides a deprecated API.
[INFO] /tmp/icst-2019/september-2018/dataset/jsoup/target/clover/src-instrumented/org/jsoup/nodes/Attributes.java: Recompile with -Xlint:deprecation for details.
[INFO] 
[INFO] --- animal-sniffer-maven-plugin:1.16:check (animal-sniffer) @ jsoup ---
[INFO] Checking unresolved references to net.sf.androidscents.signature:android-api-level-8:2.2_r3
[INFO] 
[INFO] >>> maven-bundle-plugin:2.5.4:manifest (bundle-manifest) > process-classes @ jsoup >>>
[INFO] 
[INFO] --- maven-resources-plugin:3.0.1:resources (default-resources) @ jsoup ---
[INFO] Using 'UTF-8' encoding to copy filtered resources.
[INFO] Copying 0 resource
[INFO] Copying 3 resources to META-INF/
[INFO] Copying 1 resource
[INFO] 
[INFO] --- maven-compiler-plugin:3.5.1:compile (default-compile) @ jsoup ---
[INFO] Changes detected - recompiling the module!
[INFO] Compiling 67 source files to /tmp/icst-2019/september-2018/dataset/jsoup/target/classes
[INFO] /tmp/icst-2019/september-2018/dataset/jsoup/target/clover/src-instrumented/org/jsoup/nodes/Attributes.java: /tmp/icst-2019/september-2018/dataset/jsoup/target/clover/src-instrumented/org/jsoup/nodes/Attributes.java uses or overrides a deprecated API.
[INFO] /tmp/icst-2019/september-2018/dataset/jsoup/target/clover/src-instrumented/org/jsoup/nodes/Attributes.java: Recompile with -Xlint:deprecation for details.
[INFO] 
[INFO] --- animal-sniffer-maven-plugin:1.16:check (animal-sniffer) @ jsoup ---
[INFO] Checking unresolved references to net.sf.androidscents.signature:android-api-level-8:2.2_r3
[INFO] 
[INFO] <<< maven-bundle-plugin:2.5.4:manifest (bundle-manifest) < process-classes @ jsoup <<<
[INFO] 
[INFO] 
[INFO] --- maven-bundle-plugin:2.5.4:manifest (bundle-manifest) @ jsoup ---
[INFO] 
[INFO] --- maven-resources-plugin:3.0.1:testResources (default-testResources) @ jsoup ---
[INFO] Using 'UTF-8' encoding to copy filtered resources.
[INFO] Copying 25 resources
[INFO] 
[INFO] --- maven-compiler-plugin:3.5.1:testCompile (default-testCompile) @ jsoup ---
[INFO] Changes detected - recompiling the module!
[INFO] Compiling 45 source files to /tmp/icst-2019/september-2018/dataset/jsoup/target/test-classes
[INFO] /tmp/icst-2019/september-2018/dataset/jsoup/target/clover/src-test-instrumented/org/jsoup/parser/AttributeParseTest.java: Some input files use or override a deprecated API.
[INFO] /tmp/icst-2019/september-2018/dataset/jsoup/target/clover/src-test-instrumented/org/jsoup/parser/AttributeParseTest.java: Recompile with -Xlint:deprecation for details.
[INFO] 
[INFO] --- maven-surefire-plugin:2.12.4:test (default-test) @ jsoup ---
[INFO] Surefire report directory: /tmp/icst-2019/september-2018/dataset/jsoup/target/surefire-reports

-------------------------------------------------------
 T E S T S
-------------------------------------------------------
Running org.jsoup.select.SelectorTest
Tests run: 62, Failures: 0, Errors: 0, Skipped: 0, Time elapsed: 1.603 sec
Running org.jsoup.select.QueryParserTest
Tests run: 4, Failures: 0, Errors: 0, Skipped: 0, Time elapsed: 0.039 sec
Running org.jsoup.select.ElementsTest
Tests run: 34, Failures: 0, Errors: 0, Skipped: 0, Time elapsed: 0.47 sec
Running org.jsoup.select.CssTest
Tests run: 17, Failures: 0, Errors: 0, Skipped: 0, Time elapsed: 0.514 sec
Running org.jsoup.select.TraversorTest
Tests run: 5, Failures: 0, Errors: 0, Skipped: 0, Time elapsed: 0.084 sec
Running org.jsoup.integration.ParseTest
Tests run: 12, Failures: 0, Errors: 0, Skipped: 0, Time elapsed: 1.732 sec
Running org.jsoup.integration.ConnectTest
2018-10-02 03:00:46.787:INFO::main: Logging initialized @5412ms
2018-10-02 03:00:46.938:INFO:oejs.Server:main: jetty-9.2.22.v20170606
2018-10-02 03:00:47.133:INFO:oejs.ServerConnector:main: Started ServerConnector@54bbc726{HTTP/1.1}{0.0.0.0:59093}
2018-10-02 03:00:47.135:INFO:oejs.Server:main: Started @5759ms
2018-10-02 03:00:49.062:INFO:oejs.ServerConnector:main: Stopped ServerConnector@54bbc726{HTTP/1.1}{0.0.0.0:0}
Tests run: 25, Failures: 0, Errors: 0, Skipped: 5, Time elapsed: 2.475 sec
Running org.jsoup.integration.UrlConnectTest
Tests run: 1, Failures: 0, Errors: 0, Skipped: 1, Time elapsed: 0.002 sec
Running org.jsoup.parser.ParserSettingsTest
Tests run: 3, Failures: 0, Errors: 0, Skipped: 0, Time elapsed: 0.02 sec
Running org.jsoup.parser.HtmlTreeBuilderStateTest
Tests run: 1, Failures: 0, Errors: 0, Skipped: 0, Time elapsed: 0.008 sec
Running org.jsoup.parser.TokeniserStateTest
Tests run: 11, Failures: 0, Errors: 0, Skipped: 0, Time elapsed: 0.23 sec
Running org.jsoup.parser.TagTest
Tests run: 10, Failures: 0, Errors: 0, Skipped: 0, Time elapsed: 0.041 sec
Running org.jsoup.parser.CharacterReaderTest
Tests run: 22, Failures: 0, Errors: 0, Skipped: 1, Time elapsed: 0.075 sec
Running org.jsoup.parser.XmlTreeBuilderTest
Tests run: 22, Failures: 0, Errors: 0, Skipped: 1, Time elapsed: 0.13 sec
Running org.jsoup.parser.HtmlParserTest
Tests run: 128, Failures: 2, Errors: 0, Skipped: 1, Time elapsed: 6.404 sec <<< FAILURE!
handlesDeepStack(org.jsoup.parser.HtmlParserTest)  Time elapsed: 4.356 sec  <<< FAILURE!
java.lang.AssertionError
	at org.junit.Assert.fail(Assert.java:86)
	at org.junit.Assert.assertTrue(Assert.java:41)
	at org.junit.Assert.assertTrue(Assert.java:52)
	at org.jsoup.parser.HtmlParserTest.__CLR4_2_0gl9t7cb1p(HtmlParserTest.java:994)
	at org.jsoup.parser.HtmlParserTest.handlesDeepStack(HtmlParserTest.java:974)
	at sun.reflect.NativeMethodAccessorImpl.invoke0(Native Method)
	at sun.reflect.NativeMethodAccessorImpl.invoke(NativeMethodAccessorImpl.java:62)
	at sun.reflect.DelegatingMethodAccessorImpl.invoke(DelegatingMethodAccessorImpl.java:43)
	at java.lang.reflect.Method.invoke(Method.java:498)
	at org.junit.runners.model.FrameworkMethod$1.runReflectiveCall(FrameworkMethod.java:50)
	at org.junit.internal.runners.model.ReflectiveCallable.run(ReflectiveCallable.java:12)
	at org.junit.runners.model.FrameworkMethod.invokeExplosively(FrameworkMethod.java:47)
	at org.junit.internal.runners.statements.InvokeMethod.evaluate(InvokeMethod.java:17)
	at org.junit.runners.ParentRunner.runLeaf(ParentRunner.java:325)
	at org.junit.runners.BlockJUnit4ClassRunner.runChild(BlockJUnit4ClassRunner.java:78)
	at org.junit.runners.BlockJUnit4ClassRunner.runChild(BlockJUnit4ClassRunner.java:57)
	at org.junit.runners.ParentRunner$3.run(ParentRunner.java:290)
	at org.junit.runners.ParentRunner$1.schedule(ParentRunner.java:71)
	at org.junit.runners.ParentRunner.runChildren(ParentRunner.java:288)
	at org.junit.runners.ParentRunner.access$000(ParentRunner.java:58)
	at org.junit.runners.ParentRunner$2.evaluate(ParentRunner.java:268)
	at org.junit.runners.ParentRunner.run(ParentRunner.java:363)
	at org.apache.maven.surefire.junit4.JUnit4Provider.execute(JUnit4Provider.java:252)
	at org.apache.maven.surefire.junit4.JUnit4Provider.executeTestSet(JUnit4Provider.java:141)
	at org.apache.maven.surefire.junit4.JUnit4Provider.invoke(JUnit4Provider.java:112)
	at sun.reflect.NativeMethodAccessorImpl.invoke0(Native Method)
	at sun.reflect.NativeMethodAccessorImpl.invoke(NativeMethodAccessorImpl.java:62)
	at sun.reflect.DelegatingMethodAccessorImpl.invoke(DelegatingMethodAccessorImpl.java:43)
	at java.lang.reflect.Method.invoke(Method.java:498)
	at org.apache.maven.surefire.util.ReflectionUtils.invokeMethodWithArray(ReflectionUtils.java:189)
	at org.apache.maven.surefire.booter.ProviderFactory$ProviderProxy.invoke(ProviderFactory.java:165)
	at org.apache.maven.surefire.booter.ProviderFactory.invokeProvider(ProviderFactory.java:85)
	at org.apache.maven.surefire.booter.ForkedBooter.runSuitesInProcess(ForkedBooter.java:115)
	at org.apache.maven.surefire.booter.ForkedBooter.main(ForkedBooter.java:75)

handlesManyChildren(org.jsoup.parser.HtmlParserTest)  Time elapsed: 1.184 sec  <<< FAILURE!
java.lang.AssertionError
	at org.junit.Assert.fail(Assert.java:86)
	at org.junit.Assert.assertTrue(Assert.java:41)
	at org.junit.Assert.assertTrue(Assert.java:52)
	at org.jsoup.parser.HtmlParserTest.__CLR4_2_0b8f634b1f(HtmlParserTest.java:971)
	at org.jsoup.parser.HtmlParserTest.handlesManyChildren(HtmlParserTest.java:958)
	at sun.reflect.NativeMethodAccessorImpl.invoke0(Native Method)
	at sun.reflect.NativeMethodAccessorImpl.invoke(NativeMethodAccessorImpl.java:62)
	at sun.reflect.DelegatingMethodAccessorImpl.invoke(DelegatingMethodAccessorImpl.java:43)
	at java.lang.reflect.Method.invoke(Method.java:498)
	at org.junit.runners.model.FrameworkMethod$1.runReflectiveCall(FrameworkMethod.java:50)
	at org.junit.internal.runners.model.ReflectiveCallable.run(ReflectiveCallable.java:12)
	at org.junit.runners.model.FrameworkMethod.invokeExplosively(FrameworkMethod.java:47)
	at org.junit.internal.runners.statements.InvokeMethod.evaluate(InvokeMethod.java:17)
	at org.junit.runners.ParentRunner.runLeaf(ParentRunner.java:325)
	at org.junit.runners.BlockJUnit4ClassRunner.runChild(BlockJUnit4ClassRunner.java:78)
	at org.junit.runners.BlockJUnit4ClassRunner.runChild(BlockJUnit4ClassRunner.java:57)
	at org.junit.runners.ParentRunner$3.run(ParentRunner.java:290)
	at org.junit.runners.ParentRunner$1.schedule(ParentRunner.java:71)
	at org.junit.runners.ParentRunner.runChildren(ParentRunner.java:288)
	at org.junit.runners.ParentRunner.access$000(ParentRunner.java:58)
	at org.junit.runners.ParentRunner$2.evaluate(ParentRunner.java:268)
	at org.junit.runners.ParentRunner.run(ParentRunner.java:363)
	at org.apache.maven.surefire.junit4.JUnit4Provider.execute(JUnit4Provider.java:252)
	at org.apache.maven.surefire.junit4.JUnit4Provider.executeTestSet(JUnit4Provider.java:141)
	at org.apache.maven.surefire.junit4.JUnit4Provider.invoke(JUnit4Provider.java:112)
	at sun.reflect.NativeMethodAccessorImpl.invoke0(Native Method)
	at sun.reflect.NativeMethodAccessorImpl.invoke(NativeMethodAccessorImpl.java:62)
	at sun.reflect.DelegatingMethodAccessorImpl.invoke(DelegatingMethodAccessorImpl.java:43)
	at java.lang.reflect.Method.invoke(Method.java:498)
	at org.apache.maven.surefire.util.ReflectionUtils.invokeMethodWithArray(ReflectionUtils.java:189)
	at org.apache.maven.surefire.booter.ProviderFactory$ProviderProxy.invoke(ProviderFactory.java:165)
	at org.apache.maven.surefire.booter.ProviderFactory.invokeProvider(ProviderFactory.java:85)
	at org.apache.maven.surefire.booter.ForkedBooter.runSuitesInProcess(ForkedBooter.java:115)
	at org.apache.maven.surefire.booter.ForkedBooter.main(ForkedBooter.java:75)

Running org.jsoup.parser.TokeniserTest
Tests run: 10, Failures: 0, Errors: 0, Skipped: 0, Time elapsed: 0.232 sec
Running org.jsoup.parser.HtmlTreeBuilderTest
Tests run: 1, Failures: 0, Errors: 0, Skipped: 0, Time elapsed: 0.022 sec
Running org.jsoup.parser.AttributeParseTest
Tests run: 8, Failures: 0, Errors: 0, Skipped: 0, Time elapsed: 0.022 sec
Running org.jsoup.parser.TokenQueueTest
Tests run: 8, Failures: 0, Errors: 0, Skipped: 0, Time elapsed: 0.037 sec
Running org.jsoup.nodes.ElementTest
Tests run: 91, Failures: 0, Errors: 0, Skipped: 0, Time elapsed: 0.438 sec
Running org.jsoup.nodes.DocumentTypeTest
Tests run: 5, Failures: 0, Errors: 0, Skipped: 0, Time elapsed: 0.017 sec
Running org.jsoup.nodes.EntitiesTest
Tests run: 15, Failures: 0, Errors: 0, Skipped: 0, Time elapsed: 0.057 sec
Running org.jsoup.nodes.AttributesTest
Tests run: 8, Failures: 0, Errors: 0, Skipped: 0, Time elapsed: 0.074 sec
Running org.jsoup.nodes.NodeTest
Tests run: 25, Failures: 0, Errors: 0, Skipped: 0, Time elapsed: 0.103 sec
Running org.jsoup.nodes.DocumentTest
Tests run: 29, Failures: 0, Errors: 0, Skipped: 1, Time elapsed: 0.339 sec
Running org.jsoup.nodes.FormElementTest
Tests run: 10, Failures: 0, Errors: 0, Skipped: 0, Time elapsed: 0.065 sec
Running org.jsoup.nodes.AttributeTest
Tests run: 2, Failures: 0, Errors: 0, Skipped: 0, Time elapsed: 0.004 sec
Running org.jsoup.nodes.TextNodeTest
Tests run: 6, Failures: 0, Errors: 0, Skipped: 0, Time elapsed: 0.027 sec
Running org.jsoup.internal.ConstrainableInputStreamTest
Tests run: 1, Failures: 0, Errors: 0, Skipped: 1, Time elapsed: 0 sec
Running org.jsoup.safety.CleanerTest
Tests run: 33, Failures: 0, Errors: 0, Skipped: 0, Time elapsed: 0.23 sec
Running org.jsoup.helper.DataUtilTest
Tests run: 15, Failures: 0, Errors: 0, Skipped: 0, Time elapsed: 0.1 sec
Running org.jsoup.helper.W3CDomTest
Tests run: 5, Failures: 0, Errors: 0, Skipped: 0, Time elapsed: 0.613 sec
Running org.jsoup.helper.StringUtilTest
Tests run: 9, Failures: 0, Errors: 0, Skipped: 0, Time elapsed: 0.024 sec
Running org.jsoup.helper.HttpConnectionTest
Tests run: 21, Failures: 0, Errors: 0, Skipped: 0, Time elapsed: 0.062 sec

Results :

Failed tests:   handlesDeepStack(org.jsoup.parser.HtmlParserTest)
  handlesManyChildren(org.jsoup.parser.HtmlParserTest)

Tests run: 659, Failures: 2, Errors: 0, Skipped: 11

[INFO] ------------------------------------------------------------------------
[INFO] BUILD FAILURE
[INFO] ------------------------------------------------------------------------
[INFO] Total time: 01:06 min
[INFO] Finished at: 2018-10-02T03:00:58+02:00
[INFO] ------------------------------------------------------------------------
[ERROR] Failed to execute goal org.apache.maven.plugins:maven-surefire-plugin:2.12.4:test (default-test) on project jsoup: There are test failures.
[ERROR] 
[ERROR] Please refer to /tmp/icst-2019/september-2018/dataset/jsoup/target/surefire-reports for the individual test results.
[ERROR] -> [Help 1]
[ERROR] 
[ERROR] To see the full stack trace of the errors, re-run Maven with the -e switch.
[ERROR] Re-run Maven using the -X switch to enable full debug logging.
[ERROR] 
[ERROR] For more information about the errors and possible solutions, please read the following articles:
[ERROR] [Help 1] http://cwiki.apache.org/confluence/display/MAVEN/MojoFailureException
Writing HTML report to '/tmp/icst-2019/september-2018/dataset/jsoup/target/clover/report'
Done. Processed 10 packages in 25812ms (2581ms per package).
[INFO] /tmp/icst-2019/september-2018/dataset/jsoup/src/main/java/org/jsoup/helper/DataUtil.java
[INFO] /tmp/icst-2019/september-2018/dataset/jsoup_parent/src/main/java/org/jsoup/helper/DataUtil.java
[info] org.jsoup.helper.DataUtil:138 is modified.
[info] org.jsoup.helper.DataUtil:138 is modified.
[info] org.jsoup.helper.DataUtil:143 is modified.
[info] org.jsoup.helper.DataUtil:130 is modified.
[info] org.jsoup.helper.DataUtil:133 is modified.
[info] org.jsoup.helper.DataUtil:143 is modified.
[info] org.jsoup.helper.DataUtil:133 is modified.
[info] org.jsoup.helper.DataUtil:133 is modified.
[info] org.jsoup.helper.DataUtil:134 is modified.
[info] org.jsoup.helper.DataUtil:134 is modified.
[info] org.jsoup.helper.DataUtil:136 is modified.
[info] org.jsoup.helper.DataUtil:139 is modified.
[info] org.jsoup.helper.DataUtil:140 is modified.
[info] org.jsoup.helper.DataUtil:140 is modified.
[info] org.jsoup.helper.DataUtil:139 is modified.
[info] org.jsoup.helper.DataUtil:137 is modified.
[info] org.jsoup.helper.DataUtil:135 is modified.
[info] org.jsoup.helper.DataUtil:142 is modified.
[info] org.jsoup.helper.DataUtil:132 covered.
[info] org.jsoup.helper.DataUtil:143 covered.
[info] org.jsoup.helper.DataUtil:135 covered.
[info] org.jsoup.helper.DataUtil:133 covered.
[info] org.jsoup.helper.DataUtil:144 covered.
[info] org.jsoup.helper.DataUtil:134 covered.
[info] org.jsoup.helper.DataUtil:136 covered.
[info] org.jsoup.helper.DataUtil:142 covered.
[info] org.jsoup.helper.DataUtil:137 covered.
[info] org.jsoup.helper.DataUtil:138 covered.
[info] org.jsoup.helper.DataUtil:139 covered.
[info] org.jsoup.helper.DataUtil:140 covered.
[INFO] /tmp/icst-2019/september-2018/dataset/jsoup/src/main/java/org/jsoup/nodes/Comment.java
[INFO] /tmp/icst-2019/september-2018/dataset/jsoup_parent/src/main/java/org/jsoup/nodes/Comment.java
[info] org.jsoup.nodes.Comment:66 is modified.
[info] org.jsoup.nodes.Comment:66 is modified.
[info] org.jsoup.nodes.Comment:66 is modified.
[info] org.jsoup.nodes.Comment:67 is modified.
[info] org.jsoup.nodes.Comment:67 is modified.
[info] org.jsoup.nodes.Comment:67 is modified.
[info] org.jsoup.nodes.Comment:67 is modified.
[info] org.jsoup.nodes.Comment:75 is modified.
[info] org.jsoup.nodes.Comment:75 is modified.
[info] org.jsoup.nodes.Comment:75 is modified.
[info] org.jsoup.nodes.Comment:76 is modified.
[info] org.jsoup.nodes.Comment:76 is modified.
[info] org.jsoup.nodes.Comment:76 is modified.
[info] org.jsoup.nodes.Comment:76 is modified.
[info] org.jsoup.nodes.Comment:76 is modified.
[info] org.jsoup.nodes.Comment:76 is modified.
[info] org.jsoup.nodes.Comment:76 is modified.
[info] org.jsoup.nodes.Comment:77 is modified.
[info] org.jsoup.nodes.Comment:77 is modified.
[info] org.jsoup.nodes.Comment:78 is modified.
[info] org.jsoup.nodes.Comment:79 is modified.
[info] org.jsoup.nodes.Comment:79 is modified.
[info] org.jsoup.nodes.Comment:79 is modified.
[info] org.jsoup.nodes.Comment:80 is modified.
[info] org.jsoup.nodes.Comment:80 is modified.
[info] org.jsoup.nodes.Comment:80 is modified.
[info] org.jsoup.nodes.Comment:80 is modified.
[info] org.jsoup.nodes.Comment:80 is modified.
[info] org.jsoup.nodes.Comment:80 is modified.
[info] org.jsoup.nodes.Comment:80 is modified.
[info] org.jsoup.nodes.Comment:81 is modified.
[info] org.jsoup.nodes.Comment:81 is modified.
[info] org.jsoup.nodes.Comment:81 is modified.
[info] org.jsoup.nodes.Comment:78 is modified.
[info] org.jsoup.nodes.Comment:83 is modified.
[info] org.jsoup.nodes.Comment:66 covered.
[info] org.jsoup.nodes.Comment:67 covered.
[info] org.jsoup.nodes.Comment:75 covered.
[info] org.jsoup.nodes.Comment:76 covered.
[info] org.jsoup.nodes.Comment:77 covered.
[info] org.jsoup.nodes.Comment:78 covered.
[info] org.jsoup.nodes.Comment:79 covered.
[info] org.jsoup.nodes.Comment:80 covered.
[info] org.jsoup.nodes.Comment:81 covered.
[info] org.jsoup.nodes.Comment:83 covered.
[INFO] /tmp/icst-2019/september-2018/dataset/jsoup/src/main/java/org/jsoup/parser/XmlTreeBuilder.java
[INFO] /tmp/icst-2019/september-2018/dataset/jsoup_parent/src/main/java/org/jsoup/parser/XmlTreeBuilder.java
[info] org.jsoup.parser.XmlTreeBuilder:93 is modified.
[info] org.jsoup.parser.XmlTreeBuilder:95 is modified.
[info] org.jsoup.parser.XmlTreeBuilder:96 is modified.
[info] org.jsoup.parser.XmlTreeBuilder:95 is modified.
[info] org.jsoup.parser.XmlTreeBuilder:95 is modified.
[info] org.jsoup.parser.XmlTreeBuilder:95 is modified.
[info] org.jsoup.parser.XmlTreeBuilder:92 is modified.
[info] org.jsoup.parser.XmlTreeBuilder:92 is modified.
[info] org.jsoup.parser.XmlTreeBuilder:96 is modified.
[info] org.jsoup.parser.XmlTreeBuilder:96 is modified.
[info] org.jsoup.parser.XmlTreeBuilder:95 is modified.
[info] org.jsoup.parser.XmlTreeBuilder:97 is modified.
[info] org.jsoup.parser.XmlTreeBuilder:98 is modified.
[info] org.jsoup.parser.XmlTreeBuilder:99 is modified.
[info] org.jsoup.parser.XmlTreeBuilder:101 is modified.
[info] org.jsoup.parser.XmlTreeBuilder:99 is modified.
[info] org.jsoup.parser.XmlTreeBuilder:99 is modified.
[info] org.jsoup.parser.XmlTreeBuilder:100 is modified.
[info] org.jsoup.parser.XmlTreeBuilder:101 is modified.
[info] org.jsoup.parser.XmlTreeBuilder:101 is modified.
[info] org.jsoup.parser.XmlTreeBuilder:97 is modified.
[info] org.jsoup.parser.XmlTreeBuilder:100 is modified.
[info] org.jsoup.parser.XmlTreeBuilder:100 is modified.
[info] org.jsoup.parser.XmlTreeBuilder:100 is modified.
[info] org.jsoup.parser.XmlTreeBuilder:97 is modified.
[info] org.jsoup.parser.XmlTreeBuilder:92 is modified.
[info] org.jsoup.parser.XmlTreeBuilder:92 covered.
[info] org.jsoup.parser.XmlTreeBuilder:95 covered.
[info] org.jsoup.parser.XmlTreeBuilder:96 covered.
[info] org.jsoup.parser.XmlTreeBuilder:97 covered.
[info] org.jsoup.parser.XmlTreeBuilder:99 covered.
[INFO] /tmp/icst-2019/september-2018/dataset/jsoup/src/test/java/org/jsoup/helper/DataUtilTest.java
[INFO] /tmp/icst-2019/september-2018/dataset/jsoup_parent/src/test/java/org/jsoup/helper/DataUtilTest.java
[info] org.jsoup.helper.DataUtilTest:170 is modified.
[info] org.jsoup.helper.DataUtilTest:170 is modified.
[info] org.jsoup.helper.DataUtilTest:171 is modified.
[info] org.jsoup.helper.DataUtilTest:171 is modified.
[info] org.jsoup.helper.DataUtilTest:171 is modified.
[info] org.jsoup.helper.DataUtilTest:171 is modified.
[info] org.jsoup.helper.DataUtilTest:177 is modified.
[info] org.jsoup.helper.DataUtilTest:177 is modified.
[info] org.jsoup.helper.DataUtilTest:177 is modified.
[info] org.jsoup.helper.DataUtilTest:178 is modified.
[info] org.jsoup.helper.DataUtilTest:178 is modified.
[info] org.jsoup.helper.DataUtilTest:178 is modified.
[INFO] Saving result in /tmp/icst-2019/september-2018/result/jsoup/commit_15_e38dfd4/commit_coverage_testsThatExecuteTheChanges.csv ...
[INFO] org.jsoup.parser.XmlTreeBuilderTest;caseSensitiveDeclaration;testSupplyParserToDataStream;handlesXmlDeclarationAsDeclaration;testDetectCharsetEncodingDeclaration;handlesDodgyXmlDecl;testCommentAndDocType;testParseDeclarationAttributes
org.jsoup.nodes.DocumentTest;testLocation;testShiftJisRoundtrip
org.jsoup.helper.DataUtilTest;firstMetaElementWithCharsetShouldBeUsedForDecoding;supportsXmlCharsetDeclaration;secondMetaElementWithContentTypeContainsCharsetParameter;wrongMetaCharsetFallback
org.jsoup.integration.ParseTest;testBaiduVariant;testLowercaseUtf8Charset;testBrokenHtml5CharsetWithASingleDoubleQuote;testHtml5Charset;testNytArticle;testBaidu
[INFO] Writing Coverage in /tmp/icst-2019/september-2018/result/jsoup/commit_15_e38dfd4/commit_coverage_testsThatExecuteTheChanges_coverage.csv
[INFO] org.jsoup.helper.DataUtil;12;11

[INFO] org.jsoup.nodes.Comment;10;10

[INFO] org.jsoup.parser.XmlTreeBuilder;5;9

[INFO] total;27;30

[INFO] ------------------------------------------------------------------------
[INFO] BUILD SUCCESS
[INFO] ------------------------------------------------------------------------
[INFO] Total time: 01:48 min
[INFO] Finished at: 2018-10-02T03:01:33+02:00
[INFO] ------------------------------------------------------------------------
[INFO] 2018-10-02 03:01:34 RepositoriesSetter - {/tmp/icst-2019/september-2018/dataset/jsoup} Cleaning local repository...
[INFO] 2018-10-02 03:01:34 RepositoriesSetter - Checkout 850a9cc02fb72cc450d1a9dc41912fa80fee9020 revision...
[INFO] 2018-10-02 03:01:34 RepositoriesSetter - {/tmp/icst-2019/september-2018/dataset/jsoup_parent} Cleaning local repository...
[INFO] 2018-10-02 03:01:34 RepositoriesSetter - Checkout bf6667c439a1fa29ea50d531b65633ffe150d16b revision...
