[INFO] Scanning for projects...
[INFO] 
[INFO] --------------------------< org.jsoup:jsoup >---------------------------
[INFO] Building jsoup Java HTML Parser 1.12.1-SNAPSHOT
[INFO] --------------------------------[ jar ]---------------------------------
[INFO] 
[INFO] --- maven-clean-plugin:2.5:clean (default-clean) @ jsoup ---
[INFO] Deleting /tmp/icst-2019/september-2018/dataset/jsoup_parent/target
[INFO] 
[INFO] --- diff-test-selection:0.5-SNAPSHOT:list (default-cli) @ jsoup ---
[INFO] Computing coverage for /tmp/icst-2019/september-2018/dataset/jsoup_parent
[WARN] Maven will be executed in interactive mode, but no input stream has been configured for this MavenInvoker instance.
[INFO] Scanning for projects...
[INFO] 
[INFO] --------------------------< org.jsoup:jsoup >---------------------------
[INFO] Building jsoup Java HTML Parser 1.12.1-SNAPSHOT
[INFO] --------------------------------[ jar ]---------------------------------
[INFO] 
[INFO] --- maven-clean-plugin:2.5:clean (default-clean) @ jsoup ---
[INFO] 
[INFO] --- clover-maven-plugin:4.2.0:setup (default-cli) @ jsoup ---
[INFO] No 'maven.clover.licenseLocation' configured. Using default license.
[INFO] OpenClover Version 4.2.0, built on April 30 2017 (build-1000)
[INFO] Loaded from: /home/spirals/danglot/.m2/repository/org/openclover/clover/4.2.0/clover-4.2.0.jar
[INFO] Clover free edition.
[INFO] Creating new database at '/tmp/icst-2019/september-2018/dataset/jsoup_parent/target/clover/clover.db'.
[INFO] Processing files at 1.8 source level.
[INFO] Clover all over. Instrumented 68 files (8 packages).
[INFO] Elapsed time = 3.953 secs. (17.202 files/sec, 4,587.655 srclines/sec)
[INFO] OpenClover Version 4.2.0, built on April 30 2017 (build-1000)
[INFO] Loaded from: /home/spirals/danglot/.m2/repository/org/openclover/clover/4.2.0/clover-4.2.0.jar
[INFO] Clover free edition.
[INFO] Updating existing database at '/tmp/icst-2019/september-2018/dataset/jsoup_parent/target/clover/clover.db'.
[INFO] Processing files at 1.8 source level.
[INFO] Clover all over. Instrumented 46 files (9 packages).
[INFO] 714 test methods detected.
[INFO] Elapsed time = 2.491 secs. (18.466 files/sec, 3,985.949 srclines/sec)
[INFO] 
[INFO] --- maven-resources-plugin:3.0.1:resources (default-resources) @ jsoup ---
[INFO] Using 'UTF-8' encoding to copy filtered resources.
[INFO] Copying 0 resource
[INFO] Copying 3 resources to META-INF/
[INFO] Copying 1 resource
[INFO] 
[INFO] --- maven-compiler-plugin:3.5.1:compile (default-compile) @ jsoup ---
[INFO] Changes detected - recompiling the module!
[INFO] Compiling 68 source files to /tmp/icst-2019/september-2018/dataset/jsoup_parent/target/classes
[INFO] /tmp/icst-2019/september-2018/dataset/jsoup_parent/target/clover/src-instrumented/org/jsoup/nodes/Attributes.java: /tmp/icst-2019/september-2018/dataset/jsoup_parent/target/clover/src-instrumented/org/jsoup/nodes/Attributes.java uses or overrides a deprecated API.
[INFO] /tmp/icst-2019/september-2018/dataset/jsoup_parent/target/clover/src-instrumented/org/jsoup/nodes/Attributes.java: Recompile with -Xlint:deprecation for details.
[INFO] 
[INFO] --- animal-sniffer-maven-plugin:1.16:check (animal-sniffer) @ jsoup ---
[INFO] Checking unresolved references to net.sf.androidscents.signature:android-api-level-8:2.2_r3
[INFO] 
[INFO] >>> maven-bundle-plugin:2.5.4:manifest (bundle-manifest) > process-classes @ jsoup >>>
[INFO] 
[INFO] --- maven-resources-plugin:3.0.1:resources (default-resources) @ jsoup ---
[INFO] Using 'UTF-8' encoding to copy filtered resources.
[INFO] Copying 0 resource
[INFO] Copying 3 resources to META-INF/
[INFO] Copying 1 resource
[INFO] 
[INFO] --- maven-compiler-plugin:3.5.1:compile (default-compile) @ jsoup ---
[INFO] Changes detected - recompiling the module!
[INFO] Compiling 68 source files to /tmp/icst-2019/september-2018/dataset/jsoup_parent/target/classes
[INFO] /tmp/icst-2019/september-2018/dataset/jsoup_parent/target/clover/src-instrumented/org/jsoup/nodes/Attributes.java: /tmp/icst-2019/september-2018/dataset/jsoup_parent/target/clover/src-instrumented/org/jsoup/nodes/Attributes.java uses or overrides a deprecated API.
[INFO] /tmp/icst-2019/september-2018/dataset/jsoup_parent/target/clover/src-instrumented/org/jsoup/nodes/Attributes.java: Recompile with -Xlint:deprecation for details.
[INFO] 
[INFO] --- animal-sniffer-maven-plugin:1.16:check (animal-sniffer) @ jsoup ---
[INFO] Checking unresolved references to net.sf.androidscents.signature:android-api-level-8:2.2_r3
[INFO] 
[INFO] <<< maven-bundle-plugin:2.5.4:manifest (bundle-manifest) < process-classes @ jsoup <<<
[INFO] 
[INFO] 
[INFO] --- maven-bundle-plugin:2.5.4:manifest (bundle-manifest) @ jsoup ---
[INFO] 
[INFO] --- maven-resources-plugin:3.0.1:testResources (default-testResources) @ jsoup ---
[INFO] Using 'UTF-8' encoding to copy filtered resources.
[INFO] Copying 25 resources
[INFO] 
[INFO] --- maven-compiler-plugin:3.5.1:testCompile (default-testCompile) @ jsoup ---
[INFO] Changes detected - recompiling the module!
[INFO] Compiling 46 source files to /tmp/icst-2019/september-2018/dataset/jsoup_parent/target/test-classes
[INFO] /tmp/icst-2019/september-2018/dataset/jsoup_parent/target/clover/src-test-instrumented/org/jsoup/parser/AttributeParseTest.java: Some input files use or override a deprecated API.
[INFO] /tmp/icst-2019/september-2018/dataset/jsoup_parent/target/clover/src-test-instrumented/org/jsoup/parser/AttributeParseTest.java: Recompile with -Xlint:deprecation for details.
[INFO] 
[INFO] --- maven-surefire-plugin:2.12.4:test (default-test) @ jsoup ---
[INFO] Surefire report directory: /tmp/icst-2019/september-2018/dataset/jsoup_parent/target/surefire-reports

-------------------------------------------------------
 T E S T S
-------------------------------------------------------
Running org.jsoup.nodes.AttributesTest
Tests run: 8, Failures: 0, Errors: 0, Skipped: 0, Time elapsed: 0.311 sec
Running org.jsoup.nodes.FormElementTest
Tests run: 10, Failures: 0, Errors: 0, Skipped: 0, Time elapsed: 0.263 sec
Running org.jsoup.nodes.TextNodeTest
Tests run: 6, Failures: 0, Errors: 0, Skipped: 0, Time elapsed: 0.026 sec
Running org.jsoup.nodes.EntitiesTest
Tests run: 15, Failures: 0, Errors: 0, Skipped: 0, Time elapsed: 0.045 sec
Running org.jsoup.nodes.NodeTest
Tests run: 25, Failures: 0, Errors: 0, Skipped: 0, Time elapsed: 0.098 sec
Running org.jsoup.nodes.DocumentTypeTest
Tests run: 5, Failures: 0, Errors: 0, Skipped: 0, Time elapsed: 0.029 sec
Running org.jsoup.nodes.ElementTest
Tests run: 93, Failures: 0, Errors: 0, Skipped: 0, Time elapsed: 0.451 sec
Running org.jsoup.nodes.AttributeTest
Tests run: 2, Failures: 0, Errors: 0, Skipped: 0, Time elapsed: 0.001 sec
Running org.jsoup.nodes.DocumentTest
Tests run: 29, Failures: 0, Errors: 0, Skipped: 1, Time elapsed: 0.387 sec
Running org.jsoup.select.QueryParserTest
Tests run: 4, Failures: 0, Errors: 0, Skipped: 0, Time elapsed: 0.013 sec
Running org.jsoup.select.SelectorTest
Tests run: 62, Failures: 0, Errors: 0, Skipped: 0, Time elapsed: 0.319 sec
Running org.jsoup.select.ElementsTest
Tests run: 34, Failures: 0, Errors: 0, Skipped: 0, Time elapsed: 0.114 sec
Running org.jsoup.select.TraversorTest
Tests run: 5, Failures: 0, Errors: 0, Skipped: 0, Time elapsed: 0.014 sec
Running org.jsoup.select.CssTest
Tests run: 17, Failures: 0, Errors: 0, Skipped: 0, Time elapsed: 0.293 sec
Running org.jsoup.safety.CleanerTest
Tests run: 33, Failures: 0, Errors: 0, Skipped: 0, Time elapsed: 0.199 sec
Running org.jsoup.parser.HtmlParserTest
Tests run: 129, Failures: 1, Errors: 0, Skipped: 1, Time elapsed: 4.528 sec <<< FAILURE!
handlesDeepStack(org.jsoup.parser.HtmlParserTest)  Time elapsed: 3.591 sec  <<< FAILURE!
java.lang.AssertionError
	at org.junit.Assert.fail(Assert.java:86)
	at org.junit.Assert.assertTrue(Assert.java:41)
	at org.junit.Assert.assertTrue(Assert.java:52)
	at org.jsoup.parser.HtmlParserTest.__CLR4_2_0gl9t7cb4j(HtmlParserTest.java:998)
	at org.jsoup.parser.HtmlParserTest.handlesDeepStack(HtmlParserTest.java:978)
	at sun.reflect.NativeMethodAccessorImpl.invoke0(Native Method)
	at sun.reflect.NativeMethodAccessorImpl.invoke(NativeMethodAccessorImpl.java:62)
	at sun.reflect.DelegatingMethodAccessorImpl.invoke(DelegatingMethodAccessorImpl.java:43)
	at java.lang.reflect.Method.invoke(Method.java:498)
	at org.junit.runners.model.FrameworkMethod$1.runReflectiveCall(FrameworkMethod.java:50)
	at org.junit.internal.runners.model.ReflectiveCallable.run(ReflectiveCallable.java:12)
	at org.junit.runners.model.FrameworkMethod.invokeExplosively(FrameworkMethod.java:47)
	at org.junit.internal.runners.statements.InvokeMethod.evaluate(InvokeMethod.java:17)
	at org.junit.runners.ParentRunner.runLeaf(ParentRunner.java:325)
	at org.junit.runners.BlockJUnit4ClassRunner.runChild(BlockJUnit4ClassRunner.java:78)
	at org.junit.runners.BlockJUnit4ClassRunner.runChild(BlockJUnit4ClassRunner.java:57)
	at org.junit.runners.ParentRunner$3.run(ParentRunner.java:290)
	at org.junit.runners.ParentRunner$1.schedule(ParentRunner.java:71)
	at org.junit.runners.ParentRunner.runChildren(ParentRunner.java:288)
	at org.junit.runners.ParentRunner.access$000(ParentRunner.java:58)
	at org.junit.runners.ParentRunner$2.evaluate(ParentRunner.java:268)
	at org.junit.runners.ParentRunner.run(ParentRunner.java:363)
	at org.apache.maven.surefire.junit4.JUnit4Provider.execute(JUnit4Provider.java:252)
	at org.apache.maven.surefire.junit4.JUnit4Provider.executeTestSet(JUnit4Provider.java:141)
	at org.apache.maven.surefire.junit4.JUnit4Provider.invoke(JUnit4Provider.java:112)
	at sun.reflect.NativeMethodAccessorImpl.invoke0(Native Method)
	at sun.reflect.NativeMethodAccessorImpl.invoke(NativeMethodAccessorImpl.java:62)
	at sun.reflect.DelegatingMethodAccessorImpl.invoke(DelegatingMethodAccessorImpl.java:43)
	at java.lang.reflect.Method.invoke(Method.java:498)
	at org.apache.maven.surefire.util.ReflectionUtils.invokeMethodWithArray(ReflectionUtils.java:189)
	at org.apache.maven.surefire.booter.ProviderFactory$ProviderProxy.invoke(ProviderFactory.java:165)
	at org.apache.maven.surefire.booter.ProviderFactory.invokeProvider(ProviderFactory.java:85)
	at org.apache.maven.surefire.booter.ForkedBooter.runSuitesInProcess(ForkedBooter.java:115)
	at org.apache.maven.surefire.booter.ForkedBooter.main(ForkedBooter.java:75)

Running org.jsoup.parser.TokeniserStateTest
Tests run: 12, Failures: 0, Errors: 0, Skipped: 0, Time elapsed: 0.084 sec
Running org.jsoup.parser.TokenQueueTest
Tests run: 8, Failures: 0, Errors: 0, Skipped: 0, Time elapsed: 0.016 sec
Running org.jsoup.parser.TokeniserTest
Tests run: 10, Failures: 0, Errors: 0, Skipped: 0, Time elapsed: 0.397 sec
Running org.jsoup.parser.HtmlTreeBuilderStateTest
Tests run: 1, Failures: 0, Errors: 0, Skipped: 0, Time elapsed: 0.003 sec
Running org.jsoup.parser.TagTest
Tests run: 10, Failures: 0, Errors: 0, Skipped: 0, Time elapsed: 0.018 sec
Running org.jsoup.parser.ParserSettingsTest
Tests run: 3, Failures: 0, Errors: 0, Skipped: 0, Time elapsed: 0.007 sec
Running org.jsoup.parser.CharacterReaderTest
Tests run: 22, Failures: 0, Errors: 0, Skipped: 1, Time elapsed: 0.02 sec
Running org.jsoup.parser.HtmlTreeBuilderTest
Tests run: 1, Failures: 0, Errors: 0, Skipped: 0, Time elapsed: 0.001 sec
Running org.jsoup.parser.XmlTreeBuilderTest
Tests run: 22, Failures: 0, Errors: 0, Skipped: 1, Time elapsed: 0.045 sec
Running org.jsoup.parser.AttributeParseTest
Tests run: 8, Failures: 0, Errors: 0, Skipped: 0, Time elapsed: 0.001 sec
Running org.jsoup.integration.UrlConnectTest
Tests run: 1, Failures: 0, Errors: 0, Skipped: 1, Time elapsed: 0 sec
Running org.jsoup.integration.ConnectTest
2018-09-27 21:45:05.052:INFO::main: Logging initialized @8578ms
2018-09-27 21:45:05.139:INFO:oejs.Server:main: jetty-9.2.22.v20170606
2018-09-27 21:45:05.249:INFO:oejs.ServerConnector:main: Started ServerConnector@4566e5bd{HTTP/1.1}{0.0.0.0:38969}
2018-09-27 21:45:05.251:INFO:oejs.Server:main: Started @8777ms
2018-09-27 21:45:06.983:INFO:oejs.ServerConnector:main: Stopped ServerConnector@4566e5bd{HTTP/1.1}{0.0.0.0:0}
Tests run: 29, Failures: 0, Errors: 0, Skipped: 5, Time elapsed: 2.055 sec
Running org.jsoup.integration.ParseTest
Tests run: 12, Failures: 0, Errors: 0, Skipped: 0, Time elapsed: 0.594 sec
Running org.jsoup.internal.ConstrainableInputStreamTest
Tests run: 1, Failures: 0, Errors: 0, Skipped: 1, Time elapsed: 0.001 sec
Running org.jsoup.helper.StringUtilTest
Tests run: 9, Failures: 0, Errors: 0, Skipped: 0, Time elapsed: 0.01 sec
Running org.jsoup.helper.DataUtilTest
Tests run: 15, Failures: 0, Errors: 0, Skipped: 0, Time elapsed: 0.054 sec
Running org.jsoup.helper.W3CDomTest
Tests run: 6, Failures: 0, Errors: 0, Skipped: 0, Time elapsed: 0.421 sec
Running org.jsoup.helper.HttpConnectionTest
Tests run: 21, Failures: 0, Errors: 0, Skipped: 0, Time elapsed: 0.035 sec

Results :

Failed tests:   handlesDeepStack(org.jsoup.parser.HtmlParserTest)

Tests run: 668, Failures: 1, Errors: 0, Skipped: 11

[INFO] ------------------------------------------------------------------------
[INFO] BUILD FAILURE
[INFO] ------------------------------------------------------------------------
[INFO] Total time: 47.328 s
[INFO] Finished at: 2018-09-27T21:45:08+02:00
[INFO] ------------------------------------------------------------------------
[ERROR] Failed to execute goal org.apache.maven.plugins:maven-surefire-plugin:2.12.4:test (default-test) on project jsoup: There are test failures.
[ERROR] 
[ERROR] Please refer to /tmp/icst-2019/september-2018/dataset/jsoup_parent/target/surefire-reports for the individual test results.
[ERROR] -> [Help 1]
[ERROR] 
[ERROR] To see the full stack trace of the errors, re-run Maven with the -e switch.
[ERROR] Re-run Maven using the -X switch to enable full debug logging.
[ERROR] 
[ERROR] For more information about the errors and possible solutions, please read the following articles:
[ERROR] [Help 1] http://cwiki.apache.org/confluence/display/MAVEN/MojoFailureException
Writing HTML report to '/tmp/icst-2019/september-2018/dataset/jsoup_parent/target/clover/report'
Done. Processed 10 packages in 15609ms (1560ms per package).
[INFO] Saving result in /tmp/icst-2019/september-2018/result/jsoup/commit_1_426ffe7/parent_coverage_testsThatExecuteTheChanges.csv ...
[INFO] org.jsoup.nodes.ElementTest;testNextElementSiblings;testGetSiblings;testPreviousElementSiblings;testIs;testGetSiblingsWithDuplicateContent
org.jsoup.select.SelectorTest;adjacentSiblings;mixCombinator;notAdjacent;testCombinedWithContains;generalSiblings;matchText;adjacentSiblingsWithId;findBetweenSpan;mixCombinatorGroup
org.jsoup.select.ElementsTest;siblings;hasText
org.jsoup.integration.ConnectTest;doesGet;doesPost;doesPostFor307;sendsRequestBody;postFiles;multiCookieSet;doesPut;sendsRequestBodyJsonWithData;doesNotPostFor302;sendsRequestBodyWithUrlParams;sendsRequestBodyJsonWithoutData
[INFO] Writing Coverage in /tmp/icst-2019/september-2018/result/jsoup/commit_1_426ffe7/parent_coverage_testsThatExecuteTheChanges_coverage.csv
[INFO] org.jsoup.nodes.Element;16;25

[INFO] total;16;25

[INFO] ------------------------------------------------------------------------
[INFO] BUILD SUCCESS
[INFO] ------------------------------------------------------------------------
[INFO] Total time: 01:18 min
[INFO] Finished at: 2018-09-27T21:45:33+02:00
[INFO] ------------------------------------------------------------------------
