[INFO] Scanning for projects...
[INFO] 
[INFO] --------------------------< org.jsoup:jsoup >---------------------------
[INFO] Building jsoup Java HTML Parser 1.12.1-SNAPSHOT
[INFO] --------------------------------[ jar ]---------------------------------
[INFO] 
[INFO] --- maven-clean-plugin:2.5:clean (default-clean) @ jsoup ---
[INFO] Deleting /tmp/icst-2019/september-2018/dataset/jsoup/target
[INFO] 
[INFO] --- diff-test-selection:0.5-SNAPSHOT:list (default-cli) @ jsoup ---
[INFO] Computing coverage for /tmp/icst-2019/september-2018/dataset/jsoup
[WARN] Maven will be executed in interactive mode, but no input stream has been configured for this MavenInvoker instance.
[INFO] Scanning for projects...
[INFO] 
[INFO] --------------------------< org.jsoup:jsoup >---------------------------
[INFO] Building jsoup Java HTML Parser 1.12.1-SNAPSHOT
[INFO] --------------------------------[ jar ]---------------------------------
[INFO] 
[INFO] --- maven-clean-plugin:2.5:clean (default-clean) @ jsoup ---
[INFO] 
[INFO] --- clover-maven-plugin:4.2.0:setup (default-cli) @ jsoup ---
[INFO] No 'maven.clover.licenseLocation' configured. Using default license.
[INFO] OpenClover Version 4.2.0, built on April 30 2017 (build-1000)
[INFO] Loaded from: /home/spirals/danglot/.m2/repository/org/openclover/clover/4.2.0/clover-4.2.0.jar
[INFO] Clover free edition.
[INFO] Creating new database at '/tmp/icst-2019/september-2018/dataset/jsoup/target/clover/clover.db'.
[INFO] Processing files at 1.8 source level.
[INFO] Clover all over. Instrumented 68 files (8 packages).
[INFO] Elapsed time = 6.91 secs. (9.841 files/sec, 2,616.353 srclines/sec)
[INFO] OpenClover Version 4.2.0, built on April 30 2017 (build-1000)
[INFO] Loaded from: /home/spirals/danglot/.m2/repository/org/openclover/clover/4.2.0/clover-4.2.0.jar
[INFO] Clover free edition.
[INFO] Updating existing database at '/tmp/icst-2019/september-2018/dataset/jsoup/target/clover/clover.db'.
[INFO] Processing files at 1.8 source level.
[INFO] Clover all over. Instrumented 45 files (9 packages).
[INFO] 705 test methods detected.
[INFO] Elapsed time = 2.681 secs. (16.785 files/sec, 3,628.87 srclines/sec)
[INFO] 
[INFO] --- maven-resources-plugin:3.0.1:resources (default-resources) @ jsoup ---
[INFO] Using 'UTF-8' encoding to copy filtered resources.
[INFO] Copying 0 resource
[INFO] Copying 3 resources to META-INF/
[INFO] Copying 1 resource
[INFO] 
[INFO] --- maven-compiler-plugin:3.5.1:compile (default-compile) @ jsoup ---
[INFO] Changes detected - recompiling the module!
[INFO] Compiling 68 source files to /tmp/icst-2019/september-2018/dataset/jsoup/target/classes
[INFO] /tmp/icst-2019/september-2018/dataset/jsoup/target/clover/src-instrumented/org/jsoup/nodes/Attributes.java: /tmp/icst-2019/september-2018/dataset/jsoup/target/clover/src-instrumented/org/jsoup/nodes/Attributes.java uses or overrides a deprecated API.
[INFO] /tmp/icst-2019/september-2018/dataset/jsoup/target/clover/src-instrumented/org/jsoup/nodes/Attributes.java: Recompile with -Xlint:deprecation for details.
[INFO] 
[INFO] --- animal-sniffer-maven-plugin:1.16:check (animal-sniffer) @ jsoup ---
[INFO] Checking unresolved references to net.sf.androidscents.signature:android-api-level-8:2.2_r3
[INFO] 
[INFO] >>> maven-bundle-plugin:2.5.4:manifest (bundle-manifest) > process-classes @ jsoup >>>
[INFO] 
[INFO] --- maven-resources-plugin:3.0.1:resources (default-resources) @ jsoup ---
[INFO] Using 'UTF-8' encoding to copy filtered resources.
[INFO] Copying 0 resource
[INFO] Copying 3 resources to META-INF/
[INFO] Copying 1 resource
[INFO] 
[INFO] --- maven-compiler-plugin:3.5.1:compile (default-compile) @ jsoup ---
[INFO] Changes detected - recompiling the module!
[INFO] Compiling 68 source files to /tmp/icst-2019/september-2018/dataset/jsoup/target/classes
[INFO] /tmp/icst-2019/september-2018/dataset/jsoup/target/clover/src-instrumented/org/jsoup/nodes/Attributes.java: /tmp/icst-2019/september-2018/dataset/jsoup/target/clover/src-instrumented/org/jsoup/nodes/Attributes.java uses or overrides a deprecated API.
[INFO] /tmp/icst-2019/september-2018/dataset/jsoup/target/clover/src-instrumented/org/jsoup/nodes/Attributes.java: Recompile with -Xlint:deprecation for details.
[INFO] 
[INFO] --- animal-sniffer-maven-plugin:1.16:check (animal-sniffer) @ jsoup ---
[INFO] Checking unresolved references to net.sf.androidscents.signature:android-api-level-8:2.2_r3
[INFO] 
[INFO] <<< maven-bundle-plugin:2.5.4:manifest (bundle-manifest) < process-classes @ jsoup <<<
[INFO] 
[INFO] 
[INFO] --- maven-bundle-plugin:2.5.4:manifest (bundle-manifest) @ jsoup ---
[INFO] 
[INFO] --- maven-resources-plugin:3.0.1:testResources (default-testResources) @ jsoup ---
[INFO] Using 'UTF-8' encoding to copy filtered resources.
[INFO] Copying 25 resources
[INFO] 
[INFO] --- maven-compiler-plugin:3.5.1:testCompile (default-testCompile) @ jsoup ---
[INFO] Changes detected - recompiling the module!
[INFO] Compiling 45 source files to /tmp/icst-2019/september-2018/dataset/jsoup/target/test-classes
[INFO] /tmp/icst-2019/september-2018/dataset/jsoup/target/clover/src-test-instrumented/org/jsoup/parser/AttributeParseTest.java: Some input files use or override a deprecated API.
[INFO] /tmp/icst-2019/september-2018/dataset/jsoup/target/clover/src-test-instrumented/org/jsoup/parser/AttributeParseTest.java: Recompile with -Xlint:deprecation for details.
[INFO] 
[INFO] --- maven-surefire-plugin:2.12.4:test (default-test) @ jsoup ---
[INFO] Surefire report directory: /tmp/icst-2019/september-2018/dataset/jsoup/target/surefire-reports

-------------------------------------------------------
 T E S T S
-------------------------------------------------------
Running org.jsoup.select.SelectorTest
Tests run: 62, Failures: 0, Errors: 0, Skipped: 0, Time elapsed: 1.397 sec
Running org.jsoup.select.QueryParserTest
Tests run: 4, Failures: 0, Errors: 0, Skipped: 0, Time elapsed: 0.048 sec
Running org.jsoup.select.ElementsTest
Tests run: 34, Failures: 0, Errors: 0, Skipped: 0, Time elapsed: 0.429 sec
Running org.jsoup.select.CssTest
Tests run: 17, Failures: 0, Errors: 0, Skipped: 0, Time elapsed: 0.517 sec
Running org.jsoup.select.TraversorTest
Tests run: 5, Failures: 0, Errors: 0, Skipped: 0, Time elapsed: 0.042 sec
Running org.jsoup.integration.ParseTest
Tests run: 12, Failures: 0, Errors: 0, Skipped: 0, Time elapsed: 1.742 sec
Running org.jsoup.integration.ConnectTest
2018-10-02 12:10:31.888:INFO::main: Logging initialized @5033ms
2018-10-02 12:10:32.026:INFO:oejs.Server:main: jetty-9.2.22.v20170606
2018-10-02 12:10:32.239:INFO:oejs.ServerConnector:main: Started ServerConnector@54bbc726{HTTP/1.1}{0.0.0.0:53866}
2018-10-02 12:10:32.240:INFO:oejs.Server:main: Started @5385ms
2018-10-02 12:10:34.130:INFO:oejs.ServerConnector:main: Stopped ServerConnector@54bbc726{HTTP/1.1}{0.0.0.0:0}
Tests run: 25, Failures: 0, Errors: 0, Skipped: 5, Time elapsed: 2.488 sec
Running org.jsoup.integration.UrlConnectTest
Tests run: 1, Failures: 0, Errors: 0, Skipped: 1, Time elapsed: 0.001 sec
Running org.jsoup.parser.ParserSettingsTest
Tests run: 3, Failures: 0, Errors: 0, Skipped: 0, Time elapsed: 0.006 sec
Running org.jsoup.parser.HtmlTreeBuilderStateTest
Tests run: 1, Failures: 0, Errors: 0, Skipped: 0, Time elapsed: 0.024 sec
Running org.jsoup.parser.TokeniserStateTest
Tests run: 11, Failures: 0, Errors: 0, Skipped: 0, Time elapsed: 0.203 sec
Running org.jsoup.parser.TagTest
Tests run: 10, Failures: 0, Errors: 0, Skipped: 0, Time elapsed: 0.045 sec
Running org.jsoup.parser.CharacterReaderTest
Tests run: 22, Failures: 0, Errors: 0, Skipped: 1, Time elapsed: 0.068 sec
Running org.jsoup.parser.XmlTreeBuilderTest
Tests run: 22, Failures: 0, Errors: 0, Skipped: 1, Time elapsed: 0.133 sec
Running org.jsoup.parser.HtmlParserTest
Tests run: 128, Failures: 2, Errors: 0, Skipped: 1, Time elapsed: 6.59 sec <<< FAILURE!
handlesDeepStack(org.jsoup.parser.HtmlParserTest)  Time elapsed: 4.651 sec  <<< FAILURE!
java.lang.AssertionError
	at org.junit.Assert.fail(Assert.java:86)
	at org.junit.Assert.assertTrue(Assert.java:41)
	at org.junit.Assert.assertTrue(Assert.java:52)
	at org.jsoup.parser.HtmlParserTest.__CLR4_2_0gl9t7cb0o(HtmlParserTest.java:994)
	at org.jsoup.parser.HtmlParserTest.handlesDeepStack(HtmlParserTest.java:974)
	at sun.reflect.NativeMethodAccessorImpl.invoke0(Native Method)
	at sun.reflect.NativeMethodAccessorImpl.invoke(NativeMethodAccessorImpl.java:62)
	at sun.reflect.DelegatingMethodAccessorImpl.invoke(DelegatingMethodAccessorImpl.java:43)
	at java.lang.reflect.Method.invoke(Method.java:498)
	at org.junit.runners.model.FrameworkMethod$1.runReflectiveCall(FrameworkMethod.java:50)
	at org.junit.internal.runners.model.ReflectiveCallable.run(ReflectiveCallable.java:12)
	at org.junit.runners.model.FrameworkMethod.invokeExplosively(FrameworkMethod.java:47)
	at org.junit.internal.runners.statements.InvokeMethod.evaluate(InvokeMethod.java:17)
	at org.junit.runners.ParentRunner.runLeaf(ParentRunner.java:325)
	at org.junit.runners.BlockJUnit4ClassRunner.runChild(BlockJUnit4ClassRunner.java:78)
	at org.junit.runners.BlockJUnit4ClassRunner.runChild(BlockJUnit4ClassRunner.java:57)
	at org.junit.runners.ParentRunner$3.run(ParentRunner.java:290)
	at org.junit.runners.ParentRunner$1.schedule(ParentRunner.java:71)
	at org.junit.runners.ParentRunner.runChildren(ParentRunner.java:288)
	at org.junit.runners.ParentRunner.access$000(ParentRunner.java:58)
	at org.junit.runners.ParentRunner$2.evaluate(ParentRunner.java:268)
	at org.junit.runners.ParentRunner.run(ParentRunner.java:363)
	at org.apache.maven.surefire.junit4.JUnit4Provider.execute(JUnit4Provider.java:252)
	at org.apache.maven.surefire.junit4.JUnit4Provider.executeTestSet(JUnit4Provider.java:141)
	at org.apache.maven.surefire.junit4.JUnit4Provider.invoke(JUnit4Provider.java:112)
	at sun.reflect.NativeMethodAccessorImpl.invoke0(Native Method)
	at sun.reflect.NativeMethodAccessorImpl.invoke(NativeMethodAccessorImpl.java:62)
	at sun.reflect.DelegatingMethodAccessorImpl.invoke(DelegatingMethodAccessorImpl.java:43)
	at java.lang.reflect.Method.invoke(Method.java:498)
	at org.apache.maven.surefire.util.ReflectionUtils.invokeMethodWithArray(ReflectionUtils.java:189)
	at org.apache.maven.surefire.booter.ProviderFactory$ProviderProxy.invoke(ProviderFactory.java:165)
	at org.apache.maven.surefire.booter.ProviderFactory.invokeProvider(ProviderFactory.java:85)
	at org.apache.maven.surefire.booter.ForkedBooter.runSuitesInProcess(ForkedBooter.java:115)
	at org.apache.maven.surefire.booter.ForkedBooter.main(ForkedBooter.java:75)

handlesManyChildren(org.jsoup.parser.HtmlParserTest)  Time elapsed: 1.176 sec  <<< FAILURE!
java.lang.AssertionError
	at org.junit.Assert.fail(Assert.java:86)
	at org.junit.Assert.assertTrue(Assert.java:41)
	at org.junit.Assert.assertTrue(Assert.java:52)
	at org.jsoup.parser.HtmlParserTest.__CLR4_2_0b8f634b0e(HtmlParserTest.java:971)
	at org.jsoup.parser.HtmlParserTest.handlesManyChildren(HtmlParserTest.java:958)
	at sun.reflect.NativeMethodAccessorImpl.invoke0(Native Method)
	at sun.reflect.NativeMethodAccessorImpl.invoke(NativeMethodAccessorImpl.java:62)
	at sun.reflect.DelegatingMethodAccessorImpl.invoke(DelegatingMethodAccessorImpl.java:43)
	at java.lang.reflect.Method.invoke(Method.java:498)
	at org.junit.runners.model.FrameworkMethod$1.runReflectiveCall(FrameworkMethod.java:50)
	at org.junit.internal.runners.model.ReflectiveCallable.run(ReflectiveCallable.java:12)
	at org.junit.runners.model.FrameworkMethod.invokeExplosively(FrameworkMethod.java:47)
	at org.junit.internal.runners.statements.InvokeMethod.evaluate(InvokeMethod.java:17)
	at org.junit.runners.ParentRunner.runLeaf(ParentRunner.java:325)
	at org.junit.runners.BlockJUnit4ClassRunner.runChild(BlockJUnit4ClassRunner.java:78)
	at org.junit.runners.BlockJUnit4ClassRunner.runChild(BlockJUnit4ClassRunner.java:57)
	at org.junit.runners.ParentRunner$3.run(ParentRunner.java:290)
	at org.junit.runners.ParentRunner$1.schedule(ParentRunner.java:71)
	at org.junit.runners.ParentRunner.runChildren(ParentRunner.java:288)
	at org.junit.runners.ParentRunner.access$000(ParentRunner.java:58)
	at org.junit.runners.ParentRunner$2.evaluate(ParentRunner.java:268)
	at org.junit.runners.ParentRunner.run(ParentRunner.java:363)
	at org.apache.maven.surefire.junit4.JUnit4Provider.execute(JUnit4Provider.java:252)
	at org.apache.maven.surefire.junit4.JUnit4Provider.executeTestSet(JUnit4Provider.java:141)
	at org.apache.maven.surefire.junit4.JUnit4Provider.invoke(JUnit4Provider.java:112)
	at sun.reflect.NativeMethodAccessorImpl.invoke0(Native Method)
	at sun.reflect.NativeMethodAccessorImpl.invoke(NativeMethodAccessorImpl.java:62)
	at sun.reflect.DelegatingMethodAccessorImpl.invoke(DelegatingMethodAccessorImpl.java:43)
	at java.lang.reflect.Method.invoke(Method.java:498)
	at org.apache.maven.surefire.util.ReflectionUtils.invokeMethodWithArray(ReflectionUtils.java:189)
	at org.apache.maven.surefire.booter.ProviderFactory$ProviderProxy.invoke(ProviderFactory.java:165)
	at org.apache.maven.surefire.booter.ProviderFactory.invokeProvider(ProviderFactory.java:85)
	at org.apache.maven.surefire.booter.ForkedBooter.runSuitesInProcess(ForkedBooter.java:115)
	at org.apache.maven.surefire.booter.ForkedBooter.main(ForkedBooter.java:75)

Running org.jsoup.parser.TokeniserTest
Tests run: 10, Failures: 0, Errors: 0, Skipped: 0, Time elapsed: 0.259 sec
Running org.jsoup.parser.HtmlTreeBuilderTest
Tests run: 1, Failures: 0, Errors: 0, Skipped: 0, Time elapsed: 0.003 sec
Running org.jsoup.parser.AttributeParseTest
Tests run: 8, Failures: 0, Errors: 0, Skipped: 0, Time elapsed: 0.036 sec
Running org.jsoup.parser.TokenQueueTest
Tests run: 8, Failures: 0, Errors: 0, Skipped: 0, Time elapsed: 0.03 sec
Running org.jsoup.nodes.ElementTest
Tests run: 91, Failures: 0, Errors: 0, Skipped: 0, Time elapsed: 0.399 sec
Running org.jsoup.nodes.DocumentTypeTest
Tests run: 5, Failures: 0, Errors: 0, Skipped: 0, Time elapsed: 0.026 sec
Running org.jsoup.nodes.EntitiesTest
Tests run: 15, Failures: 0, Errors: 0, Skipped: 0, Time elapsed: 0.043 sec
Running org.jsoup.nodes.AttributesTest
Tests run: 8, Failures: 0, Errors: 0, Skipped: 0, Time elapsed: 0.081 sec
Running org.jsoup.nodes.NodeTest
Tests run: 25, Failures: 0, Errors: 0, Skipped: 0, Time elapsed: 0.098 sec
Running org.jsoup.nodes.DocumentTest
Tests run: 29, Failures: 0, Errors: 0, Skipped: 1, Time elapsed: 0.376 sec
Running org.jsoup.nodes.FormElementTest
Tests run: 10, Failures: 0, Errors: 0, Skipped: 0, Time elapsed: 0.066 sec
Running org.jsoup.nodes.AttributeTest
Tests run: 2, Failures: 0, Errors: 0, Skipped: 0, Time elapsed: 0.013 sec
Running org.jsoup.nodes.TextNodeTest
Tests run: 6, Failures: 0, Errors: 0, Skipped: 0, Time elapsed: 0.032 sec
Running org.jsoup.internal.ConstrainableInputStreamTest
Tests run: 1, Failures: 0, Errors: 0, Skipped: 1, Time elapsed: 0 sec
Running org.jsoup.safety.CleanerTest
Tests run: 33, Failures: 0, Errors: 0, Skipped: 0, Time elapsed: 0.277 sec
Running org.jsoup.helper.DataUtilTest
Tests run: 15, Failures: 0, Errors: 0, Skipped: 0, Time elapsed: 0.103 sec
Running org.jsoup.helper.W3CDomTest
Tests run: 5, Failures: 0, Errors: 0, Skipped: 0, Time elapsed: 0.626 sec
Running org.jsoup.helper.StringUtilTest
Tests run: 9, Failures: 0, Errors: 0, Skipped: 0, Time elapsed: 0.028 sec
Running org.jsoup.helper.HttpConnectionTest
Tests run: 21, Failures: 0, Errors: 0, Skipped: 0, Time elapsed: 0.076 sec

Results :

Failed tests:   handlesDeepStack(org.jsoup.parser.HtmlParserTest)
  handlesManyChildren(org.jsoup.parser.HtmlParserTest)

Tests run: 659, Failures: 2, Errors: 0, Skipped: 11

[INFO] ------------------------------------------------------------------------
[INFO] BUILD FAILURE
[INFO] ------------------------------------------------------------------------
[INFO] Total time: 01:05 min
[INFO] Finished at: 2018-10-02T12:10:43+02:00
[INFO] ------------------------------------------------------------------------
[ERROR] Failed to execute goal org.apache.maven.plugins:maven-surefire-plugin:2.12.4:test (default-test) on project jsoup: There are test failures.
[ERROR] 
[ERROR] Please refer to /tmp/icst-2019/september-2018/dataset/jsoup/target/surefire-reports for the individual test results.
[ERROR] -> [Help 1]
[ERROR] 
[ERROR] To see the full stack trace of the errors, re-run Maven with the -e switch.
[ERROR] Re-run Maven using the -X switch to enable full debug logging.
[ERROR] 
[ERROR] For more information about the errors and possible solutions, please read the following articles:
[ERROR] [Help 1] http://cwiki.apache.org/confluence/display/MAVEN/MojoFailureException
Writing HTML report to '/tmp/icst-2019/september-2018/dataset/jsoup/target/clover/report'
Done. Processed 10 packages in 26275ms (2627ms per package).
[INFO] /tmp/icst-2019/september-2018/dataset/jsoup/src/main/java/org/jsoup/helper/DataUtil.java
[INFO] /tmp/icst-2019/september-2018/dataset/jsoup_parent/src/main/java/org/jsoup/helper/DataUtil.java
[info] org.jsoup.helper.DataUtil:190 is modified.
[info] org.jsoup.helper.DataUtil:191 is modified.
[info] org.jsoup.helper.DataUtil:195 is modified.
[info] org.jsoup.helper.DataUtil:191 is modified.
[info] org.jsoup.helper.DataUtil:197 is modified.
[info] org.jsoup.helper.DataUtil:198 is modified.
[info] org.jsoup.helper.DataUtil:199 is modified.
[info] org.jsoup.helper.DataUtil:200 is modified.
[info] org.jsoup.helper.DataUtil:202 is modified.
[info] org.jsoup.helper.DataUtil:197 is modified.
[info] org.jsoup.helper.DataUtil:200 is modified.
[info] org.jsoup.helper.DataUtil:198 is modified.
[info] org.jsoup.helper.DataUtil:203 is modified.
[info] org.jsoup.helper.DataUtil:202 covered.
[info] org.jsoup.helper.DataUtil:200 covered.
[info] org.jsoup.helper.DataUtil:203 covered.
[INFO] /tmp/icst-2019/september-2018/dataset/jsoup/src/main/java/org/jsoup/helper/HttpConnection.java
[INFO] /tmp/icst-2019/september-2018/dataset/jsoup_parent/src/main/java/org/jsoup/helper/HttpConnection.java
[info] org.jsoup.helper.HttpConnection:545 is modified.
[info] org.jsoup.helper.HttpConnection:680 is modified.
[info] org.jsoup.helper.HttpConnection:608 is modified.
[info] org.jsoup.helper.HttpConnection:612 is modified.
[info] org.jsoup.helper.HttpConnection:943 is modified.
[info] org.jsoup.helper.HttpConnection:943 is modified.
[info] org.jsoup.helper.HttpConnection:944 is modified.
[info] org.jsoup.helper.HttpConnection:945 is modified.
[INFO] /tmp/icst-2019/september-2018/dataset/jsoup/src/main/java/org/jsoup/nodes/Comment.java
[INFO] /tmp/icst-2019/september-2018/dataset/jsoup_parent/src/main/java/org/jsoup/nodes/Comment.java
[info] org.jsoup.nodes.Comment:80 is modified.
[info] org.jsoup.nodes.Comment:80 is modified.
[info] org.jsoup.nodes.Comment:80 covered.
[INFO] /tmp/icst-2019/september-2018/dataset/jsoup/src/main/java/org/jsoup/nodes/Element.java
[INFO] /tmp/icst-2019/september-2018/dataset/jsoup_parent/src/main/java/org/jsoup/nodes/Element.java
[info] org.jsoup.nodes.Element:1402 is modified.
[info] org.jsoup.nodes.Element:1117 is modified.
[info] org.jsoup.nodes.Element:1403 is modified.
[info] org.jsoup.nodes.Element:1407 is modified.
[info] org.jsoup.nodes.Element:1412 is modified.
[info] org.jsoup.nodes.Element:1405 is modified.
[info] org.jsoup.nodes.Element:1431 is modified.
[info] org.jsoup.nodes.Element:537 is modified.
[info] org.jsoup.nodes.Element:736 is modified.
[info] org.jsoup.nodes.Element:1118 is modified.
[info] org.jsoup.nodes.Element:1403 is modified.
[info] org.jsoup.nodes.Element:1404 is modified.
[info] org.jsoup.nodes.Element:1405 is modified.
[info] org.jsoup.nodes.Element:1407 is modified.
[info] org.jsoup.nodes.Element:143 is modified.
[info] org.jsoup.nodes.Element:1400 is modified.
[info] org.jsoup.nodes.Element:143 is modified.
[info] org.jsoup.nodes.Element:737 is modified.
[info] org.jsoup.nodes.Element:1400 is modified.
[info] org.jsoup.nodes.Element:1406 is modified.
[info] org.jsoup.nodes.Element:1406 is modified.
[info] org.jsoup.nodes.Element:1406 is modified.
[info] org.jsoup.nodes.Element:1407 covered.
[info] org.jsoup.nodes.Element:1405 covered.
[info] org.jsoup.nodes.Element:1400 covered.
[info] org.jsoup.nodes.Element:1406 covered.
[info] org.jsoup.nodes.Element:1118 covered.
[info] org.jsoup.nodes.Element:736 covered.
[info] org.jsoup.nodes.Element:737 covered.
[info] org.jsoup.nodes.Element:143 covered.
[info] org.jsoup.nodes.Element:537 covered.
[INFO] /tmp/icst-2019/september-2018/dataset/jsoup/src/main/java/org/jsoup/nodes/Node.java
[INFO] /tmp/icst-2019/september-2018/dataset/jsoup_parent/src/main/java/org/jsoup/nodes/Node.java
[info] org.jsoup.nodes.Node:579 is modified.
[info] org.jsoup.nodes.Node:335 is modified.
[info] org.jsoup.nodes.Node:348 is modified.
[info] org.jsoup.nodes.Node:352 is modified.
[info] org.jsoup.nodes.Node:569 is modified.
[info] org.jsoup.nodes.Node:580 is modified.
[info] org.jsoup.nodes.Node:581 is modified.
[info] org.jsoup.nodes.Node:585 is modified.
[info] org.jsoup.nodes.Node:586 is modified.
[info] org.jsoup.nodes.Node:85 is modified.
[info] org.jsoup.nodes.Node:335 is modified.
[info] org.jsoup.nodes.Node:350 is modified.
[info] org.jsoup.nodes.Node:569 is modified.
[info] org.jsoup.nodes.Node:575 is modified.
[info] org.jsoup.nodes.Node:85 is modified.
[info] org.jsoup.nodes.Node:581 is modified.
[info] org.jsoup.nodes.Node:581 is modified.
[info] org.jsoup.nodes.Node:586 is modified.
[info] org.jsoup.nodes.Node:586 is modified.
[info] org.jsoup.nodes.Node:581 is modified.
[info] org.jsoup.nodes.Node:586 is modified.
[info] org.jsoup.nodes.Node:85 is modified.
[info] org.jsoup.nodes.Node:569 is modified.
[info] org.jsoup.nodes.Node:569 is modified.
[info] org.jsoup.nodes.Node:575 is modified.
[info] org.jsoup.nodes.Node:85 covered.
[info] org.jsoup.nodes.Node:575 covered.
[info] org.jsoup.nodes.Node:569 covered.
[info] org.jsoup.nodes.Node:335 covered.
[info] org.jsoup.nodes.Node:348 covered.
[info] org.jsoup.nodes.Node:350 covered.
[WARNING] Could not match /src/main/java/org/jsoup/nodes/NodeUtils.java and -0,0
[INFO] /tmp/icst-2019/september-2018/dataset/jsoup/src/main/java/org/jsoup/nodes/PseudoTextElement.java
[INFO] /tmp/icst-2019/september-2018/dataset/jsoup_parent/src/main/java/org/jsoup/nodes/PseudoTextElement.java
[INFO] /tmp/icst-2019/september-2018/dataset/jsoup/src/main/java/org/jsoup/parser/HtmlTreeBuilder.java
[INFO] /tmp/icst-2019/september-2018/dataset/jsoup_parent/src/main/java/org/jsoup/parser/HtmlTreeBuilder.java
[info] org.jsoup.parser.HtmlTreeBuilder:559 is modified.
[info] org.jsoup.parser.HtmlTreeBuilder:560 is modified.
[INFO] /tmp/icst-2019/september-2018/dataset/jsoup/src/main/java/org/jsoup/parser/Parser.java
[INFO] /tmp/icst-2019/september-2018/dataset/jsoup_parent/src/main/java/org/jsoup/parser/Parser.java
[info] org.jsoup.parser.Parser:16 is modified.
[INFO] /tmp/icst-2019/september-2018/dataset/jsoup/src/main/java/org/jsoup/safety/Whitelist.java
[INFO] /tmp/icst-2019/september-2018/dataset/jsoup_parent/src/main/java/org/jsoup/safety/Whitelist.java
[info] org.jsoup.safety.Whitelist:259 is modified.
[info] org.jsoup.safety.Whitelist:259 is modified.
[info] org.jsoup.safety.Whitelist:634 is modified.
[info] org.jsoup.safety.Whitelist:637 is modified.
[info] org.jsoup.safety.Whitelist:259 is modified.
[info] org.jsoup.safety.Whitelist:635 is modified.
[info] org.jsoup.safety.Whitelist:632 is modified.
[info] org.jsoup.safety.Whitelist:636 is modified.
[info] org.jsoup.safety.Whitelist:633 is modified.
[info] org.jsoup.safety.Whitelist:634 is modified.
[info] org.jsoup.safety.Whitelist:635 is modified.
[info] org.jsoup.safety.Whitelist:259 covered.
[info] org.jsoup.safety.Whitelist:634 covered.
[info] org.jsoup.safety.Whitelist:632 covered.
[INFO] Saving result in /tmp/icst-2019/september-2018/result/jsoup/commit_14_f1b885d/commit_coverage_testsThatExecuteTheChanges.csv ...
[INFO] org.jsoup.nodes.DocumentTest;testMetaCharsetUpdatedDisabledPerDefault;testLocation;parseAndHtmlOnDifferentThreads;testHtmlAndXmlSyntax;testMetaCharsetUpdateXmlIso8859;testXhtmlReferences;testMetaCharsetUpdateXmlUtf8;testMetaCharsetUpdateUtf8;testShiftJisRoundtrip;testTitles;testMetaCharsetUpdateEnabledAfterCharsetChange;testMetaCharsetUpdateXmlNoCharset;testMetaCharsetUpdateDisabled;testMetaCharsetUpdateNoCharset;testMetaCharsetUpdateCleanup;setTextPreservesDocumentStructure;testClone;testMetaCharsetUpdateIso8859;testHtmlAppendable;testMetaCharsetUpdateXmlDisabled;testMetaCharsetUpdateXmlDisabledNoChanges;testClonesDeclarations;testOutputEncoding;DocumentsWithSameContentAreVerifialbe;testNormalisesStructure;testMetaCharsetUpdateDisabledNoChanges
org.jsoup.helper.DataUtilTest;firstMetaElementWithCharsetShouldBeUsedForDecoding;supportsXmlCharsetDeclaration;shouldSelectFirstCharsetOnWeirdMultileCharsetsInMetaTags;shouldNotThrowExceptionOnEmptyCharset;supportsBOMinFiles;testQuotedCharset;shouldReturnNullForIllegalCharsetNames;supportsUTF8BOM;secondMetaElementWithContentTypeContainsCharsetParameter;discardsSpuriousByteOrderMark;wrongMetaCharsetFallback;discardsSpuriousByteOrderMarkWhenNoCharsetSet;testCharset;shouldCorrectCharsetForDuplicateCharsetString
org.jsoup.integration.ParseTest;testNewsHomepage;testSmhBizArticle;testYahooArticle;testBaiduVariant;testGoogleSearchIpod;testLowercaseUtf8Charset;testYahooJp;testHtml5Charset;testNytArticle;testBaidu;testBinary
org.jsoup.integration.ConnectTest;doesGet;doesPost;sendsRequestBody;multiCookieSet;postFiles;doesPut;sendsRequestBodyJsonWithData;sendsRequestBodyWithUrlParams;handlesEmtpyStreamDuringBufferdRead;canConnectToLocalServer;handlesEmptyStreamDuringParseRead;sendsRequestBodyJsonWithoutData;multipleParsesOkAfterBufferUp;parseParseThrowsValidates;fetchURl;supportsDeflate;bodyAfterParseThrowsValidationError;bodyAndBytesAvailableBeforeParse;fetchURIWithWihtespace
org.jsoup.parser.XmlTreeBuilderTest;caseSensitiveDeclaration;preservesCaseByDefault;testPopToClose;handlesXmlDeclarationAsDeclaration;testDoesNotForceSelfClosingKnownTags;testCreatesValidProlog;normalizesDiscordantTags;testSupplyParserToJsoupClass;testDetectCharsetEncodingDeclaration;canNormalizeCase;testParseDeclarationAttributes;cdataPreservesWhiteSpace;testSimpleXmlParse;testSupplyParserToDataStream;appendPreservesCaseByDefault;handlesDodgyXmlDecl;testCommentAndDocType;roundTripsCdata;testDoesHandleEOFInTag
org.jsoup.parser.AttributeParseTest;dropsSlashFromAttributeName;parsesBooleanAttributes
org.jsoup.safety.CleanerTest;basicWithImagesTest;addsTagOnAttributesIfNotSet;preservesRelativeLinksIfConfigured;testDropImageScript;testRemoveTags;testIsValidDocument;basicBehaviourTest;testRemoveEnforcedAttributes;testDropXmlProc;testDropScript;testCleanAnchorProtocol;testIsValidBodyHtml;supplyOutputSettings;testDropComments;testHandlesEmptyAttributes;simpleBehaviourTest2;cleansInternationalText;handlesCustomProtocols;testRemoveAttributes;simpleBehaviourTest;bailsIfRemovingProtocolThatsNotSet;testRelaxed;testRemoveProtocols;resolvesRelativeLinks;testDropsUnknownTags;handlesAttributesWithNoValue;whitelistedProtocolShouldBeRetained;handlesControlCharactersAfterTagName;dropsUnresolvableRelativeLinks;handlesAllPseudoTag;testScriptTagInWhiteList;testCleanJavascriptHref;handlesFramesets
org.jsoup.nodes.ElementTest;testChainedRemoveAttributes;before;testKeepsPreText;testGetSiblings;appendMustCorrectlyMoveChildrenInsideOneParentElement;testCssPath;testPrependElement;testRemoveAfterIndex;moveByAppend;testFormatOutline;testChildThrowsIndexOutOfBoundsOnMissing;testTagNameSet;testAddNewText;testElementSiblingIndex;testAddNewHtml;testSetIndent;testKeepsPreTextAtDepth;testEmptyElementFormatHtml;testManipulateTextNodes;testNormalizesInvisiblesInText;booleanAttributeOutput;testWrapWithRemainder;testGetText;testBrHasSpace;testHtmlContainsOuter;testAddBooleanAttribute;testClonesClassnames;testRemoveBeforeIndex;testOuterHtml;testInnerHtml;testPrependText;elementIsNotASiblingOfItself;classNamesAndAttributeNameIsCaseInsensitive;testShadowElementsAreUpdated;testFormatHtml;testPrependNewHtml;insertChildrenAsCopy;textHasSpaceAfterBlockTags;testKeepsPreTextInCode;testGetChildText;testSetText;testNormalizesNbspInText;testElementSiblingIndexSameContent;testAppendRowToTable;testWrap;after;testChildrenElements;testGetSiblingsWithDuplicateContent;testSetHtml;testNextElementSiblingAfterClone;testRemovingEmptyClassAttributeWhenLastClassRemoved;testAppendTo;testIs;testLoopedRemoveAttributes;testHashAndEqualsAndValue;testClone;testSetHtmlTitle;testNoIndentOnScriptAndStyle;parentlessToString;testNotPretty;testAddNewElement;testPrependRowToTable;testContainerOutput;testShallowClone;testNormalisesText
org.jsoup.select.ElementsTest;val;siblings;unwrapKeepsSpace;before;setHtml;eachText;outerHtml;eq;hasText;remove;unwrap;empty;filter;tagNameSet;html;attributes;after;text;classWithHyphen;wrap;unwrapP;wrapDiv
org.jsoup.parser.HtmlParserTest;testNormalisesIsIndex;handlesInvalidDoctypes;normalizesDiscordantTags;handlesCdata;preSkipsFirstNewline;handlesQuotesInCommentsInScripts;associatedFormControlsWithDisjointForms;handlesKnownEmptyTitle;parsesUnterminatedTextarea;selfClosingOnNonvoidIsError;handlesEscapedData;testFragment;handlesJavadocFont;testHgroup;handlesXmlDeclAndCommentsBeforeDoctype;handlesKnownEmptyBlocks;handlesUnknownTags;reconstructFormattingElements;noTableDirectInTable;normalisesHeadlessBody;preservesSpaceInTextArea;handleCDataInText;handlesNullInData;testRelaxedTags;handlesFrames;handlesBlocksInDefinitions;preservesSpaceInScript;roundTripsCdata;createsStructureFromBodySnippet;canPreserveAttributeCase;handlesSolidusInA;handlesWhitespaceInoDocType;handlesWhatWgExpensesTableExample;handlesTbodyTable;handlesDataOnlyTags;testAFlowContents;handlesUnexpectedMarkupInTables;handlesNestedImplicitTable;handlesImplicitCaptionClose;handlesMisnestedTagsBP;normalisesDocument;doesNotFindShortestMatchingEntity;testSupportsPartiallyNonAsciiTags;handlesControlCodeInAttributeName;canPreserveTagCase;testNoImagesInNoScriptInHead;handlesKnownEmptyIframe;handlesCdataInScript;handlesMisnestedTagsBI;handlesKnownEmptyStyle;emptyTdTag;testUsingSingleQuotesInQueries;selfClosingVoidIsNotAnError;testFontFlowContents;discardsNakedTds;ignoresContentAfterFrameset;caseInsensitiveParseTree;handlesUnclosedDefinitionLists;handlesNewlinesAndWhitespaceInTag;handlesTextAfterData;testSpanContents;parsesQuiteRoughAttributes;normalisesEmptyDocument;caseSensitiveParseTree;testSpaceAfterTag;handlesUnclosedAnchors;testInvalidTableContents;handlesUnknownInlineTags;noImplicitFormForTextAreas;commentBeforeHtml;relaxedBaseEntityMatchAndStrictExtendedMatch;handlesXmlDeclarationAsBogusComment;handlesKnownEmptyNoFrames;normalisedBodyAfterContent;testHeaderContents;convertsImageToImg;handlesCommentsInTable;handlesTagsInTextarea;handlesTextArea;handlesUnclosedFormattingElements;handlesNullInComments;ignoresDupeEndTrTag;parsesBodyFragment;handlesUnclosedTitleAtEof;reconstructFormattingElementsInTable;handlesUnknownNamespaceTags;parsesUnterminatedOption;testSupportsNonAsciiTags;canPreserveBothCase;createsDocumentStructure;handlesSolidusAtAttributeEnd;parsesUnterminatedComments;handles0CharacterAsText;testHtmlLowerCase;handleNullContextInParseFragment;handlesInvalidStartTags;handlesUnclosedTitle
org.jsoup.nodes.EntitiesTest;escapesGtInXmlAttributesButNotInHtml;letterDigitEntities
org.jsoup.parser.TokeniserTest;cp1252EntitiesProduceError;handleSuperLargeAttributeName;handleLargeCdata;handleLargeText;cp1252Entities;handleSuperLargeTagNames;handleLargeTitle
org.jsoup.select.SelectorTest;containsOwn;testCombinedWithContains;matchText;descendant;mixCombinator;adjacentSiblings;matchesOwn;testPseudoContains;notAdjacent;testPsuedoContainsWithParentheses;testCharactersInIdAndClass;testById;selectFirstWithAnd;testPseudoCombined;selectFirstWithOr;adjacentSiblingsWithId;notParas;attributeWithBrackets;splitOnBr;handlesCommasInSelector;deeperDescendant;selectFirst;testSupportsLeadingCombinator;containsWithQuote;testNamespacedTag;testByAttributeRegexCombined;testByClassCaseInsensitive;testWildcardNamespacedTag;findBetweenSpan;testPseudoEquals;testPseudoGreaterThan;testPseudoBetween;selectSupplementaryCharacter;testNestedHas;selectSameElements;testMatches;testPseudoLessThan;generalSiblings;matchTextAttributes;containsData;selectClassWithSpace;mixCombinatorGroup
org.jsoup.nodes.NodeTest;unwrapNoChildren;testReplace;before;testRemove;changingAttributeValueShouldReplaceExistingAttributeCaseInsensitive;supportsClone;childNodesCopy;after;nodeIsNotASiblingOfItself;unwrap
org.jsoup.select.CssTest;nthOfType_simple;nthLastOfType_simple;firstOfType;nthOfType_unknownTag;nthOfType_advanced;nthLastChild_simple;nthChild_advanced;nthChild_simple;firstChild;lastChild;onlyChild;nthLastChild_advanced;nthLastOfType_advanced;lastOfType
org.jsoup.select.TraversorTest;filterRemove
org.jsoup.nodes.TextNodeTest;testSplitText;testSplitAnEmbolden;testTextBean;testWithSupplementaryCharacter
org.jsoup.parser.TokeniserStateTest;testPublicIdentifiersWithWhitespace;testEndTagOpen;testRcdataLessthanSign;testSystemIdentifiersWithWhitespace;testBeforeTagName;testPublicAndSystemIdentifiersWithWhitespace;testCharacterReferenceInRcdata;testRCDATAEndTagName
org.jsoup.nodes.FormElementTest;createsFormData;createsSubmitableConnection;formsAddedAfterParseAreFormElements;controlsAddedAfterParseAreLinkedWithForms
org.jsoup.helper.StringUtilTest;normaliseWhiteSpaceHandlesHighSurrogates
org.jsoup.helper.W3CDomTest;convertsGoogleLocation;convertsGoogle
org.jsoup.nodes.DocumentTypeTest;constructorValidationOkWithBlankPublicAndSystemIds;constructorValidationOkWithBlankName;outerHtmlGeneration;testRoundTrip
[INFO] Writing Coverage in /tmp/icst-2019/september-2018/result/jsoup/commit_14_f1b885d/commit_coverage_testsThatExecuteTheChanges_coverage.csv
[INFO] org.jsoup.helper.DataUtil;3;9

[INFO] org.jsoup.nodes.Comment;1;1

[INFO] org.jsoup.nodes.Element;9;15

[INFO] org.jsoup.nodes.Node;6;12

[INFO] org.jsoup.safety.Whitelist;3;7

[INFO] total;22;44

[INFO] ------------------------------------------------------------------------
[INFO] BUILD SUCCESS
[INFO] ------------------------------------------------------------------------
[INFO] Total time: 01:56 min
[INFO] Finished at: 2018-10-02T12:11:27+02:00
[INFO] ------------------------------------------------------------------------
[INFO] 2018-10-02 12:11:27 RepositoriesSetter - {/tmp/icst-2019/september-2018/dataset/jsoup} Cleaning local repository...
[INFO] 2018-10-02 12:11:28 RepositoriesSetter - Checkout e38dfd44829e13ee83fd62bfe937580f5a998c11 revision...
[INFO] 2018-10-02 12:11:28 RepositoriesSetter - {/tmp/icst-2019/september-2018/dataset/jsoup_parent} Cleaning local repository...
[INFO] 2018-10-02 12:11:28 RepositoriesSetter - Checkout 850a9cc02fb72cc450d1a9dc41912fa80fee9020 revision...
