[INFO] Scanning for projects...
[INFO] 
[INFO] --------------------------< org.jsoup:jsoup >---------------------------
[INFO] Building jsoup Java HTML Parser 1.12.1-SNAPSHOT
[INFO] --------------------------------[ jar ]---------------------------------
[INFO] 
[INFO] --- maven-clean-plugin:2.5:clean (default-clean) @ jsoup ---
[INFO] Deleting /tmp/icst-2019/september-2018/dataset/jsoup/target
[INFO] 
[INFO] --- diff-test-selection:0.5-SNAPSHOT:list (default-cli) @ jsoup ---
[INFO] Computing coverage for /tmp/icst-2019/september-2018/dataset/jsoup
[WARN] Maven will be executed in interactive mode, but no input stream has been configured for this MavenInvoker instance.
[INFO] Scanning for projects...
[INFO] 
[INFO] --------------------------< org.jsoup:jsoup >---------------------------
[INFO] Building jsoup Java HTML Parser 1.12.1-SNAPSHOT
[INFO] --------------------------------[ jar ]---------------------------------
[INFO] 
[INFO] --- maven-clean-plugin:2.5:clean (default-clean) @ jsoup ---
[INFO] 
[INFO] --- clover-maven-plugin:4.2.0:setup (default-cli) @ jsoup ---
[INFO] No 'maven.clover.licenseLocation' configured. Using default license.
[INFO] OpenClover Version 4.2.0, built on April 30 2017 (build-1000)
[INFO] Loaded from: /home/spirals/danglot/.m2/repository/org/openclover/clover/4.2.0/clover-4.2.0.jar
[INFO] Clover free edition.
[INFO] Creating new database at '/tmp/icst-2019/september-2018/dataset/jsoup/target/clover/clover.db'.
[INFO] Processing files at 1.8 source level.
[INFO] Clover all over. Instrumented 68 files (8 packages).
[INFO] Elapsed time = 6.738 secs. (10.092 files/sec, 2,691.451 srclines/sec)
[INFO] OpenClover Version 4.2.0, built on April 30 2017 (build-1000)
[INFO] Loaded from: /home/spirals/danglot/.m2/repository/org/openclover/clover/4.2.0/clover-4.2.0.jar
[INFO] Clover free edition.
[INFO] Updating existing database at '/tmp/icst-2019/september-2018/dataset/jsoup/target/clover/clover.db'.
[INFO] Processing files at 1.8 source level.
[INFO] Clover all over. Instrumented 46 files (9 packages).
[INFO] 714 test methods detected.
[INFO] Elapsed time = 3.049 secs. (15.087 files/sec, 3,241.719 srclines/sec)
[INFO] 
[INFO] --- maven-resources-plugin:3.0.1:resources (default-resources) @ jsoup ---
[INFO] Using 'UTF-8' encoding to copy filtered resources.
[INFO] Copying 0 resource
[INFO] Copying 3 resources to META-INF/
[INFO] Copying 1 resource
[INFO] 
[INFO] --- maven-compiler-plugin:3.5.1:compile (default-compile) @ jsoup ---
[INFO] Changes detected - recompiling the module!
[INFO] Compiling 68 source files to /tmp/icst-2019/september-2018/dataset/jsoup/target/classes
[INFO] /tmp/icst-2019/september-2018/dataset/jsoup/target/clover/src-instrumented/org/jsoup/nodes/Attributes.java: /tmp/icst-2019/september-2018/dataset/jsoup/target/clover/src-instrumented/org/jsoup/nodes/Attributes.java uses or overrides a deprecated API.
[INFO] /tmp/icst-2019/september-2018/dataset/jsoup/target/clover/src-instrumented/org/jsoup/nodes/Attributes.java: Recompile with -Xlint:deprecation for details.
[INFO] 
[INFO] --- animal-sniffer-maven-plugin:1.16:check (animal-sniffer) @ jsoup ---
[INFO] Checking unresolved references to net.sf.androidscents.signature:android-api-level-8:2.2_r3
[INFO] 
[INFO] >>> maven-bundle-plugin:2.5.4:manifest (bundle-manifest) > process-classes @ jsoup >>>
[INFO] 
[INFO] --- maven-resources-plugin:3.0.1:resources (default-resources) @ jsoup ---
[INFO] Using 'UTF-8' encoding to copy filtered resources.
[INFO] Copying 0 resource
[INFO] Copying 3 resources to META-INF/
[INFO] Copying 1 resource
[INFO] 
[INFO] --- maven-compiler-plugin:3.5.1:compile (default-compile) @ jsoup ---
[INFO] Changes detected - recompiling the module!
[INFO] Compiling 68 source files to /tmp/icst-2019/september-2018/dataset/jsoup/target/classes
[INFO] /tmp/icst-2019/september-2018/dataset/jsoup/target/clover/src-instrumented/org/jsoup/nodes/Attributes.java: /tmp/icst-2019/september-2018/dataset/jsoup/target/clover/src-instrumented/org/jsoup/nodes/Attributes.java uses or overrides a deprecated API.
[INFO] /tmp/icst-2019/september-2018/dataset/jsoup/target/clover/src-instrumented/org/jsoup/nodes/Attributes.java: Recompile with -Xlint:deprecation for details.
[INFO] 
[INFO] --- animal-sniffer-maven-plugin:1.16:check (animal-sniffer) @ jsoup ---
[INFO] Checking unresolved references to net.sf.androidscents.signature:android-api-level-8:2.2_r3
[INFO] 
[INFO] <<< maven-bundle-plugin:2.5.4:manifest (bundle-manifest) < process-classes @ jsoup <<<
[INFO] 
[INFO] 
[INFO] --- maven-bundle-plugin:2.5.4:manifest (bundle-manifest) @ jsoup ---
[INFO] 
[INFO] --- maven-resources-plugin:3.0.1:testResources (default-testResources) @ jsoup ---
[INFO] Using 'UTF-8' encoding to copy filtered resources.
[INFO] Copying 25 resources
[INFO] 
[INFO] --- maven-compiler-plugin:3.5.1:testCompile (default-testCompile) @ jsoup ---
[INFO] Changes detected - recompiling the module!
[INFO] Compiling 46 source files to /tmp/icst-2019/september-2018/dataset/jsoup/target/test-classes
[INFO] /tmp/icst-2019/september-2018/dataset/jsoup/target/clover/src-test-instrumented/org/jsoup/parser/AttributeParseTest.java: Some input files use or override a deprecated API.
[INFO] /tmp/icst-2019/september-2018/dataset/jsoup/target/clover/src-test-instrumented/org/jsoup/parser/AttributeParseTest.java: Recompile with -Xlint:deprecation for details.
[INFO] 
[INFO] --- maven-surefire-plugin:2.12.4:test (default-test) @ jsoup ---
[INFO] Surefire report directory: /tmp/icst-2019/september-2018/dataset/jsoup/target/surefire-reports

-------------------------------------------------------
 T E S T S
-------------------------------------------------------
Running org.jsoup.select.SelectorTest
Tests run: 62, Failures: 0, Errors: 0, Skipped: 0, Time elapsed: 1.876 sec
Running org.jsoup.select.QueryParserTest
Tests run: 4, Failures: 0, Errors: 0, Skipped: 0, Time elapsed: 0.062 sec
Running org.jsoup.select.ElementsTest
Tests run: 34, Failures: 0, Errors: 0, Skipped: 0, Time elapsed: 0.454 sec
Running org.jsoup.select.CssTest
Tests run: 17, Failures: 0, Errors: 0, Skipped: 0, Time elapsed: 0.496 sec
Running org.jsoup.select.TraversorTest
Tests run: 5, Failures: 0, Errors: 0, Skipped: 0, Time elapsed: 0.075 sec
Running org.jsoup.integration.ParseTest
Tests run: 12, Failures: 0, Errors: 0, Skipped: 0, Time elapsed: 1.748 sec
Running org.jsoup.integration.ConnectTest
2018-10-02 12:00:55.283:INFO::main: Logging initialized @5823ms
2018-10-02 12:00:55.434:INFO:oejs.Server:main: jetty-9.2.22.v20170606
2018-10-02 12:00:55.681:INFO:oejs.ServerConnector:main: Started ServerConnector@2e900565{HTTP/1.1}{0.0.0.0:53291}
2018-10-02 12:00:55.682:INFO:oejs.Server:main: Started @6223ms
2018-10-02 12:00:57.714:INFO:oejs.ServerConnector:main: Stopped ServerConnector@2e900565{HTTP/1.1}{0.0.0.0:0}
Tests run: 29, Failures: 0, Errors: 0, Skipped: 5, Time elapsed: 2.63 sec
Running org.jsoup.integration.UrlConnectTest
Tests run: 1, Failures: 0, Errors: 0, Skipped: 1, Time elapsed: 0.001 sec
Running org.jsoup.parser.ParserSettingsTest
Tests run: 3, Failures: 0, Errors: 0, Skipped: 0, Time elapsed: 0.014 sec
Running org.jsoup.parser.HtmlTreeBuilderStateTest
Tests run: 1, Failures: 0, Errors: 0, Skipped: 0, Time elapsed: 0.007 sec
Running org.jsoup.parser.TokeniserStateTest
Tests run: 12, Failures: 0, Errors: 0, Skipped: 0, Time elapsed: 0.233 sec
Running org.jsoup.parser.TagTest
Tests run: 10, Failures: 0, Errors: 0, Skipped: 0, Time elapsed: 0.045 sec
Running org.jsoup.parser.CharacterReaderTest
Tests run: 22, Failures: 0, Errors: 0, Skipped: 1, Time elapsed: 0.061 sec
Running org.jsoup.parser.XmlTreeBuilderTest
Tests run: 22, Failures: 0, Errors: 0, Skipped: 1, Time elapsed: 0.135 sec
Running org.jsoup.parser.HtmlParserTest
Tests run: 129, Failures: 2, Errors: 0, Skipped: 1, Time elapsed: 6.322 sec <<< FAILURE!
handlesDeepStack(org.jsoup.parser.HtmlParserTest)  Time elapsed: 4.392 sec  <<< FAILURE!
java.lang.AssertionError
	at org.junit.Assert.fail(Assert.java:86)
	at org.junit.Assert.assertTrue(Assert.java:41)
	at org.junit.Assert.assertTrue(Assert.java:52)
	at org.jsoup.parser.HtmlParserTest.__CLR4_2_0gl9t7cb3q(HtmlParserTest.java:998)
	at org.jsoup.parser.HtmlParserTest.handlesDeepStack(HtmlParserTest.java:978)
	at sun.reflect.NativeMethodAccessorImpl.invoke0(Native Method)
	at sun.reflect.NativeMethodAccessorImpl.invoke(NativeMethodAccessorImpl.java:62)
	at sun.reflect.DelegatingMethodAccessorImpl.invoke(DelegatingMethodAccessorImpl.java:43)
	at java.lang.reflect.Method.invoke(Method.java:498)
	at org.junit.runners.model.FrameworkMethod$1.runReflectiveCall(FrameworkMethod.java:50)
	at org.junit.internal.runners.model.ReflectiveCallable.run(ReflectiveCallable.java:12)
	at org.junit.runners.model.FrameworkMethod.invokeExplosively(FrameworkMethod.java:47)
	at org.junit.internal.runners.statements.InvokeMethod.evaluate(InvokeMethod.java:17)
	at org.junit.runners.ParentRunner.runLeaf(ParentRunner.java:325)
	at org.junit.runners.BlockJUnit4ClassRunner.runChild(BlockJUnit4ClassRunner.java:78)
	at org.junit.runners.BlockJUnit4ClassRunner.runChild(BlockJUnit4ClassRunner.java:57)
	at org.junit.runners.ParentRunner$3.run(ParentRunner.java:290)
	at org.junit.runners.ParentRunner$1.schedule(ParentRunner.java:71)
	at org.junit.runners.ParentRunner.runChildren(ParentRunner.java:288)
	at org.junit.runners.ParentRunner.access$000(ParentRunner.java:58)
	at org.junit.runners.ParentRunner$2.evaluate(ParentRunner.java:268)
	at org.junit.runners.ParentRunner.run(ParentRunner.java:363)
	at org.apache.maven.surefire.junit4.JUnit4Provider.execute(JUnit4Provider.java:252)
	at org.apache.maven.surefire.junit4.JUnit4Provider.executeTestSet(JUnit4Provider.java:141)
	at org.apache.maven.surefire.junit4.JUnit4Provider.invoke(JUnit4Provider.java:112)
	at sun.reflect.NativeMethodAccessorImpl.invoke0(Native Method)
	at sun.reflect.NativeMethodAccessorImpl.invoke(NativeMethodAccessorImpl.java:62)
	at sun.reflect.DelegatingMethodAccessorImpl.invoke(DelegatingMethodAccessorImpl.java:43)
	at java.lang.reflect.Method.invoke(Method.java:498)
	at org.apache.maven.surefire.util.ReflectionUtils.invokeMethodWithArray(ReflectionUtils.java:189)
	at org.apache.maven.surefire.booter.ProviderFactory$ProviderProxy.invoke(ProviderFactory.java:165)
	at org.apache.maven.surefire.booter.ProviderFactory.invokeProvider(ProviderFactory.java:85)
	at org.apache.maven.surefire.booter.ForkedBooter.runSuitesInProcess(ForkedBooter.java:115)
	at org.apache.maven.surefire.booter.ForkedBooter.main(ForkedBooter.java:75)

handlesManyChildren(org.jsoup.parser.HtmlParserTest)  Time elapsed: 1.141 sec  <<< FAILURE!
java.lang.AssertionError
	at org.junit.Assert.fail(Assert.java:86)
	at org.junit.Assert.assertTrue(Assert.java:41)
	at org.junit.Assert.assertTrue(Assert.java:52)
	at org.jsoup.parser.HtmlParserTest.__CLR4_2_0b8f634b3g(HtmlParserTest.java:975)
	at org.jsoup.parser.HtmlParserTest.handlesManyChildren(HtmlParserTest.java:962)
	at sun.reflect.NativeMethodAccessorImpl.invoke0(Native Method)
	at sun.reflect.NativeMethodAccessorImpl.invoke(NativeMethodAccessorImpl.java:62)
	at sun.reflect.DelegatingMethodAccessorImpl.invoke(DelegatingMethodAccessorImpl.java:43)
	at java.lang.reflect.Method.invoke(Method.java:498)
	at org.junit.runners.model.FrameworkMethod$1.runReflectiveCall(FrameworkMethod.java:50)
	at org.junit.internal.runners.model.ReflectiveCallable.run(ReflectiveCallable.java:12)
	at org.junit.runners.model.FrameworkMethod.invokeExplosively(FrameworkMethod.java:47)
	at org.junit.internal.runners.statements.InvokeMethod.evaluate(InvokeMethod.java:17)
	at org.junit.runners.ParentRunner.runLeaf(ParentRunner.java:325)
	at org.junit.runners.BlockJUnit4ClassRunner.runChild(BlockJUnit4ClassRunner.java:78)
	at org.junit.runners.BlockJUnit4ClassRunner.runChild(BlockJUnit4ClassRunner.java:57)
	at org.junit.runners.ParentRunner$3.run(ParentRunner.java:290)
	at org.junit.runners.ParentRunner$1.schedule(ParentRunner.java:71)
	at org.junit.runners.ParentRunner.runChildren(ParentRunner.java:288)
	at org.junit.runners.ParentRunner.access$000(ParentRunner.java:58)
	at org.junit.runners.ParentRunner$2.evaluate(ParentRunner.java:268)
	at org.junit.runners.ParentRunner.run(ParentRunner.java:363)
	at org.apache.maven.surefire.junit4.JUnit4Provider.execute(JUnit4Provider.java:252)
	at org.apache.maven.surefire.junit4.JUnit4Provider.executeTestSet(JUnit4Provider.java:141)
	at org.apache.maven.surefire.junit4.JUnit4Provider.invoke(JUnit4Provider.java:112)
	at sun.reflect.NativeMethodAccessorImpl.invoke0(Native Method)
	at sun.reflect.NativeMethodAccessorImpl.invoke(NativeMethodAccessorImpl.java:62)
	at sun.reflect.DelegatingMethodAccessorImpl.invoke(DelegatingMethodAccessorImpl.java:43)
	at java.lang.reflect.Method.invoke(Method.java:498)
	at org.apache.maven.surefire.util.ReflectionUtils.invokeMethodWithArray(ReflectionUtils.java:189)
	at org.apache.maven.surefire.booter.ProviderFactory$ProviderProxy.invoke(ProviderFactory.java:165)
	at org.apache.maven.surefire.booter.ProviderFactory.invokeProvider(ProviderFactory.java:85)
	at org.apache.maven.surefire.booter.ForkedBooter.runSuitesInProcess(ForkedBooter.java:115)
	at org.apache.maven.surefire.booter.ForkedBooter.main(ForkedBooter.java:75)

Running org.jsoup.parser.TokeniserTest
Tests run: 10, Failures: 0, Errors: 0, Skipped: 0, Time elapsed: 0.247 sec
Running org.jsoup.parser.HtmlTreeBuilderTest
Tests run: 1, Failures: 0, Errors: 0, Skipped: 0, Time elapsed: 0.002 sec
Running org.jsoup.parser.AttributeParseTest
Tests run: 8, Failures: 0, Errors: 0, Skipped: 0, Time elapsed: 0.032 sec
Running org.jsoup.parser.TokenQueueTest
Tests run: 8, Failures: 0, Errors: 0, Skipped: 0, Time elapsed: 0.03 sec
Running org.jsoup.nodes.ElementTest
Tests run: 93, Failures: 0, Errors: 0, Skipped: 0, Time elapsed: 0.436 sec
Running org.jsoup.nodes.DocumentTypeTest
Tests run: 5, Failures: 0, Errors: 0, Skipped: 0, Time elapsed: 0.102 sec
Running org.jsoup.nodes.EntitiesTest
Tests run: 15, Failures: 0, Errors: 0, Skipped: 0, Time elapsed: 0.036 sec
Running org.jsoup.nodes.AttributesTest
Tests run: 8, Failures: 0, Errors: 0, Skipped: 0, Time elapsed: 0.027 sec
Running org.jsoup.nodes.NodeTest
Tests run: 25, Failures: 0, Errors: 0, Skipped: 0, Time elapsed: 0.11 sec
Running org.jsoup.nodes.DocumentTest
Tests run: 29, Failures: 0, Errors: 0, Skipped: 1, Time elapsed: 0.359 sec
Running org.jsoup.nodes.FormElementTest
Tests run: 10, Failures: 0, Errors: 0, Skipped: 0, Time elapsed: 0.068 sec
Running org.jsoup.nodes.AttributeTest
Tests run: 2, Failures: 0, Errors: 0, Skipped: 0, Time elapsed: 0.015 sec
Running org.jsoup.nodes.TextNodeTest
Tests run: 6, Failures: 0, Errors: 0, Skipped: 0, Time elapsed: 0.039 sec
Running org.jsoup.internal.ConstrainableInputStreamTest
Tests run: 1, Failures: 0, Errors: 0, Skipped: 1, Time elapsed: 0 sec
Running org.jsoup.safety.CleanerTest
Tests run: 33, Failures: 0, Errors: 0, Skipped: 0, Time elapsed: 0.274 sec
Running org.jsoup.helper.DataUtilTest
Tests run: 15, Failures: 0, Errors: 0, Skipped: 0, Time elapsed: 0.105 sec
Running org.jsoup.helper.W3CDomTest
Tests run: 6, Failures: 0, Errors: 0, Skipped: 0, Time elapsed: 0.647 sec
Running org.jsoup.helper.StringUtilTest
Tests run: 9, Failures: 0, Errors: 0, Skipped: 0, Time elapsed: 0.041 sec
Running org.jsoup.helper.HttpConnectionTest
Tests run: 21, Failures: 0, Errors: 0, Skipped: 0, Time elapsed: 0.057 sec

Results :

Failed tests:   handlesDeepStack(org.jsoup.parser.HtmlParserTest)
  handlesManyChildren(org.jsoup.parser.HtmlParserTest)

Tests run: 668, Failures: 2, Errors: 0, Skipped: 11

[INFO] ------------------------------------------------------------------------
[INFO] BUILD FAILURE
[INFO] ------------------------------------------------------------------------
[INFO] Total time: 01:06 min
[INFO] Finished at: 2018-10-02T12:01:07+02:00
[INFO] ------------------------------------------------------------------------
[ERROR] Failed to execute goal org.apache.maven.plugins:maven-surefire-plugin:2.12.4:test (default-test) on project jsoup: There are test failures.
[ERROR] 
[ERROR] Please refer to /tmp/icst-2019/september-2018/dataset/jsoup/target/surefire-reports for the individual test results.
[ERROR] -> [Help 1]
[ERROR] 
[ERROR] To see the full stack trace of the errors, re-run Maven with the -e switch.
[ERROR] Re-run Maven using the -X switch to enable full debug logging.
[ERROR] 
[ERROR] For more information about the errors and possible solutions, please read the following articles:
[ERROR] [Help 1] http://cwiki.apache.org/confluence/display/MAVEN/MojoFailureException
Writing HTML report to '/tmp/icst-2019/september-2018/dataset/jsoup/target/clover/report'
Done. Processed 10 packages in 25383ms (2538ms per package).
[INFO] /tmp/icst-2019/september-2018/dataset/jsoup/src/main/java/org/jsoup/nodes/Element.java
[INFO] /tmp/icst-2019/september-2018/dataset/jsoup_parent/src/main/java/org/jsoup/nodes/Element.java
[info] org.jsoup.nodes.Element:695 is modified.
[info] org.jsoup.nodes.Element:696 is modified.
[info] org.jsoup.nodes.Element:697 is modified.
[info] org.jsoup.nodes.Element:700 is modified.
[info] org.jsoup.nodes.Element:700 is modified.
[info] org.jsoup.nodes.Element:701 is modified.
[info] org.jsoup.nodes.Element:701 is modified.
[info] org.jsoup.nodes.Element:702 is modified.
[info] org.jsoup.nodes.Element:704 is modified.
[info] org.jsoup.nodes.Element:704 is modified.
[info] org.jsoup.nodes.Element:705 is modified.
[info] org.jsoup.nodes.Element:705 is modified.
[info] org.jsoup.nodes.Element:740 is modified.
[info] org.jsoup.nodes.Element:741 is modified.
[info] org.jsoup.nodes.Element:741 is modified.
[info] org.jsoup.nodes.Element:696 covered.
[info] org.jsoup.nodes.Element:700 covered.
[info] org.jsoup.nodes.Element:701 covered.
[info] org.jsoup.nodes.Element:702 covered.
[info] org.jsoup.nodes.Element:704 covered.
[info] org.jsoup.nodes.Element:705 covered.
[info] org.jsoup.nodes.Element:740 covered.
[info] org.jsoup.nodes.Element:741 covered.
[INFO] /tmp/icst-2019/september-2018/dataset/jsoup/src/test/java/org/jsoup/nodes/ElementTest.java
[INFO] /tmp/icst-2019/september-2018/dataset/jsoup_parent/src/test/java/org/jsoup/nodes/ElementTest.java
[info] org.jsoup.nodes.ElementTest:1328 is modified.
[info] org.jsoup.nodes.ElementTest:1329 is modified.
[info] org.jsoup.nodes.ElementTest:1329 is modified.
[info] org.jsoup.nodes.ElementTest:1332 is modified.
[info] org.jsoup.nodes.ElementTest:1332 is modified.
[info] org.jsoup.nodes.ElementTest:1333 is modified.
[info] org.jsoup.nodes.ElementTest:1333 is modified.
[info] org.jsoup.nodes.ElementTest:1334 is modified.
[info] org.jsoup.nodes.ElementTest:1335 is modified.
[info] org.jsoup.nodes.ElementTest:1335 is modified.
[info] org.jsoup.nodes.ElementTest:1337 is modified.
[info] org.jsoup.nodes.ElementTest:1337 is modified.
[info] org.jsoup.nodes.ElementTest:1338 is modified.
[info] org.jsoup.nodes.ElementTest:1338 is modified.
[info] org.jsoup.nodes.ElementTest:1339 is modified.
[info] org.jsoup.nodes.ElementTest:1347 is modified.
[info] org.jsoup.nodes.ElementTest:1347 is modified.
[info] org.jsoup.nodes.ElementTest:1348 is modified.
[info] org.jsoup.nodes.ElementTest:1348 is modified.
[info] org.jsoup.nodes.ElementTest:1350 is modified.
[info] org.jsoup.nodes.ElementTest:1352 is modified.
[info] org.jsoup.nodes.ElementTest:1353 is modified.
[info] org.jsoup.nodes.ElementTest:1353 is modified.
[INFO] Saving result in /tmp/icst-2019/september-2018/result/jsoup/commit_9_20ec85e/commit_coverage_testsThatExecuteTheChanges.csv ...
[INFO] org.jsoup.nodes.ElementTest;testNextElementSiblings;testPreviousElementSiblings
[INFO] Writing Coverage in /tmp/icst-2019/september-2018/result/jsoup/commit_9_20ec85e/commit_coverage_testsThatExecuteTheChanges_coverage.csv
[INFO] org.jsoup.nodes.Element;8;10

[INFO] total;8;10

[INFO] ------------------------------------------------------------------------
[INFO] BUILD SUCCESS
[INFO] ------------------------------------------------------------------------
[INFO] Total time: 01:52 min
[INFO] Finished at: 2018-10-02T12:01:46+02:00
[INFO] ------------------------------------------------------------------------
[INFO] 2018-10-02 12:01:47 RepositoriesSetter - {/tmp/icst-2019/september-2018/dataset/jsoup} Cleaning local repository...
[INFO] 2018-10-02 12:01:47 RepositoriesSetter - Checkout a810d2e3615da9a37ad74a7db2ca8bc6945ab9a8 revision...
[INFO] 2018-10-02 12:01:47 RepositoriesSetter - {/tmp/icst-2019/september-2018/dataset/jsoup_parent} Cleaning local repository...
[INFO] 2018-10-02 12:01:47 RepositoriesSetter - Checkout bdf1df7eb3ca76cdcdaca38f7df5d941bbb1c664 revision...
