[INFO] Scanning for projects...
[INFO] 
[INFO] ------------------< org.apache.commons:commons-lang3 >------------------
[INFO] Building Apache Commons Lang 3.8-SNAPSHOT
[INFO] --------------------------------[ jar ]---------------------------------
[INFO] 
[INFO] --- maven-clean-plugin:3.0.0:clean (default-clean) @ commons-lang3 ---
[INFO] Deleting /tmp/icst-2019/september-2018/dataset/commons-lang_parent/target
[INFO] 
[INFO] --- diff-test-selection:0.5-SNAPSHOT:list (default-cli) @ commons-lang3 ---
[INFO] Computing coverage for /tmp/icst-2019/september-2018/dataset/commons-lang_parent
[WARN] Maven will be executed in interactive mode, but no input stream has been configured for this MavenInvoker instance.
[INFO] Scanning for projects...
[INFO] 
[INFO] ------------------< org.apache.commons:commons-lang3 >------------------
[INFO] Building Apache Commons Lang 3.8-SNAPSHOT
[INFO] --------------------------------[ jar ]---------------------------------
[INFO] 
[INFO] --- maven-clean-plugin:3.0.0:clean (default-clean) @ commons-lang3 ---
[INFO] 
[INFO] --- clover-maven-plugin:4.2.0:setup (default-cli) @ commons-lang3 ---
[INFO] No 'maven.clover.licenseLocation' configured. Using default license.
[INFO] OpenClover Version 4.2.0, built on April 30 2017 (build-1000)
[INFO] Loaded from: /home/spirals/danglot/.m2/repository/org/openclover/clover/4.2.0/clover-4.2.0.jar
[INFO] Clover free edition.
[INFO] Creating new database at '/tmp/icst-2019/september-2018/dataset/commons-lang_parent/target/clover/clover.db'.
[INFO] Processing files at 1.8 source level.
[INFO] Clover all over. Instrumented 153 files (13 packages).
[INFO] Elapsed time = 5.55 secs. (27.568 files/sec, 14,210.45 srclines/sec)
[INFO] OpenClover Version 4.2.0, built on April 30 2017 (build-1000)
[INFO] Loaded from: /home/spirals/danglot/.m2/repository/org/openclover/clover/4.2.0/clover-4.2.0.jar
[INFO] Clover free edition.
[INFO] Updating existing database at '/tmp/icst-2019/september-2018/dataset/commons-lang_parent/target/clover/clover.db'.
[INFO] Processing files at 1.8 source level.
[INFO] Clover all over. Instrumented 174 files (14 packages).
[INFO] 3107 test methods detected.
[INFO] Elapsed time = 7.529 secs. (23.111 files/sec, 8,633.152 srclines/sec)
[INFO] 
[INFO] --- maven-enforcer-plugin:3.0.0-M2:enforce (enforce-maven-version) @ commons-lang3 ---
[INFO] Skipping Rule Enforcement.
[INFO] 
[INFO] --- maven-enforcer-plugin:3.0.0-M2:enforce (enforce-maven-3) @ commons-lang3 ---
[INFO] Skipping Rule Enforcement.
[INFO] 
[INFO] --- build-helper-maven-plugin:3.0.0:parse-version (parse-version) @ commons-lang3 ---
[INFO] 
[INFO] --- maven-antrun-plugin:1.8:run (javadoc.resources) @ commons-lang3 ---
[INFO] Executing tasks

main:
     [copy] Copying 2 files to /tmp/icst-2019/september-2018/dataset/commons-lang_parent/target/apidocs/META-INF
[INFO] Executed tasks
[INFO] 
[INFO] --- maven-remote-resources-plugin:1.5:process (process-resource-bundles) @ commons-lang3 ---
[INFO] 
[INFO] --- buildnumber-maven-plugin:1.4:create (default) @ commons-lang3 ---
[INFO] Executing: /bin/sh -c cd '/tmp/icst-2019/september-2018/dataset/commons-lang_parent' && 'git' 'rev-parse' '--verify' 'HEAD'
[INFO] Working directory: /tmp/icst-2019/september-2018/dataset/commons-lang_parent
[INFO] Storing buildNumber: 08aa21f9217df0a28d48be5be5db03ddf4867140 at timestamp: 1538230817982
[INFO] Storing buildScmBranch: master
[INFO] 
[INFO] --- maven-resources-plugin:3.0.2:resources (default-resources) @ commons-lang3 ---
[INFO] Using 'ISO-8859-1' encoding to copy filtered resources.
[INFO] skip non existing resourceDirectory /tmp/icst-2019/september-2018/dataset/commons-lang_parent/src/main/resources
[INFO] Copying 2 resources to META-INF
[INFO] Copying 1 resource
[INFO] 
[INFO] --- maven-compiler-plugin:3.7.0:compile (default-compile) @ commons-lang3 ---
[INFO] Changes detected - recompiling the module!
[INFO] Compiling 153 source files to /tmp/icst-2019/september-2018/dataset/commons-lang_parent/target/classes
[INFO] /tmp/icst-2019/september-2018/dataset/commons-lang_parent/target/clover/src-instrumented/org/apache/commons/lang3/builder/ToStringStyle.java: Some input files use or override a deprecated API.
[INFO] /tmp/icst-2019/september-2018/dataset/commons-lang_parent/target/clover/src-instrumented/org/apache/commons/lang3/builder/ToStringStyle.java: Recompile with -Xlint:deprecation for details.
[INFO] /tmp/icst-2019/september-2018/dataset/commons-lang_parent/target/clover/src-instrumented/org/apache/commons/lang3/ArrayUtils.java: Some input files use unchecked or unsafe operations.
[INFO] /tmp/icst-2019/september-2018/dataset/commons-lang_parent/target/clover/src-instrumented/org/apache/commons/lang3/ArrayUtils.java: Recompile with -Xlint:unchecked for details.
[INFO] 
[INFO] --- maven-bundle-plugin:3.5.0:manifest (bundle-manifest) @ commons-lang3 ---
[INFO] 
[INFO] --- animal-sniffer-maven-plugin:1.16:check (checkAPIcompatibility) @ commons-lang3 ---
[INFO] Checking unresolved references to org.codehaus.mojo.signature:java17:1.0
[INFO] 
[INFO] --- maven-resources-plugin:3.0.2:testResources (default-testResources) @ commons-lang3 ---
[INFO] Using 'ISO-8859-1' encoding to copy filtered resources.
[INFO] Copying 2 resources
[INFO] Copying 2 resources to META-INF
[INFO] 
[INFO] --- maven-compiler-plugin:3.7.0:testCompile (default-testCompile) @ commons-lang3 ---
[INFO] Changes detected - recompiling the module!
[INFO] Compiling 174 source files to /tmp/icst-2019/september-2018/dataset/commons-lang_parent/target/test-classes
[INFO] /tmp/icst-2019/september-2018/dataset/commons-lang_parent/target/clover/src-test-instrumented/org/apache/commons/lang3/StringUtilsTest.java: Some input files use or override a deprecated API.
[INFO] /tmp/icst-2019/september-2018/dataset/commons-lang_parent/target/clover/src-test-instrumented/org/apache/commons/lang3/StringUtilsTest.java: Recompile with -Xlint:deprecation for details.
[INFO] /tmp/icst-2019/september-2018/dataset/commons-lang_parent/target/clover/src-test-instrumented/org/apache/commons/lang3/RangeTest.java: Some input files use unchecked or unsafe operations.
[INFO] /tmp/icst-2019/september-2018/dataset/commons-lang_parent/target/clover/src-test-instrumented/org/apache/commons/lang3/RangeTest.java: Recompile with -Xlint:unchecked for details.
[INFO] 
[INFO] --- maven-surefire-plugin:2.22.0:test (default-test) @ commons-lang3 ---
[INFO] 
[INFO] -------------------------------------------------------
[INFO]  T E S T S
[INFO] -------------------------------------------------------
[INFO] Running org.apache.commons.lang3.RandomStringUtilsTest
[INFO] Tests run: 18, Failures: 0, Errors: 0, Skipped: 0, Time elapsed: 0.373 s - in org.apache.commons.lang3.RandomStringUtilsTest
[INFO] Running org.apache.commons.lang3.StringUtilsEmptyBlankTest
[INFO] Tests run: 12, Failures: 0, Errors: 0, Skipped: 0, Time elapsed: 0.089 s - in org.apache.commons.lang3.StringUtilsEmptyBlankTest
[INFO] Running org.apache.commons.lang3.StringUtilsTrimStripTest
[INFO] Tests run: 11, Failures: 0, Errors: 0, Skipped: 0, Time elapsed: 0.06 s - in org.apache.commons.lang3.StringUtilsTrimStripTest
[INFO] Running org.apache.commons.lang3.StringUtilsEqualsIndexOfTest
[INFO] Tests run: 37, Failures: 0, Errors: 0, Skipped: 0, Time elapsed: 0.109 s - in org.apache.commons.lang3.StringUtilsEqualsIndexOfTest
[INFO] Running org.apache.commons.lang3.RegExUtilsTest
[INFO] Tests run: 10, Failures: 0, Errors: 0, Skipped: 0, Time elapsed: 0.016 s - in org.apache.commons.lang3.RegExUtilsTest
[INFO] Running org.apache.commons.lang3.StringUtilsSubstringTest
[INFO] Tests run: 14, Failures: 0, Errors: 0, Skipped: 0, Time elapsed: 0.018 s - in org.apache.commons.lang3.StringUtilsSubstringTest
[INFO] Running org.apache.commons.lang3.mutable.MutableLongTest
[INFO] Tests run: 25, Failures: 0, Errors: 0, Skipped: 0, Time elapsed: 0.052 s - in org.apache.commons.lang3.mutable.MutableLongTest
[INFO] Running org.apache.commons.lang3.mutable.MutableIntTest
[INFO] Tests run: 25, Failures: 0, Errors: 0, Skipped: 0, Time elapsed: 0.039 s - in org.apache.commons.lang3.mutable.MutableIntTest
[INFO] Running org.apache.commons.lang3.mutable.MutableByteTest
[INFO] Tests run: 25, Failures: 0, Errors: 0, Skipped: 0, Time elapsed: 0.052 s - in org.apache.commons.lang3.mutable.MutableByteTest
[INFO] Running org.apache.commons.lang3.mutable.MutableFloatTest
[INFO] Tests run: 26, Failures: 0, Errors: 0, Skipped: 0, Time elapsed: 0.036 s - in org.apache.commons.lang3.mutable.MutableFloatTest
[INFO] Running org.apache.commons.lang3.mutable.MutableShortTest
[INFO] Tests run: 22, Failures: 0, Errors: 0, Skipped: 0, Time elapsed: 0.026 s - in org.apache.commons.lang3.mutable.MutableShortTest
[INFO] Running org.apache.commons.lang3.mutable.MutableObjectTest
[INFO] Tests run: 5, Failures: 0, Errors: 0, Skipped: 0, Time elapsed: 0.008 s - in org.apache.commons.lang3.mutable.MutableObjectTest
[INFO] Running org.apache.commons.lang3.mutable.MutableDoubleTest
[INFO] Tests run: 26, Failures: 0, Errors: 0, Skipped: 0, Time elapsed: 0.043 s - in org.apache.commons.lang3.mutable.MutableDoubleTest
[INFO] Running org.apache.commons.lang3.mutable.MutableBooleanTest
[INFO] Tests run: 9, Failures: 0, Errors: 0, Skipped: 0, Time elapsed: 0.014 s - in org.apache.commons.lang3.mutable.MutableBooleanTest
[INFO] Running org.apache.commons.lang3.concurrent.BasicThreadFactoryTest
[INFO] Tests run: 15, Failures: 0, Errors: 0, Skipped: 0, Time elapsed: 0.049 s - in org.apache.commons.lang3.concurrent.BasicThreadFactoryTest
[INFO] Running org.apache.commons.lang3.concurrent.BackgroundInitializerTest
[INFO] Tests run: 15, Failures: 0, Errors: 0, Skipped: 0, Time elapsed: 0.032 s - in org.apache.commons.lang3.concurrent.BackgroundInitializerTest
[INFO] Running org.apache.commons.lang3.concurrent.AtomicSafeInitializerTest
[INFO] Tests run: 4, Failures: 0, Errors: 0, Skipped: 0, Time elapsed: 0.029 s - in org.apache.commons.lang3.concurrent.AtomicSafeInitializerTest
[INFO] Running org.apache.commons.lang3.concurrent.ConstantInitializerTest
[INFO] Tests run: 7, Failures: 0, Errors: 0, Skipped: 0, Time elapsed: 0.023 s - in org.apache.commons.lang3.concurrent.ConstantInitializerTest
[INFO] Running org.apache.commons.lang3.concurrent.MultiBackgroundInitializerTest
[INFO] Tests run: 17, Failures: 0, Errors: 0, Skipped: 0, Time elapsed: 0.084 s - in org.apache.commons.lang3.concurrent.MultiBackgroundInitializerTest
[INFO] Running org.apache.commons.lang3.concurrent.LazyInitializerTest
[INFO] Tests run: 3, Failures: 0, Errors: 0, Skipped: 0, Time elapsed: 0.018 s - in org.apache.commons.lang3.concurrent.LazyInitializerTest
[INFO] Running org.apache.commons.lang3.concurrent.ConcurrentUtilsTest
[INFO] Tests run: 41, Failures: 0, Errors: 0, Skipped: 0, Time elapsed: 0.045 s - in org.apache.commons.lang3.concurrent.ConcurrentUtilsTest
[INFO] Running org.apache.commons.lang3.concurrent.CircuitBreakingExceptionTest
[INFO] Tests run: 7, Failures: 0, Errors: 0, Skipped: 0, Time elapsed: 0.009 s - in org.apache.commons.lang3.concurrent.CircuitBreakingExceptionTest
[INFO] Running org.apache.commons.lang3.concurrent.MemoizerTest
[INFO] Tests run: 6, Failures: 0, Errors: 0, Skipped: 0, Time elapsed: 0.021 s - in org.apache.commons.lang3.concurrent.MemoizerTest
[INFO] Running org.apache.commons.lang3.concurrent.EventCountCircuitBreakerTest
[INFO] Tests run: 18, Failures: 0, Errors: 0, Skipped: 0, Time elapsed: 0.053 s - in org.apache.commons.lang3.concurrent.EventCountCircuitBreakerTest
[INFO] Running org.apache.commons.lang3.concurrent.ThresholdCircuitBreakerTest
[INFO] Tests run: 5, Failures: 0, Errors: 0, Skipped: 0, Time elapsed: 0.005 s - in org.apache.commons.lang3.concurrent.ThresholdCircuitBreakerTest
[INFO] Running org.apache.commons.lang3.concurrent.AtomicInitializerTest
[INFO] Tests run: 3, Failures: 0, Errors: 0, Skipped: 0, Time elapsed: 0.006 s - in org.apache.commons.lang3.concurrent.AtomicInitializerTest
[INFO] Running org.apache.commons.lang3.concurrent.CallableBackgroundInitializerTest
[INFO] Tests run: 4, Failures: 0, Errors: 0, Skipped: 0, Time elapsed: 0.006 s - in org.apache.commons.lang3.concurrent.CallableBackgroundInitializerTest
[INFO] Running org.apache.commons.lang3.concurrent.TimedSemaphoreTest
[INFO] Tests run: 17, Failures: 0, Errors: 0, Skipped: 0, Time elapsed: 1.201 s - in org.apache.commons.lang3.concurrent.TimedSemaphoreTest
[INFO] Running org.apache.commons.lang3.SystemUtilsTest
[INFO] Tests run: 17, Failures: 0, Errors: 0, Skipped: 0, Time elapsed: 0.023 s - in org.apache.commons.lang3.SystemUtilsTest
[INFO] Running org.apache.commons.lang3.ArrayUtilsAddTest
[INFO] Tests run: 13, Failures: 0, Errors: 0, Skipped: 0, Time elapsed: 0.014 s - in org.apache.commons.lang3.ArrayUtilsAddTest
[INFO] Running org.apache.commons.lang3.SerializationUtilsTest
[INFO] Tests run: 26, Failures: 0, Errors: 0, Skipped: 0, Time elapsed: 0.081 s - in org.apache.commons.lang3.SerializationUtilsTest
[INFO] Running org.apache.commons.lang3.ClassPathUtilsTest
[INFO] Tests run: 13, Failures: 0, Errors: 0, Skipped: 0, Time elapsed: 0.016 s - in org.apache.commons.lang3.ClassPathUtilsTest
[INFO] Running org.apache.commons.lang3.ArrayUtilsRemoveTest
[INFO] Tests run: 28, Failures: 0, Errors: 0, Skipped: 0, Time elapsed: 0.035 s - in org.apache.commons.lang3.ArrayUtilsRemoveTest
[INFO] Running org.apache.commons.lang3.ValidateTest
[INFO] Tests run: 67, Failures: 0, Errors: 0, Skipped: 0, Time elapsed: 0.057 s - in org.apache.commons.lang3.ValidateTest
[INFO] Running org.apache.commons.lang3.NotImplementedExceptionTest
[INFO] Tests run: 1, Failures: 0, Errors: 0, Skipped: 0, Time elapsed: 0.001 s - in org.apache.commons.lang3.NotImplementedExceptionTest
[INFO] Running org.apache.commons.lang3.ArrayUtilsTest
[INFO] Tests run: 308, Failures: 0, Errors: 0, Skipped: 0, Time elapsed: 0.32 s - in org.apache.commons.lang3.ArrayUtilsTest
[INFO] Running org.apache.commons.lang3.EnumUtilsTest
[INFO] Tests run: 40, Failures: 0, Errors: 0, Skipped: 0, Time elapsed: 0 s - in org.apache.commons.lang3.EnumUtilsTest
[INFO] Running org.apache.commons.lang3.BitFieldTest
[INFO] Tests run: 15, Failures: 0, Errors: 0, Skipped: 0, Time elapsed: 0 s - in org.apache.commons.lang3.BitFieldTest
[INFO] Running org.apache.commons.lang3.CharSequenceUtilsTest
[INFO] Tests run: 6, Failures: 0, Errors: 0, Skipped: 0, Time elapsed: 0 s - in org.apache.commons.lang3.CharSequenceUtilsTest
[INFO] Running org.apache.commons.lang3.exception.ContextedRuntimeExceptionTest
[INFO] Tests run: 14, Failures: 0, Errors: 0, Skipped: 0, Time elapsed: 0.067 s - in org.apache.commons.lang3.exception.ContextedRuntimeExceptionTest
[INFO] Running org.apache.commons.lang3.exception.DefaultExceptionContextTest
[INFO] Tests run: 8, Failures: 0, Errors: 0, Skipped: 0, Time elapsed: 0.011 s - in org.apache.commons.lang3.exception.DefaultExceptionContextTest
[INFO] Running org.apache.commons.lang3.exception.ExceptionUtilsTest
[INFO] Tests run: 34, Failures: 0, Errors: 0, Skipped: 0, Time elapsed: 0.054 s - in org.apache.commons.lang3.exception.ExceptionUtilsTest
[INFO] Running org.apache.commons.lang3.exception.CloneFailedExceptionTest
[INFO] Tests run: 6, Failures: 0, Errors: 0, Skipped: 0, Time elapsed: 0.005 s - in org.apache.commons.lang3.exception.CloneFailedExceptionTest
[INFO] Running org.apache.commons.lang3.exception.ContextedExceptionTest
[INFO] Tests run: 14, Failures: 0, Errors: 0, Skipped: 0, Time elapsed: 0.029 s - in org.apache.commons.lang3.exception.ContextedExceptionTest
[INFO] Running org.apache.commons.lang3.StringUtilsStartsEndsWithTest
[INFO] Tests run: 6, Failures: 0, Errors: 0, Skipped: 0, Time elapsed: 0.002 s - in org.apache.commons.lang3.StringUtilsStartsEndsWithTest
[INFO] Running org.apache.commons.lang3.RandomUtilsTest
[INFO] Tests run: 29, Failures: 0, Errors: 0, Skipped: 0, Time elapsed: 0.016 s - in org.apache.commons.lang3.RandomUtilsTest
[INFO] Running org.apache.commons.lang3.CharSetUtilsTest
[INFO] Tests run: 11, Failures: 0, Errors: 0, Skipped: 0, Time elapsed: 0.015 s - in org.apache.commons.lang3.CharSetUtilsTest
[INFO] Running org.apache.commons.lang3.ArrayUtilsInsertTest
[INFO] Tests run: 9, Failures: 0, Errors: 0, Skipped: 0, Time elapsed: 0.007 s - in org.apache.commons.lang3.ArrayUtilsInsertTest
[INFO] Running org.apache.commons.lang3.StringUtilsIsTest
[INFO] Tests run: 8, Failures: 0, Errors: 0, Skipped: 0, Time elapsed: 0.006 s - in org.apache.commons.lang3.StringUtilsIsTest
[INFO] Running org.apache.commons.lang3.ConversionTest
[INFO] Tests run: 42, Failures: 0, Errors: 0, Skipped: 0, Time elapsed: 0.042 s - in org.apache.commons.lang3.ConversionTest
[INFO] Running org.apache.commons.lang3.CharUtilsTest
[INFO] Tests run: 24, Failures: 0, Errors: 0, Skipped: 0, Time elapsed: 0.021 s - in org.apache.commons.lang3.CharUtilsTest
[INFO] Running org.apache.commons.lang3.StringUtilsContainsTest
[INFO] Tests run: 22, Failures: 0, Errors: 0, Skipped: 0, Time elapsed: 0.023 s - in org.apache.commons.lang3.StringUtilsContainsTest
[INFO] Running org.apache.commons.lang3.test.SystemDefaultsSwitchTest
[INFO] Tests run: 4, Failures: 0, Errors: 0, Skipped: 0, Time elapsed: 0.007 s - in org.apache.commons.lang3.test.SystemDefaultsSwitchTest
[INFO] Running org.apache.commons.lang3.JavaVersionTest
[INFO] Tests run: 3, Failures: 0, Errors: 0, Skipped: 0, Time elapsed: 0.002 s - in org.apache.commons.lang3.JavaVersionTest
[INFO] Running org.apache.commons.lang3.LocaleUtilsTest
[INFO] Tests run: 16, Failures: 0, Errors: 0, Skipped: 0, Time elapsed: 0.057 s - in org.apache.commons.lang3.LocaleUtilsTest
[INFO] Running org.apache.commons.lang3.ClassUtilsTest
[INFO] Tests run: 62, Failures: 0, Errors: 0, Skipped: 0, Time elapsed: 0.075 s - in org.apache.commons.lang3.ClassUtilsTest
[INFO] Running org.apache.commons.lang3.event.EventListenerSupportTest
[INFO] Tests run: 10, Failures: 0, Errors: 0, Skipped: 0, Time elapsed: 0.032 s - in org.apache.commons.lang3.event.EventListenerSupportTest
[INFO] Running org.apache.commons.lang3.event.EventUtilsTest
[INFO] Tests run: 8, Failures: 0, Errors: 0, Skipped: 0, Time elapsed: 0.045 s - in org.apache.commons.lang3.event.EventUtilsTest
[INFO] Running org.apache.commons.lang3.text.StrLookupTest
[INFO] Tests run: 6, Failures: 0, Errors: 0, Skipped: 0, Time elapsed: 0.008 s - in org.apache.commons.lang3.text.StrLookupTest
[INFO] Running org.apache.commons.lang3.text.ExtendedMessageFormatTest
[INFO] Tests run: 10, Failures: 0, Errors: 0, Skipped: 0, Time elapsed: 1.487 s - in org.apache.commons.lang3.text.ExtendedMessageFormatTest
[INFO] Running org.apache.commons.lang3.text.StrTokenizerTest
[INFO] Tests run: 55, Failures: 0, Errors: 0, Skipped: 0, Time elapsed: 0.066 s - in org.apache.commons.lang3.text.StrTokenizerTest
[INFO] Running org.apache.commons.lang3.text.StrBuilderAppendInsertTest
[INFO] Tests run: 51, Failures: 0, Errors: 0, Skipped: 0, Time elapsed: 0.046 s - in org.apache.commons.lang3.text.StrBuilderAppendInsertTest
[INFO] Running org.apache.commons.lang3.text.StrSubstitutorTest
[INFO] Tests run: 41, Failures: 0, Errors: 0, Skipped: 0, Time elapsed: 0.109 s - in org.apache.commons.lang3.text.StrSubstitutorTest
[INFO] Running org.apache.commons.lang3.text.WordUtilsTest
[INFO] Tests run: 16, Failures: 0, Errors: 0, Skipped: 0, Time elapsed: 0.033 s - in org.apache.commons.lang3.text.WordUtilsTest
[INFO] Running org.apache.commons.lang3.text.CompositeFormatTest
[INFO] Tests run: 2, Failures: 0, Errors: 0, Skipped: 0, Time elapsed: 0.007 s - in org.apache.commons.lang3.text.CompositeFormatTest
[INFO] Running org.apache.commons.lang3.text.translate.UnicodeUnpairedSurrogateRemoverTest
[INFO] Tests run: 2, Failures: 0, Errors: 0, Skipped: 0, Time elapsed: 0.007 s - in org.apache.commons.lang3.text.translate.UnicodeUnpairedSurrogateRemoverTest
[INFO] Running org.apache.commons.lang3.text.translate.LookupTranslatorTest
[INFO] Tests run: 2, Failures: 0, Errors: 0, Skipped: 0, Time elapsed: 0.006 s - in org.apache.commons.lang3.text.translate.LookupTranslatorTest
[INFO] Running org.apache.commons.lang3.text.translate.OctalUnescaperTest
[INFO] Tests run: 1, Failures: 0, Errors: 0, Skipped: 0, Time elapsed: 0.006 s - in org.apache.commons.lang3.text.translate.OctalUnescaperTest
[INFO] Running org.apache.commons.lang3.text.translate.NumericEntityUnescaperTest
[INFO] Tests run: 3, Failures: 0, Errors: 0, Skipped: 0, Time elapsed: 0.008 s - in org.apache.commons.lang3.text.translate.NumericEntityUnescaperTest
[INFO] Running org.apache.commons.lang3.text.translate.NumericEntityEscaperTest
[INFO] Tests run: 4, Failures: 0, Errors: 0, Skipped: 0, Time elapsed: 0.008 s - in org.apache.commons.lang3.text.translate.NumericEntityEscaperTest
[INFO] Running org.apache.commons.lang3.text.translate.UnicodeEscaperTest
[INFO] Tests run: 3, Failures: 0, Errors: 0, Skipped: 0, Time elapsed: 0.008 s - in org.apache.commons.lang3.text.translate.UnicodeEscaperTest
[INFO] Running org.apache.commons.lang3.text.translate.EntityArraysTest
[INFO] Tests run: 3, Failures: 0, Errors: 0, Skipped: 0, Time elapsed: 0.009 s - in org.apache.commons.lang3.text.translate.EntityArraysTest
[INFO] Running org.apache.commons.lang3.text.translate.UnicodeUnescaperTest
[INFO] Tests run: 3, Failures: 0, Errors: 0, Skipped: 0, Time elapsed: 0.008 s - in org.apache.commons.lang3.text.translate.UnicodeUnescaperTest
[INFO] Running org.apache.commons.lang3.text.StrMatcherTest
[INFO] Tests run: 14, Failures: 0, Errors: 0, Skipped: 0, Time elapsed: 0.015 s - in org.apache.commons.lang3.text.StrMatcherTest
[INFO] Running org.apache.commons.lang3.text.StrBuilderTest
[INFO] Tests run: 91, Failures: 0, Errors: 0, Skipped: 0, Time elapsed: 0.113 s - in org.apache.commons.lang3.text.StrBuilderTest
[INFO] Running org.apache.commons.lang3.text.FormattableUtilsTest
[INFO] Tests run: 5, Failures: 0, Errors: 0, Skipped: 0, Time elapsed: 0.004 s - in org.apache.commons.lang3.text.FormattableUtilsTest
[INFO] Running org.apache.commons.lang3.CharEncodingTest
[INFO] Tests run: 5, Failures: 0, Errors: 0, Skipped: 0, Time elapsed: 0.013 s - in org.apache.commons.lang3.CharEncodingTest
[INFO] Running org.apache.commons.lang3.reflect.InheritanceUtilsTest
[INFO] Tests run: 9, Failures: 0, Errors: 0, Skipped: 0, Time elapsed: 0.008 s - in org.apache.commons.lang3.reflect.InheritanceUtilsTest
[INFO] Running org.apache.commons.lang3.reflect.TypeLiteralTest
[INFO] Tests run: 4, Failures: 0, Errors: 0, Skipped: 0, Time elapsed: 0.018 s - in org.apache.commons.lang3.reflect.TypeLiteralTest
[INFO] Running org.apache.commons.lang3.reflect.MethodUtilsTest
[INFO] Tests run: 40, Failures: 0, Errors: 0, Skipped: 0, Time elapsed: 0.054 s - in org.apache.commons.lang3.reflect.MethodUtilsTest
[INFO] Running org.apache.commons.lang3.reflect.TypeUtilsTest
[INFO] Tests run: 24, Failures: 0, Errors: 0, Skipped: 0, Time elapsed: 0.038 s - in org.apache.commons.lang3.reflect.TypeUtilsTest
[INFO] Running org.apache.commons.lang3.reflect.ConstructorUtilsTest
[INFO] Tests run: 8, Failures: 0, Errors: 0, Skipped: 0, Time elapsed: 0.013 s - in org.apache.commons.lang3.reflect.ConstructorUtilsTest
[INFO] Running org.apache.commons.lang3.reflect.FieldUtilsTest
[ERROR] Tests run: 64, Failures: 2, Errors: 0, Skipped: 0, Time elapsed: 0.062 s <<< FAILURE! - in org.apache.commons.lang3.reflect.FieldUtilsTest
[ERROR] testGetAllFieldsList(org.apache.commons.lang3.reflect.FieldUtilsTest)  Time elapsed: 0.003 s  <<< FAILURE!
java.lang.AssertionError: [public static final com_atlassian_clover.TestNameSniffer org.apache.commons.lang3.reflect.testbed.PublicChild.__CLR4_2_0_TEST_NAME_SNIFFER, static final java.lang.String org.apache.commons.lang3.reflect.testbed.PublicChild.VALUE, public static final com_atlassian_clover.TestNameSniffer org.apache.commons.lang3.reflect.testbed.Parent.__CLR4_2_0_TEST_NAME_SNIFFER, public java.lang.String org.apache.commons.lang3.reflect.testbed.Parent.s, protected boolean org.apache.commons.lang3.reflect.testbed.Parent.b, int org.apache.commons.lang3.reflect.testbed.Parent.i, private final double org.apache.commons.lang3.reflect.testbed.Parent.d] expected:<5> but was:<7>
	at org.apache.commons.lang3.reflect.FieldUtilsTest.__CLR4_2_01u2r7f11ry(FieldUtilsTest.java:197)
	at org.apache.commons.lang3.reflect.FieldUtilsTest.testGetAllFieldsList(FieldUtilsTest.java:181)

[ERROR] testGetAllFields(org.apache.commons.lang3.reflect.FieldUtilsTest)  Time elapsed: 0.004 s  <<< FAILURE!
java.lang.AssertionError: [public static final com_atlassian_clover.TestNameSniffer org.apache.commons.lang3.reflect.testbed.PublicChild.__CLR4_2_0_TEST_NAME_SNIFFER, static final java.lang.String org.apache.commons.lang3.reflect.testbed.PublicChild.VALUE, public static final com_atlassian_clover.TestNameSniffer org.apache.commons.lang3.reflect.testbed.Parent.__CLR4_2_0_TEST_NAME_SNIFFER, public java.lang.String org.apache.commons.lang3.reflect.testbed.Parent.s, protected boolean org.apache.commons.lang3.reflect.testbed.Parent.b, int org.apache.commons.lang3.reflect.testbed.Parent.i, private final double org.apache.commons.lang3.reflect.testbed.Parent.d] expected:<5> but was:<7>
	at org.apache.commons.lang3.reflect.FieldUtilsTest.__CLR4_2_03gy5dv11rk(FieldUtilsTest.java:177)
	at org.apache.commons.lang3.reflect.FieldUtilsTest.testGetAllFields(FieldUtilsTest.java:163)

[INFO] Running org.apache.commons.lang3.StringEscapeUtilsTest
[INFO] Tests run: 32, Failures: 0, Errors: 0, Skipped: 0, Time elapsed: 1.029 s - in org.apache.commons.lang3.StringEscapeUtilsTest
[INFO] Running org.apache.commons.lang3.StringUtilsTest
[INFO] Tests run: 145, Failures: 0, Errors: 0, Skipped: 0, Time elapsed: 0.273 s - in org.apache.commons.lang3.StringUtilsTest
[INFO] Running org.apache.commons.lang3.AnnotationUtilsTest
[INFO] Tests run: 10, Failures: 0, Errors: 0, Skipped: 0, Time elapsed: 0.039 s - in org.apache.commons.lang3.AnnotationUtilsTest
[INFO] Running org.apache.commons.lang3.ArchUtilsTest
[INFO] Tests run: 4, Failures: 0, Errors: 0, Skipped: 0, Time elapsed: 0.009 s - in org.apache.commons.lang3.ArchUtilsTest
[INFO] Running org.apache.commons.lang3.CharRangeTest
[INFO] Tests run: 17, Failures: 0, Errors: 0, Skipped: 0, Time elapsed: 0.098 s - in org.apache.commons.lang3.CharRangeTest
[INFO] Running org.apache.commons.lang3.builder.DiffResultTest
[INFO] Tests run: 9, Failures: 0, Errors: 0, Skipped: 0, Time elapsed: 0.189 s - in org.apache.commons.lang3.builder.DiffResultTest
[INFO] Running org.apache.commons.lang3.builder.CompareToBuilderTest
[INFO] Tests run: 48, Failures: 0, Errors: 0, Skipped: 0, Time elapsed: 0.061 s - in org.apache.commons.lang3.builder.CompareToBuilderTest
[INFO] Running org.apache.commons.lang3.builder.HashCodeBuilderAndEqualsBuilderTest
[INFO] Tests run: 4, Failures: 0, Errors: 0, Skipped: 0, Time elapsed: 0.013 s - in org.apache.commons.lang3.builder.HashCodeBuilderAndEqualsBuilderTest
[INFO] Running org.apache.commons.lang3.builder.JsonToStringStyleTest
[INFO] Tests run: 15, Failures: 0, Errors: 0, Skipped: 0, Time elapsed: 0.022 s - in org.apache.commons.lang3.builder.JsonToStringStyleTest
[INFO] Running org.apache.commons.lang3.builder.MultilineRecursiveToStringStyleTest
[INFO] Tests run: 11, Failures: 0, Errors: 0, Skipped: 0, Time elapsed: 0.017 s - in org.apache.commons.lang3.builder.MultilineRecursiveToStringStyleTest
[INFO] Running org.apache.commons.lang3.builder.DefaultToStringStyleTest
[INFO] Tests run: 8, Failures: 0, Errors: 0, Skipped: 0, Time elapsed: 0.008 s - in org.apache.commons.lang3.builder.DefaultToStringStyleTest
[INFO] Running org.apache.commons.lang3.builder.ReflectionToStringBuilderTest
[INFO] Tests run: 1, Failures: 0, Errors: 0, Skipped: 0, Time elapsed: 0.002 s - in org.apache.commons.lang3.builder.ReflectionToStringBuilderTest
[INFO] Running org.apache.commons.lang3.builder.HashCodeBuilderTest
[INFO] Tests run: 45, Failures: 0, Errors: 0, Skipped: 0, Time elapsed: 0.04 s - in org.apache.commons.lang3.builder.HashCodeBuilderTest
[INFO] Running org.apache.commons.lang3.builder.ReflectionToStringBuilderExcludeNullValuesTest
[INFO] Tests run: 5, Failures: 0, Errors: 0, Skipped: 0, Time elapsed: 0.003 s - in org.apache.commons.lang3.builder.ReflectionToStringBuilderExcludeNullValuesTest
[INFO] Running org.apache.commons.lang3.builder.MultiLineToStringStyleTest
[INFO] Tests run: 8, Failures: 0, Errors: 0, Skipped: 0, Time elapsed: 0.006 s - in org.apache.commons.lang3.builder.MultiLineToStringStyleTest
[INFO] Running org.apache.commons.lang3.builder.ToStringStyleConcurrencyTest
[INFO] Tests run: 3, Failures: 0, Errors: 0, Skipped: 0, Time elapsed: 6.813 s - in org.apache.commons.lang3.builder.ToStringStyleConcurrencyTest
[INFO] Running org.apache.commons.lang3.builder.ToStringBuilderTest
[WARNING] Tests run: 94, Failures: 0, Errors: 0, Skipped: 1, Time elapsed: 0.092 s - in org.apache.commons.lang3.builder.ToStringBuilderTest
[INFO] Running org.apache.commons.lang3.builder.EqualsBuilderTest
[INFO] Tests run: 56, Failures: 0, Errors: 0, Skipped: 0, Time elapsed: 0.06 s - in org.apache.commons.lang3.builder.EqualsBuilderTest
[INFO] Running org.apache.commons.lang3.builder.ReflectionDiffBuilderTest
[INFO] Tests run: 6, Failures: 0, Errors: 0, Skipped: 0, Time elapsed: 0.012 s - in org.apache.commons.lang3.builder.ReflectionDiffBuilderTest
[INFO] Running org.apache.commons.lang3.builder.ToStringStyleTest
[INFO] Tests run: 12, Failures: 0, Errors: 0, Skipped: 0, Time elapsed: 0.008 s - in org.apache.commons.lang3.builder.ToStringStyleTest
[INFO] Running org.apache.commons.lang3.builder.SimpleToStringStyleTest
[INFO] Tests run: 8, Failures: 0, Errors: 0, Skipped: 0, Time elapsed: 0.007 s - in org.apache.commons.lang3.builder.SimpleToStringStyleTest
[INFO] Running org.apache.commons.lang3.builder.ReflectionToStringBuilderExcludeTest
[INFO] Tests run: 11, Failures: 0, Errors: 0, Skipped: 0, Time elapsed: 0.01 s - in org.apache.commons.lang3.builder.ReflectionToStringBuilderExcludeTest
[INFO] Running org.apache.commons.lang3.builder.NoClassNameToStringStyleTest
[INFO] Tests run: 8, Failures: 0, Errors: 0, Skipped: 0, Time elapsed: 0.008 s - in org.apache.commons.lang3.builder.NoClassNameToStringStyleTest
[INFO] Running org.apache.commons.lang3.builder.ReflectionToStringBuilderConcurrencyTest
[WARNING] Tests run: 3, Failures: 0, Errors: 0, Skipped: 3, Time elapsed: 0.002 s - in org.apache.commons.lang3.builder.ReflectionToStringBuilderConcurrencyTest
[INFO] Running org.apache.commons.lang3.builder.DiffTest
[INFO] Tests run: 4, Failures: 0, Errors: 0, Skipped: 0, Time elapsed: 0.003 s - in org.apache.commons.lang3.builder.DiffTest
[INFO] Running org.apache.commons.lang3.builder.ReflectionToStringBuilderExcludeWithAnnotationTest
[INFO] Tests run: 1, Failures: 0, Errors: 0, Skipped: 0, Time elapsed: 0.002 s - in org.apache.commons.lang3.builder.ReflectionToStringBuilderExcludeWithAnnotationTest
[INFO] Running org.apache.commons.lang3.builder.ShortPrefixToStringStyleTest
[INFO] Tests run: 8, Failures: 0, Errors: 0, Skipped: 0, Time elapsed: 0.004 s - in org.apache.commons.lang3.builder.ShortPrefixToStringStyleTest
[INFO] Running org.apache.commons.lang3.builder.RecursiveToStringStyleTest
[INFO] Tests run: 8, Failures: 0, Errors: 0, Skipped: 0, Time elapsed: 0.006 s - in org.apache.commons.lang3.builder.RecursiveToStringStyleTest
[INFO] Running org.apache.commons.lang3.builder.ReflectionToStringBuilderSummaryTest
[INFO] Tests run: 1, Failures: 0, Errors: 0, Skipped: 0, Time elapsed: 0.002 s - in org.apache.commons.lang3.builder.ReflectionToStringBuilderSummaryTest
[INFO] Running org.apache.commons.lang3.builder.StandardToStringStyleTest
[INFO] Tests run: 8, Failures: 0, Errors: 0, Skipped: 0, Time elapsed: 0.003 s - in org.apache.commons.lang3.builder.StandardToStringStyleTest
[INFO] Running org.apache.commons.lang3.builder.DiffBuilderTest
[INFO] Tests run: 31, Failures: 0, Errors: 0, Skipped: 0, Time elapsed: 0.046 s - in org.apache.commons.lang3.builder.DiffBuilderTest
[INFO] Running org.apache.commons.lang3.builder.NoFieldNamesToStringStyleTest
[INFO] Tests run: 8, Failures: 0, Errors: 0, Skipped: 0, Time elapsed: 0.005 s - in org.apache.commons.lang3.builder.NoFieldNamesToStringStyleTest
[INFO] Running org.apache.commons.lang3.builder.ReflectionToStringBuilderMutateInspectConcurrencyTest
[WARNING] Tests run: 1, Failures: 0, Errors: 0, Skipped: 1, Time elapsed: 0.002 s - in org.apache.commons.lang3.builder.ReflectionToStringBuilderMutateInspectConcurrencyTest
[INFO] Running org.apache.commons.lang3.math.IEEE754rUtilsTest
[INFO] Tests run: 3, Failures: 0, Errors: 0, Skipped: 0, Time elapsed: 0.001 s - in org.apache.commons.lang3.math.IEEE754rUtilsTest
[INFO] Running org.apache.commons.lang3.math.FractionTest
[INFO] Tests run: 25, Failures: 0, Errors: 0, Skipped: 0, Time elapsed: 1.184 s - in org.apache.commons.lang3.math.FractionTest
[INFO] Running org.apache.commons.lang3.math.NumberUtilsTest
[INFO] Tests run: 104, Failures: 0, Errors: 0, Skipped: 0, Time elapsed: 0.08 s - in org.apache.commons.lang3.math.NumberUtilsTest
[INFO] Running org.apache.commons.lang3.time.FastDateParser_TimeZoneStrategyTest
[INFO] Tests run: 2, Failures: 0, Errors: 0, Skipped: 0, Time elapsed: 8.613 s - in org.apache.commons.lang3.time.FastDateParser_TimeZoneStrategyTest
[INFO] Running org.apache.commons.lang3.time.GmtTimeZoneTest
[INFO] Tests run: 12, Failures: 0, Errors: 0, Skipped: 0, Time elapsed: 0.007 s - in org.apache.commons.lang3.time.GmtTimeZoneTest
[INFO] Running org.apache.commons.lang3.time.WeekYearTest
[INFO] Tests run: 32, Failures: 0, Errors: 0, Skipped: 0, Time elapsed: 0.057 s - in org.apache.commons.lang3.time.WeekYearTest
[INFO] Running org.apache.commons.lang3.time.DateUtilsRoundingTest
[INFO] Tests run: 22, Failures: 0, Errors: 0, Skipped: 0, Time elapsed: 0.121 s - in org.apache.commons.lang3.time.DateUtilsRoundingTest
[INFO] Running org.apache.commons.lang3.time.StopWatchTest
[INFO] Tests run: 10, Failures: 0, Errors: 0, Skipped: 0, Time elapsed: 4.769 s - in org.apache.commons.lang3.time.StopWatchTest
[INFO] Running org.apache.commons.lang3.time.FastDateParserSDFTest
[INFO] Tests run: 276, Failures: 0, Errors: 0, Skipped: 0, Time elapsed: 0.425 s - in org.apache.commons.lang3.time.FastDateParserSDFTest
[INFO] Running org.apache.commons.lang3.time.DateUtilsFragmentTest
[INFO] Tests run: 57, Failures: 0, Errors: 0, Skipped: 0, Time elapsed: 0.027 s - in org.apache.commons.lang3.time.DateUtilsFragmentTest
[INFO] Running org.apache.commons.lang3.time.FastDateFormatTest
>>FastDateFormatTest: FastDatePrinter:3434  SimpleDateFormat:5783
>>FastDateFormatTest: FastDateParser:10218  SimpleDateFormat:6144
[INFO] Tests run: 16, Failures: 0, Errors: 0, Skipped: 0, Time elapsed: 2.849 s - in org.apache.commons.lang3.time.FastDateFormatTest
[INFO] Running org.apache.commons.lang3.time.FastDateFormat_ParserTest
[INFO] Tests run: 38, Failures: 0, Errors: 0, Skipped: 0, Time elapsed: 1.345 s - in org.apache.commons.lang3.time.FastDateFormat_ParserTest
[INFO] Running org.apache.commons.lang3.time.FastTimeZoneTest
[INFO] Tests run: 10, Failures: 0, Errors: 0, Skipped: 0, Time elapsed: 0.008 s - in org.apache.commons.lang3.time.FastTimeZoneTest
[INFO] Running org.apache.commons.lang3.time.FastDateParser_MoreOrLessTest
[INFO] Tests run: 7, Failures: 0, Errors: 0, Skipped: 0, Time elapsed: 0.001 s - in org.apache.commons.lang3.time.FastDateParser_MoreOrLessTest
[INFO] Running org.apache.commons.lang3.time.FastDatePrinterTest
[INFO] Tests run: 22, Failures: 0, Errors: 0, Skipped: 0, Time elapsed: 0.022 s - in org.apache.commons.lang3.time.FastDatePrinterTest
[INFO] Running org.apache.commons.lang3.time.FastDateFormat_PrinterTest
[INFO] Tests run: 22, Failures: 0, Errors: 0, Skipped: 0, Time elapsed: 0.021 s - in org.apache.commons.lang3.time.FastDateFormat_PrinterTest
[INFO] Running org.apache.commons.lang3.time.FastDateParserTest
[INFO] Tests run: 38, Failures: 0, Errors: 0, Skipped: 0, Time elapsed: 0.845 s - in org.apache.commons.lang3.time.FastDateParserTest
[INFO] Running org.apache.commons.lang3.time.DateFormatUtilsTest
[INFO] Tests run: 12, Failures: 0, Errors: 0, Skipped: 0, Time elapsed: 0.012 s - in org.apache.commons.lang3.time.DateFormatUtilsTest
[INFO] Running org.apache.commons.lang3.time.DateUtilsTest
[INFO] Tests run: 63, Failures: 0, Errors: 0, Skipped: 0, Time elapsed: 0.117 s - in org.apache.commons.lang3.time.DateUtilsTest
[INFO] Running org.apache.commons.lang3.time.DurationFormatUtilsTest
[INFO] Tests run: 25, Failures: 0, Errors: 0, Skipped: 0, Time elapsed: 1.965 s - in org.apache.commons.lang3.time.DurationFormatUtilsTest
[INFO] Running org.apache.commons.lang3.time.FastDatePrinterTimeZonesTest
[INFO] Tests run: 625, Failures: 0, Errors: 0, Skipped: 0, Time elapsed: 0.572 s - in org.apache.commons.lang3.time.FastDatePrinterTimeZonesTest
[INFO] Running org.apache.commons.lang3.BooleanUtilsTest
[INFO] Tests run: 72, Failures: 0, Errors: 0, Skipped: 0, Time elapsed: 0.04 s - in org.apache.commons.lang3.BooleanUtilsTest
[INFO] Running org.apache.commons.lang3.ObjectUtilsTest
[INFO] Tests run: 44, Failures: 0, Errors: 0, Skipped: 0, Time elapsed: 0.035 s - in org.apache.commons.lang3.ObjectUtilsTest
[INFO] Running org.apache.commons.lang3.CharSetTest
[INFO] Tests run: 15, Failures: 0, Errors: 0, Skipped: 0, Time elapsed: 0.021 s - in org.apache.commons.lang3.CharSetTest
[INFO] Running org.apache.commons.lang3.ThreadUtilsTest
[INFO] Tests run: 27, Failures: 0, Errors: 0, Skipped: 0, Time elapsed: 0.086 s - in org.apache.commons.lang3.ThreadUtilsTest
[INFO] Running org.apache.commons.lang3.tuple.ImmutablePairTest
[INFO] Tests run: 13, Failures: 0, Errors: 0, Skipped: 0, Time elapsed: 0.011 s - in org.apache.commons.lang3.tuple.ImmutablePairTest
[INFO] Running org.apache.commons.lang3.tuple.MutableTripleTest
[INFO] Tests run: 8, Failures: 0, Errors: 0, Skipped: 0, Time elapsed: 0.012 s - in org.apache.commons.lang3.tuple.MutableTripleTest
[INFO] Running org.apache.commons.lang3.tuple.MutablePairTest
[INFO] Tests run: 8, Failures: 0, Errors: 0, Skipped: 0, Time elapsed: 0.008 s - in org.apache.commons.lang3.tuple.MutablePairTest
[INFO] Running org.apache.commons.lang3.tuple.ImmutableTripleTest
[INFO] Tests run: 12, Failures: 0, Errors: 0, Skipped: 0, Time elapsed: 0.008 s - in org.apache.commons.lang3.tuple.ImmutableTripleTest
[INFO] Running org.apache.commons.lang3.tuple.TripleTest
[INFO] Tests run: 10, Failures: 0, Errors: 0, Skipped: 0, Time elapsed: 0.006 s - in org.apache.commons.lang3.tuple.TripleTest
[INFO] Running org.apache.commons.lang3.tuple.PairTest
[INFO] Tests run: 9, Failures: 0, Errors: 0, Skipped: 0, Time elapsed: 0.004 s - in org.apache.commons.lang3.tuple.PairTest
[INFO] Running org.apache.commons.lang3.ArrayUtilsRemoveMultipleTest
[INFO] Tests run: 55, Failures: 0, Errors: 0, Skipped: 0, Time elapsed: 0.051 s - in org.apache.commons.lang3.ArrayUtilsRemoveMultipleTest
[INFO] Running org.apache.commons.lang3.RangeTest
[INFO] Tests run: 24, Failures: 0, Errors: 0, Skipped: 0, Time elapsed: 0.027 s - in org.apache.commons.lang3.RangeTest
[INFO] 
[INFO] Results:
[INFO] 
[ERROR] Failures: 
[ERROR]   FieldUtilsTest.testGetAllFields:163->__CLR4_2_03gy5dv11rk:177 [public static final com_atlassian_clover.TestNameSniffer org.apache.commons.lang3.reflect.testbed.PublicChild.__CLR4_2_0_TEST_NAME_SNIFFER, static final java.lang.String org.apache.commons.lang3.reflect.testbed.PublicChild.VALUE, public static final com_atlassian_clover.TestNameSniffer org.apache.commons.lang3.reflect.testbed.Parent.__CLR4_2_0_TEST_NAME_SNIFFER, public java.lang.String org.apache.commons.lang3.reflect.testbed.Parent.s, protected boolean org.apache.commons.lang3.reflect.testbed.Parent.b, int org.apache.commons.lang3.reflect.testbed.Parent.i, private final double org.apache.commons.lang3.reflect.testbed.Parent.d] expected:<5> but was:<7>
[ERROR]   FieldUtilsTest.testGetAllFieldsList:181->__CLR4_2_01u2r7f11ry:197 [public static final com_atlassian_clover.TestNameSniffer org.apache.commons.lang3.reflect.testbed.PublicChild.__CLR4_2_0_TEST_NAME_SNIFFER, static final java.lang.String org.apache.commons.lang3.reflect.testbed.PublicChild.VALUE, public static final com_atlassian_clover.TestNameSniffer org.apache.commons.lang3.reflect.testbed.Parent.__CLR4_2_0_TEST_NAME_SNIFFER, public java.lang.String org.apache.commons.lang3.reflect.testbed.Parent.s, protected boolean org.apache.commons.lang3.reflect.testbed.Parent.b, int org.apache.commons.lang3.reflect.testbed.Parent.i, private final double org.apache.commons.lang3.reflect.testbed.Parent.d] expected:<5> but was:<7>
[INFO] 
[ERROR] Tests run: 4108, Failures: 2, Errors: 0, Skipped: 5
[INFO] 
[INFO] ------------------------------------------------------------------------
[INFO] BUILD FAILURE
[INFO] ------------------------------------------------------------------------
[INFO] Total time: 01:22 min
[INFO] Finished at: 2018-09-29T16:21:22+02:00
[INFO] ------------------------------------------------------------------------
[ERROR] Failed to execute goal org.apache.maven.plugins:maven-surefire-plugin:2.22.0:test (default-test) on project commons-lang3: There are test failures.
[ERROR] 
[ERROR] Please refer to /tmp/icst-2019/september-2018/dataset/commons-lang_parent/target/surefire-reports for the individual test results.
[ERROR] Please refer to dump files (if any exist) [date]-jvmRun[N].dump, [date].dumpstream and [date]-jvmRun[N].dumpstream.
[ERROR] -> [Help 1]
[ERROR] 
[ERROR] To see the full stack trace of the errors, re-run Maven with the -e switch.
[ERROR] Re-run Maven using the -X switch to enable full debug logging.
[ERROR] 
[ERROR] For more information about the errors and possible solutions, please read the following articles:
[ERROR] [Help 1] http://cwiki.apache.org/confluence/display/MAVEN/MojoFailureException
Writing HTML report to '/tmp/icst-2019/september-2018/dataset/commons-lang_parent/target/clover/report'
ERROR: Invalid Java source found or Clover failed to parse it: /tmp/icst-2019/september-2018/dataset/commons-lang_parent/src/main/java/org/apache/commons/lang3/StringUtils.java
Done. Processed 15 packages in 27463ms (1830ms per package).
[INFO] /tmp/icst-2019/september-2018/dataset/commons-lang_parent/src/main/java/org/apache/commons/lang3/math/NumberUtils.java
[INFO] /tmp/icst-2019/september-2018/dataset/commons-lang/src/main/java/org/apache/commons/lang3/math/NumberUtils.java
[info] org.apache.commons.lang3.math.NumberUtils:45 is modified.
[info] org.apache.commons.lang3.math.NumberUtils:441 is modified.
[info] org.apache.commons.lang3.math.NumberUtils:457 is modified.
[info] org.apache.commons.lang3.math.NumberUtils:460 is modified.
[info] org.apache.commons.lang3.math.NumberUtils:479 is modified.
[info] org.apache.commons.lang3.math.NumberUtils:495 is modified.
[info] org.apache.commons.lang3.math.NumberUtils:498 is modified.
[info] org.apache.commons.lang3.math.NumberUtils:518 is modified.
[info] org.apache.commons.lang3.math.NumberUtils:534 is modified.
[info] org.apache.commons.lang3.math.NumberUtils:537 is modified.
[info] org.apache.commons.lang3.math.NumberUtils:557 is modified.
[info] org.apache.commons.lang3.math.NumberUtils:573 is modified.
[info] org.apache.commons.lang3.math.NumberUtils:576 is modified.
[info] org.apache.commons.lang3.math.NumberUtils:441 is modified.
[info] org.apache.commons.lang3.math.NumberUtils:460 is modified.
[info] org.apache.commons.lang3.math.NumberUtils:479 is modified.
[info] org.apache.commons.lang3.math.NumberUtils:498 is modified.
[info] org.apache.commons.lang3.math.NumberUtils:518 is modified.
[info] org.apache.commons.lang3.math.NumberUtils:537 is modified.
[info] org.apache.commons.lang3.math.NumberUtils:557 is modified.
[info] org.apache.commons.lang3.math.NumberUtils:576 is modified.
[info] org.apache.commons.lang3.math.NumberUtils:458 is modified.
[info] org.apache.commons.lang3.math.NumberUtils:496 is modified.
[info] org.apache.commons.lang3.math.NumberUtils:499 is modified.
[info] org.apache.commons.lang3.math.NumberUtils:535 is modified.
[info] org.apache.commons.lang3.math.NumberUtils:538 is modified.
[info] org.apache.commons.lang3.math.NumberUtils:574 is modified.
[info] org.apache.commons.lang3.math.NumberUtils:577 is modified.
[info] org.apache.commons.lang3.math.NumberUtils:537 covered.
[info] org.apache.commons.lang3.math.NumberUtils:557 covered.
[info] org.apache.commons.lang3.math.NumberUtils:496 covered.
[info] org.apache.commons.lang3.math.NumberUtils:500 covered.
[info] org.apache.commons.lang3.math.NumberUtils:501 covered.
[info] org.apache.commons.lang3.math.NumberUtils:518 covered.
[info] org.apache.commons.lang3.math.NumberUtils:538 covered.
[info] org.apache.commons.lang3.math.NumberUtils:494 covered.
[info] org.apache.commons.lang3.math.NumberUtils:572 covered.
[info] org.apache.commons.lang3.math.NumberUtils:573 covered.
[info] org.apache.commons.lang3.math.NumberUtils:577 covered.
[info] org.apache.commons.lang3.math.NumberUtils:539 covered.
[INFO] /tmp/icst-2019/september-2018/dataset/commons-lang_parent/src/test/java/org/apache/commons/lang3/math/NumberUtilsTest.java
[INFO] /tmp/icst-2019/september-2018/dataset/commons-lang/src/test/java/org/apache/commons/lang3/math/NumberUtilsTest.java
[info] org.apache.commons.lang3.math.NumberUtilsTest:247 is modified.
[info] org.apache.commons.lang3.math.NumberUtilsTest:250 is modified.
[info] org.apache.commons.lang3.math.NumberUtilsTest:252 is modified.
[info] org.apache.commons.lang3.math.NumberUtilsTest:254 is modified.
[info] org.apache.commons.lang3.math.NumberUtilsTest:258 is modified.
[info] org.apache.commons.lang3.math.NumberUtilsTest:267 is modified.
[info] org.apache.commons.lang3.math.NumberUtilsTest:269 is modified.
[info] org.apache.commons.lang3.math.NumberUtilsTest:271 is modified.
[info] org.apache.commons.lang3.math.NumberUtilsTest:273 is modified.
[info] org.apache.commons.lang3.math.NumberUtilsTest:278 is modified.
[info] org.apache.commons.lang3.math.NumberUtilsTest:287 is modified.
[info] org.apache.commons.lang3.math.NumberUtilsTest:290 is modified.
[info] org.apache.commons.lang3.math.NumberUtilsTest:294 is modified.
[info] org.apache.commons.lang3.math.NumberUtilsTest:296 is modified.
[info] org.apache.commons.lang3.math.NumberUtilsTest:300 is modified.
[info] org.apache.commons.lang3.math.NumberUtilsTest:309 is modified.
[info] org.apache.commons.lang3.math.NumberUtilsTest:311 is modified.
[info] org.apache.commons.lang3.math.NumberUtilsTest:314 is modified.
[info] org.apache.commons.lang3.math.NumberUtilsTest:316 is modified.
[info] org.apache.commons.lang3.math.NumberUtilsTest:321 is modified.
[info] org.apache.commons.lang3.math.NumberUtilsTest:330 is modified.
[info] org.apache.commons.lang3.math.NumberUtilsTest:333 is modified.
[info] org.apache.commons.lang3.math.NumberUtilsTest:335 is modified.
[info] org.apache.commons.lang3.math.NumberUtilsTest:337 is modified.
[info] org.apache.commons.lang3.math.NumberUtilsTest:341 is modified.
[info] org.apache.commons.lang3.math.NumberUtilsTest:350 is modified.
[info] org.apache.commons.lang3.math.NumberUtilsTest:352 is modified.
[info] org.apache.commons.lang3.math.NumberUtilsTest:354 is modified.
[info] org.apache.commons.lang3.math.NumberUtilsTest:356 is modified.
[info] org.apache.commons.lang3.math.NumberUtilsTest:361 is modified.
[info] org.apache.commons.lang3.math.NumberUtilsTest:370 is modified.
[info] org.apache.commons.lang3.math.NumberUtilsTest:373 is modified.
[info] org.apache.commons.lang3.math.NumberUtilsTest:375 is modified.
[info] org.apache.commons.lang3.math.NumberUtilsTest:377 is modified.
[info] org.apache.commons.lang3.math.NumberUtilsTest:381 is modified.
[info] org.apache.commons.lang3.math.NumberUtilsTest:390 is modified.
[info] org.apache.commons.lang3.math.NumberUtilsTest:392 is modified.
[info] org.apache.commons.lang3.math.NumberUtilsTest:394 is modified.
[info] org.apache.commons.lang3.math.NumberUtilsTest:396 is modified.
[info] org.apache.commons.lang3.math.NumberUtilsTest:401 is modified.
[info] org.apache.commons.lang3.math.NumberUtilsTest:248 is modified.
[info] org.apache.commons.lang3.math.NumberUtilsTest:251 is modified.
[info] org.apache.commons.lang3.math.NumberUtilsTest:253 is modified.
[info] org.apache.commons.lang3.math.NumberUtilsTest:255 is modified.
[info] org.apache.commons.lang3.math.NumberUtilsTest:259 is modified.
[info] org.apache.commons.lang3.math.NumberUtilsTest:268 is modified.
[info] org.apache.commons.lang3.math.NumberUtilsTest:270 is modified.
[info] org.apache.commons.lang3.math.NumberUtilsTest:272 is modified.
[info] org.apache.commons.lang3.math.NumberUtilsTest:274 is modified.
[info] org.apache.commons.lang3.math.NumberUtilsTest:279 is modified.
[info] org.apache.commons.lang3.math.NumberUtilsTest:288 is modified.
[info] org.apache.commons.lang3.math.NumberUtilsTest:291 is modified.
[info] org.apache.commons.lang3.math.NumberUtilsTest:295 is modified.
[info] org.apache.commons.lang3.math.NumberUtilsTest:297 is modified.
[info] org.apache.commons.lang3.math.NumberUtilsTest:301 is modified.
[info] org.apache.commons.lang3.math.NumberUtilsTest:310 is modified.
[info] org.apache.commons.lang3.math.NumberUtilsTest:312 is modified.
[info] org.apache.commons.lang3.math.NumberUtilsTest:315 is modified.
[info] org.apache.commons.lang3.math.NumberUtilsTest:317 is modified.
[info] org.apache.commons.lang3.math.NumberUtilsTest:322 is modified.
[info] org.apache.commons.lang3.math.NumberUtilsTest:331 is modified.
[info] org.apache.commons.lang3.math.NumberUtilsTest:334 is modified.
[info] org.apache.commons.lang3.math.NumberUtilsTest:336 is modified.
[info] org.apache.commons.lang3.math.NumberUtilsTest:338 is modified.
[info] org.apache.commons.lang3.math.NumberUtilsTest:342 is modified.
[info] org.apache.commons.lang3.math.NumberUtilsTest:351 is modified.
[info] org.apache.commons.lang3.math.NumberUtilsTest:353 is modified.
[info] org.apache.commons.lang3.math.NumberUtilsTest:355 is modified.
[info] org.apache.commons.lang3.math.NumberUtilsTest:357 is modified.
[info] org.apache.commons.lang3.math.NumberUtilsTest:362 is modified.
[info] org.apache.commons.lang3.math.NumberUtilsTest:371 is modified.
[info] org.apache.commons.lang3.math.NumberUtilsTest:374 is modified.
[info] org.apache.commons.lang3.math.NumberUtilsTest:376 is modified.
[info] org.apache.commons.lang3.math.NumberUtilsTest:378 is modified.
[info] org.apache.commons.lang3.math.NumberUtilsTest:382 is modified.
[info] org.apache.commons.lang3.math.NumberUtilsTest:391 is modified.
[info] org.apache.commons.lang3.math.NumberUtilsTest:393 is modified.
[info] org.apache.commons.lang3.math.NumberUtilsTest:395 is modified.
[info] org.apache.commons.lang3.math.NumberUtilsTest:397 is modified.
[info] org.apache.commons.lang3.math.NumberUtilsTest:402 is modified.
[info] org.apache.commons.lang3.math.NumberUtilsTest:248 is modified.
[info] org.apache.commons.lang3.math.NumberUtilsTest:248 is modified.
[info] org.apache.commons.lang3.math.NumberUtilsTest:251 is modified.
[info] org.apache.commons.lang3.math.NumberUtilsTest:251 is modified.
[info] org.apache.commons.lang3.math.NumberUtilsTest:253 is modified.
[info] org.apache.commons.lang3.math.NumberUtilsTest:253 is modified.
[info] org.apache.commons.lang3.math.NumberUtilsTest:255 is modified.
[info] org.apache.commons.lang3.math.NumberUtilsTest:259 is modified.
[info] org.apache.commons.lang3.math.NumberUtilsTest:268 is modified.
[info] org.apache.commons.lang3.math.NumberUtilsTest:268 is modified.
[info] org.apache.commons.lang3.math.NumberUtilsTest:270 is modified.
[info] org.apache.commons.lang3.math.NumberUtilsTest:270 is modified.
[info] org.apache.commons.lang3.math.NumberUtilsTest:272 is modified.
[info] org.apache.commons.lang3.math.NumberUtilsTest:272 is modified.
[info] org.apache.commons.lang3.math.NumberUtilsTest:274 is modified.
[info] org.apache.commons.lang3.math.NumberUtilsTest:279 is modified.
[info] org.apache.commons.lang3.math.NumberUtilsTest:288 is modified.
[info] org.apache.commons.lang3.math.NumberUtilsTest:288 is modified.
[info] org.apache.commons.lang3.math.NumberUtilsTest:291 is modified.
[info] org.apache.commons.lang3.math.NumberUtilsTest:291 is modified.
[info] org.apache.commons.lang3.math.NumberUtilsTest:295 is modified.
[info] org.apache.commons.lang3.math.NumberUtilsTest:295 is modified.
[info] org.apache.commons.lang3.math.NumberUtilsTest:297 is modified.
[info] org.apache.commons.lang3.math.NumberUtilsTest:301 is modified.
[info] org.apache.commons.lang3.math.NumberUtilsTest:310 is modified.
[info] org.apache.commons.lang3.math.NumberUtilsTest:310 is modified.
[info] org.apache.commons.lang3.math.NumberUtilsTest:312 is modified.
[info] org.apache.commons.lang3.math.NumberUtilsTest:312 is modified.
[info] org.apache.commons.lang3.math.NumberUtilsTest:315 is modified.
[info] org.apache.commons.lang3.math.NumberUtilsTest:315 is modified.
[info] org.apache.commons.lang3.math.NumberUtilsTest:317 is modified.
[info] org.apache.commons.lang3.math.NumberUtilsTest:322 is modified.
[info] org.apache.commons.lang3.math.NumberUtilsTest:331 is modified.
[info] org.apache.commons.lang3.math.NumberUtilsTest:331 is modified.
[info] org.apache.commons.lang3.math.NumberUtilsTest:334 is modified.
[info] org.apache.commons.lang3.math.NumberUtilsTest:334 is modified.
[info] org.apache.commons.lang3.math.NumberUtilsTest:336 is modified.
[info] org.apache.commons.lang3.math.NumberUtilsTest:336 is modified.
[info] org.apache.commons.lang3.math.NumberUtilsTest:338 is modified.
[info] org.apache.commons.lang3.math.NumberUtilsTest:342 is modified.
[info] org.apache.commons.lang3.math.NumberUtilsTest:351 is modified.
[info] org.apache.commons.lang3.math.NumberUtilsTest:351 is modified.
[info] org.apache.commons.lang3.math.NumberUtilsTest:353 is modified.
[info] org.apache.commons.lang3.math.NumberUtilsTest:353 is modified.
[info] org.apache.commons.lang3.math.NumberUtilsTest:355 is modified.
[info] org.apache.commons.lang3.math.NumberUtilsTest:355 is modified.
[info] org.apache.commons.lang3.math.NumberUtilsTest:357 is modified.
[info] org.apache.commons.lang3.math.NumberUtilsTest:362 is modified.
[info] org.apache.commons.lang3.math.NumberUtilsTest:371 is modified.
[info] org.apache.commons.lang3.math.NumberUtilsTest:371 is modified.
[info] org.apache.commons.lang3.math.NumberUtilsTest:374 is modified.
[info] org.apache.commons.lang3.math.NumberUtilsTest:374 is modified.
[info] org.apache.commons.lang3.math.NumberUtilsTest:376 is modified.
[info] org.apache.commons.lang3.math.NumberUtilsTest:376 is modified.
[info] org.apache.commons.lang3.math.NumberUtilsTest:378 is modified.
[info] org.apache.commons.lang3.math.NumberUtilsTest:382 is modified.
[info] org.apache.commons.lang3.math.NumberUtilsTest:391 is modified.
[info] org.apache.commons.lang3.math.NumberUtilsTest:391 is modified.
[info] org.apache.commons.lang3.math.NumberUtilsTest:393 is modified.
[info] org.apache.commons.lang3.math.NumberUtilsTest:393 is modified.
[info] org.apache.commons.lang3.math.NumberUtilsTest:395 is modified.
[info] org.apache.commons.lang3.math.NumberUtilsTest:395 is modified.
[info] org.apache.commons.lang3.math.NumberUtilsTest:397 is modified.
[info] org.apache.commons.lang3.math.NumberUtilsTest:402 is modified.
[info] org.apache.commons.lang3.math.NumberUtilsTest:248 is modified.
[info] org.apache.commons.lang3.math.NumberUtilsTest:251 is modified.
[info] org.apache.commons.lang3.math.NumberUtilsTest:253 is modified.
[info] org.apache.commons.lang3.math.NumberUtilsTest:255 is modified.
[info] org.apache.commons.lang3.math.NumberUtilsTest:268 is modified.
[info] org.apache.commons.lang3.math.NumberUtilsTest:270 is modified.
[info] org.apache.commons.lang3.math.NumberUtilsTest:272 is modified.
[info] org.apache.commons.lang3.math.NumberUtilsTest:274 is modified.
[info] org.apache.commons.lang3.math.NumberUtilsTest:288 is modified.
[info] org.apache.commons.lang3.math.NumberUtilsTest:291 is modified.
[info] org.apache.commons.lang3.math.NumberUtilsTest:295 is modified.
[info] org.apache.commons.lang3.math.NumberUtilsTest:297 is modified.
[info] org.apache.commons.lang3.math.NumberUtilsTest:310 is modified.
[info] org.apache.commons.lang3.math.NumberUtilsTest:312 is modified.
[info] org.apache.commons.lang3.math.NumberUtilsTest:315 is modified.
[info] org.apache.commons.lang3.math.NumberUtilsTest:317 is modified.
[info] org.apache.commons.lang3.math.NumberUtilsTest:331 is modified.
[info] org.apache.commons.lang3.math.NumberUtilsTest:334 is modified.
[info] org.apache.commons.lang3.math.NumberUtilsTest:336 is modified.
[info] org.apache.commons.lang3.math.NumberUtilsTest:338 is modified.
[info] org.apache.commons.lang3.math.NumberUtilsTest:351 is modified.
[info] org.apache.commons.lang3.math.NumberUtilsTest:353 is modified.
[info] org.apache.commons.lang3.math.NumberUtilsTest:355 is modified.
[info] org.apache.commons.lang3.math.NumberUtilsTest:357 is modified.
[info] org.apache.commons.lang3.math.NumberUtilsTest:378 is modified.
[info] org.apache.commons.lang3.math.NumberUtilsTest:397 is modified.
[info] org.apache.commons.lang3.math.NumberUtilsTest:255 is modified.
[info] org.apache.commons.lang3.math.NumberUtilsTest:256 is modified.
[info] org.apache.commons.lang3.math.NumberUtilsTest:274 is modified.
[info] org.apache.commons.lang3.math.NumberUtilsTest:275 is modified.
[info] org.apache.commons.lang3.math.NumberUtilsTest:297 is modified.
[info] org.apache.commons.lang3.math.NumberUtilsTest:298 is modified.
[info] org.apache.commons.lang3.math.NumberUtilsTest:317 is modified.
[info] org.apache.commons.lang3.math.NumberUtilsTest:318 is modified.
[info] org.apache.commons.lang3.math.NumberUtilsTest:338 is modified.
[info] org.apache.commons.lang3.math.NumberUtilsTest:339 is modified.
[info] org.apache.commons.lang3.math.NumberUtilsTest:357 is modified.
[info] org.apache.commons.lang3.math.NumberUtilsTest:358 is modified.
[info] org.apache.commons.lang3.math.NumberUtilsTest:378 is modified.
[info] org.apache.commons.lang3.math.NumberUtilsTest:379 is modified.
[info] org.apache.commons.lang3.math.NumberUtilsTest:397 is modified.
[info] org.apache.commons.lang3.math.NumberUtilsTest:398 is modified.
[info] org.apache.commons.lang3.math.NumberUtilsTest:255 is modified.
[info] org.apache.commons.lang3.math.NumberUtilsTest:274 is modified.
[info] org.apache.commons.lang3.math.NumberUtilsTest:297 is modified.
[info] org.apache.commons.lang3.math.NumberUtilsTest:317 is modified.
[info] org.apache.commons.lang3.math.NumberUtilsTest:338 is modified.
[info] org.apache.commons.lang3.math.NumberUtilsTest:357 is modified.
[INFO] Saving result in /tmp/icst-2019/september-2018/result/commons-lang/commit_3_b31877a/parent_coverage_testsThatExecuteTheChanges.csv ...
[INFO] org.apache.commons.lang3.math.NumberUtilsTest;testLANG971;testLANG992;testStringCreateNumberEnsureNoPrecisionLoss;testLANG972;testIsNumberLANG1252;testIsNumberLANG992;testCreateNumber;testCreateNumberMagnitude;testIsNumber;TestLang747;testLANG1252;testIsNumberLANG1385;testIsNumberLANG972;testIsNumberLANG971;testLang300;testCreateNumberFailure_4;testIsCreatable;testCreateNumberFailure_5;testCreateNumberFailure_6;testCreateNumberFailure_7;testCreateNumberFailure_8;testLang1087;testCreateNumberFailure_1;testCreateNumberFailure_2;testCreateNumberFailure_3
[INFO] Writing Coverage in /tmp/icst-2019/september-2018/result/commons-lang/commit_3_b31877a/parent_coverage_testsThatExecuteTheChanges_coverage.csv
[INFO] org.apache.commons.lang3.math.NumberUtils;12;20

[INFO] total;12;20

[INFO] ------------------------------------------------------------------------
[INFO] BUILD SUCCESS
[INFO] ------------------------------------------------------------------------
[INFO] Total time: 02:04 min
[INFO] Finished at: 2018-09-29T16:21:59+02:00
[INFO] ------------------------------------------------------------------------
