[INFO] Scanning for projects...
[WARNING] 
[WARNING] Some problems were encountered while building the effective model for com.google.code.gson:gson-extras:jar:1.0-SNAPSHOT
[WARNING] 'parent.relativePath' of POM com.google.code.gson:gson-extras:1.0-SNAPSHOT (/tmp/icst-2019/september-2018/dataset/gson_parent/extras/pom.xml) points at com.google.code.gson:gson-parent instead of org.sonatype.oss:oss-parent, please verify your project structure @ line 9, column 11
[WARNING] 
[WARNING] It is highly recommended to fix these problems because they threaten the stability of your build.
[WARNING] 
[WARNING] For this reason, future Maven versions might no longer support building such malformed projects.
[WARNING] 
[INFO] 
[INFO] ------------------< com.google.code.gson:gson-extras >------------------
[INFO] Building Gson Extras 1.0-SNAPSHOT
[INFO] --------------------------------[ jar ]---------------------------------
[INFO] 
[INFO] --- maven-clean-plugin:2.5:clean (default-clean) @ gson-extras ---
[INFO] Deleting /tmp/icst-2019/september-2018/dataset/gson_parent/extras/target
[INFO] 
[INFO] --- diff-test-selection:0.5-SNAPSHOT:list (default-cli) @ gson-extras ---
[INFO] Computing coverage for /tmp/icst-2019/september-2018/dataset/gson_parent/extras
[WARN] Maven will be executed in interactive mode, but no input stream has been configured for this MavenInvoker instance.
[INFO] Scanning for projects...
[WARNING] 
[WARNING] Some problems were encountered while building the effective model for com.google.code.gson:gson-extras:jar:1.0-SNAPSHOT
[WARNING] 'parent.relativePath' of POM com.google.code.gson:gson-extras:1.0-SNAPSHOT (/tmp/icst-2019/september-2018/dataset/gson_parent/extras/pom.xml) points at com.google.code.gson:gson-parent instead of org.sonatype.oss:oss-parent, please verify your project structure @ line 9, column 11
[WARNING] 
[WARNING] It is highly recommended to fix these problems because they threaten the stability of your build.
[WARNING] 
[WARNING] For this reason, future Maven versions might no longer support building such malformed projects.
[WARNING] 
[INFO] 
[INFO] ------------------< com.google.code.gson:gson-extras >------------------
[INFO] Building Gson Extras 1.0-SNAPSHOT
[INFO] --------------------------------[ jar ]---------------------------------
[INFO] 
[INFO] --- maven-clean-plugin:2.5:clean (default-clean) @ gson-extras ---
[INFO] 
[INFO] --- clover-maven-plugin:4.2.0:setup (default-cli) @ gson-extras ---
[INFO] No 'maven.clover.licenseLocation' configured. Using default license.
[INFO] OpenClover Version 4.2.0, built on April 30 2017 (build-1000)
[INFO] Loaded from: /home/spirals/danglot/.m2/repository/org/openclover/clover/4.2.0/clover-4.2.0.jar
[INFO] Clover free edition.
[INFO] Creating new database at '/tmp/icst-2019/september-2018/dataset/gson_parent/extras/target/clover/clover.db'.
[INFO] Processing files at 1.8 source level.
[INFO] Clover all over. Instrumented 8 files (4 packages).
[INFO] Elapsed time = 0.62 secs. (12.903 files/sec, 1,785.484 srclines/sec)
[INFO] OpenClover Version 4.2.0, built on April 30 2017 (build-1000)
[INFO] Loaded from: /home/spirals/danglot/.m2/repository/org/openclover/clover/4.2.0/clover-4.2.0.jar
[INFO] Clover free edition.
[INFO] Updating existing database at '/tmp/icst-2019/september-2018/dataset/gson_parent/extras/target/clover/clover.db'.
[INFO] Processing files at 1.8 source level.
[INFO] Clover all over. Instrumented 5 files (3 packages).
[INFO] 37 test methods detected.
[INFO] Elapsed time = 0.262 secs. (19.084 files/sec, 2,977.099 srclines/sec)
[INFO] 
[INFO] --- maven-enforcer-plugin:1.2:enforce (enforce-maven) @ gson-extras ---
[INFO] Skipping Rule Enforcement.
[INFO] 
[INFO] --- maven-resources-plugin:2.6:resources (default-resources) @ gson-extras ---
[INFO] Using 'UTF-8' encoding to copy filtered resources.
[INFO] skip non existing resourceDirectory /tmp/icst-2019/september-2018/dataset/gson_parent/extras/src/main/resources
[INFO] Copying 1 resource
[INFO] 
[INFO] --- maven-compiler-plugin:3.5.1:compile (default-compile) @ gson-extras ---
[INFO] Changes detected - recompiling the module!
[INFO] Compiling 8 source files to /tmp/icst-2019/september-2018/dataset/gson_parent/extras/target/classes
[INFO] 
[INFO] --- maven-resources-plugin:2.6:testResources (default-testResources) @ gson-extras ---
[INFO] Using 'UTF-8' encoding to copy filtered resources.
[INFO] skip non existing resourceDirectory /tmp/icst-2019/september-2018/dataset/gson_parent/extras/src/test/resources
[INFO] 
[INFO] --- maven-compiler-plugin:3.5.1:testCompile (default-testCompile) @ gson-extras ---
[INFO] Changes detected - recompiling the module!
[INFO] Compiling 5 source files to /tmp/icst-2019/september-2018/dataset/gson_parent/extras/target/test-classes
[INFO] 
[INFO] --- maven-surefire-plugin:2.12.4:test (default-test) @ gson-extras ---
[INFO] Surefire report directory: /tmp/icst-2019/september-2018/dataset/gson_parent/extras/target/surefire-reports

-------------------------------------------------------
 T E S T S
-------------------------------------------------------
Running com.google.gson.typeadapters.UtcDateTypeAdapterTest
Tests run: 6, Failures: 0, Errors: 0, Skipped: 0, Time elapsed: 0.549 sec
Running com.google.gson.typeadapters.RuntimeTypeAdapterFactoryTest
Tests run: 13, Failures: 0, Errors: 0, Skipped: 0, Time elapsed: 0.04 sec
Running com.google.gson.typeadapters.PostConstructAdapterFactoryTest
Tests run: 2, Failures: 0, Errors: 0, Skipped: 0, Time elapsed: 0.021 sec
Running com.google.gson.interceptors.InterceptorTest
Tests run: 8, Failures: 0, Errors: 0, Skipped: 0, Time elapsed: 0.081 sec
Running com.google.gson.graph.GraphAdapterBuilderTest
Tests run: 8, Failures: 1, Errors: 0, Skipped: 0, Time elapsed: 0.048 sec <<< FAILURE!
testSerializationDirectSelfReference(com.google.gson.graph.GraphAdapterBuilderTest)  Time elapsed: 0.015 sec  <<< FAILURE!
junit.framework.ComparisonFailure: expected:<...1':{'name':'SUICIDE'[,'beats':'0x1']}}> but was:<...1':{'name':'SUICIDE'[]}}>
	at junit.framework.Assert.assertEquals(Assert.java:81)
	at junit.framework.Assert.assertEquals(Assert.java:87)
	at com.google.gson.graph.GraphAdapterBuilderTest.__CLR4_2_0bacie9df(GraphAdapterBuilderTest.java:79)
	at com.google.gson.graph.GraphAdapterBuilderTest.testSerializationDirectSelfReference(GraphAdapterBuilderTest.java:69)


Results :

Failed tests:   testSerializationDirectSelfReference(com.google.gson.graph.GraphAdapterBuilderTest): expected:<...1':{'name':'SUICIDE'[,'beats':'0x1']}}> but was:<...1':{'name':'SUICIDE'[]}}>

Tests run: 37, Failures: 1, Errors: 0, Skipped: 0

[INFO] ------------------------------------------------------------------------
[INFO] BUILD FAILURE
[INFO] ------------------------------------------------------------------------
[INFO] Total time: 11.749 s
[INFO] Finished at: 2018-09-27T22:37:22+02:00
[INFO] ------------------------------------------------------------------------
[ERROR] Failed to execute goal org.apache.maven.plugins:maven-surefire-plugin:2.12.4:test (default-test) on project gson-extras: There are test failures.
[ERROR] 
[ERROR] Please refer to /tmp/icst-2019/september-2018/dataset/gson_parent/extras/target/surefire-reports for the individual test results.
[ERROR] -> [Help 1]
[ERROR] 
[ERROR] To see the full stack trace of the errors, re-run Maven with the -e switch.
[ERROR] Re-run Maven using the -X switch to enable full debug logging.
[ERROR] 
[ERROR] For more information about the errors and possible solutions, please read the following articles:
[ERROR] [Help 1] http://cwiki.apache.org/confluence/display/MAVEN/MojoFailureException
Writing HTML report to '/tmp/icst-2019/september-2018/dataset/gson_parent/extras/target/clover/report'
Done. Processed 4 packages in 2313ms (578ms per package).
[INFO] Saving result in /tmp/icst-2019/september-2018/result/gson/commit_1_c1e7e2d/parent_coverage_testsThatExecuteTheChanges.csv ...
[INFO] com.google.gson.typeadapters.RuntimeTypeAdapterFactoryTest;testRuntimeTypeIsBaseType;testNullTypeFieldName;testDuplicateSubtype;testDeserializeMissingTypeField;testDeserializeMissingSubtype;testNullBaseType;testNullSubtype;testSerializeMissingSubtype;testSerializeCollidingTypeFieldName;testDuplicateLabel;testRuntimeTypeAdapter;testSerializeWrappedNullValue;testNullLabel
[INFO] Writing Coverage in /tmp/icst-2019/september-2018/result/gson/commit_1_c1e7e2d/parent_coverage_testsThatExecuteTheChanges_coverage.csv
[INFO] com.google.gson.typeadapters.RuntimeTypeAdapterFactory;8;21

[INFO] total;8;21

[INFO] ------------------------------------------------------------------------
[INFO] BUILD SUCCESS
[INFO] ------------------------------------------------------------------------
[INFO] Total time: 25.012 s
[INFO] Finished at: 2018-09-27T22:37:28+02:00
[INFO] ------------------------------------------------------------------------
