[[1;34mINFO[m] Scanning for projects...
[[1;34mINFO[m] 
[[1;34mINFO[m] [1m--------------------------< [0;36morg.jsoup:jsoup[0;1m >---------------------------[m
[[1;34mINFO[m] [1mBuilding jsoup Java HTML Parser 1.12.1-SNAPSHOT[m
[[1;34mINFO[m] [1m--------------------------------[ jar ]---------------------------------[m
[[1;34mINFO[m] 
[[1;34mINFO[m] [1m--- [0;32mmaven-clean-plugin:2.5:clean[m [1m(default-clean)[m @ [36mjsoup[0;1m ---[m
[[1;34mINFO[m] Deleting /home/bdanglot/workspace/icst-2019/september-2018/dataset/jsoup/target
[[1;34mINFO[m] 
[[1;34mINFO[m] [1m--- [0;32mdiff-test-selection:0.5-SNAPSHOT:list[m [1m(default-cli)[m @ [36mjsoup[0;1m ---[m
[[1;34mINFO[m] Computing coverage for /home/bdanglot/workspace/icst-2019/september-2018/dataset/jsoup
[WARN] Maven will be executed in interactive mode, but no input stream has been configured for this MavenInvoker instance.
[[1;34mINFO[m] Scanning for projects...
[[1;34mINFO[m] 
[[1;34mINFO[m] [1m--------------------------< [0;36morg.jsoup:jsoup[0;1m >---------------------------[m
[[1;34mINFO[m] [1mBuilding jsoup Java HTML Parser 1.12.1-SNAPSHOT[m
[[1;34mINFO[m] [1m--------------------------------[ jar ]---------------------------------[m
[[1;34mINFO[m] 
[[1;34mINFO[m] [1m--- [0;32mmaven-clean-plugin:2.5:clean[m [1m(default-clean)[m @ [36mjsoup[0;1m ---[m
[[1;34mINFO[m] 
[[1;34mINFO[m] [1m--- [0;32mclover-maven-plugin:4.2.0:setup[m [1m(default-cli)[m @ [36mjsoup[0;1m ---[m
[[1;34mINFO[m] No 'maven.clover.licenseLocation' configured. Using default license.
[[1;34mINFO[m] OpenClover Version 4.2.0, built on April 30 2017 (build-1000)
[[1;34mINFO[m] Loaded from: /home/bdanglot/.m2/repository/org/openclover/clover/4.2.0/clover-4.2.0.jar
[[1;34mINFO[m] Clover free edition.
[[1;34mINFO[m] Creating new database at '/home/bdanglot/workspace/icst-2019/september-2018/dataset/jsoup/target/clover/clover.db'.
[[1;34mINFO[m] Processing files at 1.8 source level.
[[1;34mINFO[m] Clover all over. Instrumented 68 files (8 packages).
[[1;34mINFO[m] Elapsed time = 2.36 secs. (28.814 files/sec, 7,692.373 srclines/sec)
[[1;34mINFO[m] OpenClover Version 4.2.0, built on April 30 2017 (build-1000)
[[1;34mINFO[m] Loaded from: /home/bdanglot/.m2/repository/org/openclover/clover/4.2.0/clover-4.2.0.jar
[[1;34mINFO[m] Clover free edition.
[[1;34mINFO[m] Updating existing database at '/home/bdanglot/workspace/icst-2019/september-2018/dataset/jsoup/target/clover/clover.db'.
[[1;34mINFO[m] Processing files at 1.8 source level.
[[1;34mINFO[m] Clover all over. Instrumented 46 files (9 packages).
[[1;34mINFO[m] 712 test methods detected.
[[1;34mINFO[m] Elapsed time = 1.09 secs. (42.202 files/sec, 9,044.954 srclines/sec)
[[1;34mINFO[m] 
[[1;34mINFO[m] [1m--- [0;32mmaven-resources-plugin:3.0.1:resources[m [1m(default-resources)[m @ [36mjsoup[0;1m ---[m
[[1;34mINFO[m] Using 'UTF-8' encoding to copy filtered resources.
[[1;34mINFO[m] Copying 0 resource
[[1;34mINFO[m] Copying 3 resources to META-INF/
[[1;34mINFO[m] Copying 1 resource
[[1;34mINFO[m] 
[[1;34mINFO[m] [1m--- [0;32mmaven-compiler-plugin:3.5.1:compile[m [1m(default-compile)[m @ [36mjsoup[0;1m ---[m
[[1;34mINFO[m] Changes detected - recompiling the module!
[[1;34mINFO[m] Compiling 68 source files to /home/bdanglot/workspace/icst-2019/september-2018/dataset/jsoup/target/classes
[[1;34mINFO[m] /home/bdanglot/workspace/icst-2019/september-2018/dataset/jsoup/target/clover/src-instrumented/org/jsoup/nodes/Attributes.java: /home/bdanglot/workspace/icst-2019/september-2018/dataset/jsoup/target/clover/src-instrumented/org/jsoup/nodes/Attributes.java uses or overrides a deprecated API.
[[1;34mINFO[m] /home/bdanglot/workspace/icst-2019/september-2018/dataset/jsoup/target/clover/src-instrumented/org/jsoup/nodes/Attributes.java: Recompile with -Xlint:deprecation for details.
[[1;34mINFO[m] 
[[1;34mINFO[m] [1m--- [0;32manimal-sniffer-maven-plugin:1.16:check[m [1m(animal-sniffer)[m @ [36mjsoup[0;1m ---[m
[[1;34mINFO[m] Checking unresolved references to net.sf.androidscents.signature:android-api-level-8:2.2_r3
[[1;34mINFO[m] 
[[1;34mINFO[m] [1m>>> [0;32mmaven-bundle-plugin:2.5.4:manifest[m [1m(bundle-manifest)[0;1m > [0;1mprocess-classes[m @ [36mjsoup[0;1m >>>[m
[[1;34mINFO[m] 
[[1;34mINFO[m] [1m--- [0;32mmaven-resources-plugin:3.0.1:resources[m [1m(default-resources)[m @ [36mjsoup[0;1m ---[m
[[1;34mINFO[m] Using 'UTF-8' encoding to copy filtered resources.
[[1;34mINFO[m] Copying 0 resource
[[1;34mINFO[m] Copying 3 resources to META-INF/
[[1;34mINFO[m] Copying 1 resource
[[1;34mINFO[m] 
[[1;34mINFO[m] [1m--- [0;32mmaven-compiler-plugin:3.5.1:compile[m [1m(default-compile)[m @ [36mjsoup[0;1m ---[m
[[1;34mINFO[m] Changes detected - recompiling the module!
[[1;34mINFO[m] Compiling 68 source files to /home/bdanglot/workspace/icst-2019/september-2018/dataset/jsoup/target/classes
[[1;34mINFO[m] /home/bdanglot/workspace/icst-2019/september-2018/dataset/jsoup/target/clover/src-instrumented/org/jsoup/nodes/Attributes.java: /home/bdanglot/workspace/icst-2019/september-2018/dataset/jsoup/target/clover/src-instrumented/org/jsoup/nodes/Attributes.java uses or overrides a deprecated API.
[[1;34mINFO[m] /home/bdanglot/workspace/icst-2019/september-2018/dataset/jsoup/target/clover/src-instrumented/org/jsoup/nodes/Attributes.java: Recompile with -Xlint:deprecation for details.
[[1;34mINFO[m] 
[[1;34mINFO[m] [1m--- [0;32manimal-sniffer-maven-plugin:1.16:check[m [1m(animal-sniffer)[m @ [36mjsoup[0;1m ---[m
[[1;34mINFO[m] Checking unresolved references to net.sf.androidscents.signature:android-api-level-8:2.2_r3
[[1;34mINFO[m] 
[[1;34mINFO[m] [1m<<< [0;32mmaven-bundle-plugin:2.5.4:manifest[m [1m(bundle-manifest)[0;1m < [0;1mprocess-classes[m @ [36mjsoup[0;1m <<<[m
[[1;34mINFO[m] 
[[1;34mINFO[m] 
[[1;34mINFO[m] [1m--- [0;32mmaven-bundle-plugin:2.5.4:manifest[m [1m(bundle-manifest)[m @ [36mjsoup[0;1m ---[m
[[1;34mINFO[m] 
[[1;34mINFO[m] [1m--- [0;32mmaven-resources-plugin:3.0.1:testResources[m [1m(default-testResources)[m @ [36mjsoup[0;1m ---[m
[[1;34mINFO[m] Using 'UTF-8' encoding to copy filtered resources.
[[1;34mINFO[m] Copying 25 resources
[[1;34mINFO[m] 
[[1;34mINFO[m] [1m--- [0;32mmaven-compiler-plugin:3.5.1:testCompile[m [1m(default-testCompile)[m @ [36mjsoup[0;1m ---[m
[[1;34mINFO[m] Changes detected - recompiling the module!
[[1;34mINFO[m] Compiling 46 source files to /home/bdanglot/workspace/icst-2019/september-2018/dataset/jsoup/target/test-classes
[[1;34mINFO[m] /home/bdanglot/workspace/icst-2019/september-2018/dataset/jsoup/target/clover/src-test-instrumented/org/jsoup/parser/AttributeParseTest.java: Some input files use or override a deprecated API.
[[1;34mINFO[m] /home/bdanglot/workspace/icst-2019/september-2018/dataset/jsoup/target/clover/src-test-instrumented/org/jsoup/parser/AttributeParseTest.java: Recompile with -Xlint:deprecation for details.
[[1;34mINFO[m] 
[[1;34mINFO[m] [1m--- [0;32mmaven-surefire-plugin:2.12.4:test[m [1m(default-test)[m @ [36mjsoup[0;1m ---[m
[[1;34mINFO[m] Surefire report directory: /home/bdanglot/workspace/icst-2019/september-2018/dataset/jsoup/target/surefire-reports

-------------------------------------------------------
 T E S T S
-------------------------------------------------------
Running org.jsoup.parser.ParserSettingsTest
Tests run: 3, Failures: 0, Errors: 0, Skipped: 0, Time elapsed: 0.185 sec
Running org.jsoup.parser.HtmlParserTest
Tests run: 129, Failures: 1, Errors: 0, Skipped: 1, Time elapsed: 3.245 sec <<< FAILURE!
handlesDeepStack(org.jsoup.parser.HtmlParserTest)  Time elapsed: 2.281 sec  <<< FAILURE!
java.lang.AssertionError
	at org.junit.Assert.fail(Assert.java:86)
	at org.junit.Assert.assertTrue(Assert.java:41)
	at org.junit.Assert.assertTrue(Assert.java:52)
	at org.jsoup.parser.HtmlParserTest.__CLR4_2_0gl9t7cb3j(HtmlParserTest.java:998)
	at org.jsoup.parser.HtmlParserTest.handlesDeepStack(HtmlParserTest.java:978)
	at sun.reflect.NativeMethodAccessorImpl.invoke0(Native Method)
	at sun.reflect.NativeMethodAccessorImpl.invoke(NativeMethodAccessorImpl.java:62)
	at sun.reflect.DelegatingMethodAccessorImpl.invoke(DelegatingMethodAccessorImpl.java:43)
	at java.lang.reflect.Method.invoke(Method.java:498)
	at org.junit.runners.model.FrameworkMethod$1.runReflectiveCall(FrameworkMethod.java:50)
	at org.junit.internal.runners.model.ReflectiveCallable.run(ReflectiveCallable.java:12)
	at org.junit.runners.model.FrameworkMethod.invokeExplosively(FrameworkMethod.java:47)
	at org.junit.internal.runners.statements.InvokeMethod.evaluate(InvokeMethod.java:17)
	at org.junit.runners.ParentRunner.runLeaf(ParentRunner.java:325)
	at org.junit.runners.BlockJUnit4ClassRunner.runChild(BlockJUnit4ClassRunner.java:78)
	at org.junit.runners.BlockJUnit4ClassRunner.runChild(BlockJUnit4ClassRunner.java:57)
	at org.junit.runners.ParentRunner$3.run(ParentRunner.java:290)
	at org.junit.runners.ParentRunner$1.schedule(ParentRunner.java:71)
	at org.junit.runners.ParentRunner.runChildren(ParentRunner.java:288)
	at org.junit.runners.ParentRunner.access$000(ParentRunner.java:58)
	at org.junit.runners.ParentRunner$2.evaluate(ParentRunner.java:268)
	at org.junit.runners.ParentRunner.run(ParentRunner.java:363)
	at org.apache.maven.surefire.junit4.JUnit4Provider.execute(JUnit4Provider.java:252)
	at org.apache.maven.surefire.junit4.JUnit4Provider.executeTestSet(JUnit4Provider.java:141)
	at org.apache.maven.surefire.junit4.JUnit4Provider.invoke(JUnit4Provider.java:112)
	at sun.reflect.NativeMethodAccessorImpl.invoke0(Native Method)
	at sun.reflect.NativeMethodAccessorImpl.invoke(NativeMethodAccessorImpl.java:62)
	at sun.reflect.DelegatingMethodAccessorImpl.invoke(DelegatingMethodAccessorImpl.java:43)
	at java.lang.reflect.Method.invoke(Method.java:498)
	at org.apache.maven.surefire.util.ReflectionUtils.invokeMethodWithArray(ReflectionUtils.java:189)
	at org.apache.maven.surefire.booter.ProviderFactory$ProviderProxy.invoke(ProviderFactory.java:165)
	at org.apache.maven.surefire.booter.ProviderFactory.invokeProvider(ProviderFactory.java:85)
	at org.apache.maven.surefire.booter.ForkedBooter.runSuitesInProcess(ForkedBooter.java:115)
	at org.apache.maven.surefire.booter.ForkedBooter.main(ForkedBooter.java:75)

Running org.jsoup.parser.TokenQueueTest
Tests run: 8, Failures: 0, Errors: 0, Skipped: 0, Time elapsed: 0.011 sec
Running org.jsoup.parser.HtmlTreeBuilderTest
Tests run: 1, Failures: 0, Errors: 0, Skipped: 0, Time elapsed: 0.003 sec
Running org.jsoup.parser.AttributeParseTest
Tests run: 8, Failures: 0, Errors: 0, Skipped: 0, Time elapsed: 0.022 sec
Running org.jsoup.parser.CharacterReaderTest
Tests run: 22, Failures: 0, Errors: 0, Skipped: 1, Time elapsed: 0.024 sec
Running org.jsoup.parser.TokeniserTest
Tests run: 10, Failures: 0, Errors: 0, Skipped: 0, Time elapsed: 0.132 sec
Running org.jsoup.parser.HtmlTreeBuilderStateTest
Tests run: 1, Failures: 0, Errors: 0, Skipped: 0, Time elapsed: 0.001 sec
Running org.jsoup.parser.TokeniserStateTest
Tests run: 12, Failures: 0, Errors: 0, Skipped: 0, Time elapsed: 0.082 sec
Running org.jsoup.parser.TagTest
Tests run: 10, Failures: 0, Errors: 0, Skipped: 0, Time elapsed: 0.011 sec
Running org.jsoup.parser.XmlTreeBuilderTest
Tests run: 22, Failures: 0, Errors: 0, Skipped: 1, Time elapsed: 0.033 sec
Running org.jsoup.internal.ConstrainableInputStreamTest
Tests run: 1, Failures: 0, Errors: 0, Skipped: 1, Time elapsed: 0 sec
Running org.jsoup.nodes.DocumentTypeTest
Tests run: 5, Failures: 0, Errors: 0, Skipped: 0, Time elapsed: 0.006 sec
Running org.jsoup.nodes.ElementTest
Tests run: 91, Failures: 0, Errors: 0, Skipped: 0, Time elapsed: 0.144 sec
Running org.jsoup.nodes.AttributeTest
Tests run: 2, Failures: 0, Errors: 0, Skipped: 0, Time elapsed: 0.001 sec
Running org.jsoup.nodes.FormElementTest
Tests run: 10, Failures: 0, Errors: 0, Skipped: 0, Time elapsed: 0.025 sec
Running org.jsoup.nodes.AttributesTest
Tests run: 8, Failures: 0, Errors: 0, Skipped: 0, Time elapsed: 0.006 sec
Running org.jsoup.nodes.EntitiesTest
Tests run: 15, Failures: 0, Errors: 0, Skipped: 0, Time elapsed: 0.038 sec
Running org.jsoup.nodes.DocumentTest
Tests run: 29, Failures: 0, Errors: 0, Skipped: 1, Time elapsed: 0.115 sec
Running org.jsoup.nodes.TextNodeTest
Tests run: 6, Failures: 0, Errors: 0, Skipped: 0, Time elapsed: 0.006 sec
Running org.jsoup.nodes.NodeTest
Tests run: 25, Failures: 0, Errors: 0, Skipped: 0, Time elapsed: 0.026 sec
Running org.jsoup.integration.ConnectTest
2018-09-27 12:50:52.795:INFO::main: Logging initialized @4806ms
2018-09-27 12:50:52.836:INFO:oejs.Server:main: jetty-9.2.22.v20170606
2018-09-27 12:50:52.877:INFO:oejs.ServerConnector:main: Started ServerConnector@4572c73e{HTTP/1.1}{0.0.0.0:33889}
2018-09-27 12:50:52.878:INFO:oejs.Server:main: Started @4888ms
2018-09-27 12:50:54.395:INFO:oejs.ServerConnector:main: Stopped ServerConnector@4572c73e{HTTP/1.1}{0.0.0.0:0}
Tests run: 29, Failures: 0, Errors: 0, Skipped: 5, Time elapsed: 1.644 sec
Running org.jsoup.integration.ParseTest
Tests run: 12, Failures: 0, Errors: 0, Skipped: 0, Time elapsed: 0.319 sec
Running org.jsoup.integration.UrlConnectTest
Tests run: 1, Failures: 0, Errors: 0, Skipped: 1, Time elapsed: 0 sec
Running org.jsoup.select.CssTest
Tests run: 17, Failures: 0, Errors: 0, Skipped: 0, Time elapsed: 0.096 sec
Running org.jsoup.select.ElementsTest
Tests run: 34, Failures: 0, Errors: 0, Skipped: 0, Time elapsed: 0.044 sec
Running org.jsoup.select.QueryParserTest
Tests run: 4, Failures: 0, Errors: 0, Skipped: 0, Time elapsed: 0.004 sec
Running org.jsoup.select.SelectorTest
Tests run: 62, Failures: 0, Errors: 0, Skipped: 0, Time elapsed: 0.089 sec
Running org.jsoup.select.TraversorTest
Tests run: 5, Failures: 0, Errors: 0, Skipped: 0, Time elapsed: 0.007 sec
Running org.jsoup.safety.CleanerTest
Tests run: 33, Failures: 0, Errors: 0, Skipped: 0, Time elapsed: 0.054 sec
Running org.jsoup.helper.HttpConnectionTest
Tests run: 21, Failures: 0, Errors: 0, Skipped: 0, Time elapsed: 0.014 sec
Running org.jsoup.helper.W3CDomTest
Tests run: 6, Failures: 0, Errors: 0, Skipped: 0, Time elapsed: 0.247 sec
Running org.jsoup.helper.DataUtilTest
Tests run: 15, Failures: 0, Errors: 0, Skipped: 0, Time elapsed: 0.038 sec
Running org.jsoup.helper.StringUtilTest
Tests run: 9, Failures: 0, Errors: 0, Skipped: 0, Time elapsed: 0.007 sec

Results :

Failed tests:   handlesDeepStack(org.jsoup.parser.HtmlParserTest)

Tests run: 666, Failures: 1, Errors: 0, Skipped: 11

[[1;34mINFO[m] [1m------------------------------------------------------------------------[m
[[1;34mINFO[m] [1;31mBUILD FAILURE[m
[[1;34mINFO[m] [1m------------------------------------------------------------------------[m
[[1;34mINFO[m] Total time: 24.585 s
[[1;34mINFO[m] Finished at: 2018-09-27T12:50:55+02:00
[[1;34mINFO[m] [1m------------------------------------------------------------------------[m
[[1;31mERROR[m] Failed to execute goal [32morg.apache.maven.plugins:maven-surefire-plugin:2.12.4:test[m [1m(default-test)[m on project [36mjsoup[m: [1;31mThere are test failures.[m
[[1;31mERROR[m] [1;31m[m
[[1;31mERROR[m] [1;31mPlease refer to /home/bdanglot/workspace/icst-2019/september-2018/dataset/jsoup/target/surefire-reports for the individual test results.[m
[[1;31mERROR[m] -> [1m[Help 1][m
[[1;31mERROR[m] 
[[1;31mERROR[m] To see the full stack trace of the errors, re-run Maven with the [1m-e[m switch.
[[1;31mERROR[m] Re-run Maven using the [1m-X[m switch to enable full debug logging.
[[1;31mERROR[m] 
[[1;31mERROR[m] For more information about the errors and possible solutions, please read the following articles:
[[1;31mERROR[m] [1m[Help 1][m http://cwiki.apache.org/confluence/display/MAVEN/MojoFailureException
Writing HTML report to '/home/bdanglot/workspace/icst-2019/september-2018/dataset/jsoup/target/clover/report'
Done. Processed 10 packages in 8301ms (830ms per package).
[[1;34mINFO[m] /home/bdanglot/workspace/icst-2019/september-2018/dataset/jsoup/src/main/java/org/jsoup/helper/DataUtil.java
[[1;34mINFO[m] /home/bdanglot/workspace/icst-2019/september-2018/dataset/jsoup_parent/src/main/java/org/jsoup/helper/DataUtil.java
[info] org.jsoup.helper.DataUtil:232 is modified.
[info] org.jsoup.helper.DataUtil:237 is modified.
[info] org.jsoup.helper.DataUtil:232 covered.
[info] org.jsoup.helper.DataUtil:237 covered.
[[1;34mINFO[m] /home/bdanglot/workspace/icst-2019/september-2018/dataset/jsoup/src/main/java/org/jsoup/helper/HttpConnection.java
[[1;34mINFO[m] /home/bdanglot/workspace/icst-2019/september-2018/dataset/jsoup_parent/src/main/java/org/jsoup/helper/HttpConnection.java
[info] org.jsoup.helper.HttpConnection:1069 is modified.
[info] org.jsoup.helper.HttpConnection:1079 is modified.
[info] org.jsoup.helper.HttpConnection:1085 is modified.
[info] org.jsoup.helper.HttpConnection:1109 is modified.
[info] org.jsoup.helper.HttpConnection:1085 covered.
[info] org.jsoup.helper.HttpConnection:1109 covered.
[info] org.jsoup.helper.HttpConnection:1069 covered.
[info] org.jsoup.helper.HttpConnection:1079 covered.
[[1;34mINFO[m] /home/bdanglot/workspace/icst-2019/september-2018/dataset/jsoup/src/main/java/org/jsoup/helper/StringUtil.java
[[1;34mINFO[m] /home/bdanglot/workspace/icst-2019/september-2018/dataset/jsoup_parent/src/main/java/org/jsoup/helper/StringUtil.java
[info] org.jsoup.helper.StringUtil:235 is modified.
[info] org.jsoup.helper.StringUtil:247 is modified.
[info] org.jsoup.helper.StringUtil:48 is modified.
[info] org.jsoup.helper.StringUtil:144 is modified.
[info] org.jsoup.helper.StringUtil:256 is modified.
[info] org.jsoup.helper.StringUtil:42 is modified.
[info] org.jsoup.helper.StringUtil:238 is modified.
[info] org.jsoup.helper.StringUtil:250 is modified.
[info] org.jsoup.helper.StringUtil:243 is modified.
[info] org.jsoup.helper.StringUtil:43 is modified.
[info] org.jsoup.helper.StringUtil:146 is modified.
[info] org.jsoup.helper.StringUtil:230 is modified.
[info] org.jsoup.helper.StringUtil:242 is modified.
[info] org.jsoup.helper.StringUtil:244 is modified.
[info] org.jsoup.helper.StringUtil:241 is modified.
[info] org.jsoup.helper.StringUtil:255 is modified.
[info] org.jsoup.helper.StringUtil:264 is modified.
[info] org.jsoup.helper.StringUtil:266 is modified.
[info] org.jsoup.helper.StringUtil:267 is modified.
[info] org.jsoup.helper.StringUtil:263 is modified.
[info] org.jsoup.helper.StringUtil:256 covered.
[info] org.jsoup.helper.StringUtil:242 covered.
[info] org.jsoup.helper.StringUtil:241 covered.
[info] org.jsoup.helper.StringUtil:255 covered.
[info] org.jsoup.helper.StringUtil:264 covered.
[info] org.jsoup.helper.StringUtil:266 covered.
[info] org.jsoup.helper.StringUtil:263 covered.
[info] org.jsoup.helper.StringUtil:144 covered.
[info] org.jsoup.helper.StringUtil:146 covered.
[info] org.jsoup.helper.StringUtil:48 covered.
[info] org.jsoup.helper.StringUtil:43 covered.
[[1;34mINFO[m] /home/bdanglot/workspace/icst-2019/september-2018/dataset/jsoup/src/main/java/org/jsoup/nodes/Attribute.java
[[1;34mINFO[m] /home/bdanglot/workspace/icst-2019/september-2018/dataset/jsoup_parent/src/main/java/org/jsoup/nodes/Attribute.java
[info] org.jsoup.nodes.Attribute:102 is modified.
[info] org.jsoup.nodes.Attribute:101 is modified.
[info] org.jsoup.nodes.Attribute:109 is modified.
[info] org.jsoup.nodes.Attribute:102 covered.
[info] org.jsoup.nodes.Attribute:109 covered.
[[1;34mINFO[m] /home/bdanglot/workspace/icst-2019/september-2018/dataset/jsoup/src/main/java/org/jsoup/nodes/Attributes.java
[[1;34mINFO[m] /home/bdanglot/workspace/icst-2019/september-2018/dataset/jsoup_parent/src/main/java/org/jsoup/nodes/Attributes.java
[info] org.jsoup.nodes.Attributes:302 is modified.
[info] org.jsoup.nodes.Attributes:301 is modified.
[info] org.jsoup.nodes.Attributes:308 is modified.
[info] org.jsoup.nodes.Attributes:302 covered.
[info] org.jsoup.nodes.Attributes:308 covered.
[[1;34mINFO[m] /home/bdanglot/workspace/icst-2019/september-2018/dataset/jsoup/src/main/java/org/jsoup/nodes/Element.java
[[1;34mINFO[m] /home/bdanglot/workspace/icst-2019/september-2018/dataset/jsoup_parent/src/main/java/org/jsoup/nodes/Element.java
[info] org.jsoup.nodes.Element:1023 is modified.
[info] org.jsoup.nodes.Element:1049 is modified.
[info] org.jsoup.nodes.Element:1059 is modified.
[info] org.jsoup.nodes.Element:1073 is modified.
[info] org.jsoup.nodes.Element:1086 is modified.
[info] org.jsoup.nodes.Element:1090 is modified.
[info] org.jsoup.nodes.Element:1175 is modified.
[info] org.jsoup.nodes.Element:1197 is modified.
[info] org.jsoup.nodes.Element:1400 is modified.
[info] org.jsoup.nodes.Element:1060 is modified.
[info] org.jsoup.nodes.Element:1088 is modified.
[info] org.jsoup.nodes.Element:1177 is modified.
[info] org.jsoup.nodes.Element:1402 is modified.
[info] org.jsoup.nodes.Element:1400 covered.
[info] org.jsoup.nodes.Element:1402 covered.
[info] org.jsoup.nodes.Element:1023 covered.
[info] org.jsoup.nodes.Element:1049 covered.
[info] org.jsoup.nodes.Element:1073 covered.
[info] org.jsoup.nodes.Element:1060 covered.
[info] org.jsoup.nodes.Element:1197 covered.
[info] org.jsoup.nodes.Element:1177 covered.
[info] org.jsoup.nodes.Element:1090 covered.
[info] org.jsoup.nodes.Element:1088 covered.
[[1;34mINFO[m] /home/bdanglot/workspace/icst-2019/september-2018/dataset/jsoup/src/main/java/org/jsoup/nodes/Entities.java
[[1;34mINFO[m] /home/bdanglot/workspace/icst-2019/september-2018/dataset/jsoup_parent/src/main/java/org/jsoup/nodes/Entities.java
[info] org.jsoup.nodes.Entities:152 is modified.
[info] org.jsoup.nodes.Entities:158 is modified.
[info] org.jsoup.nodes.Entities:152 covered.
[info] org.jsoup.nodes.Entities:158 covered.
[[1;34mINFO[m] /home/bdanglot/workspace/icst-2019/september-2018/dataset/jsoup/src/main/java/org/jsoup/nodes/Node.java
[[1;34mINFO[m] /home/bdanglot/workspace/icst-2019/september-2018/dataset/jsoup_parent/src/main/java/org/jsoup/nodes/Node.java
[info] org.jsoup.nodes.Node:569 is modified.
[info] org.jsoup.nodes.Node:571 is modified.
[info] org.jsoup.nodes.Node:569 covered.
[info] org.jsoup.nodes.Node:571 covered.
[[1;34mINFO[m] /home/bdanglot/workspace/icst-2019/september-2018/dataset/jsoup/src/main/java/org/jsoup/nodes/XmlDeclaration.java
[[1;34mINFO[m] /home/bdanglot/workspace/icst-2019/september-2018/dataset/jsoup_parent/src/main/java/org/jsoup/nodes/XmlDeclaration.java
[info] org.jsoup.nodes.XmlDeclaration:55 is modified.
[info] org.jsoup.nodes.XmlDeclaration:62 is modified.
[info] org.jsoup.nodes.XmlDeclaration:56 is modified.
[info] org.jsoup.nodes.XmlDeclaration:62 covered.
[info] org.jsoup.nodes.XmlDeclaration:56 covered.
[[1;34mINFO[m] /home/bdanglot/workspace/icst-2019/september-2018/dataset/jsoup/src/main/java/org/jsoup/parser/TokenQueue.java
[[1;34mINFO[m] /home/bdanglot/workspace/icst-2019/september-2018/dataset/jsoup_parent/src/main/java/org/jsoup/parser/TokenQueue.java
[info] org.jsoup.parser.TokenQueue:305 is modified.
[info] org.jsoup.parser.TokenQueue:316 is modified.
[info] org.jsoup.parser.TokenQueue:305 covered.
[info] org.jsoup.parser.TokenQueue:316 covered.
[[1;34mINFO[m] /home/bdanglot/workspace/icst-2019/september-2018/dataset/jsoup/src/main/java/org/jsoup/parser/Tokeniser.java
[[1;34mINFO[m] /home/bdanglot/workspace/icst-2019/september-2018/dataset/jsoup_parent/src/main/java/org/jsoup/parser/Tokeniser.java
[info] org.jsoup.parser.Tokeniser:278 is modified.
[info] org.jsoup.parser.Tokeniser:294 is modified.
[info] org.jsoup.parser.Tokeniser:278 covered.
[info] org.jsoup.parser.Tokeniser:294 covered.
[[1;34mINFO[m] /home/bdanglot/workspace/icst-2019/september-2018/dataset/jsoup/src/main/java/org/jsoup/select/Elements.java
[[1;34mINFO[m] /home/bdanglot/workspace/icst-2019/september-2018/dataset/jsoup_parent/src/main/java/org/jsoup/select/Elements.java
[info] org.jsoup.select.Elements:208 is modified.
[info] org.jsoup.select.Elements:215 is modified.
[info] org.jsoup.select.Elements:254 is modified.
[info] org.jsoup.select.Elements:261 is modified.
[info] org.jsoup.select.Elements:270 is modified.
[info] org.jsoup.select.Elements:277 is modified.
[info] org.jsoup.select.Elements:209 is modified.
[info] org.jsoup.select.Elements:255 is modified.
[info] org.jsoup.select.Elements:271 is modified.
[info] org.jsoup.select.Elements:215 covered.
[info] org.jsoup.select.Elements:209 covered.
[info] org.jsoup.select.Elements:277 covered.
[info] org.jsoup.select.Elements:271 covered.
[info] org.jsoup.select.Elements:261 covered.
[info] org.jsoup.select.Elements:255 covered.
[[1;34mINFO[m] /home/bdanglot/workspace/icst-2019/september-2018/dataset/jsoup/src/main/java/org/jsoup/select/QueryParser.java
[[1;34mINFO[m] /home/bdanglot/workspace/icst-2019/september-2018/dataset/jsoup_parent/src/main/java/org/jsoup/select/QueryParser.java
[info] org.jsoup.select.QueryParser:134 is modified.
[info] org.jsoup.select.QueryParser:145 is modified.
[info] org.jsoup.select.QueryParser:134 covered.
[info] org.jsoup.select.QueryParser:145 covered.
[[1;34mINFO[m] Saving result in /home/bdanglot/workspace/icst-2019/september-2018/result/jsoup/commit_4_c8c0569/commit_coverage_testsThatExecuteTheChanges.csv ...
[[1;34mINFO[m] org.jsoup.helper.DataUtilTest;generatesMimeBoundaries;firstMetaElementWithCharsetShouldBeUsedForDecoding;supportsXmlCharsetDeclaration;supportsUTF8BOM;supportsBOMinFiles;secondMetaElementWithContentTypeContainsCharsetParameter;discardsSpuriousByteOrderMark;wrongMetaCharsetFallback;discardsSpuriousByteOrderMarkWhenNoCharsetSet
org.jsoup.integration.ConnectTest;doesGet;doesPost;sendsRequestBody;doesPostFor307;postFiles;multiCookieSet;doesPut;sendsRequestBodyJsonWithData;sendsRequestBodyWithUrlParams;canConnectToLocalServer;handlesRedirect;multipleParsesOkAfterBufferUp;sendsRequestBodyJsonWithoutData;parseParseThrowsValidates;supportsDeflate;fetchURl;doesNotPostFor302;bodyAndBytesAvailableBeforeParse;bodyAfterParseThrowsValidationError;fetchURIWithWihtespace
org.jsoup.safety.CleanerTest;basicWithImagesTest;addsTagOnAttributesIfNotSet;preservesRelativeLinksIfConfigured;testDropImageScript;testRemoveTags;basicBehaviourTest;testRemoveEnforcedAttributes;testDropXmlProc;testDropScript;testCleanAnchorProtocol;supplyOutputSettings;testDropComments;testHandlesEmptyAttributes;simpleBehaviourTest2;cleansInternationalText;handlesCustomProtocols;testRemoveAttributes;simpleBehaviourTest;testRelaxed;testRemoveProtocols;resolvesRelativeLinks;testDropsUnknownTags;handlesAttributesWithNoValue;whitelistedProtocolShouldBeRetained;handlesControlCharactersAfterTagName;dropsUnresolvableRelativeLinks;handlesAllPseudoTag;testCleanJavascriptHref;handlesFramesets
org.jsoup.parser.HtmlParserTest;testNormalisesIsIndex;handlesInvalidDoctypes;normalizesDiscordantTags;handlesCdata;fallbackToUtfIfCantEncode;preSkipsFirstNewline;handlesQuotesInCommentsInScripts;associatedFormControlsWithDisjointForms;handlesKnownEmptyTitle;parsesUnterminatedTextarea;selfClosingOnNonvoidIsError;handlesEscapedData;testFragment;handlesJavadocFont;testHgroup;dropsUnterminatedAttribute;handlesXmlDeclAndCommentsBeforeDoctype;handlesKnownEmptyBlocks;handlesUnknownTags;cdataNodesAreTextNodes;reconstructFormattingElements;noTableDirectInTable;normalisesHeadlessBody;preservesSpaceInTextArea;handleCDataInText;handlesNullInData;testRelaxedTags;handlesFrames;handlesBlocksInDefinitions;handlesEscapedScript;preservesSpaceInScript;roundTripsCdata;createsStructureFromBodySnippet;canPreserveAttributeCase;handlesSolidusInA;handlesWhitespaceInoDocType;handlesWhatWgExpensesTableExample;handlesTbodyTable;handlesDataOnlyTags;handlesUnexpectedMarkupInTables;testAFlowContents;handlesNestedImplicitTable;handlesImplicitCaptionClose;handlesMisnestedTagsBP;normalisesDocument;doesNotFindShortestMatchingEntity;testSupportsPartiallyNonAsciiTags;handlesControlCodeInAttributeName;canPreserveTagCase;testNoImagesInNoScriptInHead;handlesCdataInScript;handlesKnownEmptyIframe;handlesMisnestedTagsBI;handlesKnownEmptyStyle;handlesInputInTable;emptyTdTag;testUsingSingleQuotesInQueries;selfClosingVoidIsNotAnError;handlesUnclosedRawtextAtEof;discardsNakedTds;testFontFlowContents;ignoresContentAfterFrameset;caseInsensitiveParseTree;handlesUnclosedDefinitionLists;handlesNewlinesAndWhitespaceInTag;testSpanContents;handlesTextAfterData;parsesQuiteRoughAttributes;normalisesEmptyDocument;caseSensitiveParseTree;testSpaceAfterTag;handlesUnclosedAnchors;testInvalidTableContents;handlesUnclosedScriptAtEof;handlesUnknownInlineTags;noImplicitFormForTextAreas;commentBeforeHtml;relaxedBaseEntityMatchAndStrictExtendedMatch;handlesXmlDeclarationAsBogusComment;handlesKnownEmptyNoFrames;normalisedBodyAfterContent;testHeaderContents;convertsImageToImg;doesNotCreateImplicitLists;dropsUnterminatedTag;handlesCommentsInTable;handlesTagsInTextarea;handlesTextArea;handlesUnclosedFormattingElements;handlesNullInComments;ignoresDupeEndTrTag;parsesBodyFragment;handlesUnclosedTitleAtEof;reconstructFormattingElementsInTable;handlesUnknownNamespaceTags;parsesUnterminatedOption;testSupportsNonAsciiTags;canPreserveBothCase;createsDocumentStructure;handlesSolidusAtAttributeEnd;parsesUnterminatedComments;handles0CharacterAsText;testHtmlLowerCase;handleNullContextInParseFragment;handlesInvalidStartTags;handlesUnclosedTitle
org.jsoup.parser.XmlTreeBuilderTest;caseSensitiveDeclaration;preservesCaseByDefault;testPopToClose;handlesXmlDeclarationAsDeclaration;testDoesNotForceSelfClosingKnownTags;testCreatesValidProlog;normalizesDiscordantTags;testSupplyParserToJsoupClass;testDetectCharsetEncodingDeclaration;canNormalizeCase;testParseDeclarationAttributes;xmlFragment;cdataPreservesWhiteSpace;testSimpleXmlParse;testSupplyParserToDataStream;appendPreservesCaseByDefault;handlesDodgyXmlDecl;testCommentAndDocType;roundTripsCdata;testDoesHandleEOFInTag
org.jsoup.nodes.EntitiesTest;notMissingMultis;escapedSupplemtary;quoteReplacements;strictUnescape;caseSensitive;noSpuriousDecodes;unescape;escapesGtInXmlAttributesButNotInHtml;escapeSupplementaryCharacter;notMissingSupplementals;letterDigitEntities;escape;unescapeMultiChars
org.jsoup.nodes.AttributeTest;html;testWithSupplementaryCharacterInAttributeKeyAndValue
org.jsoup.nodes.ElementTest;testChainedRemoveAttributes;before;testKeepsPreText;testGetSiblings;appendMustCorrectlyMoveChildrenInsideOneParentElement;testCssPath;testRemoveAfterIndex;testPrependElement;moveByAppend;testFormatOutline;testChildThrowsIndexOutOfBoundsOnMissing;testTagNameSet;testAddNewText;testGetTextNodes;testWholeText;testAddNewHtml;testSetIndent;testKeepsPreTextAtDepth;testNamespacedElements;testEmptyElementFormatHtml;booleanAttributeOutput;testNormalizesInvisiblesInText;testManipulateTextNodes;testWrapWithRemainder;testGetText;testBrHasSpace;testAddBooleanAttribute;testHtmlContainsOuter;testClonesClassnames;testRemoveBeforeIndex;testOuterHtml;testInnerHtml;testPrependText;elementIsNotASiblingOfItself;classNamesAndAttributeNameIsCaseInsensitive;testClassNames;testShadowElementsAreUpdated;testFormatHtml;testPrependNewHtml;insertChildrenAsCopy;textHasSpaceAfterBlockTags;testKeepsPreTextInCode;testGetChildText;testNormalizesNbspInText;testSetText;testAppendRowToTable;testWrap;after;testChildrenElements;testSetHtml;testGetSiblingsWithDuplicateContent;testNextElementSiblingAfterClone;testRemovingEmptyClassAttributeWhenLastClassRemoved;testAppendTo;testIs;testLoopedRemoveAttributes;testGetElementsWithAttributeDash;testHashAndEqualsAndValue;testClone;testSetHtmlTitle;testNoIndentOnScriptAndStyle;parentlessToString;testNotPretty;testAddNewElement;testPrependRowToTable;testClassUpdates;testContainerOutput;testShallowClone;testNormalisesText
org.jsoup.nodes.DocumentTest;testMetaCharsetUpdateDisabled;testLocation;testMetaCharsetUpdateNoCharset;parseAndHtmlOnDifferentThreads;testHtmlAndXmlSyntax;testMetaCharsetUpdateCleanup;setTextPreservesDocumentStructure;testMetaCharsetUpdateXmlIso8859;testClone;testMetaCharsetUpdateIso8859;testMetaCharsetUpdateXmlDisabled;testXhtmlReferences;testMetaCharsetUpdateXmlUtf8;testMetaCharsetUpdateXmlDisabledNoChanges;testClonesDeclarations;testMetaCharsetUpdateUtf8;testOutputEncoding;testShiftJisRoundtrip;testTitles;DocumentsWithSameContentAreVerifialbe;testNormalisesStructure;testMetaCharsetUpdateXmlNoCharset;testMetaCharsetUpdateDisabledNoChanges
org.jsoup.parser.TokeniserTest;cp1252EntitiesProduceError;handleSuperLargeAttributeName;handleLargeCdata;handleLargeText;cp1252Entities;handleSuperLargeTagNames;handleLargeTitle
org.jsoup.parser.AttributeParseTest;dropsSlashFromAttributeName;parsesBooleanAttributes
org.jsoup.nodes.AttributesTest;html
org.jsoup.select.SelectorTest;containsOwn;descendant;matchText;mixCombinator;adjacentSiblings;testPseudoContains;notAdjacent;testPsuedoContainsWithParentheses;testById;testPseudoCombined;notParas;adjacentSiblingsWithId;attributeWithBrackets;handlesCommasInSelector;testSupportsLeadingCombinator;testNamespacedTag;testPseudoGreaterThan;testPseudoBetween;selectSupplementaryCharacter;selectSameElements;testPseudoHas;matchTextAttributes;containsData;selectClassWithSpace;testGroupOr;testCombinedWithContains;testAllElements;parentChildStar;matchesOwn;testGroupOrAttribute;and;testCharactersInIdAndClass;selectFirstWithAnd;selectFirstWithOr;parentChildElement;splitOnBr;parentWithClassChild;deeperDescendant;selectFirst;containsWithQuote;testByAttributeRegexCombined;testWildcardNamespacedTag;testByClassCaseInsensitive;findBetweenSpan;testPseudoEquals;testNestedHas;testMatches;testPseudoLessThan;generalSiblings;multiChildDescent;mixCombinatorGroup
org.jsoup.parser.TokeniserStateTest;testPublicIdentifiersWithWhitespace;testEndTagOpen;testRcdataLessthanSign;testSystemIdentifiersWithWhitespace;handlesLessInTagThanAsNewTag;testBeforeTagName;testPublicAndSystemIdentifiersWithWhitespace;testCharacterReferenceInRcdata;testRCDATAEndTagName
org.jsoup.nodes.NodeTest;unwrapNoChildren;testReplace;before;testRemove;supportsClone;childNodesCopy;after;nodeIsNotASiblingOfItself;unwrap
org.jsoup.select.ElementsTest;val;siblings;unwrapKeepsSpace;before;setHtml;classes;eachText;outerHtml;eq;hasText;remove;unwrap;empty;filter;not;tagNameSet;html;after;text;classWithHyphen;unwrapP;wrap;wrapDiv
org.jsoup.select.TraversorTest;filterRemove
org.jsoup.nodes.FormElementTest;createsFormData
org.jsoup.nodes.TextNodeTest;testSplitText;testSplitAnEmbolden;testTextBean;testWithSupplementaryCharacter
org.jsoup.select.CssTest;nthOfType_simple;nthLastOfType_simple;firstOfType;nthOfType_unknownTag;nthOfType_advanced;nthLastChild_simple;nthChild_simple;nthChild_advanced;lastChild;firstChild;onlyChild;nthLastOfType_advanced;nthLastChild_advanced;lastOfType
org.jsoup.integration.ParseTest;testNewsHomepage;testSmhBizArticle;testYahooArticle;testBaiduVariant;testGoogleSearchIpod;testLowercaseUtf8Charset;testYahooJp;testBrokenHtml5CharsetWithASingleDoubleQuote;testHtml5Charset;testBaidu;testNytArticle;testBinary
org.jsoup.nodes.DocumentTypeTest;outerHtmlGeneration;testRoundTrip
org.jsoup.helper.StringUtilTest;normaliseWhiteSpaceHandlesHighSurrogates;normaliseWhiteSpace;join
org.jsoup.parser.TokenQueueTest;chompEscapedBalanced;unescape
org.jsoup.helper.HttpConnectionTest;sameHeadersCombineWithComma;multipleHeaders
org.jsoup.select.QueryParserTest;exceptionOnUncloseAttribute;testOrGetsCorrectPrecedence;testParsesMultiCorrectly
[[1;34mINFO[m] Writing Coverage in /home/bdanglot/workspace/icst-2019/september-2018/result/jsoup/commit_4_c8c0569/commit_coverage_testsThatExecuteTheChanges_coverage.csv
[[1;34mINFO[m] org.jsoup.helper.DataUtil;2;2

[[1;34mINFO[m] org.jsoup.helper.HttpConnection;4;4

[[1;34mINFO[m] org.jsoup.helper.StringUtil;11;20

[[1;34mINFO[m] org.jsoup.nodes.Attribute;2;3

[[1;34mINFO[m] org.jsoup.nodes.Attributes;2;3

[[1;34mINFO[m] org.jsoup.nodes.Element;10;13

[[1;34mINFO[m] org.jsoup.nodes.Entities;2;2

[[1;34mINFO[m] org.jsoup.nodes.Node;2;2

[[1;34mINFO[m] org.jsoup.nodes.XmlDeclaration;2;3

[[1;34mINFO[m] org.jsoup.parser.TokenQueue;2;2

[[1;34mINFO[m] org.jsoup.parser.Tokeniser;2;2

[[1;34mINFO[m] org.jsoup.select.Elements;6;9

[[1;34mINFO[m] org.jsoup.select.QueryParser;2;2

[[1;34mINFO[m] total;49;67

[[1;34mINFO[m] [1m------------------------------------------------------------------------[m
[[1;34mINFO[m] [1;32mBUILD SUCCESS[m
[[1;34mINFO[m] [1m------------------------------------------------------------------------[m
[[1;34mINFO[m] Total time: 43.718 s
[[1;34mINFO[m] Finished at: 2018-09-27T12:51:10+02:00
[[1;34mINFO[m] [1m------------------------------------------------------------------------[m
[INFO] 2018-09-27 12:51:10 RepositoriesSetter - {/home/bdanglot/workspace/icst-2019/september-2018/dataset/jsoup} Cleaning local repository...
[INFO] 2018-09-27 12:51:10 RepositoriesSetter - Checkout 16491229eeee7cea72d35ff0de6ed7302fd088de revision...
[INFO] 2018-09-27 12:51:10 RepositoriesSetter - {/home/bdanglot/workspace/icst-2019/september-2018/dataset/jsoup_parent} Cleaning local repository...
[INFO] 2018-09-27 12:51:10 RepositoriesSetter - Checkout ae99d7ebaa7ce4e8446150ce4ccbad4646433f8f revision...
