[INFO] Scanning for projects...
[INFO] 
[INFO] --------------------------< org.jsoup:jsoup >---------------------------
[INFO] Building jsoup Java HTML Parser 1.12.1-SNAPSHOT
[INFO] --------------------------------[ jar ]---------------------------------
[INFO] 
[INFO] --- maven-clean-plugin:2.5:clean (default-clean) @ jsoup ---
[INFO] Deleting /tmp/icst-2019/september-2018/dataset/jsoup_parent/target
[INFO] 
[INFO] --- diff-test-selection:0.5-SNAPSHOT:list (default-cli) @ jsoup ---
[INFO] Computing coverage for /tmp/icst-2019/september-2018/dataset/jsoup_parent
[WARN] Maven will be executed in interactive mode, but no input stream has been configured for this MavenInvoker instance.
[INFO] Scanning for projects...
[INFO] 
[INFO] --------------------------< org.jsoup:jsoup >---------------------------
[INFO] Building jsoup Java HTML Parser 1.12.1-SNAPSHOT
[INFO] --------------------------------[ jar ]---------------------------------
[INFO] 
[INFO] --- maven-clean-plugin:2.5:clean (default-clean) @ jsoup ---
[INFO] 
[INFO] --- clover-maven-plugin:4.2.0:setup (default-cli) @ jsoup ---
[INFO] No 'maven.clover.licenseLocation' configured. Using default license.
[INFO] OpenClover Version 4.2.0, built on April 30 2017 (build-1000)
[INFO] Loaded from: /home/spirals/danglot/.m2/repository/org/openclover/clover/4.2.0/clover-4.2.0.jar
[INFO] Clover free edition.
[INFO] Creating new database at '/tmp/icst-2019/september-2018/dataset/jsoup_parent/target/clover/clover.db'.
[INFO] Processing files at 1.8 source level.
[INFO] Clover all over. Instrumented 68 files (8 packages).
[INFO] Elapsed time = 4.309 secs. (15.781 files/sec, 4,206.777 srclines/sec)
[INFO] OpenClover Version 4.2.0, built on April 30 2017 (build-1000)
[INFO] Loaded from: /home/spirals/danglot/.m2/repository/org/openclover/clover/4.2.0/clover-4.2.0.jar
[INFO] Clover free edition.
[INFO] Updating existing database at '/tmp/icst-2019/september-2018/dataset/jsoup_parent/target/clover/clover.db'.
[INFO] Processing files at 1.8 source level.
[INFO] Clover all over. Instrumented 46 files (9 packages).
[INFO] 712 test methods detected.
[INFO] Elapsed time = 1.934 secs. (23.785 files/sec, 5,097.725 srclines/sec)
[INFO] 
[INFO] --- maven-resources-plugin:3.0.1:resources (default-resources) @ jsoup ---
[INFO] Using 'UTF-8' encoding to copy filtered resources.
[INFO] Copying 0 resource
[INFO] Copying 3 resources to META-INF/
[INFO] Copying 1 resource
[INFO] 
[INFO] --- maven-compiler-plugin:3.5.1:compile (default-compile) @ jsoup ---
[INFO] Changes detected - recompiling the module!
[INFO] Compiling 68 source files to /tmp/icst-2019/september-2018/dataset/jsoup_parent/target/classes
[INFO] /tmp/icst-2019/september-2018/dataset/jsoup_parent/target/clover/src-instrumented/org/jsoup/nodes/Attributes.java: /tmp/icst-2019/september-2018/dataset/jsoup_parent/target/clover/src-instrumented/org/jsoup/nodes/Attributes.java uses or overrides a deprecated API.
[INFO] /tmp/icst-2019/september-2018/dataset/jsoup_parent/target/clover/src-instrumented/org/jsoup/nodes/Attributes.java: Recompile with -Xlint:deprecation for details.
[INFO] 
[INFO] --- animal-sniffer-maven-plugin:1.16:check (animal-sniffer) @ jsoup ---
[INFO] Checking unresolved references to net.sf.androidscents.signature:android-api-level-8:2.2_r3
[INFO] 
[INFO] >>> maven-bundle-plugin:2.5.4:manifest (bundle-manifest) > process-classes @ jsoup >>>
[INFO] 
[INFO] --- maven-resources-plugin:3.0.1:resources (default-resources) @ jsoup ---
[INFO] Using 'UTF-8' encoding to copy filtered resources.
[INFO] Copying 0 resource
[INFO] Copying 3 resources to META-INF/
[INFO] Copying 1 resource
[INFO] 
[INFO] --- maven-compiler-plugin:3.5.1:compile (default-compile) @ jsoup ---
[INFO] Changes detected - recompiling the module!
[INFO] Compiling 68 source files to /tmp/icst-2019/september-2018/dataset/jsoup_parent/target/classes
[INFO] /tmp/icst-2019/september-2018/dataset/jsoup_parent/target/clover/src-instrumented/org/jsoup/nodes/Attributes.java: /tmp/icst-2019/september-2018/dataset/jsoup_parent/target/clover/src-instrumented/org/jsoup/nodes/Attributes.java uses or overrides a deprecated API.
[INFO] /tmp/icst-2019/september-2018/dataset/jsoup_parent/target/clover/src-instrumented/org/jsoup/nodes/Attributes.java: Recompile with -Xlint:deprecation for details.
[INFO] 
[INFO] --- animal-sniffer-maven-plugin:1.16:check (animal-sniffer) @ jsoup ---
[INFO] Checking unresolved references to net.sf.androidscents.signature:android-api-level-8:2.2_r3
[INFO] 
[INFO] <<< maven-bundle-plugin:2.5.4:manifest (bundle-manifest) < process-classes @ jsoup <<<
[INFO] 
[INFO] 
[INFO] --- maven-bundle-plugin:2.5.4:manifest (bundle-manifest) @ jsoup ---
[INFO] 
[INFO] --- maven-resources-plugin:3.0.1:testResources (default-testResources) @ jsoup ---
[INFO] Using 'UTF-8' encoding to copy filtered resources.
[INFO] Copying 25 resources
[INFO] 
[INFO] --- maven-compiler-plugin:3.5.1:testCompile (default-testCompile) @ jsoup ---
[INFO] Changes detected - recompiling the module!
[INFO] Compiling 46 source files to /tmp/icst-2019/september-2018/dataset/jsoup_parent/target/test-classes
[INFO] /tmp/icst-2019/september-2018/dataset/jsoup_parent/target/clover/src-test-instrumented/org/jsoup/parser/AttributeParseTest.java: Some input files use or override a deprecated API.
[INFO] /tmp/icst-2019/september-2018/dataset/jsoup_parent/target/clover/src-test-instrumented/org/jsoup/parser/AttributeParseTest.java: Recompile with -Xlint:deprecation for details.
[INFO] 
[INFO] --- maven-surefire-plugin:2.12.4:test (default-test) @ jsoup ---
[INFO] Surefire report directory: /tmp/icst-2019/september-2018/dataset/jsoup_parent/target/surefire-reports

-------------------------------------------------------
 T E S T S
-------------------------------------------------------
Running org.jsoup.integration.UrlConnectTest
Tests run: 1, Failures: 0, Errors: 0, Skipped: 1, Time elapsed: 0.029 sec
Running org.jsoup.integration.ConnectTest
2018-09-28 13:55:04.280:INFO::main: Logging initialized @922ms
2018-09-28 13:55:04.363:INFO:oejs.Server:main: jetty-9.2.22.v20170606
2018-09-28 13:55:04.481:INFO:oejs.ServerConnector:main: Started ServerConnector@6ad8dad5{HTTP/1.1}{0.0.0.0:36969}
2018-09-28 13:55:04.482:INFO:oejs.Server:main: Started @1125ms
2018-09-28 13:55:06.760:INFO:oejs.ServerConnector:main: Stopped ServerConnector@6ad8dad5{HTTP/1.1}{0.0.0.0:0}
Tests run: 29, Failures: 0, Errors: 0, Skipped: 5, Time elapsed: 2.715 sec
Running org.jsoup.integration.ParseTest
Tests run: 12, Failures: 0, Errors: 0, Skipped: 0, Time elapsed: 1.029 sec
Running org.jsoup.helper.DataUtilTest
Tests run: 15, Failures: 0, Errors: 0, Skipped: 0, Time elapsed: 0.183 sec
Running org.jsoup.helper.W3CDomTest
Tests run: 6, Failures: 0, Errors: 0, Skipped: 0, Time elapsed: 0.501 sec
Running org.jsoup.helper.HttpConnectionTest
Tests run: 21, Failures: 0, Errors: 0, Skipped: 0, Time elapsed: 0.037 sec
Running org.jsoup.helper.StringUtilTest
Tests run: 9, Failures: 0, Errors: 0, Skipped: 0, Time elapsed: 0.027 sec
Running org.jsoup.parser.XmlTreeBuilderTest
Tests run: 22, Failures: 0, Errors: 0, Skipped: 1, Time elapsed: 0.077 sec
Running org.jsoup.parser.ParserSettingsTest
Tests run: 3, Failures: 0, Errors: 0, Skipped: 0, Time elapsed: 0.013 sec
Running org.jsoup.parser.TagTest
Tests run: 10, Failures: 0, Errors: 0, Skipped: 0, Time elapsed: 0.019 sec
Running org.jsoup.parser.TokeniserTest
Tests run: 10, Failures: 0, Errors: 0, Skipped: 0, Time elapsed: 0.171 sec
Running org.jsoup.parser.AttributeParseTest
Tests run: 8, Failures: 0, Errors: 0, Skipped: 0, Time elapsed: 0.021 sec
Running org.jsoup.parser.TokeniserStateTest
Tests run: 12, Failures: 0, Errors: 0, Skipped: 0, Time elapsed: 0.143 sec
Running org.jsoup.parser.CharacterReaderTest
Tests run: 22, Failures: 0, Errors: 0, Skipped: 1, Time elapsed: 0.031 sec
Running org.jsoup.parser.HtmlTreeBuilderStateTest
Tests run: 1, Failures: 0, Errors: 0, Skipped: 0, Time elapsed: 0.004 sec
Running org.jsoup.parser.TokenQueueTest
Tests run: 8, Failures: 0, Errors: 0, Skipped: 0, Time elapsed: 0.025 sec
Running org.jsoup.parser.HtmlParserTest
Tests run: 129, Failures: 1, Errors: 0, Skipped: 1, Time elapsed: 4.567 sec <<< FAILURE!
handlesDeepStack(org.jsoup.parser.HtmlParserTest)  Time elapsed: 3.486 sec  <<< FAILURE!
java.lang.AssertionError
	at org.junit.Assert.fail(Assert.java:86)
	at org.junit.Assert.assertTrue(Assert.java:41)
	at org.junit.Assert.assertTrue(Assert.java:52)
	at org.jsoup.parser.HtmlParserTest.__CLR4_2_0gl9t7cb39(HtmlParserTest.java:998)
	at org.jsoup.parser.HtmlParserTest.handlesDeepStack(HtmlParserTest.java:978)
	at sun.reflect.NativeMethodAccessorImpl.invoke0(Native Method)
	at sun.reflect.NativeMethodAccessorImpl.invoke(NativeMethodAccessorImpl.java:62)
	at sun.reflect.DelegatingMethodAccessorImpl.invoke(DelegatingMethodAccessorImpl.java:43)
	at java.lang.reflect.Method.invoke(Method.java:498)
	at org.junit.runners.model.FrameworkMethod$1.runReflectiveCall(FrameworkMethod.java:50)
	at org.junit.internal.runners.model.ReflectiveCallable.run(ReflectiveCallable.java:12)
	at org.junit.runners.model.FrameworkMethod.invokeExplosively(FrameworkMethod.java:47)
	at org.junit.internal.runners.statements.InvokeMethod.evaluate(InvokeMethod.java:17)
	at org.junit.runners.ParentRunner.runLeaf(ParentRunner.java:325)
	at org.junit.runners.BlockJUnit4ClassRunner.runChild(BlockJUnit4ClassRunner.java:78)
	at org.junit.runners.BlockJUnit4ClassRunner.runChild(BlockJUnit4ClassRunner.java:57)
	at org.junit.runners.ParentRunner$3.run(ParentRunner.java:290)
	at org.junit.runners.ParentRunner$1.schedule(ParentRunner.java:71)
	at org.junit.runners.ParentRunner.runChildren(ParentRunner.java:288)
	at org.junit.runners.ParentRunner.access$000(ParentRunner.java:58)
	at org.junit.runners.ParentRunner$2.evaluate(ParentRunner.java:268)
	at org.junit.runners.ParentRunner.run(ParentRunner.java:363)
	at org.apache.maven.surefire.junit4.JUnit4Provider.execute(JUnit4Provider.java:252)
	at org.apache.maven.surefire.junit4.JUnit4Provider.executeTestSet(JUnit4Provider.java:141)
	at org.apache.maven.surefire.junit4.JUnit4Provider.invoke(JUnit4Provider.java:112)
	at sun.reflect.NativeMethodAccessorImpl.invoke0(Native Method)
	at sun.reflect.NativeMethodAccessorImpl.invoke(NativeMethodAccessorImpl.java:62)
	at sun.reflect.DelegatingMethodAccessorImpl.invoke(DelegatingMethodAccessorImpl.java:43)
	at java.lang.reflect.Method.invoke(Method.java:498)
	at org.apache.maven.surefire.util.ReflectionUtils.invokeMethodWithArray(ReflectionUtils.java:189)
	at org.apache.maven.surefire.booter.ProviderFactory$ProviderProxy.invoke(ProviderFactory.java:165)
	at org.apache.maven.surefire.booter.ProviderFactory.invokeProvider(ProviderFactory.java:85)
	at org.apache.maven.surefire.booter.ForkedBooter.runSuitesInProcess(ForkedBooter.java:115)
	at org.apache.maven.surefire.booter.ForkedBooter.main(ForkedBooter.java:75)

Running org.jsoup.parser.HtmlTreeBuilderTest
Tests run: 1, Failures: 0, Errors: 0, Skipped: 0, Time elapsed: 0 sec
Running org.jsoup.safety.CleanerTest
Tests run: 33, Failures: 0, Errors: 0, Skipped: 0, Time elapsed: 0.169 sec
Running org.jsoup.nodes.ElementTest
Tests run: 91, Failures: 0, Errors: 0, Skipped: 0, Time elapsed: 0.253 sec
Running org.jsoup.nodes.DocumentTest
Tests run: 29, Failures: 0, Errors: 0, Skipped: 1, Time elapsed: 0.216 sec
Running org.jsoup.nodes.AttributesTest
Tests run: 8, Failures: 0, Errors: 0, Skipped: 0, Time elapsed: 0.014 sec
Running org.jsoup.nodes.AttributeTest
Tests run: 2, Failures: 0, Errors: 0, Skipped: 0, Time elapsed: 0.006 sec
Running org.jsoup.nodes.FormElementTest
Tests run: 10, Failures: 0, Errors: 0, Skipped: 0, Time elapsed: 0.03 sec
Running org.jsoup.nodes.TextNodeTest
Tests run: 6, Failures: 0, Errors: 0, Skipped: 0, Time elapsed: 0.015 sec
Running org.jsoup.nodes.DocumentTypeTest
Tests run: 5, Failures: 0, Errors: 0, Skipped: 0, Time elapsed: 0.011 sec
Running org.jsoup.nodes.EntitiesTest
Tests run: 15, Failures: 0, Errors: 0, Skipped: 0, Time elapsed: 0.034 sec
Running org.jsoup.nodes.NodeTest
Tests run: 25, Failures: 0, Errors: 0, Skipped: 0, Time elapsed: 0.064 sec
Running org.jsoup.select.TraversorTest
Tests run: 5, Failures: 0, Errors: 0, Skipped: 0, Time elapsed: 0.017 sec
Running org.jsoup.select.SelectorTest
Tests run: 62, Failures: 0, Errors: 0, Skipped: 0, Time elapsed: 0.2 sec
Running org.jsoup.select.QueryParserTest
Tests run: 4, Failures: 0, Errors: 0, Skipped: 0, Time elapsed: 0.006 sec
Running org.jsoup.select.ElementsTest
Tests run: 34, Failures: 0, Errors: 0, Skipped: 0, Time elapsed: 0.088 sec
Running org.jsoup.select.CssTest
Tests run: 17, Failures: 0, Errors: 0, Skipped: 0, Time elapsed: 0.167 sec
Running org.jsoup.internal.ConstrainableInputStreamTest
Tests run: 1, Failures: 0, Errors: 0, Skipped: 1, Time elapsed: 0.001 sec

Results :

Failed tests:   handlesDeepStack(org.jsoup.parser.HtmlParserTest)

Tests run: 666, Failures: 1, Errors: 0, Skipped: 11

[INFO] ------------------------------------------------------------------------
[INFO] BUILD FAILURE
[INFO] ------------------------------------------------------------------------
[INFO] Total time: 46.358 s
[INFO] Finished at: 2018-09-28T13:55:15+02:00
[INFO] ------------------------------------------------------------------------
[ERROR] Failed to execute goal org.apache.maven.plugins:maven-surefire-plugin:2.12.4:test (default-test) on project jsoup: There are test failures.
[ERROR] 
[ERROR] Please refer to /tmp/icst-2019/september-2018/dataset/jsoup_parent/target/surefire-reports for the individual test results.
[ERROR] -> [Help 1]
[ERROR] 
[ERROR] To see the full stack trace of the errors, re-run Maven with the -e switch.
[ERROR] Re-run Maven using the -X switch to enable full debug logging.
[ERROR] 
[ERROR] For more information about the errors and possible solutions, please read the following articles:
[ERROR] [Help 1] http://cwiki.apache.org/confluence/display/MAVEN/MojoFailureException
Writing HTML report to '/tmp/icst-2019/september-2018/dataset/jsoup_parent/target/clover/report'
Done. Processed 10 packages in 16252ms (1625ms per package).
[INFO] /tmp/icst-2019/september-2018/dataset/jsoup_parent/src/main/java/org/jsoup/helper/DataUtil.java
[INFO] /tmp/icst-2019/september-2018/dataset/jsoup/src/main/java/org/jsoup/helper/DataUtil.java
[info] org.jsoup.helper.DataUtil:232 is modified.
[info] org.jsoup.helper.DataUtil:237 is modified.
[info] org.jsoup.helper.DataUtil:232 covered.
[info] org.jsoup.helper.DataUtil:237 covered.
[INFO] /tmp/icst-2019/september-2018/dataset/jsoup_parent/src/main/java/org/jsoup/helper/HttpConnection.java
[INFO] /tmp/icst-2019/september-2018/dataset/jsoup/src/main/java/org/jsoup/helper/HttpConnection.java
[info] org.jsoup.helper.HttpConnection:1069 is modified.
[info] org.jsoup.helper.HttpConnection:1079 is modified.
[info] org.jsoup.helper.HttpConnection:1085 is modified.
[info] org.jsoup.helper.HttpConnection:1109 is modified.
[info] org.jsoup.helper.HttpConnection:1085 covered.
[info] org.jsoup.helper.HttpConnection:1109 covered.
[info] org.jsoup.helper.HttpConnection:1069 covered.
[info] org.jsoup.helper.HttpConnection:1079 covered.
[INFO] /tmp/icst-2019/september-2018/dataset/jsoup_parent/src/main/java/org/jsoup/helper/StringUtil.java
[INFO] /tmp/icst-2019/september-2018/dataset/jsoup/src/main/java/org/jsoup/helper/StringUtil.java
[info] org.jsoup.helper.StringUtil:230 is modified.
[info] org.jsoup.helper.StringUtil:241 is modified.
[info] org.jsoup.helper.StringUtil:255 is modified.
[info] org.jsoup.helper.StringUtil:256 is modified.
[info] org.jsoup.helper.StringUtil:263 is modified.
[info] org.jsoup.helper.StringUtil:47 is modified.
[info] org.jsoup.helper.StringUtil:143 is modified.
[info] org.jsoup.helper.StringUtil:146 is modified.
[info] org.jsoup.helper.StringUtil:242 is modified.
[info] org.jsoup.helper.StringUtil:145 is modified.
[info] org.jsoup.helper.StringUtil:264 is modified.
[info] org.jsoup.helper.StringUtil:266 is modified.
[info] org.jsoup.helper.StringUtil:43 is modified.
[info] org.jsoup.helper.StringUtil:267 is modified.
[info] org.jsoup.helper.StringUtil:250 is modified.
[info] org.jsoup.helper.StringUtil:244 is modified.
[info] org.jsoup.helper.StringUtil:42 is modified.
[info] org.jsoup.helper.StringUtil:235 is modified.
[info] org.jsoup.helper.StringUtil:238 is modified.
[info] org.jsoup.helper.StringUtil:247 is modified.
[info] org.jsoup.helper.StringUtil:242 covered.
[info] org.jsoup.helper.StringUtil:235 covered.
[info] org.jsoup.helper.StringUtil:47 covered.
[info] org.jsoup.helper.StringUtil:43 covered.
[info] org.jsoup.helper.StringUtil:42 covered.
[info] org.jsoup.helper.StringUtil:143 covered.
[info] org.jsoup.helper.StringUtil:145 covered.
[info] org.jsoup.helper.StringUtil:238 covered.
[info] org.jsoup.helper.StringUtil:250 covered.
[INFO] /tmp/icst-2019/september-2018/dataset/jsoup_parent/src/main/java/org/jsoup/nodes/Attribute.java
[INFO] /tmp/icst-2019/september-2018/dataset/jsoup/src/main/java/org/jsoup/nodes/Attribute.java
[info] org.jsoup.nodes.Attribute:101 is modified.
[info] org.jsoup.nodes.Attribute:102 is modified.
[info] org.jsoup.nodes.Attribute:108 is modified.
[info] org.jsoup.nodes.Attribute:101 covered.
[info] org.jsoup.nodes.Attribute:108 covered.
[INFO] /tmp/icst-2019/september-2018/dataset/jsoup_parent/src/main/java/org/jsoup/nodes/Attributes.java
[INFO] /tmp/icst-2019/september-2018/dataset/jsoup/src/main/java/org/jsoup/nodes/Attributes.java
[info] org.jsoup.nodes.Attributes:301 is modified.
[info] org.jsoup.nodes.Attributes:302 is modified.
[info] org.jsoup.nodes.Attributes:307 is modified.
[info] org.jsoup.nodes.Attributes:301 covered.
[info] org.jsoup.nodes.Attributes:302 covered.
[info] org.jsoup.nodes.Attributes:307 covered.
[INFO] /tmp/icst-2019/september-2018/dataset/jsoup_parent/src/main/java/org/jsoup/nodes/Element.java
[INFO] /tmp/icst-2019/september-2018/dataset/jsoup/src/main/java/org/jsoup/nodes/Element.java
[info] org.jsoup.nodes.Element:1402 is modified.
[info] org.jsoup.nodes.Element:1023 is modified.
[info] org.jsoup.nodes.Element:1048 is modified.
[info] org.jsoup.nodes.Element:1060 is modified.
[info] org.jsoup.nodes.Element:1071 is modified.
[info] org.jsoup.nodes.Element:1088 is modified.
[info] org.jsoup.nodes.Element:1177 is modified.
[info] org.jsoup.nodes.Element:1195 is modified.
[info] org.jsoup.nodes.Element:1398 is modified.
[info] org.jsoup.nodes.Element:1059 is modified.
[info] org.jsoup.nodes.Element:1086 is modified.
[info] org.jsoup.nodes.Element:1175 is modified.
[info] org.jsoup.nodes.Element:1400 is modified.
[info] org.jsoup.nodes.Element:1023 covered.
[info] org.jsoup.nodes.Element:1048 covered.
[info] org.jsoup.nodes.Element:1398 covered.
[info] org.jsoup.nodes.Element:1400 covered.
[info] org.jsoup.nodes.Element:1060 covered.
[info] org.jsoup.nodes.Element:1071 covered.
[info] org.jsoup.nodes.Element:1059 covered.
[info] org.jsoup.nodes.Element:1177 covered.
[info] org.jsoup.nodes.Element:1195 covered.
[info] org.jsoup.nodes.Element:1175 covered.
[info] org.jsoup.nodes.Element:1088 covered.
[info] org.jsoup.nodes.Element:1086 covered.
[INFO] /tmp/icst-2019/september-2018/dataset/jsoup_parent/src/main/java/org/jsoup/nodes/Entities.java
[INFO] /tmp/icst-2019/september-2018/dataset/jsoup/src/main/java/org/jsoup/nodes/Entities.java
[info] org.jsoup.nodes.Entities:152 is modified.
[info] org.jsoup.nodes.Entities:158 is modified.
[info] org.jsoup.nodes.Entities:152 covered.
[info] org.jsoup.nodes.Entities:158 covered.
[INFO] /tmp/icst-2019/september-2018/dataset/jsoup_parent/src/main/java/org/jsoup/nodes/Node.java
[INFO] /tmp/icst-2019/september-2018/dataset/jsoup/src/main/java/org/jsoup/nodes/Node.java
[info] org.jsoup.nodes.Node:569 is modified.
[info] org.jsoup.nodes.Node:571 is modified.
[info] org.jsoup.nodes.Node:569 covered.
[info] org.jsoup.nodes.Node:571 covered.
[INFO] /tmp/icst-2019/september-2018/dataset/jsoup_parent/src/main/java/org/jsoup/nodes/XmlDeclaration.java
[INFO] /tmp/icst-2019/september-2018/dataset/jsoup/src/main/java/org/jsoup/nodes/XmlDeclaration.java
[info] org.jsoup.nodes.XmlDeclaration:56 is modified.
[info] org.jsoup.nodes.XmlDeclaration:61 is modified.
[info] org.jsoup.nodes.XmlDeclaration:55 is modified.
[info] org.jsoup.nodes.XmlDeclaration:56 covered.
[info] org.jsoup.nodes.XmlDeclaration:61 covered.
[info] org.jsoup.nodes.XmlDeclaration:55 covered.
[INFO] /tmp/icst-2019/september-2018/dataset/jsoup_parent/src/main/java/org/jsoup/parser/TokenQueue.java
[INFO] /tmp/icst-2019/september-2018/dataset/jsoup/src/main/java/org/jsoup/parser/TokenQueue.java
[info] org.jsoup.parser.TokenQueue:305 is modified.
[info] org.jsoup.parser.TokenQueue:316 is modified.
[info] org.jsoup.parser.TokenQueue:305 covered.
[info] org.jsoup.parser.TokenQueue:316 covered.
[INFO] /tmp/icst-2019/september-2018/dataset/jsoup_parent/src/main/java/org/jsoup/parser/Tokeniser.java
[INFO] /tmp/icst-2019/september-2018/dataset/jsoup/src/main/java/org/jsoup/parser/Tokeniser.java
[info] org.jsoup.parser.Tokeniser:278 is modified.
[info] org.jsoup.parser.Tokeniser:294 is modified.
[info] org.jsoup.parser.Tokeniser:278 covered.
[info] org.jsoup.parser.Tokeniser:294 covered.
[INFO] /tmp/icst-2019/september-2018/dataset/jsoup_parent/src/main/java/org/jsoup/select/Elements.java
[INFO] /tmp/icst-2019/september-2018/dataset/jsoup/src/main/java/org/jsoup/select/Elements.java
[info] org.jsoup.select.Elements:209 is modified.
[info] org.jsoup.select.Elements:214 is modified.
[info] org.jsoup.select.Elements:255 is modified.
[info] org.jsoup.select.Elements:260 is modified.
[info] org.jsoup.select.Elements:271 is modified.
[info] org.jsoup.select.Elements:276 is modified.
[info] org.jsoup.select.Elements:208 is modified.
[info] org.jsoup.select.Elements:254 is modified.
[info] org.jsoup.select.Elements:270 is modified.
[info] org.jsoup.select.Elements:255 covered.
[info] org.jsoup.select.Elements:260 covered.
[info] org.jsoup.select.Elements:254 covered.
[info] org.jsoup.select.Elements:209 covered.
[info] org.jsoup.select.Elements:214 covered.
[info] org.jsoup.select.Elements:208 covered.
[info] org.jsoup.select.Elements:271 covered.
[info] org.jsoup.select.Elements:276 covered.
[info] org.jsoup.select.Elements:270 covered.
[INFO] /tmp/icst-2019/september-2018/dataset/jsoup_parent/src/main/java/org/jsoup/select/QueryParser.java
[INFO] /tmp/icst-2019/september-2018/dataset/jsoup/src/main/java/org/jsoup/select/QueryParser.java
[info] org.jsoup.select.QueryParser:134 is modified.
[info] org.jsoup.select.QueryParser:145 is modified.
[info] org.jsoup.select.QueryParser:134 covered.
[info] org.jsoup.select.QueryParser:145 covered.
[INFO] Saving result in /tmp/icst-2019/september-2018/result/jsoup/commit_4_c8c0569/parent_coverage_testsThatExecuteTheChanges.csv ...
[INFO] org.jsoup.helper.DataUtilTest;generatesMimeBoundaries;firstMetaElementWithCharsetShouldBeUsedForDecoding;supportsXmlCharsetDeclaration;supportsUTF8BOM;supportsBOMinFiles;secondMetaElementWithContentTypeContainsCharsetParameter;discardsSpuriousByteOrderMark;wrongMetaCharsetFallback;discardsSpuriousByteOrderMarkWhenNoCharsetSet
org.jsoup.integration.ConnectTest;doesGet;doesPost;sendsRequestBody;doesPostFor307;postFiles;multiCookieSet;doesPut;sendsRequestBodyJsonWithData;sendsRequestBodyWithUrlParams;canConnectToLocalServer;handlesRedirect;multipleParsesOkAfterBufferUp;sendsRequestBodyJsonWithoutData;parseParseThrowsValidates;fetchURl;supportsDeflate;doesNotPostFor302;fetchURIWithWihtespace;bodyAndBytesAvailableBeforeParse;bodyAfterParseThrowsValidationError
org.jsoup.select.ElementsTest;val;siblings;unwrapKeepsSpace;before;setHtml;classes;eachText;outerHtml;eq;hasText;remove;unwrap;empty;filter;not;tagNameSet;html;after;text;classWithHyphen;unwrapP;wrap;wrapDiv
org.jsoup.parser.HtmlParserTest;testNormalisesIsIndex;handlesInvalidDoctypes;normalizesDiscordantTags;handlesCdata;fallbackToUtfIfCantEncode;preSkipsFirstNewline;handlesQuotesInCommentsInScripts;associatedFormControlsWithDisjointForms;handlesKnownEmptyTitle;parsesUnterminatedTextarea;selfClosingOnNonvoidIsError;handlesEscapedData;testFragment;handlesJavadocFont;testHgroup;dropsUnterminatedAttribute;handlesXmlDeclAndCommentsBeforeDoctype;handlesKnownEmptyBlocks;cdataNodesAreTextNodes;handlesUnknownTags;reconstructFormattingElements;noTableDirectInTable;normalisesHeadlessBody;preservesSpaceInTextArea;handleCDataInText;handlesNullInData;testRelaxedTags;handlesFrames;handlesBlocksInDefinitions;preservesSpaceInScript;handlesEscapedScript;roundTripsCdata;createsStructureFromBodySnippet;canPreserveAttributeCase;handlesWhitespaceInoDocType;handlesSolidusInA;handlesWhatWgExpensesTableExample;handlesTbodyTable;handlesDataOnlyTags;testAFlowContents;handlesNestedImplicitTable;handlesUnexpectedMarkupInTables;handlesImplicitCaptionClose;handlesMisnestedTagsBP;normalisesDocument;doesNotFindShortestMatchingEntity;testSupportsPartiallyNonAsciiTags;handlesControlCodeInAttributeName;canPreserveTagCase;testNoImagesInNoScriptInHead;handlesKnownEmptyIframe;handlesCdataInScript;handlesMisnestedTagsBI;handlesKnownEmptyStyle;handlesInputInTable;emptyTdTag;testUsingSingleQuotesInQueries;selfClosingVoidIsNotAnError;handlesUnclosedRawtextAtEof;discardsNakedTds;testFontFlowContents;ignoresContentAfterFrameset;caseInsensitiveParseTree;handlesUnclosedDefinitionLists;handlesNewlinesAndWhitespaceInTag;handlesTextAfterData;testSpanContents;parsesQuiteRoughAttributes;normalisesEmptyDocument;caseSensitiveParseTree;testSpaceAfterTag;handlesUnclosedAnchors;testInvalidTableContents;handlesUnclosedScriptAtEof;handlesUnknownInlineTags;noImplicitFormForTextAreas;commentBeforeHtml;relaxedBaseEntityMatchAndStrictExtendedMatch;handlesXmlDeclarationAsBogusComment;handlesKnownEmptyNoFrames;normalisedBodyAfterContent;testHeaderContents;convertsImageToImg;doesNotCreateImplicitLists;handlesCommentsInTable;dropsUnterminatedTag;handlesTagsInTextarea;handlesTextArea;handlesUnclosedFormattingElements;handlesNullInComments;ignoresDupeEndTrTag;parsesBodyFragment;handlesUnclosedTitleAtEof;reconstructFormattingElementsInTable;handlesUnknownNamespaceTags;parsesUnterminatedOption;testSupportsNonAsciiTags;canPreserveBothCase;createsDocumentStructure;handlesSolidusAtAttributeEnd;parsesUnterminatedComments;handles0CharacterAsText;testHtmlLowerCase;handleNullContextInParseFragment;handlesInvalidStartTags;handlesUnclosedTitle
org.jsoup.safety.CleanerTest;basicWithImagesTest;addsTagOnAttributesIfNotSet;preservesRelativeLinksIfConfigured;testDropImageScript;testRemoveTags;testRemoveEnforcedAttributes;basicBehaviourTest;testDropXmlProc;testDropScript;testCleanAnchorProtocol;supplyOutputSettings;testDropComments;testHandlesEmptyAttributes;simpleBehaviourTest2;cleansInternationalText;handlesCustomProtocols;testRemoveAttributes;simpleBehaviourTest;testRelaxed;testRemoveProtocols;resolvesRelativeLinks;testDropsUnknownTags;handlesAttributesWithNoValue;whitelistedProtocolShouldBeRetained;handlesControlCharactersAfterTagName;handlesAllPseudoTag;dropsUnresolvableRelativeLinks;testCleanJavascriptHref;handlesFramesets
org.jsoup.parser.AttributeParseTest;dropsSlashFromAttributeName;parsesBooleanAttributes
org.jsoup.nodes.ElementTest;testChainedRemoveAttributes;before;testKeepsPreText;testGetSiblings;appendMustCorrectlyMoveChildrenInsideOneParentElement;testCssPath;testRemoveAfterIndex;testPrependElement;moveByAppend;testFormatOutline;testChildThrowsIndexOutOfBoundsOnMissing;testTagNameSet;testAddNewText;testAddNewHtml;testGetTextNodes;testWholeText;testSetIndent;testKeepsPreTextAtDepth;testNamespacedElements;testEmptyElementFormatHtml;booleanAttributeOutput;testNormalizesInvisiblesInText;testManipulateTextNodes;testWrapWithRemainder;testGetText;testBrHasSpace;testAddBooleanAttribute;testHtmlContainsOuter;testClonesClassnames;testRemoveBeforeIndex;testOuterHtml;testInnerHtml;testPrependText;elementIsNotASiblingOfItself;classNamesAndAttributeNameIsCaseInsensitive;testClassNames;testShadowElementsAreUpdated;testFormatHtml;testPrependNewHtml;insertChildrenAsCopy;testKeepsPreTextInCode;textHasSpaceAfterBlockTags;testGetChildText;testNormalizesNbspInText;testSetText;testAppendRowToTable;testWrap;after;testChildrenElements;testSetHtml;testGetSiblingsWithDuplicateContent;testNextElementSiblingAfterClone;testRemovingEmptyClassAttributeWhenLastClassRemoved;testAppendTo;testIs;testLoopedRemoveAttributes;testGetElementsWithAttributeDash;testHashAndEqualsAndValue;testClone;testSetHtmlTitle;testNoIndentOnScriptAndStyle;parentlessToString;testNotPretty;testAddNewElement;testClassUpdates;testPrependRowToTable;testContainerOutput;testShallowClone;testNormalisesText
org.jsoup.nodes.DocumentTest;testMetaCharsetUpdateDisabled;testMetaCharsetUpdateNoCharset;testLocation;parseAndHtmlOnDifferentThreads;testHtmlAndXmlSyntax;testMetaCharsetUpdateCleanup;setTextPreservesDocumentStructure;testMetaCharsetUpdateXmlIso8859;testClone;testMetaCharsetUpdateIso8859;testMetaCharsetUpdateXmlDisabled;testXhtmlReferences;testMetaCharsetUpdateXmlUtf8;testMetaCharsetUpdateXmlDisabledNoChanges;testClonesDeclarations;testMetaCharsetUpdateUtf8;testOutputEncoding;testShiftJisRoundtrip;testTitles;testNormalisesStructure;DocumentsWithSameContentAreVerifialbe;testMetaCharsetUpdateXmlNoCharset;testMetaCharsetUpdateDisabledNoChanges
org.jsoup.parser.XmlTreeBuilderTest;preservesCaseByDefault;caseSensitiveDeclaration;testPopToClose;handlesXmlDeclarationAsDeclaration;testDoesNotForceSelfClosingKnownTags;testCreatesValidProlog;normalizesDiscordantTags;testSupplyParserToJsoupClass;testDetectCharsetEncodingDeclaration;canNormalizeCase;testParseDeclarationAttributes;xmlFragment;cdataPreservesWhiteSpace;testSimpleXmlParse;testSupplyParserToDataStream;appendPreservesCaseByDefault;handlesDodgyXmlDecl;testCommentAndDocType;roundTripsCdata;testDoesHandleEOFInTag
org.jsoup.select.SelectorTest;containsOwn;matchText;descendant;adjacentSiblings;mixCombinator;testPseudoContains;notAdjacent;testPsuedoContainsWithParentheses;testById;testPseudoCombined;adjacentSiblingsWithId;notParas;attributeWithBrackets;handlesCommasInSelector;testSupportsLeadingCombinator;testNamespacedTag;testPseudoGreaterThan;selectSupplementaryCharacter;testPseudoBetween;selectSameElements;testPseudoHas;matchTextAttributes;containsData;selectClassWithSpace;testGroupOr;testCombinedWithContains;testAllElements;parentChildStar;matchesOwn;testGroupOrAttribute;and;testCharactersInIdAndClass;selectFirstWithAnd;selectFirstWithOr;parentChildElement;splitOnBr;parentWithClassChild;deeperDescendant;selectFirst;containsWithQuote;testByAttributeRegexCombined;testWildcardNamespacedTag;testByClassCaseInsensitive;findBetweenSpan;testPseudoEquals;testNestedHas;testMatches;testPseudoLessThan;generalSiblings;multiChildDescent;mixCombinatorGroup
org.jsoup.nodes.EntitiesTest;notMissingMultis;escapedSupplemtary;quoteReplacements;strictUnescape;caseSensitive;noSpuriousDecodes;unescape;escapesGtInXmlAttributesButNotInHtml;escapeSupplementaryCharacter;notMissingSupplementals;letterDigitEntities;escape;unescapeMultiChars
org.jsoup.parser.TokeniserTest;cp1252EntitiesProduceError;handleSuperLargeAttributeName;handleLargeCdata;handleLargeText;cp1252Entities;handleSuperLargeTagNames;handleLargeTitle
org.jsoup.parser.TokeniserStateTest;testPublicIdentifiersWithWhitespace;testEndTagOpen;testRcdataLessthanSign;testSystemIdentifiersWithWhitespace;handlesLessInTagThanAsNewTag;testPublicAndSystemIdentifiersWithWhitespace;testBeforeTagName;testCharacterReferenceInRcdata;testRCDATAEndTagName
org.jsoup.nodes.NodeTest;unwrapNoChildren;testReplace;before;testRemove;supportsClone;childNodesCopy;after;nodeIsNotASiblingOfItself;unwrap
org.jsoup.helper.StringUtilTest;normaliseWhiteSpaceHandlesHighSurrogates;normaliseWhiteSpace;join
org.jsoup.nodes.TextNodeTest;testSplitText;testSplitAnEmbolden;testTextBean;testWithSupplementaryCharacter
org.jsoup.select.TraversorTest;filterRemove
org.jsoup.integration.ParseTest;testNewsHomepage;testYahooArticle;testSmhBizArticle;testBaiduVariant;testGoogleSearchIpod;testLowercaseUtf8Charset;testYahooJp;testBrokenHtml5CharsetWithASingleDoubleQuote;testHtml5Charset;testBaidu;testNytArticle;testBinary
org.jsoup.nodes.DocumentTypeTest;outerHtmlGeneration;testRoundTrip
org.jsoup.parser.TokenQueueTest;chompEscapedBalanced;unescape
org.jsoup.helper.HttpConnectionTest;sameHeadersCombineWithComma;multipleHeaders
org.jsoup.select.QueryParserTest;exceptionOnUncloseAttribute;testOrGetsCorrectPrecedence;testParsesMultiCorrectly
org.jsoup.nodes.AttributeTest;testWithSupplementaryCharacterInAttributeKeyAndValue;html
org.jsoup.nodes.AttributesTest;html
org.jsoup.nodes.FormElementTest;createsFormData
org.jsoup.select.CssTest;nthLastOfType_simple;nthOfType_simple;firstOfType;nthOfType_unknownTag;nthOfType_advanced;nthLastChild_simple;nthChild_simple;nthChild_advanced;lastChild;firstChild;onlyChild;nthLastChild_advanced;nthLastOfType_advanced;lastOfType
[INFO] Writing Coverage in /tmp/icst-2019/september-2018/result/jsoup/commit_4_c8c0569/parent_coverage_testsThatExecuteTheChanges_coverage.csv
[INFO] org.jsoup.helper.DataUtil;2;2

[INFO] org.jsoup.helper.HttpConnection;4;4

[INFO] org.jsoup.helper.StringUtil;9;20

[INFO] org.jsoup.nodes.Attribute;2;3

[INFO] org.jsoup.nodes.Attributes;3;3

[INFO] org.jsoup.nodes.Element;12;13

[INFO] org.jsoup.nodes.Entities;2;2

[INFO] org.jsoup.nodes.Node;2;2

[INFO] org.jsoup.nodes.XmlDeclaration;3;3

[INFO] org.jsoup.parser.TokenQueue;2;2

[INFO] org.jsoup.parser.Tokeniser;2;2

[INFO] org.jsoup.select.Elements;9;9

[INFO] org.jsoup.select.QueryParser;2;2

[INFO] total;54;67

[INFO] ------------------------------------------------------------------------
[INFO] BUILD SUCCESS
[INFO] ------------------------------------------------------------------------
[INFO] Total time: 01:22 min
[INFO] Finished at: 2018-09-28T13:55:44+02:00
[INFO] ------------------------------------------------------------------------
