[[1;34mINFO[m] Scanning for projects...
[[1;33mWARNING[m] 
[[1;33mWARNING[m] Some problems were encountered while building the effective model for com.google.code.gson:gson-extras:jar:1.0-SNAPSHOT
[[1;33mWARNING[m] 'parent.relativePath' of POM com.google.code.gson:gson-extras:1.0-SNAPSHOT (/home/bdanglot/workspace/icst-2019/september-2018/dataset/gson/extras/pom.xml) points at com.google.code.gson:gson-parent instead of org.sonatype.oss:oss-parent, please verify your project structure @ line 9, column 11
[[1;33mWARNING[m] 
[[1;33mWARNING[m] It is highly recommended to fix these problems because they threaten the stability of your build.
[[1;33mWARNING[m] 
[[1;33mWARNING[m] For this reason, future Maven versions might no longer support building such malformed projects.
[[1;33mWARNING[m] 
[[1;34mINFO[m] 
[[1;34mINFO[m] [1m------------------< [0;36mcom.google.code.gson:gson-extras[0;1m >------------------[m
[[1;34mINFO[m] [1mBuilding Gson Extras 1.0-SNAPSHOT[m
[[1;34mINFO[m] [1m--------------------------------[ jar ]---------------------------------[m
[[1;34mINFO[m] 
[[1;34mINFO[m] [1m--- [0;32mmaven-clean-plugin:2.5:clean[m [1m(default-clean)[m @ [36mgson-extras[0;1m ---[m
[[1;34mINFO[m] Deleting /home/bdanglot/workspace/icst-2019/september-2018/dataset/gson/extras/target
[[1;34mINFO[m] 
[[1;34mINFO[m] [1m--- [0;32mdiff-test-selection:0.5-SNAPSHOT:list[m [1m(default-cli)[m @ [36mgson-extras[0;1m ---[m
[[1;34mINFO[m] Computing coverage for /home/bdanglot/workspace/icst-2019/september-2018/dataset/gson/extras
[WARN] Maven will be executed in interactive mode, but no input stream has been configured for this MavenInvoker instance.
[[1;34mINFO[m] Scanning for projects...
[[1;33mWARNING[m] 
[[1;33mWARNING[m] Some problems were encountered while building the effective model for com.google.code.gson:gson-extras:jar:1.0-SNAPSHOT
[[1;33mWARNING[m] 'parent.relativePath' of POM com.google.code.gson:gson-extras:1.0-SNAPSHOT (/home/bdanglot/workspace/icst-2019/september-2018/dataset/gson/extras/pom.xml) points at com.google.code.gson:gson-parent instead of org.sonatype.oss:oss-parent, please verify your project structure @ line 9, column 11
[[1;33mWARNING[m] 
[[1;33mWARNING[m] It is highly recommended to fix these problems because they threaten the stability of your build.
[[1;33mWARNING[m] 
[[1;33mWARNING[m] For this reason, future Maven versions might no longer support building such malformed projects.
[[1;33mWARNING[m] 
[[1;34mINFO[m] 
[[1;34mINFO[m] [1m------------------< [0;36mcom.google.code.gson:gson-extras[0;1m >------------------[m
[[1;34mINFO[m] [1mBuilding Gson Extras 1.0-SNAPSHOT[m
[[1;34mINFO[m] [1m--------------------------------[ jar ]---------------------------------[m
[[1;34mINFO[m] 
[[1;34mINFO[m] [1m--- [0;32mmaven-clean-plugin:2.5:clean[m [1m(default-clean)[m @ [36mgson-extras[0;1m ---[m
[[1;34mINFO[m] 
[[1;34mINFO[m] [1m--- [0;32mclover-maven-plugin:4.2.0:setup[m [1m(default-cli)[m @ [36mgson-extras[0;1m ---[m
[[1;34mINFO[m] No 'maven.clover.licenseLocation' configured. Using default license.
[[1;34mINFO[m] OpenClover Version 4.2.0, built on April 30 2017 (build-1000)
[[1;34mINFO[m] Loaded from: /home/bdanglot/.m2/repository/org/openclover/clover/4.2.0/clover-4.2.0.jar
[[1;34mINFO[m] Clover free edition.
[[1;34mINFO[m] Creating new database at '/home/bdanglot/workspace/icst-2019/september-2018/dataset/gson/extras/target/clover/clover.db'.
[[1;34mINFO[m] Processing files at 1.8 source level.
[[1;34mINFO[m] Clover all over. Instrumented 8 files (4 packages).
[[1;34mINFO[m] Elapsed time = 0.356 secs. (22.472 files/sec, 3,179.775 srclines/sec)
[[1;34mINFO[m] OpenClover Version 4.2.0, built on April 30 2017 (build-1000)
[[1;34mINFO[m] Loaded from: /home/bdanglot/.m2/repository/org/openclover/clover/4.2.0/clover-4.2.0.jar
[[1;34mINFO[m] Clover free edition.
[[1;34mINFO[m] Updating existing database at '/home/bdanglot/workspace/icst-2019/september-2018/dataset/gson/extras/target/clover/clover.db'.
[[1;34mINFO[m] Processing files at 1.8 source level.
[[1;34mINFO[m] Clover all over. Instrumented 5 files (3 packages).
[[1;34mINFO[m] 37 test methods detected.
[[1;34mINFO[m] Elapsed time = 0.114 secs. (43.86 files/sec, 6,842.105 srclines/sec)
[[1;34mINFO[m] 
[[1;34mINFO[m] [1m--- [0;32mmaven-enforcer-plugin:1.2:enforce[m [1m(enforce-maven)[m @ [36mgson-extras[0;1m ---[m
[[1;34mINFO[m] Skipping Rule Enforcement.
[[1;34mINFO[m] 
[[1;34mINFO[m] [1m--- [0;32mmaven-resources-plugin:2.6:resources[m [1m(default-resources)[m @ [36mgson-extras[0;1m ---[m
[[1;34mINFO[m] Using 'UTF-8' encoding to copy filtered resources.
[[1;34mINFO[m] skip non existing resourceDirectory /home/bdanglot/workspace/icst-2019/september-2018/dataset/gson/extras/src/main/resources
[[1;34mINFO[m] Copying 1 resource
[[1;34mINFO[m] 
[[1;34mINFO[m] [1m--- [0;32mmaven-compiler-plugin:3.5.1:compile[m [1m(default-compile)[m @ [36mgson-extras[0;1m ---[m
[[1;34mINFO[m] Changes detected - recompiling the module!
[[1;34mINFO[m] Compiling 8 source files to /home/bdanglot/workspace/icst-2019/september-2018/dataset/gson/extras/target/classes
[[1;34mINFO[m] 
[[1;34mINFO[m] [1m--- [0;32mmaven-resources-plugin:2.6:testResources[m [1m(default-testResources)[m @ [36mgson-extras[0;1m ---[m
[[1;34mINFO[m] Using 'UTF-8' encoding to copy filtered resources.
[[1;34mINFO[m] skip non existing resourceDirectory /home/bdanglot/workspace/icst-2019/september-2018/dataset/gson/extras/src/test/resources
[[1;34mINFO[m] 
[[1;34mINFO[m] [1m--- [0;32mmaven-compiler-plugin:3.5.1:testCompile[m [1m(default-testCompile)[m @ [36mgson-extras[0;1m ---[m
[[1;34mINFO[m] Changes detected - recompiling the module!
[[1;34mINFO[m] Compiling 5 source files to /home/bdanglot/workspace/icst-2019/september-2018/dataset/gson/extras/target/test-classes
[[1;34mINFO[m] 
[[1;34mINFO[m] [1m--- [0;32mmaven-surefire-plugin:2.12.4:test[m [1m(default-test)[m @ [36mgson-extras[0;1m ---[m
[[1;34mINFO[m] Surefire report directory: /home/bdanglot/workspace/icst-2019/september-2018/dataset/gson/extras/target/surefire-reports

-------------------------------------------------------
 T E S T S
-------------------------------------------------------
Running com.google.gson.interceptors.InterceptorTest
Tests run: 8, Failures: 0, Errors: 0, Skipped: 0, Time elapsed: 0.152 sec
Running com.google.gson.graph.GraphAdapterBuilderTest
Tests run: 8, Failures: 1, Errors: 0, Skipped: 0, Time elapsed: 0.07 sec <<< FAILURE!
testSerializationDirectSelfReference(com.google.gson.graph.GraphAdapterBuilderTest)  Time elapsed: 0.013 sec  <<< FAILURE!
junit.framework.ComparisonFailure: expected:<...1':{'name':'SUICIDE'[,'beats':'0x1']}}> but was:<...1':{'name':'SUICIDE'[]}}>
	at junit.framework.Assert.assertEquals(Assert.java:81)
	at junit.framework.Assert.assertEquals(Assert.java:87)
	at com.google.gson.graph.GraphAdapterBuilderTest.__CLR4_2_0bacie9ds(GraphAdapterBuilderTest.java:79)
	at com.google.gson.graph.GraphAdapterBuilderTest.testSerializationDirectSelfReference(GraphAdapterBuilderTest.java:69)

Running com.google.gson.typeadapters.RuntimeTypeAdapterFactoryTest
Tests run: 13, Failures: 0, Errors: 0, Skipped: 0, Time elapsed: 0.031 sec
Running com.google.gson.typeadapters.PostConstructAdapterFactoryTest
Tests run: 2, Failures: 0, Errors: 0, Skipped: 0, Time elapsed: 0.014 sec
Running com.google.gson.typeadapters.UtcDateTypeAdapterTest
Tests run: 6, Failures: 0, Errors: 0, Skipped: 0, Time elapsed: 0.127 sec

Results :

Failed tests:   testSerializationDirectSelfReference(com.google.gson.graph.GraphAdapterBuilderTest): expected:<...1':{'name':'SUICIDE'[,'beats':'0x1']}}> but was:<...1':{'name':'SUICIDE'[]}}>

Tests run: 37, Failures: 1, Errors: 0, Skipped: 0

[[1;34mINFO[m] [1m------------------------------------------------------------------------[m
[[1;34mINFO[m] [1;31mBUILD FAILURE[m
[[1;34mINFO[m] [1m------------------------------------------------------------------------[m
[[1;34mINFO[m] Total time: 4.205 s
[[1;34mINFO[m] Finished at: 2018-09-27T14:55:33+02:00
[[1;34mINFO[m] [1m------------------------------------------------------------------------[m
[[1;31mERROR[m] Failed to execute goal [32morg.apache.maven.plugins:maven-surefire-plugin:2.12.4:test[m [1m(default-test)[m on project [36mgson-extras[m: [1;31mThere are test failures.[m
[[1;31mERROR[m] [1;31m[m
[[1;31mERROR[m] [1;31mPlease refer to /home/bdanglot/workspace/icst-2019/september-2018/dataset/gson/extras/target/surefire-reports for the individual test results.[m
[[1;31mERROR[m] -> [1m[Help 1][m
[[1;31mERROR[m] 
[[1;31mERROR[m] To see the full stack trace of the errors, re-run Maven with the [1m-e[m switch.
[[1;31mERROR[m] Re-run Maven using the [1m-X[m switch to enable full debug logging.
[[1;31mERROR[m] 
[[1;31mERROR[m] For more information about the errors and possible solutions, please read the following articles:
[[1;31mERROR[m] [1m[Help 1][m http://cwiki.apache.org/confluence/display/MAVEN/MojoFailureException
Writing HTML report to '/home/bdanglot/workspace/icst-2019/september-2018/dataset/gson/extras/target/clover/report'
Done. Processed 4 packages in 1445ms (361ms per package).
[[1;34mINFO[m] /home/bdanglot/workspace/icst-2019/september-2018/dataset/gson/extras/src/main/java/com/google/gson/typeadapters/RuntimeTypeAdapterFactory.java
[[1;34mINFO[m] /home/bdanglot/workspace/icst-2019/september-2018/dataset/gson_parent/extras/src/main/java/com/google/gson/typeadapters/RuntimeTypeAdapterFactory.java
[info] com.google.gson.typeadapters.RuntimeTypeAdapterFactory:245 is modified.
[info] com.google.gson.typeadapters.RuntimeTypeAdapterFactory:246 is modified.
[info] com.google.gson.typeadapters.RuntimeTypeAdapterFactory:252 is modified.
[info] com.google.gson.typeadapters.RuntimeTypeAdapterFactory:256 is modified.
[info] com.google.gson.typeadapters.RuntimeTypeAdapterFactory:247 is modified.
[info] com.google.gson.typeadapters.RuntimeTypeAdapterFactory:245 covered.
[info] com.google.gson.typeadapters.RuntimeTypeAdapterFactory:252 covered.
[info] com.google.gson.typeadapters.RuntimeTypeAdapterFactory:256 covered.
[[1;34mINFO[m] Saving result in /home/bdanglot/workspace/icst-2019/september-2018/result/gson/commit_0_d8d8ccb/commit_coverage_testsThatExecuteTheChanges.csv ...
[[1;34mINFO[m] com.google.gson.typeadapters.RuntimeTypeAdapterFactoryTest;testRuntimeTypeIsBaseType;testSerializeCollidingTypeFieldName;testRuntimeTypeAdapter
[[1;34mINFO[m] Writing Coverage in /home/bdanglot/workspace/icst-2019/september-2018/result/gson/commit_0_d8d8ccb/commit_coverage_testsThatExecuteTheChanges_coverage.csv
[[1;34mINFO[m] com.google.gson.typeadapters.RuntimeTypeAdapterFactory;3;5

[[1;34mINFO[m] total;3;5

[[1;34mINFO[m] [1m------------------------------------------------------------------------[m
[[1;34mINFO[m] [1;32mBUILD SUCCESS[m
[[1;34mINFO[m] [1m------------------------------------------------------------------------[m
[[1;34mINFO[m] Total time: 9.972 s
[[1;34mINFO[m] Finished at: 2018-09-27T14:55:36+02:00
[[1;34mINFO[m] [1m------------------------------------------------------------------------[m
[INFO] 2018-09-27 14:55:36 RepositoriesSetter - {/home/bdanglot/workspace/icst-2019/september-2018/dataset/gson} Cleaning local repository...
[INFO] 2018-09-27 14:55:37 RepositoriesSetter - Checkout c1e7e2d2808b042cbe47ca31869ee6ccc62c5417 revision...
[INFO] 2018-09-27 14:55:37 RepositoriesSetter - {/home/bdanglot/workspace/icst-2019/september-2018/dataset/gson_parent} Cleaning local repository...
[INFO] 2018-09-27 14:55:37 RepositoriesSetter - Checkout 67ff7d519826279d2e1f24ae6bf98c0a5b394f2d revision...
