[INFO] Scanning for projects...
[INFO] 
[INFO] --------------------------< org.jsoup:jsoup >---------------------------
[INFO] Building jsoup Java HTML Parser 1.12.1-SNAPSHOT
[INFO] --------------------------------[ jar ]---------------------------------
[INFO] 
[INFO] --- maven-clean-plugin:2.5:clean (default-clean) @ jsoup ---
[INFO] Deleting /tmp/icst-2019/september-2018/dataset/jsoup/target
[INFO] 
[INFO] --- diff-test-selection:0.5-SNAPSHOT:list (default-cli) @ jsoup ---
[INFO] Computing coverage for /tmp/icst-2019/september-2018/dataset/jsoup
[WARN] Maven will be executed in interactive mode, but no input stream has been configured for this MavenInvoker instance.
[INFO] Scanning for projects...
[INFO] 
[INFO] --------------------------< org.jsoup:jsoup >---------------------------
[INFO] Building jsoup Java HTML Parser 1.12.1-SNAPSHOT
[INFO] --------------------------------[ jar ]---------------------------------
[INFO] 
[INFO] --- maven-clean-plugin:2.5:clean (default-clean) @ jsoup ---
[INFO] 
[INFO] --- clover-maven-plugin:4.2.0:setup (default-cli) @ jsoup ---
[INFO] No 'maven.clover.licenseLocation' configured. Using default license.
[INFO] OpenClover Version 4.2.0, built on April 30 2017 (build-1000)
[INFO] Loaded from: /home/spirals/danglot/.m2/repository/org/openclover/clover/4.2.0/clover-4.2.0.jar
[INFO] Clover free edition.
[INFO] Creating new database at '/tmp/icst-2019/september-2018/dataset/jsoup/target/clover/clover.db'.
[INFO] Processing files at 1.8 source level.
[INFO] Clover all over. Instrumented 68 files (8 packages).
[INFO] Elapsed time = 7.017 secs. (9.691 files/sec, 2,587.573 srclines/sec)
[INFO] OpenClover Version 4.2.0, built on April 30 2017 (build-1000)
[INFO] Loaded from: /home/spirals/danglot/.m2/repository/org/openclover/clover/4.2.0/clover-4.2.0.jar
[INFO] Clover free edition.
[INFO] Updating existing database at '/tmp/icst-2019/september-2018/dataset/jsoup/target/clover/clover.db'.
[INFO] Processing files at 1.8 source level.
[INFO] Clover all over. Instrumented 46 files (9 packages).
[INFO] 713 test methods detected.
[INFO] Elapsed time = 2.992 secs. (15.374 files/sec, 3,297.794 srclines/sec)
[INFO] 
[INFO] --- maven-resources-plugin:3.0.1:resources (default-resources) @ jsoup ---
[INFO] Using 'UTF-8' encoding to copy filtered resources.
[INFO] Copying 0 resource
[INFO] Copying 3 resources to META-INF/
[INFO] Copying 1 resource
[INFO] 
[INFO] --- maven-compiler-plugin:3.5.1:compile (default-compile) @ jsoup ---
[INFO] Changes detected - recompiling the module!
[INFO] Compiling 68 source files to /tmp/icst-2019/september-2018/dataset/jsoup/target/classes
[INFO] /tmp/icst-2019/september-2018/dataset/jsoup/target/clover/src-instrumented/org/jsoup/nodes/Attributes.java: /tmp/icst-2019/september-2018/dataset/jsoup/target/clover/src-instrumented/org/jsoup/nodes/Attributes.java uses or overrides a deprecated API.
[INFO] /tmp/icst-2019/september-2018/dataset/jsoup/target/clover/src-instrumented/org/jsoup/nodes/Attributes.java: Recompile with -Xlint:deprecation for details.
[INFO] 
[INFO] --- animal-sniffer-maven-plugin:1.16:check (animal-sniffer) @ jsoup ---
[INFO] Checking unresolved references to net.sf.androidscents.signature:android-api-level-8:2.2_r3
[INFO] 
[INFO] >>> maven-bundle-plugin:2.5.4:manifest (bundle-manifest) > process-classes @ jsoup >>>
[INFO] 
[INFO] --- maven-resources-plugin:3.0.1:resources (default-resources) @ jsoup ---
[INFO] Using 'UTF-8' encoding to copy filtered resources.
[INFO] Copying 0 resource
[INFO] Copying 3 resources to META-INF/
[INFO] Copying 1 resource
[INFO] 
[INFO] --- maven-compiler-plugin:3.5.1:compile (default-compile) @ jsoup ---
[INFO] Changes detected - recompiling the module!
[INFO] Compiling 68 source files to /tmp/icst-2019/september-2018/dataset/jsoup/target/classes
[INFO] /tmp/icst-2019/september-2018/dataset/jsoup/target/clover/src-instrumented/org/jsoup/nodes/Attributes.java: /tmp/icst-2019/september-2018/dataset/jsoup/target/clover/src-instrumented/org/jsoup/nodes/Attributes.java uses or overrides a deprecated API.
[INFO] /tmp/icst-2019/september-2018/dataset/jsoup/target/clover/src-instrumented/org/jsoup/nodes/Attributes.java: Recompile with -Xlint:deprecation for details.
[INFO] 
[INFO] --- animal-sniffer-maven-plugin:1.16:check (animal-sniffer) @ jsoup ---
[INFO] Checking unresolved references to net.sf.androidscents.signature:android-api-level-8:2.2_r3
[INFO] 
[INFO] <<< maven-bundle-plugin:2.5.4:manifest (bundle-manifest) < process-classes @ jsoup <<<
[INFO] 
[INFO] 
[INFO] --- maven-bundle-plugin:2.5.4:manifest (bundle-manifest) @ jsoup ---
[INFO] 
[INFO] --- maven-resources-plugin:3.0.1:testResources (default-testResources) @ jsoup ---
[INFO] Using 'UTF-8' encoding to copy filtered resources.
[INFO] Copying 25 resources
[INFO] 
[INFO] --- maven-compiler-plugin:3.5.1:testCompile (default-testCompile) @ jsoup ---
[INFO] Changes detected - recompiling the module!
[INFO] Compiling 46 source files to /tmp/icst-2019/september-2018/dataset/jsoup/target/test-classes
[INFO] /tmp/icst-2019/september-2018/dataset/jsoup/target/clover/src-test-instrumented/org/jsoup/parser/AttributeParseTest.java: Some input files use or override a deprecated API.
[INFO] /tmp/icst-2019/september-2018/dataset/jsoup/target/clover/src-test-instrumented/org/jsoup/parser/AttributeParseTest.java: Recompile with -Xlint:deprecation for details.
[INFO] 
[INFO] --- maven-surefire-plugin:2.12.4:test (default-test) @ jsoup ---
[INFO] Surefire report directory: /tmp/icst-2019/september-2018/dataset/jsoup/target/surefire-reports

-------------------------------------------------------
 T E S T S
-------------------------------------------------------
Running org.jsoup.select.SelectorTest
Tests run: 62, Failures: 0, Errors: 0, Skipped: 0, Time elapsed: 1.456 sec
Running org.jsoup.select.QueryParserTest
Tests run: 4, Failures: 0, Errors: 0, Skipped: 0, Time elapsed: 0.041 sec
Running org.jsoup.select.ElementsTest
Tests run: 34, Failures: 0, Errors: 0, Skipped: 0, Time elapsed: 0.517 sec
Running org.jsoup.select.CssTest
Tests run: 17, Failures: 0, Errors: 0, Skipped: 0, Time elapsed: 0.51 sec
Running org.jsoup.select.TraversorTest
Tests run: 5, Failures: 0, Errors: 0, Skipped: 0, Time elapsed: 0.056 sec
Running org.jsoup.integration.ParseTest
Tests run: 12, Failures: 0, Errors: 0, Skipped: 0, Time elapsed: 1.801 sec
Running org.jsoup.integration.ConnectTest
2018-10-02 02:35:33.711:INFO::main: Logging initialized @5245ms
2018-10-02 02:35:33.888:INFO:oejs.Server:main: jetty-9.2.22.v20170606
2018-10-02 02:35:34.037:INFO:oejs.ServerConnector:main: Started ServerConnector@a947c2f{HTTP/1.1}{0.0.0.0:49667}
2018-10-02 02:35:34.038:INFO:oejs.Server:main: Started @5571ms
2018-10-02 02:35:36.054:INFO:oejs.ServerConnector:main: Stopped ServerConnector@a947c2f{HTTP/1.1}{0.0.0.0:0}
Tests run: 29, Failures: 0, Errors: 0, Skipped: 5, Time elapsed: 2.544 sec
Running org.jsoup.integration.UrlConnectTest
Tests run: 1, Failures: 0, Errors: 0, Skipped: 1, Time elapsed: 0.001 sec
Running org.jsoup.parser.ParserSettingsTest
Tests run: 3, Failures: 0, Errors: 0, Skipped: 0, Time elapsed: 0.016 sec
Running org.jsoup.parser.HtmlTreeBuilderStateTest
Tests run: 1, Failures: 0, Errors: 0, Skipped: 0, Time elapsed: 0.018 sec
Running org.jsoup.parser.TokeniserStateTest
Tests run: 12, Failures: 0, Errors: 0, Skipped: 0, Time elapsed: 0.219 sec
Running org.jsoup.parser.TagTest
Tests run: 10, Failures: 0, Errors: 0, Skipped: 0, Time elapsed: 0.047 sec
Running org.jsoup.parser.CharacterReaderTest
Tests run: 22, Failures: 0, Errors: 0, Skipped: 1, Time elapsed: 0.065 sec
Running org.jsoup.parser.XmlTreeBuilderTest
Tests run: 22, Failures: 0, Errors: 0, Skipped: 1, Time elapsed: 0.126 sec
Running org.jsoup.parser.HtmlParserTest
Tests run: 129, Failures: 2, Errors: 0, Skipped: 1, Time elapsed: 6.708 sec <<< FAILURE!
handlesDeepStack(org.jsoup.parser.HtmlParserTest)  Time elapsed: 4.806 sec  <<< FAILURE!
java.lang.AssertionError
	at org.junit.Assert.fail(Assert.java:86)
	at org.junit.Assert.assertTrue(Assert.java:41)
	at org.junit.Assert.assertTrue(Assert.java:52)
	at org.jsoup.parser.HtmlParserTest.__CLR4_2_0gl9t7cb3q(HtmlParserTest.java:998)
	at org.jsoup.parser.HtmlParserTest.handlesDeepStack(HtmlParserTest.java:978)
	at sun.reflect.NativeMethodAccessorImpl.invoke0(Native Method)
	at sun.reflect.NativeMethodAccessorImpl.invoke(NativeMethodAccessorImpl.java:62)
	at sun.reflect.DelegatingMethodAccessorImpl.invoke(DelegatingMethodAccessorImpl.java:43)
	at java.lang.reflect.Method.invoke(Method.java:498)
	at org.junit.runners.model.FrameworkMethod$1.runReflectiveCall(FrameworkMethod.java:50)
	at org.junit.internal.runners.model.ReflectiveCallable.run(ReflectiveCallable.java:12)
	at org.junit.runners.model.FrameworkMethod.invokeExplosively(FrameworkMethod.java:47)
	at org.junit.internal.runners.statements.InvokeMethod.evaluate(InvokeMethod.java:17)
	at org.junit.runners.ParentRunner.runLeaf(ParentRunner.java:325)
	at org.junit.runners.BlockJUnit4ClassRunner.runChild(BlockJUnit4ClassRunner.java:78)
	at org.junit.runners.BlockJUnit4ClassRunner.runChild(BlockJUnit4ClassRunner.java:57)
	at org.junit.runners.ParentRunner$3.run(ParentRunner.java:290)
	at org.junit.runners.ParentRunner$1.schedule(ParentRunner.java:71)
	at org.junit.runners.ParentRunner.runChildren(ParentRunner.java:288)
	at org.junit.runners.ParentRunner.access$000(ParentRunner.java:58)
	at org.junit.runners.ParentRunner$2.evaluate(ParentRunner.java:268)
	at org.junit.runners.ParentRunner.run(ParentRunner.java:363)
	at org.apache.maven.surefire.junit4.JUnit4Provider.execute(JUnit4Provider.java:252)
	at org.apache.maven.surefire.junit4.JUnit4Provider.executeTestSet(JUnit4Provider.java:141)
	at org.apache.maven.surefire.junit4.JUnit4Provider.invoke(JUnit4Provider.java:112)
	at sun.reflect.NativeMethodAccessorImpl.invoke0(Native Method)
	at sun.reflect.NativeMethodAccessorImpl.invoke(NativeMethodAccessorImpl.java:62)
	at sun.reflect.DelegatingMethodAccessorImpl.invoke(DelegatingMethodAccessorImpl.java:43)
	at java.lang.reflect.Method.invoke(Method.java:498)
	at org.apache.maven.surefire.util.ReflectionUtils.invokeMethodWithArray(ReflectionUtils.java:189)
	at org.apache.maven.surefire.booter.ProviderFactory$ProviderProxy.invoke(ProviderFactory.java:165)
	at org.apache.maven.surefire.booter.ProviderFactory.invokeProvider(ProviderFactory.java:85)
	at org.apache.maven.surefire.booter.ForkedBooter.runSuitesInProcess(ForkedBooter.java:115)
	at org.apache.maven.surefire.booter.ForkedBooter.main(ForkedBooter.java:75)

handlesManyChildren(org.jsoup.parser.HtmlParserTest)  Time elapsed: 1.154 sec  <<< FAILURE!
java.lang.AssertionError
	at org.junit.Assert.fail(Assert.java:86)
	at org.junit.Assert.assertTrue(Assert.java:41)
	at org.junit.Assert.assertTrue(Assert.java:52)
	at org.jsoup.parser.HtmlParserTest.__CLR4_2_0b8f634b3g(HtmlParserTest.java:975)
	at org.jsoup.parser.HtmlParserTest.handlesManyChildren(HtmlParserTest.java:962)
	at sun.reflect.NativeMethodAccessorImpl.invoke0(Native Method)
	at sun.reflect.NativeMethodAccessorImpl.invoke(NativeMethodAccessorImpl.java:62)
	at sun.reflect.DelegatingMethodAccessorImpl.invoke(DelegatingMethodAccessorImpl.java:43)
	at java.lang.reflect.Method.invoke(Method.java:498)
	at org.junit.runners.model.FrameworkMethod$1.runReflectiveCall(FrameworkMethod.java:50)
	at org.junit.internal.runners.model.ReflectiveCallable.run(ReflectiveCallable.java:12)
	at org.junit.runners.model.FrameworkMethod.invokeExplosively(FrameworkMethod.java:47)
	at org.junit.internal.runners.statements.InvokeMethod.evaluate(InvokeMethod.java:17)
	at org.junit.runners.ParentRunner.runLeaf(ParentRunner.java:325)
	at org.junit.runners.BlockJUnit4ClassRunner.runChild(BlockJUnit4ClassRunner.java:78)
	at org.junit.runners.BlockJUnit4ClassRunner.runChild(BlockJUnit4ClassRunner.java:57)
	at org.junit.runners.ParentRunner$3.run(ParentRunner.java:290)
	at org.junit.runners.ParentRunner$1.schedule(ParentRunner.java:71)
	at org.junit.runners.ParentRunner.runChildren(ParentRunner.java:288)
	at org.junit.runners.ParentRunner.access$000(ParentRunner.java:58)
	at org.junit.runners.ParentRunner$2.evaluate(ParentRunner.java:268)
	at org.junit.runners.ParentRunner.run(ParentRunner.java:363)
	at org.apache.maven.surefire.junit4.JUnit4Provider.execute(JUnit4Provider.java:252)
	at org.apache.maven.surefire.junit4.JUnit4Provider.executeTestSet(JUnit4Provider.java:141)
	at org.apache.maven.surefire.junit4.JUnit4Provider.invoke(JUnit4Provider.java:112)
	at sun.reflect.NativeMethodAccessorImpl.invoke0(Native Method)
	at sun.reflect.NativeMethodAccessorImpl.invoke(NativeMethodAccessorImpl.java:62)
	at sun.reflect.DelegatingMethodAccessorImpl.invoke(DelegatingMethodAccessorImpl.java:43)
	at java.lang.reflect.Method.invoke(Method.java:498)
	at org.apache.maven.surefire.util.ReflectionUtils.invokeMethodWithArray(ReflectionUtils.java:189)
	at org.apache.maven.surefire.booter.ProviderFactory$ProviderProxy.invoke(ProviderFactory.java:165)
	at org.apache.maven.surefire.booter.ProviderFactory.invokeProvider(ProviderFactory.java:85)
	at org.apache.maven.surefire.booter.ForkedBooter.runSuitesInProcess(ForkedBooter.java:115)
	at org.apache.maven.surefire.booter.ForkedBooter.main(ForkedBooter.java:75)

Running org.jsoup.parser.TokeniserTest
Tests run: 10, Failures: 0, Errors: 0, Skipped: 0, Time elapsed: 0.241 sec
Running org.jsoup.parser.HtmlTreeBuilderTest
Tests run: 1, Failures: 0, Errors: 0, Skipped: 0, Time elapsed: 0.017 sec
Running org.jsoup.parser.AttributeParseTest
Tests run: 8, Failures: 0, Errors: 0, Skipped: 0, Time elapsed: 0.034 sec
Running org.jsoup.parser.TokenQueueTest
Tests run: 8, Failures: 0, Errors: 0, Skipped: 0, Time elapsed: 0.032 sec
Running org.jsoup.nodes.ElementTest
Tests run: 91, Failures: 0, Errors: 0, Skipped: 0, Time elapsed: 0.403 sec
Running org.jsoup.nodes.DocumentTypeTest
Tests run: 5, Failures: 0, Errors: 0, Skipped: 0, Time elapsed: 0.087 sec
Running org.jsoup.nodes.EntitiesTest
Tests run: 15, Failures: 0, Errors: 0, Skipped: 0, Time elapsed: 0.038 sec
Running org.jsoup.nodes.AttributesTest
Tests run: 8, Failures: 0, Errors: 0, Skipped: 0, Time elapsed: 0.029 sec
Running org.jsoup.nodes.NodeTest
Tests run: 25, Failures: 0, Errors: 0, Skipped: 0, Time elapsed: 0.101 sec
Running org.jsoup.nodes.DocumentTest
Tests run: 29, Failures: 0, Errors: 0, Skipped: 1, Time elapsed: 0.365 sec
Running org.jsoup.nodes.FormElementTest
Tests run: 10, Failures: 0, Errors: 0, Skipped: 0, Time elapsed: 0.073 sec
Running org.jsoup.nodes.AttributeTest
Tests run: 2, Failures: 0, Errors: 0, Skipped: 0, Time elapsed: 0.008 sec
Running org.jsoup.nodes.TextNodeTest
Tests run: 6, Failures: 0, Errors: 0, Skipped: 0, Time elapsed: 0.028 sec
Running org.jsoup.internal.ConstrainableInputStreamTest
Tests run: 1, Failures: 0, Errors: 0, Skipped: 1, Time elapsed: 0.007 sec
Running org.jsoup.internal.StringUtilTest
Tests run: 9, Failures: 0, Errors: 0, Skipped: 0, Time elapsed: 0.039 sec
Running org.jsoup.safety.CleanerTest
Tests run: 33, Failures: 0, Errors: 0, Skipped: 0, Time elapsed: 0.246 sec
Running org.jsoup.helper.DataUtilTest
Tests run: 15, Failures: 0, Errors: 0, Skipped: 0, Time elapsed: 0.096 sec
Running org.jsoup.helper.W3CDomTest
Tests run: 6, Failures: 0, Errors: 0, Skipped: 0, Time elapsed: 0.663 sec
Running org.jsoup.helper.HttpConnectionTest
Tests run: 22, Failures: 0, Errors: 0, Skipped: 0, Time elapsed: 0.081 sec

Results :

Failed tests:   handlesDeepStack(org.jsoup.parser.HtmlParserTest)
  handlesManyChildren(org.jsoup.parser.HtmlParserTest)

Tests run: 667, Failures: 2, Errors: 0, Skipped: 11

[INFO] ------------------------------------------------------------------------
[INFO] BUILD FAILURE
[INFO] ------------------------------------------------------------------------
[INFO] Total time: 01:05 min
[INFO] Finished at: 2018-10-02T02:35:46+02:00
[INFO] ------------------------------------------------------------------------
[ERROR] Failed to execute goal org.apache.maven.plugins:maven-surefire-plugin:2.12.4:test (default-test) on project jsoup: There are test failures.
[ERROR] 
[ERROR] Please refer to /tmp/icst-2019/september-2018/dataset/jsoup/target/surefire-reports for the individual test results.
[ERROR] -> [Help 1]
[ERROR] 
[ERROR] To see the full stack trace of the errors, re-run Maven with the -e switch.
[ERROR] Re-run Maven using the -X switch to enable full debug logging.
[ERROR] 
[ERROR] For more information about the errors and possible solutions, please read the following articles:
[ERROR] [Help 1] http://cwiki.apache.org/confluence/display/MAVEN/MojoFailureException
Writing HTML report to '/tmp/icst-2019/september-2018/dataset/jsoup/target/clover/report'
Done. Processed 10 packages in 26092ms (2609ms per package).
[INFO] /tmp/icst-2019/september-2018/dataset/jsoup/src/main/java/org/jsoup/helper/HttpConnection.java
[INFO] /tmp/icst-2019/september-2018/dataset/jsoup_parent/src/main/java/org/jsoup/helper/HttpConnection.java
[info] org.jsoup.helper.HttpConnection:707 is modified.
[info] org.jsoup.helper.HttpConnection:707 is modified.
[info] org.jsoup.helper.HttpConnection:707 covered.
[INFO] /tmp/icst-2019/september-2018/dataset/jsoup/src/test/java/org/jsoup/helper/HttpConnectionTest.java
[INFO] /tmp/icst-2019/september-2018/dataset/jsoup_parent/src/test/java/org/jsoup/helper/HttpConnectionTest.java
[info] org.jsoup.helper.HttpConnectionTest:242 is modified.
[info] org.jsoup.helper.HttpConnectionTest:242 is modified.
[info] org.jsoup.helper.HttpConnectionTest:242 is modified.
[info] org.jsoup.helper.HttpConnectionTest:243 is modified.
[info] org.jsoup.helper.HttpConnectionTest:243 is modified.
[info] org.jsoup.helper.HttpConnectionTest:245 is modified.
[info] org.jsoup.helper.HttpConnectionTest:247 is modified.
[info] org.jsoup.helper.HttpConnectionTest:248 is modified.
[info] org.jsoup.helper.HttpConnectionTest:248 is modified.
[info] org.jsoup.helper.HttpConnectionTest:244 is modified.
[info] org.jsoup.helper.HttpConnectionTest:250 is modified.
[INFO] Saving result in /tmp/icst-2019/september-2018/result/jsoup/commit_2_1933e97/commit_coverage_testsThatExecuteTheChanges.csv ...
[INFO] org.jsoup.integration.ConnectTest;doesGet;exceptOnUnsupportedProtocol;doesPost;doesPostFor307;sendsRequestBody;multiCookieSet;postFiles;doesPut;sendsRequestBodyJsonWithData;sendsRequestBodyWithUrlParams;handlesEmtpyStreamDuringBufferdRead;canConnectToLocalServer;handlesEmptyStreamDuringParseRead;multipleParsesOkAfterBufferUp;handlesRedirect;sendsRequestBodyJsonWithoutData;parseParseThrowsValidates;handlesEmptyRedirect;fetchURl;supportsDeflate;doesNotPostFor302;bodyAfterParseThrowsValidationError;fetchURIWithWihtespace;bodyAndBytesAvailableBeforeParse
org.jsoup.helper.HttpConnectionTest;noUrlThrowsValidationError
[INFO] Writing Coverage in /tmp/icst-2019/september-2018/result/jsoup/commit_2_1933e97/commit_coverage_testsThatExecuteTheChanges_coverage.csv
[INFO] org.jsoup.helper.HttpConnection;1;1

[INFO] total;1;1

[INFO] ------------------------------------------------------------------------
[INFO] BUILD SUCCESS
[INFO] ------------------------------------------------------------------------
[INFO] Total time: 01:50 min
[INFO] Finished at: 2018-10-02T02:36:24+02:00
[INFO] ------------------------------------------------------------------------
[INFO] 2018-10-02 02:36:25 RepositoriesSetter - {/tmp/icst-2019/september-2018/dataset/jsoup} Cleaning local repository...
[INFO] 2018-10-02 02:36:25 RepositoriesSetter - Checkout 4d104721d96baaa6a6c28d2b472a37f631227f46 revision...
[INFO] 2018-10-02 02:36:25 RepositoriesSetter - {/tmp/icst-2019/september-2018/dataset/jsoup_parent} Cleaning local repository...
[INFO] 2018-10-02 02:36:25 RepositoriesSetter - Checkout ae7d21635654f1e93e4b732983d633af46f53b73 revision...
