[[1;34mINFO[m] Scanning for projects...
[[1;33mWARNING[m] 
[[1;33mWARNING[m] Some problems were encountered while building the effective model for org.xwiki.commons:xwiki-commons-xml:jar:10.6-SNAPSHOT
[[1;33mWARNING[m] Reporting configuration should be done in <reporting> section, not in maven-site-plugin <configuration> as reportPlugins parameter.
[[1;33mWARNING[m] 
[[1;33mWARNING[m] It is highly recommended to fix these problems because they threaten the stability of your build.
[[1;33mWARNING[m] 
[[1;33mWARNING[m] For this reason, future Maven versions might no longer support building such malformed projects.
[[1;33mWARNING[m] 
[[1;34mINFO[m] 
[[1;34mINFO[m] [1m----------------< [0;36morg.xwiki.commons:xwiki-commons-xml[0;1m >-----------------[m
[[1;34mINFO[m] [1mBuilding XWiki Commons - XML 10.6-SNAPSHOT[m
[[1;34mINFO[m] [1m--------------------------------[ jar ]---------------------------------[m
[[1;34mINFO[m] 
[[1;34mINFO[m] [1m--- [0;32mmaven-clean-plugin:3.1.0:clean[m [1m(default-clean)[m @ [36mxwiki-commons-xml[0;1m ---[m
[[1;34mINFO[m] 
[[1;34mINFO[m] [1m--- [0;32mdiff-test-selection:0.5-SNAPSHOT:list[m [1m(default-cli)[m @ [36mxwiki-commons-xml[0;1m ---[m
[[1;34mINFO[m] Computing coverage for /home/bdanglot/workspace/icst-2019/september-2018/dataset/xwiki-commons_parent/xwiki-commons-core/xwiki-commons-xml
[WARN] Maven will be executed in interactive mode, but no input stream has been configured for this MavenInvoker instance.
[[1;34mINFO[m] Scanning for projects...
[[1;33mWARNING[m] 
[[1;33mWARNING[m] Some problems were encountered while building the effective model for org.xwiki.commons:xwiki-commons-xml:jar:10.6-SNAPSHOT
[[1;33mWARNING[m] Reporting configuration should be done in <reporting> section, not in maven-site-plugin <configuration> as reportPlugins parameter.
[[1;33mWARNING[m] 
[[1;33mWARNING[m] It is highly recommended to fix these problems because they threaten the stability of your build.
[[1;33mWARNING[m] 
[[1;33mWARNING[m] For this reason, future Maven versions might no longer support building such malformed projects.
[[1;33mWARNING[m] 
[[1;34mINFO[m] 
[[1;34mINFO[m] [1m----------------< [0;36morg.xwiki.commons:xwiki-commons-xml[0;1m >-----------------[m
[[1;34mINFO[m] [1mBuilding XWiki Commons - XML 10.6-SNAPSHOT[m
[[1;34mINFO[m] [1m--------------------------------[ jar ]---------------------------------[m
[[1;34mINFO[m] 
[[1;34mINFO[m] [1m--- [0;32mmaven-clean-plugin:3.1.0:clean[m [1m(default-clean)[m @ [36mxwiki-commons-xml[0;1m ---[m
[[1;34mINFO[m] 
[[1;34mINFO[m] [1m--- [0;32mclover-maven-plugin:4.2.0:setup[m [1m(default-cli)[m @ [36mxwiki-commons-xml[0;1m ---[m
[[1;34mINFO[m] No 'maven.clover.licenseLocation' configured. Using default license.
[[1;34mINFO[m] OpenClover Version 4.2.0, built on April 30 2017 (build-1000)
[[1;34mINFO[m] Loaded from: /home/bdanglot/.m2/repository/org/openclover/clover/4.2.0/clover-4.2.0.jar
[[1;34mINFO[m] Clover free edition.
[[1;34mINFO[m] Creating new database at '/home/bdanglot/workspace/icst-2019/september-2018/dataset/xwiki-commons_parent/xwiki-commons-core/xwiki-commons-xml/target/clover/clover.db'.
[[1;34mINFO[m] Processing files at 1.8 source level.
[[1;34mINFO[m] Clover all over. Instrumented 26 files (8 packages).
[[1;34mINFO[m] Elapsed time = 0.761 secs. (34.166 files/sec, 5,751.643 srclines/sec)
[[1;34mINFO[m] 
[[1;34mINFO[m] [1m--- [0;32mmaven-enforcer-plugin:1.4.1:enforce[m [1m(enforce-plugins)[m @ [36mxwiki-commons-xml[0;1m ---[m
[[1;34mINFO[m] 
[[1;34mINFO[m] [1m--- [0;32mmaven-enforcer-plugin:1.4.1:enforce[m [1m(enforce-jcl-log4j-isolation)[m @ [36mxwiki-commons-xml[0;1m ---[m
[[1;34mINFO[m] 
[[1;34mINFO[m] [1m--- [0;32mmaven-enforcer-plugin:1.4.1:enforce[m [1m(enforce-glasshfish-jaxb)[m @ [36mxwiki-commons-xml[0;1m ---[m
[[1;34mINFO[m] 
[[1;34mINFO[m] [1m--- [0;32mmaven-enforcer-plugin:1.4.1:enforce[m [1m(enforce-open-json)[m @ [36mxwiki-commons-xml[0;1m ---[m
[[1;34mINFO[m] 
[[1;34mINFO[m] [1m--- [0;32mmaven-enforcer-plugin:1.4.1:enforce[m [1m(enforce-glassfish-el)[m @ [36mxwiki-commons-xml[0;1m ---[m
[[1;34mINFO[m] 
[[1;34mINFO[m] [1m--- [0;32mmaven-enforcer-plugin:1.4.1:enforce[m [1m(enforce-commons-lang3)[m @ [36mxwiki-commons-xml[0;1m ---[m
[[1;34mINFO[m] 
[[1;34mINFO[m] [1m--- [0;32mmaven-enforcer-plugin:1.4.1:enforce[m [1m(enforce-commons-configuration2)[m @ [36mxwiki-commons-xml[0;1m ---[m
[[1;34mINFO[m] 
[[1;34mINFO[m] [1m--- [0;32mmaven-enforcer-plugin:1.4.1:enforce[m [1m(enforce-bouncycastle-ids)[m @ [36mxwiki-commons-xml[0;1m ---[m
[[1;34mINFO[m] 
[[1;34mINFO[m] [1m--- [0;32mmaven-enforcer-plugin:1.4.1:enforce[m [1m(enforce-javase-dependencies)[m @ [36mxwiki-commons-xml[0;1m ---[m
[[1;34mINFO[m] 
[[1;34mINFO[m] [1m--- [0;32mmaven-enforcer-plugin:1.4.1:enforce[m [1m(enforce-upper-bounds)[m @ [36mxwiki-commons-xml[0;1m ---[m
[[1;34mINFO[m] 
[[1;34mINFO[m] [1m--- [0;32mmaven-enforcer-plugin:1.4.1:enforce[m [1m(enforce-no-legacy-dependencies)[m @ [36mxwiki-commons-xml[0;1m ---[m
[[1;34mINFO[m] 
[[1;34mINFO[m] [1m--- [0;32mmaven-enforcer-plugin:1.4.1:enforce[m [1m(enforce-valid-poms)[m @ [36mxwiki-commons-xml[0;1m ---[m
[[1;34mINFO[m] 
[[1;34mINFO[m] [1m--- [0;32mmaven-enforcer-plugin:1.4.1:enforce[m [1m(enforce-platform-rendering-isolation)[m @ [36mxwiki-commons-xml[0;1m ---[m
[[1;34mINFO[m] 
[[1;34mINFO[m] [1m--- [0;32mmaven-enforcer-plugin:1.4.1:enforce[m [1m(check-dependency-version)[m @ [36mxwiki-commons-xml[0;1m ---[m
[[1;34mINFO[m] 
[[1;34mINFO[m] [1m--- [0;32mxwiki-commons-tool-remote-resource-plugin:10.6-SNAPSHOT:process[m [1m(xwiki-license-resources)[m @ [36mxwiki-commons-xml[0;1m ---[m
[[1;34mINFO[m] 
[[1;34mINFO[m] [1m--- [0;32mmaven-resources-plugin:3.1.0:resources[m [1m(default-resources)[m @ [36mxwiki-commons-xml[0;1m ---[m
[[1;34mINFO[m] Using 'UTF-8' encoding to copy filtered resources.
[[1;34mINFO[m] Copying 6 resources
[[1;34mINFO[m] Copying 1 resource
[[1;34mINFO[m] Copying 2 resources
[[1;34mINFO[m] 
[[1;34mINFO[m] [1m--- [0;32mmaven-compiler-plugin:3.7.0:compile[m [1m(default-compile)[m @ [36mxwiki-commons-xml[0;1m ---[m
[[1;34mINFO[m] Changes detected - recompiling the module!
[[1;34mINFO[m] Compiling 26 source files to /home/bdanglot/workspace/icst-2019/september-2018/dataset/xwiki-commons_parent/xwiki-commons-core/xwiki-commons-xml/target/classes
[[1;34mINFO[m] 
[[1;34mINFO[m] [1m--- [0;32mmaven-bundle-plugin:3.5.0:manifest[m [1m(bundle-manifest)[m @ [36mxwiki-commons-xml[0;1m ---[m
[[1;34mINFO[m] 
[[1;34mINFO[m] [1m--- [0;32mmaven-resources-plugin:3.1.0:testResources[m [1m(default-testResources)[m @ [36mxwiki-commons-xml[0;1m ---[m
[[1;34mINFO[m] Using 'UTF-8' encoding to copy filtered resources.
[[1;34mINFO[m] skip non existing resourceDirectory /home/bdanglot/workspace/icst-2019/september-2018/dataset/xwiki-commons_parent/xwiki-commons-core/xwiki-commons-xml/src/test/resources
[[1;34mINFO[m] Copying 2 resources
[[1;34mINFO[m] 
[[1;34mINFO[m] [1m--- [0;32mmaven-compiler-plugin:3.7.0:testCompile[m [1m(default-testCompile)[m @ [36mxwiki-commons-xml[0;1m ---[m
[[1;34mINFO[m] Changes detected - recompiling the module!
[[1;34mINFO[m] Compiling 4 source files to /home/bdanglot/workspace/icst-2019/september-2018/dataset/xwiki-commons_parent/xwiki-commons-core/xwiki-commons-xml/target/test-classes
[[1;34mINFO[m] 
[[1;34mINFO[m] [1m--- [0;32mmaven-surefire-plugin:2.19.1:test[m [1m(default-test)[m @ [36mxwiki-commons-xml[0;1m ---[m

-------------------------------------------------------
 T E S T S
-------------------------------------------------------
Running org.xwiki.xml.internal.html.DefaultHTMLCleanerTest
Tests run: 23, Failures: 1, Errors: 0, Skipped: 2, Time elapsed: 1.085 sec <<< FAILURE! - in org.xwiki.xml.internal.html.DefaultHTMLCleanerTest
escapeHTMLCharsInAttributes  Time elapsed: 0.016 sec  <<< FAILURE!
org.opentest4j.AssertionFailedError: 
expected: <<?xml version="1.0" encoding="UTF-8"?>
<!DOCTYPE html PUBLIC "-//W3C//DTD XHTML 1.0 Strict//EN" "http://www.w3.org/TR/xhtml1/DTD/xhtml1-strict.dtd">
<html><head></head><body><div foo="aaa&quot;bbb&amp;ccc&gt;ddd&lt;eee">content</div></body></html>
> but was: <<?xml version="1.0" encoding="UTF-8"?>
<!DOCTYPE html PUBLIC "-//W3C//DTD XHTML 1.0 Strict//EN" "http://www.w3.org/TR/xhtml1/DTD/xhtml1-strict.dtd">
<html><head></head><body><div foo="aaa&quot;bbb&amp;ccc>ddd<eee">content</div></body></html>
>
	at org.junit.jupiter.api.AssertionUtils.fail(AssertionUtils.java:52)
	at org.junit.jupiter.api.AssertEquals.failNotEqual(AssertEquals.java:197)
	at org.junit.jupiter.api.AssertEquals.assertEquals(AssertEquals.java:186)
	at org.junit.jupiter.api.AssertEquals.assertEquals(AssertEquals.java:181)
	at org.junit.jupiter.api.Assertions.assertEquals(Assertions.java:486)
	at org.xwiki.xml.internal.html.DefaultHTMLCleanerTest.assertHTML(DefaultHTMLCleanerTest.java:443)
	at org.xwiki.xml.internal.html.DefaultHTMLCleanerTest.escapeHTMLCharsInAttributes(DefaultHTMLCleanerTest.java:437)
	at sun.reflect.NativeMethodAccessorImpl.invoke0(Native Method)
	at sun.reflect.NativeMethodAccessorImpl.invoke(NativeMethodAccessorImpl.java:62)
	at sun.reflect.DelegatingMethodAccessorImpl.invoke(DelegatingMethodAccessorImpl.java:43)
	at java.lang.reflect.Method.invoke(Method.java:498)
	at org.junit.platform.commons.util.ReflectionUtils.invokeMethod(ReflectionUtils.java:436)
	at org.junit.jupiter.engine.execution.ExecutableInvoker.invoke(ExecutableInvoker.java:115)
	at org.junit.jupiter.engine.descriptor.TestMethodTestDescriptor.lambda$invokeTestMethod$6(TestMethodTestDescriptor.java:170)
	at org.junit.jupiter.engine.execution.ThrowableCollector.execute(ThrowableCollector.java:40)
	at org.junit.jupiter.engine.descriptor.TestMethodTestDescriptor.invokeTestMethod(TestMethodTestDescriptor.java:166)
	at org.junit.jupiter.engine.descriptor.TestMethodTestDescriptor.execute(TestMethodTestDescriptor.java:113)
	at org.junit.jupiter.engine.descriptor.TestMethodTestDescriptor.execute(TestMethodTestDescriptor.java:58)
	at org.junit.platform.engine.support.hierarchical.HierarchicalTestExecutor$NodeExecutor.lambda$executeRecursively$3(HierarchicalTestExecutor.java:112)
	at org.junit.platform.engine.support.hierarchical.SingleTestExecutor.executeSafely(SingleTestExecutor.java:66)
	at org.junit.platform.engine.support.hierarchical.HierarchicalTestExecutor$NodeExecutor.executeRecursively(HierarchicalTestExecutor.java:108)
	at org.junit.platform.engine.support.hierarchical.HierarchicalTestExecutor$NodeExecutor.execute(HierarchicalTestExecutor.java:79)
	at org.junit.platform.engine.support.hierarchical.HierarchicalTestExecutor$NodeExecutor.lambda$executeRecursively$2(HierarchicalTestExecutor.java:120)
	at java.util.stream.ForEachOps$ForEachOp$OfRef.accept(ForEachOps.java:184)
	at java.util.stream.ReferencePipeline$2$1.accept(ReferencePipeline.java:175)
	at java.util.Iterator.forEachRemaining(Iterator.java:116)
	at java.util.Spliterators$IteratorSpliterator.forEachRemaining(Spliterators.java:1801)
	at java.util.stream.AbstractPipeline.copyInto(AbstractPipeline.java:481)
	at java.util.stream.AbstractPipeline.wrapAndCopyInto(AbstractPipeline.java:471)
	at java.util.stream.ForEachOps$ForEachOp.evaluateSequential(ForEachOps.java:151)
	at java.util.stream.ForEachOps$ForEachOp$OfRef.evaluateSequential(ForEachOps.java:174)
	at java.util.stream.AbstractPipeline.evaluate(AbstractPipeline.java:234)
	at java.util.stream.ReferencePipeline.forEach(ReferencePipeline.java:418)
	at org.junit.platform.engine.support.hierarchical.HierarchicalTestExecutor$NodeExecutor.lambda$executeRecursively$3(HierarchicalTestExecutor.java:120)
	at org.junit.platform.engine.support.hierarchical.SingleTestExecutor.executeSafely(SingleTestExecutor.java:66)
	at org.junit.platform.engine.support.hierarchical.HierarchicalTestExecutor$NodeExecutor.executeRecursively(HierarchicalTestExecutor.java:108)
	at org.junit.platform.engine.support.hierarchical.HierarchicalTestExecutor$NodeExecutor.execute(HierarchicalTestExecutor.java:79)
	at org.junit.platform.engine.support.hierarchical.HierarchicalTestExecutor$NodeExecutor.lambda$executeRecursively$2(HierarchicalTestExecutor.java:120)
	at java.util.stream.ForEachOps$ForEachOp$OfRef.accept(ForEachOps.java:184)
	at java.util.stream.ReferencePipeline$2$1.accept(ReferencePipeline.java:175)
	at java.util.Iterator.forEachRemaining(Iterator.java:116)
	at java.util.Spliterators$IteratorSpliterator.forEachRemaining(Spliterators.java:1801)
	at java.util.stream.AbstractPipeline.copyInto(AbstractPipeline.java:481)
	at java.util.stream.AbstractPipeline.wrapAndCopyInto(AbstractPipeline.java:471)
	at java.util.stream.ForEachOps$ForEachOp.evaluateSequential(ForEachOps.java:151)
	at java.util.stream.ForEachOps$ForEachOp$OfRef.evaluateSequential(ForEachOps.java:174)
	at java.util.stream.AbstractPipeline.evaluate(AbstractPipeline.java:234)
	at java.util.stream.ReferencePipeline.forEach(ReferencePipeline.java:418)
	at org.junit.platform.engine.support.hierarchical.HierarchicalTestExecutor$NodeExecutor.lambda$executeRecursively$3(HierarchicalTestExecutor.java:120)
	at org.junit.platform.engine.support.hierarchical.SingleTestExecutor.executeSafely(SingleTestExecutor.java:66)
	at org.junit.platform.engine.support.hierarchical.HierarchicalTestExecutor$NodeExecutor.executeRecursively(HierarchicalTestExecutor.java:108)
	at org.junit.platform.engine.support.hierarchical.HierarchicalTestExecutor$NodeExecutor.execute(HierarchicalTestExecutor.java:79)
	at org.junit.platform.engine.support.hierarchical.HierarchicalTestExecutor.execute(HierarchicalTestExecutor.java:55)
	at org.junit.platform.engine.support.hierarchical.HierarchicalTestEngine.execute(HierarchicalTestEngine.java:43)
	at org.junit.platform.launcher.core.DefaultLauncher.execute(DefaultLauncher.java:170)
	at org.junit.platform.launcher.core.DefaultLauncher.execute(DefaultLauncher.java:154)
	at org.junit.platform.launcher.core.DefaultLauncher.execute(DefaultLauncher.java:90)
	at org.junit.platform.surefire.provider.JUnitPlatformProvider.invokeAllTests(JUnitPlatformProvider.java:132)
	at org.junit.platform.surefire.provider.JUnitPlatformProvider.invoke(JUnitPlatformProvider.java:111)
	at org.apache.maven.surefire.booter.ForkedBooter.invokeProviderInSameClassLoader(ForkedBooter.java:290)
	at org.apache.maven.surefire.booter.ForkedBooter.runSuitesInProcess(ForkedBooter.java:242)
	at org.apache.maven.surefire.booter.ForkedBooter.main(ForkedBooter.java:121)

Running org.xwiki.xml.XMLUtilsTest
Tests run: 21, Failures: 0, Errors: 0, Skipped: 0, Time elapsed: 0.022 sec - in org.xwiki.xml.XMLUtilsTest
Running org.xwiki.xml.stax.StAXUtilsTest
Tests run: 4, Failures: 0, Errors: 0, Skipped: 0, Time elapsed: 0.387 sec - in org.xwiki.xml.stax.StAXUtilsTest
Running org.xwiki.xml.html.HTMLUtilsTest
Tests run: 2, Failures: 0, Errors: 0, Skipped: 0, Time elapsed: 0.022 sec - in org.xwiki.xml.html.HTMLUtilsTest

Results :

Failed tests: 
  DefaultHTMLCleanerTest.escapeHTMLCharsInAttributes:437->assertHTML:443 expected: <<?xml version="1.0" encoding="UTF-8"?>
<!DOCTYPE html PUBLIC "-//W3C//DTD XHTML 1.0 Strict//EN" "http://www.w3.org/TR/xhtml1/DTD/xhtml1-strict.dtd">
<html><head></head><body><div foo="aaa&quot;bbb&amp;ccc&gt;ddd&lt;eee">content</div></body></html>
> but was: <<?xml version="1.0" encoding="UTF-8"?>
<!DOCTYPE html PUBLIC "-//W3C//DTD XHTML 1.0 Strict//EN" "http://www.w3.org/TR/xhtml1/DTD/xhtml1-strict.dtd">
<html><head></head><body><div foo="aaa&quot;bbb&amp;ccc>ddd<eee">content</div></body></html>
>

Tests run: 50, Failures: 1, Errors: 0, Skipped: 2

[[1;34mINFO[m] [1m------------------------------------------------------------------------[m
[[1;34mINFO[m] [1;31mBUILD FAILURE[m
[[1;34mINFO[m] [1m------------------------------------------------------------------------[m
[[1;34mINFO[m] Total time: 11.695 s
[[1;34mINFO[m] Finished at: 2018-09-27T08:40:28+02:00
[[1;34mINFO[m] [1m------------------------------------------------------------------------[m
[[1;31mERROR[m] Failed to execute goal [32morg.apache.maven.plugins:maven-surefire-plugin:2.19.1:test[m [1m(default-test)[m on project [36mxwiki-commons-xml[m: [1;31mThere are test failures.[m
[[1;31mERROR[m] [1;31m[m
[[1;31mERROR[m] [1;31mPlease refer to /home/bdanglot/workspace/icst-2019/september-2018/dataset/xwiki-commons_parent/xwiki-commons-core/xwiki-commons-xml/target/surefire-reports for the individual test results.[m
[[1;31mERROR[m] -> [1m[Help 1][m
[[1;31mERROR[m] 
[[1;31mERROR[m] To see the full stack trace of the errors, re-run Maven with the [1m-e[m switch.
[[1;31mERROR[m] Re-run Maven using the [1m-X[m switch to enable full debug logging.
[[1;31mERROR[m] 
[[1;31mERROR[m] For more information about the errors and possible solutions, please read the following articles:
[[1;31mERROR[m] [1m[Help 1][m http://cwiki.apache.org/confluence/display/MAVEN/MojoFailureException
Writing HTML report to '/home/bdanglot/workspace/icst-2019/september-2018/dataset/xwiki-commons_parent/xwiki-commons-core/xwiki-commons-xml/target/clover/report'
Done. Processed 8 packages in 1431ms (178ms per package).
[[1;34mINFO[m] /home/bdanglot/workspace/icst-2019/september-2018/dataset/xwiki-commons_parent/xwiki-commons-core/xwiki-commons-xml/src/main/java/org/htmlcleaner/XWikiDOMSerializer.java
[[1;34mINFO[m] /home/bdanglot/workspace/icst-2019/september-2018/dataset/xwiki-commons/xwiki-commons-core/xwiki-commons-xml/src/main/java/org/htmlcleaner/XWikiDOMSerializer.java
[info] org.htmlcleaner.XWikiDOMSerializer:325 is modified.
[info] org.htmlcleaner.XWikiDOMSerializer:158 is modified.
[info] org.htmlcleaner.XWikiDOMSerializer:192 is modified.
[info] org.htmlcleaner.XWikiDOMSerializer:303 is modified.
[[1;34mINFO[m] /home/bdanglot/workspace/icst-2019/september-2018/dataset/xwiki-commons_parent/xwiki-commons-core/xwiki-commons-xml/src/main/java/org/xwiki/xml/internal/html/DefaultHTMLCleaner.java
[[1;34mINFO[m] /home/bdanglot/workspace/icst-2019/september-2018/dataset/xwiki-commons/xwiki-commons-core/xwiki-commons-xml/src/main/java/org/xwiki/xml/internal/html/DefaultHTMLCleaner.java
[info] org.xwiki.xml.internal.html.DefaultHTMLCleaner:237 is modified.
[[1;34mINFO[m] /home/bdanglot/workspace/icst-2019/september-2018/dataset/xwiki-commons_parent/xwiki-commons-core/xwiki-commons-xml/src/test/java/org/xwiki/xml/internal/html/DefaultHTMLCleanerTest.java
[[1;34mINFO[m] /home/bdanglot/workspace/icst-2019/september-2018/dataset/xwiki-commons/xwiki-commons-core/xwiki-commons-xml/src/test/java/org/xwiki/xml/internal/html/DefaultHTMLCleanerTest.java
[[1;34mINFO[m] Saving result in /home/bdanglot/workspace/icst-2019/september-2018/result/xwiki-commons/commit_4_adfefec/parent_coverage_testsThatExecuteTheChanges.csv ...
[[1;34mINFO[m] 
[[1;34mINFO[m] Writing Coverage in /home/bdanglot/workspace/icst-2019/september-2018/result/xwiki-commons/commit_4_adfefec/parent_coverage_testsThatExecuteTheChanges_coverage.csv
[[1;34mINFO[m] total;0;0

[[1;34mINFO[m] [1m------------------------------------------------------------------------[m
[[1;34mINFO[m] [1;32mBUILD SUCCESS[m
[[1;34mINFO[m] [1m------------------------------------------------------------------------[m
[[1;34mINFO[m] Total time: 18.862 s
[[1;34mINFO[m] Finished at: 2018-09-27T08:40:32+02:00
[[1;34mINFO[m] [1m------------------------------------------------------------------------[m
